Prolate_spheroid__c=6__b=0.5513288954218__a=2*b


zshift     = 0
wavelength = 1
radiusParam.nPoints  =  160
radiusParam.start    =  0.0004
radiusParam.end      =  1.10266
thetaParam.nPoints   =  240
thetaParam.start     =  0
thetaParam.end       =  3.14159
phiParam.nPoints     =  38
phiParam.start       =  0
phiParam.end         =  6.28319
maxL                 =  14
symmetry             =  axial


~~~~~~~~~~~~~~~~~~  T  M a t r i c e s  ~~~~~~~~~~~~~~~~~~~~~~~~~~
n  =   1   1   0
np =   1   1   0
      (-0.838922,0.238898) (2.82369e-18,-1.59957e-18)
(2.82411e-18,-1.59981e-18)       (-0.903019,0.178534)


n  =   1   1   0
np =   2   1   0
(1.59326e-17,-6.03199e-18)     (-0.108143,-0.188275)
    (0.00652398,0.129154) (-7.36645e-18,-1.161e-18)


n  =   1   1   0
np =   3   1   0
      (0.0834917,0.148038) (1.43035e-17,-3.31532e-17)
 (4.70777e-17,5.03643e-17)       (0.0199327,0.112844)


n  =   1   1   0
np =   4   1   0
 (2.04127e-17,3.22157e-17)   (-0.000216287,0.0304812)
    (-0.0933238,-0.123522) (-6.27513e-18,3.69158e-18)


n  =   1   1   0
np =   5   1   0
 (-0.0264435,-0.0044071) (1.91846e-17,3.1288e-18)
(-3.97283e-17,2.09906e-17)  (-0.0161109,-0.0045754)


n  =   1   1   0
np =   6   1   0
  (4.5111e-18,1.15566e-17)    (-0.0132244,0.00503425)
    (-0.0205176,-0.033187) (-4.18123e-18,1.55398e-18)


n  =   1   1   0
np =   7   1   0
 (-0.0113697,-0.00580809) (2.36435e-18,3.74986e-18)
(-8.14013e-18,2.67903e-18) (-0.00585736,-0.00489389)


n  =   1   1   0
np =   8   1   0
 (4.43777e-19,1.60268e-18)  (-0.00401287,-0.00048955)
 (-0.00180816,-0.00379867) (-8.82518e-19,5.16487e-19)


n  =   1   1   0
np =   9   1   0
  (-0.0015084,-0.000849875)   (1.85745e-19,5.38149e-19)
 (-7.08617e-19,2.03607e-19) (-0.000658539,-0.000690459)


n  =   1   1   0
np =   10   1   0
  (1.50013e-20,1.46603e-19) (-0.000501042,-0.000139397)
(-7.98847e-05,-0.000260728)   (-6.2162e-20,7.53166e-20)


n  =   1   1   0
np =   11   1   0
(-0.000113113,-6.63279e-05)   (8.56579e-21,4.92415e-20)
 (-3.68972e-20,1.12954e-20) (-3.80841e-05,-5.10126e-05)


n  =   1   1   0
np =   12   1   0
   (5.81462e-22,9.4768e-21) (-3.67708e-05,-1.30833e-05)
(-1.26311e-06,-1.22235e-05)  (-6.53979e-22,6.22874e-21)


n  =   1   1   0
np =   13   1   0
(-5.69291e-06,-3.41645e-06)   (7.38233e-22,3.08142e-21)
 (-1.16122e-21,4.39734e-22) (-1.21093e-06,-2.41205e-06)


n  =   1   1   0
np =   14   1   0
  (9.22832e-23,4.36069e-22) (-1.82964e-06,-7.41484e-07)
 (5.80833e-08,-4.20102e-07)   (1.44167e-22,3.14391e-22)


n  =   2   1   0
np =   1   1   0
  (1.59335e-17,-6.0322e-18)       (0.00652398,0.129154)
      (-0.108143,-0.188275) (-7.36656e-18,-1.16134e-18)


n  =   2   1   0
np =   2   1   0
      (-0.886254,0.190172) (3.59441e-17,-7.73201e-19)
(3.59439e-17,-7.73414e-19)       (-0.816243,0.275249)


n  =   2   1   0
np =   3   1   0
  (2.77989e-17,2.58681e-17)      (-0.0462535,-0.133692)
        (0.058236,0.120729) (-4.23934e-17,-6.13703e-17)


n  =   2   1   0
np =   4   1   0
     (0.0864544,0.129644) (1.55575e-17,1.38469e-17)
(2.43516e-17,4.42258e-17)     (0.0454045,0.0482028)


n  =   2   1   0
np =   5   1   0
(-2.06333e-17,-1.20557e-17)     (0.0318912,0.0014746)
(-0.0641189,-0.000402606) (4.07679e-18,5.15221e-19)


n  =   2   1   0
np =   6   1   0
     (0.0412312,0.0274237) (2.71773e-18,-3.72189e-18)
  (4.0886e-18,1.62843e-17)   (0.0146853,-0.000315936)


n  =   2   1   0
np =   7   1   0
(-3.88606e-18,-5.09759e-18)   (0.00935815,0.00554482)
 (-0.0195046,-0.00428961) (3.69188e-18,2.65665e-18)


n  =   2   1   0
np =   8   1   0
    (0.00490836,0.00296231) (-2.53194e-19,-1.65115e-18)
  (5.14263e-19,2.21542e-18)  (-0.000594209,-0.00108761)


n  =   2   1   0
np =   9   1   0
(-5.13328e-19,-6.8641e-19) (0.000990425,0.000863052)
(-0.00239984,-0.000659667) (3.46536e-19,5.14856e-19)


n  =   2   1   0
np =   10   1   0
  (0.000319453,0.000200102)  (-1.0828e-19,-2.30911e-19)
  (3.13744e-20,1.93455e-19) (-0.000283264,-0.000154779)


n  =   2   1   0
np =   11   1   0
(-4.89844e-20,-5.09781e-20) (5.55915e-05,6.89826e-05)
(-0.000174643,-5.2517e-05) (2.84162e-20,4.43629e-20)


n  =   2   1   0
np =   12   1   0
  (1.33929e-05,9.39361e-06) (-1.45852e-20,-1.75788e-20)
  (2.71264e-21,1.15121e-20) (-2.84914e-05,-1.17864e-05)


n  =   2   1   0
np =   13   1   0
(-2.88589e-21,-2.58117e-21) (1.71221e-06,3.55616e-06)
(-8.6589e-06,-2.73724e-06)  (1.89179e-21,2.6029e-21)


n  =   2   1   0
np =   14   1   0
  (3.84962e-07,3.26624e-07) (-9.69397e-22,-8.94894e-22)
  (2.48395e-22,4.81776e-22) (-1.66296e-06,-5.97518e-07)


n  =   3   1   0
np =   1   1   0
     (0.0834917,0.148038) (4.70775e-17,5.03645e-17)
 (1.4303e-17,-3.3153e-17)      (0.0199327,0.112844)


n  =   3   1   0
np =   2   1   0
  (2.77981e-17,2.58683e-17)         (0.058236,0.120729)
     (-0.0462535,-0.133692) (-4.23931e-17,-6.13703e-17)


n  =   3   1   0
np =   3   1   0
     (-0.806906,0.315687) (1.78888e-17,2.80726e-17)
(1.78889e-17,2.80726e-17)      (-0.747061,0.334838)


n  =   3   1   0
np =   4   1   0
  (2.2196e-17,-4.24201e-18)      (-0.042965,-0.0218602)
        (0.153609,0.101643) (-3.63561e-17,-5.46164e-18)


n  =   3   1   0
np =   5   1   0
   (-0.0750303,0.0291874) (1.36305e-18,-1.4298e-18)
(1.22828e-18,-1.91346e-17)    (-0.0831037,0.0246287)


n  =   3   1   0
np =   6   1   0
(-7.76349e-18,5.45371e-18)    (0.0133919,-0.0141764)
    (0.0365485,0.0292291) (-2.2974e-17,2.73675e-18)


n  =   3   1   0
np =   7   1   0
   (0.00784291,-0.00230061) (-1.39863e-18,-9.12793e-19)
(-1.04927e-18,-5.48988e-18)    (0.00406809,-0.00493701)


n  =   3   1   0
np =   8   1   0
(-1.60009e-18,9.96006e-19)   (0.00574545,-0.00266262)
    (0.00355444,0.0037171) (-4.74756e-18,2.31502e-19)


n  =   3   1   0
np =   9   1   0
 (0.00190707,-0.000612977) (-2.74184e-19,-4.9797e-20)
(-3.52906e-19,-6.00662e-19)    (0.0013701,-0.00103616)


n  =   3   1   0
np =   10   1   0
 (-2.26261e-19,1.24947e-19)  (0.000776066,-0.000270479)
  (0.000189658,0.000289268) (-4.76035e-19,-3.29081e-20)


n  =   3   1   0
np =   11   1   0
(0.000168721,-5.48538e-05) (-4.06529e-20,8.57606e-21)
(-4.27345e-20,-3.81335e-20) (0.000122778,-9.15779e-05)


n  =   3   1   0
np =   12   1   0
 (-1.89486e-20,9.42363e-21)  (5.90511e-05,-1.76375e-05)
   (5.74755e-06,1.5569e-05) (-2.87576e-20,-6.26837e-21)


n  =   3   1   0
np =   13   1   0
(9.17218e-06,-2.98996e-06) (-4.29087e-21,1.51896e-21)
(-2.65019e-21,-1.8105e-21)  (6.42601e-06,-5.0462e-06)


n  =   3   1   0
np =   14   1   0
 (-9.96202e-22,4.44415e-22)   (3.0036e-06,-8.07436e-07)
  (6.71514e-08,6.18599e-07) (-1.25047e-21,-3.61164e-22)


n  =   4   1   0
np =   1   1   0
 (2.04126e-17,3.22157e-17)     (-0.0933238,-0.123522)
  (-0.000216287,0.0304812) (-6.27526e-18,3.69162e-18)


n  =   4   1   0
np =   2   1   0
    (0.0864544,0.129644) (2.43514e-17,4.4226e-17)
(1.55574e-17,1.3847e-17)    (0.0454045,0.0482028)


n  =   4   1   0
np =   3   1   0
 (2.2196e-17,-4.24215e-18)        (0.153609,0.101643)
    (-0.042965,-0.0218602) (-3.6356e-17,-5.46119e-18)


n  =   4   1   0
np =   4   1   0
       (-0.491856,0.379917) (-1.60056e-18,-1.21065e-17)
(-1.60066e-18,-1.21066e-17)        (-0.539643,0.454792)


n  =   4   1   0
np =   5   1   0
(7.61271e-17,-2.31774e-17)     (-0.0329944,0.0235406)
    (0.0927353,-0.0459383) (-1.59416e-17,1.12238e-18)


n  =   4   1   0
np =   6   1   0
     (-0.12134,0.0812407) (9.97585e-18,5.79449e-19)
(-1.08644e-17,-2.72666e-20)      (-0.118954,0.089797)


n  =   4   1   0
np =   7   1   0
  (1.8576e-17,-4.0966e-18)   (-0.0140178,0.000894388)
    (0.0264591,-0.0121521) (-1.10395e-17,8.16055e-18)


n  =   4   1   0
np =   8   1   0
 (-0.0136184,0.00822317) (3.76933e-18,6.8391e-20)
(-2.60041e-18,6.59396e-19)  (-0.0110224,0.00697139)


n  =   4   1   0
np =   9   1   0
  (2.1207e-18,-2.4079e-19)    (-0.00174,-0.000293063)
  (0.00322242,-0.00145426) (-1.48127e-18,1.21357e-18)


n  =   4   1   0
np =   10   1   0
 (-0.00093051,0.000506323) (5.55443e-19,-2.73168e-20)
(-3.19672e-19,1.26485e-19)  (-0.00052898,0.000194924)


n  =   4   1   0
np =   11   1   0
    (1.4745e-19,8.1393e-22) (-0.000117379,-4.78806e-05)
 (0.000234551,-0.000104749)  (-9.74626e-20,8.16015e-20)


n  =   4   1   0
np =   12   1   0
 (-4.37341e-05,2.11742e-05)  (4.55567e-20,-2.97439e-21)
 (-2.44838e-20,1.15258e-20) (-1.02768e-05,-8.28824e-06)


n  =   4   1   0
np =   13   1   0
  (7.20932e-21,6.29035e-22) (-5.00417e-06,-3.72339e-06)
 (1.16605e-05,-5.15991e-06)  (-3.48779e-21,2.95659e-21)


n  =   4   1   0
np =   14   1   0
 (-1.51351e-06,6.3622e-07) (2.34153e-21,-2.69277e-23)
(-1.25373e-21,6.26862e-22) (3.63016e-07,-1.09453e-06)


n  =   5   1   0
np =   1   1   0
   (-0.0264435,-0.0044071) (-3.97284e-17,2.09905e-17)
 (1.91843e-17,3.12887e-18)    (-0.0161109,-0.0045754)


n  =   5   1   0
np =   2   1   0
(-2.06334e-17,-1.20558e-17) (-0.0641189,-0.000402606)
    (0.0318912,0.0014746) (4.07676e-18,5.15213e-19)


n  =   5   1   0
np =   3   1   0
    (-0.0750303,0.0291874) (1.22833e-18,-1.91347e-17)
(1.36288e-18,-1.42962e-18)     (-0.0831037,0.0246287)


n  =   5   1   0
np =   4   1   0
(7.61272e-17,-2.31776e-17)     (0.0927353,-0.0459383)
    (-0.0329944,0.0235406) (-1.59415e-17,1.12245e-18)


n  =   5   1   0
np =   5   1   0
     (-0.107085,0.260249) (1.0032e-17,-3.26356e-19)
(1.00319e-17,-3.26295e-19)      (-0.133436,0.312266)


n  =   5   1   0
np =   6   1   0
(3.11624e-17,-3.76346e-17)     (0.00634695,0.0299729)
(-0.00685425,-0.000639659) (2.33634e-18,-1.09704e-17)


n  =   5   1   0
np =   7   1   0
    (-0.0251789,0.0642624) (6.20419e-18,-5.08508e-18)
 (2.45289e-18,1.02088e-19)     (-0.0330947,0.0801013)


n  =   5   1   0
np =   8   1   0
(4.90418e-18,-7.28345e-18)   (-0.00206996,0.00977135)
(-0.000415489,-0.00132931) (1.44437e-18,-2.89246e-18)


n  =   5   1   0
np =   9   1   0
  (-0.00287039,0.00736407) (1.07935e-18,-1.38798e-18)
 (2.48142e-19,7.67241e-20)     (-0.00395722,0.009422)


n  =   5   1   0
np =   10   1   0
(4.38965e-19,-7.19822e-19)   (-0.000393878,0.0012264)
(4.26647e-06,-0.000202709) (2.66742e-19,-4.64088e-19)


n  =   5   1   0
np =   11   1   0
(-0.000202565,0.000517746) (1.03916e-19,-1.73755e-19)
 (1.35303e-20,1.32333e-20) (-0.000289307,0.000668754)


n  =   5   1   0
np =   12   1   0
(2.66251e-20,-4.64131e-20) (-3.35806e-05,8.98125e-05)
(2.06524e-06,-1.58693e-05) (2.65936e-20,-4.58996e-20)


n  =   5   1   0
np =   13   1   0
 (-9.90922e-06,2.5166e-05) (6.45835e-21,-1.29057e-20)
  (4.4718e-22,1.15793e-21) (-1.43637e-05,3.20035e-05)


n  =   5   1   0
np =   14   1   0
(1.18679e-21,-2.15581e-21) (-1.81713e-06,4.45315e-06)
(1.46865e-07,-8.05834e-07) (1.72321e-21,-3.09678e-21)


n  =   6   1   0
np =   1   1   0
 (4.51109e-18,1.15565e-17)     (-0.0205176,-0.033187)
   (-0.0132244,0.00503425) (-4.18124e-18,1.55397e-18)


n  =   6   1   0
np =   2   1   0
    (0.0412312,0.0274237) (4.08855e-18,1.62841e-17)
(2.71774e-18,-3.72187e-18)  (0.0146853,-0.000315936)


n  =   6   1   0
np =   3   1   0
(-7.76346e-18,5.45339e-18)     (0.0365485,0.0292291)
   (0.0133919,-0.0141764) (-2.2974e-17,2.73689e-18)


n  =   6   1   0
np =   4   1   0
      (-0.12134,0.0812407) (-1.08644e-17,-2.7223e-20)
 (9.97586e-18,5.79439e-19)       (-0.118954,0.089797)


n  =   6   1   0
np =   5   1   0
(3.11624e-17,-3.76347e-17) (-0.00685425,-0.000639659)
    (0.00634695,0.0299729) (2.33634e-18,-1.09704e-17)


n  =   6   1   0
np =   6   1   0
   (-0.0321884,0.0585445) (2.91976e-18,-5.0158e-18)
(2.91976e-18,-5.01578e-18)     (-0.0373799,0.106455)


n  =   6   1   0
np =   7   1   0
(8.30476e-18,-1.28036e-17)   (-0.0034161,0.00506814)
  (0.00139478,0.00846336) (1.05316e-18,-1.1349e-17)


n  =   6   1   0
np =   8   1   0
   (-0.00385453,0.0115611) (1.49608e-18,-1.91889e-18)
(2.91286e-19,-1.15326e-18)     (-0.00538514,0.024292)


n  =   6   1   0
np =   9   1   0
 (9.89396e-19,-1.7178e-18)  (-0.000465433,0.00137155)
 (0.000160744,0.000995341) (2.82691e-19,-2.32671e-18)


n  =   6   1   0
np =   10   1   0
 (-0.000281586,0.00117822) (2.24034e-19,-2.97681e-19)
(1.01943e-20,-1.20541e-19)  (-0.000469351,0.00272342)


n  =   6   1   0
np =   11   1   0
(7.13241e-20,-1.34564e-19) (-3.47908e-05,0.000159289)
 (1.15291e-05,6.93249e-05) (3.79356e-20,-2.51459e-19)


n  =   6   1   0
np =   12   1   0
  (-1.41982e-05,7.606e-05) (1.83567e-20,-2.61959e-20)
(-3.66428e-22,-7.7211e-21) (-2.76673e-05,0.000188744)


n  =   6   1   0
np =   13   1   0
(3.56216e-21,-7.18437e-21) (-1.69606e-06,1.10912e-05)
 (5.70956e-07,3.28907e-06)  (3.10197e-21,-1.7844e-20)


n  =   6   1   0
np =   14   1   0
(-5.29241e-07,3.44535e-06) (9.56985e-22,-1.47163e-21)
(-5.10272e-23,-3.42861e-22)  (-1.16881e-06,9.0044e-06)


n  =   7   1   0
np =   1   1   0
  (-0.0113697,-0.00580809) (-8.14013e-18,2.67898e-18)
 (2.36432e-18,3.74986e-18)  (-0.00585736,-0.00489389)


n  =   7   1   0
np =   2   1   0
(-3.88607e-18,-5.0976e-18)  (-0.0195046,-0.00428961)
  (0.00935815,0.00554482) (3.69187e-18,2.65664e-18)


n  =   7   1   0
np =   3   1   0
   (0.00784291,-0.00230061) (-1.04927e-18,-5.48984e-18)
(-1.39865e-18,-9.12865e-19)    (0.00406809,-0.00493701)


n  =   7   1   0
np =   4   1   0
 (1.8576e-17,-4.09653e-18)     (0.0264591,-0.0121521)
  (-0.0140178,0.000894388) (-1.10396e-17,8.16062e-18)


n  =   7   1   0
np =   5   1   0
  (-0.0251789,0.0642624) (2.4529e-18,1.02086e-19)
(6.20419e-18,-5.08513e-18)   (-0.0330947,0.0801013)


n  =   7   1   0
np =   6   1   0
(8.30475e-18,-1.28036e-17)    (0.00139478,0.00846336)
   (-0.0034161,0.00506814) (1.05315e-18,-1.13489e-17)


n  =   7   1   0
np =   7   1   0
   (-0.00680992,0.020714) (1.70599e-18,-1.8896e-18)
(1.70599e-18,-1.88961e-18)   (-0.00933748,0.0353277)


n  =   7   1   0
np =   8   1   0
(1.33872e-18,-3.13287e-18)   (-0.000720406,0.0033434)
 (-0.000317808,0.00123274) (7.85018e-19,-4.57362e-18)


n  =   7   1   0
np =   9   1   0
 (-0.000813174,0.00286443) (3.00926e-19,-5.58116e-19)
(2.03441e-19,-2.74121e-19)   (-0.00117953,0.00593801)


n  =   7   1   0
np =   10   1   0
(1.23888e-19,-3.57124e-19) (-0.000129064,0.000483932)
 (-1.4969e-05,0.000136352)  (1.3001e-19,-6.89559e-19)


n  =   7   1   0
np =   11   1   0
(-5.86945e-05,0.000232587) (2.95311e-20,-7.18203e-20)
(1.43157e-20,-2.21675e-20) (-8.93746e-05,0.000554589)


n  =   7   1   0
np =   12   1   0
(7.74688e-21,-2.48943e-20) (-1.08371e-05,3.99164e-05)
(-3.02601e-07,9.20048e-06)  (1.17309e-20,-5.9773e-20)


n  =   7   1   0
np =   13   1   0
(-2.90886e-06,1.26864e-05) (1.89743e-21,-5.40401e-21)
  (6.761e-22,-1.15001e-21) (-4.57136e-06,3.36423e-05)


n  =   7   1   0
np =   14   1   0
(3.52107e-22,-1.17896e-21) (-5.82329e-07,2.19563e-06)
 (5.97541e-09,4.30535e-07) (7.04642e-22,-3.54585e-21)


n  =   8   1   0
np =   1   1   0
 (4.43776e-19,1.60269e-18)  (-0.00180816,-0.00379867)
 (-0.00401287,-0.00048955) (-8.82517e-19,5.16482e-19)


n  =   8   1   0
np =   2   1   0
   (0.00490836,0.00296231)   (5.14256e-19,2.2154e-18)
(-2.53192e-19,-1.65115e-18) (-0.000594209,-0.00108761)


n  =   8   1   0
np =   3   1   0
(-1.60008e-18,9.95973e-19)     (0.00355444,0.0037171)
  (0.00574545,-0.00266262) (-4.74757e-18,2.31501e-19)


n  =   8   1   0
np =   4   1   0
 (-0.0136184,0.00822317) (-2.60041e-18,6.594e-19)
(3.76932e-18,6.83832e-20)  (-0.0110224,0.00697139)


n  =   8   1   0
np =   5   1   0
(4.90418e-18,-7.28345e-18) (-0.000415489,-0.00132931)
  (-0.00206996,0.00977135) (1.44437e-18,-2.89248e-18)


n  =   8   1   0
np =   6   1   0
   (-0.00385453,0.0115611) (2.91286e-19,-1.15326e-18)
(1.49608e-18,-1.91889e-18)     (-0.00538514,0.024292)


n  =   8   1   0
np =   7   1   0
(1.33872e-18,-3.13286e-18) (-0.000317808,0.00123274)
 (-0.000720406,0.0033434)  (7.8502e-19,-4.5736e-18)


n  =   8   1   0
np =   8   1   0
 (-0.000491275,0.00292506) (2.16908e-19,-5.27819e-19)
(2.16908e-19,-5.27814e-19)   (-0.00102084,0.00773004)


n  =   8   1   0
np =   9   1   0
(1.61455e-19,-5.12416e-19) (-4.98002e-05,0.000413496)
(-9.10144e-05,0.000476406) (1.44445e-19,-1.13737e-18)


n  =   8   1   0
np =   10   1   0
(-3.81088e-05,0.000349595)  (3.34707e-20,-8.914e-20)
(1.81226e-20,-6.4103e-20) (-0.000106625,0.00107442)


n  =   8   1   0
np =   11   1   0
(1.17568e-20,-4.63885e-20)  (-4.18265e-06,5.3696e-05)
(-6.70908e-06,3.94987e-05) (1.49955e-20,-1.34022e-19)


n  =   8   1   0
np =   12   1   0
 (-2.03425e-06,2.5351e-05) (2.75775e-21,-8.27114e-21)
(1.01875e-21,-4.61368e-21) (-7.15215e-06,8.73869e-05)


n  =   8   1   0
np =   13   1   0
(5.90958e-22,-2.69573e-21) (-2.29514e-07,4.05772e-06)
 (-3.3564e-07,2.19321e-06) (1.03252e-21,-9.78608e-21)


n  =   8   1   0
np =   14   1   0
(-8.00169e-08,1.25664e-06)  (1.44746e-22,-4.7712e-22)
 (4.21544e-23,-2.1843e-22) (-3.35556e-07,4.75034e-06)


n  =   9   1   0
np =   1   1   0
  (-0.0015084,-0.000849875)  (-7.08618e-19,2.03603e-19)
  (1.85743e-19,5.38154e-19) (-0.000658539,-0.000690459)


n  =   9   1   0
np =   2   1   0
(-5.13327e-19,-6.86413e-19) (-0.00239984,-0.000659667)
 (0.000990425,0.000863052)  (3.46534e-19,5.14846e-19)


n  =   9   1   0
np =   3   1   0
  (0.00190707,-0.000612977) (-3.52905e-19,-6.00661e-19)
(-2.74185e-19,-4.98026e-20)     (0.0013701,-0.00103616)


n  =   9   1   0
np =   4   1   0
 (2.1207e-18,-2.40799e-19)   (0.00322242,-0.00145426)
   (-0.00174,-0.000293063) (-1.48127e-18,1.21357e-18)


n  =   9   1   0
np =   5   1   0
 (-0.00287039,0.00736407) (2.48143e-19,7.67245e-20)
(1.07935e-18,-1.38798e-18)    (-0.00395722,0.009422)


n  =   9   1   0
np =   6   1   0
(9.89396e-19,-1.71779e-18)  (0.000160744,0.000995341)
 (-0.000465433,0.00137155) (2.82691e-19,-2.32671e-18)


n  =   9   1   0
np =   7   1   0
(-0.000813174,0.00286443) (2.0344e-19,-2.74122e-19)
(3.00926e-19,-5.58118e-19)  (-0.00117953,0.00593801)


n  =   9   1   0
np =   8   1   0
(1.61456e-19,-5.12416e-19) (-9.10144e-05,0.000476406)
(-4.98002e-05,0.000413496) (1.44445e-19,-1.13737e-18)


n  =   9   1   0
np =   9   1   0
(-9.8525e-05,0.000465431) (3.65361e-20,-9.0822e-20)
(3.65361e-20,-9.08219e-20) (-0.000153751,0.00128339)


n  =   9   1   0
np =   10   1   0
(1.51264e-20,-6.75263e-20) (-1.61768e-05,7.91409e-05)
(-3.01919e-06,5.33843e-05) (2.20954e-20,-1.98266e-19)


n  =   9   1   0
np =   11   1   0
(-7.16426e-06,4.30782e-05) (3.61926e-21,-1.23742e-20)
(2.63501e-21,-8.23709e-21)  (-1.19478e-05,0.00014418)


n  =   9   1   0
np =   12   1   0
(9.55158e-22,-5.16957e-21)  (-1.35662e-06,7.3019e-06)
(-1.16631e-07,4.07483e-06) (1.90212e-21,-1.88759e-20)


n  =   9   1   0
np =   13   1   0
(-3.56695e-07,2.61296e-06) (2.34916e-22,-9.50277e-22)
(1.28073e-22,-4.69559e-22) (-6.25609e-07,1.01101e-05)


n  =   9   1   0
np =   14   1   0
(4.36599e-23,-2.55446e-22) (-7.28953e-08,4.41018e-07)
(-2.97105e-09,2.10567e-07) (1.10352e-22,-1.17636e-21)


n  =   10   1   0
np =   1   1   0
  (1.50014e-20,1.46604e-19) (-7.98847e-05,-0.000260728)
(-0.000501042,-0.000139397)   (-6.2162e-20,7.53166e-20)


n  =   10   1   0
np =   2   1   0
  (0.000319453,0.000200102)   (3.13742e-20,1.93453e-19)
 (-1.08279e-19,-2.3091e-19) (-0.000283264,-0.000154779)


n  =   10   1   0
np =   3   1   0
 (-2.26261e-19,1.24946e-19)   (0.000189658,0.000289268)
 (0.000776066,-0.000270479) (-4.76036e-19,-3.29087e-20)


n  =   10   1   0
np =   4   1   0
 (-0.00093051,0.000506323) (-3.19672e-19,1.26486e-19)
(5.55443e-19,-2.73171e-20)  (-0.00052898,0.000194924)


n  =   10   1   0
np =   5   1   0
(4.38965e-19,-7.19824e-19) (4.26647e-06,-0.000202709)
  (-0.000393878,0.0012264) (2.66742e-19,-4.64085e-19)


n  =   10   1   0
np =   6   1   0
 (-0.000281586,0.00117822) (1.01942e-20,-1.20541e-19)
(2.24034e-19,-2.97678e-19)  (-0.000469351,0.00272342)


n  =   10   1   0
np =   7   1   0
(1.23888e-19,-3.57123e-19) (-1.4969e-05,0.000136352)
(-0.000129064,0.000483932) (1.3001e-19,-6.89559e-19)


n  =   10   1   0
np =   8   1   0
(-3.81088e-05,0.000349595) (1.81226e-20,-6.41028e-20)
(3.34707e-20,-8.91403e-20)  (-0.000106625,0.00107442)


n  =   10   1   0
np =   9   1   0
(1.51264e-20,-6.75264e-20) (-3.01919e-06,5.33843e-05)
(-1.61768e-05,7.91409e-05) (2.20954e-20,-1.98265e-19)


n  =   10   1   0
np =   10   1   0
(-3.11458e-06,4.73232e-05) (2.92296e-21,-1.17684e-20)
(2.92295e-21,-1.17684e-20) (-1.21193e-05,0.000176906)


n  =   10   1   0
np =   11   1   0
(1.11001e-21,-6.86057e-21) (-2.94488e-07,7.63459e-06)
(-1.19113e-06,7.41597e-06)   (2.153e-21,-2.64977e-20)


n  =   10   1   0
np =   12   1   0
(-1.73898e-07,3.79858e-06) (2.43383e-22,-1.14429e-21)
(1.73257e-22,-8.94644e-22) (-8.53878e-07,1.64897e-05)


n  =   10   1   0
np =   13   1   0
(5.60549e-23,-4.28584e-22) (-1.81769e-08,6.23127e-07)
(-5.96186e-08,4.57534e-07) (1.40703e-22,-2.11619e-21)


n  =   10   1   0
np =   14   1   0
(-7.11005e-09,2.04772e-07) (1.28682e-23,-6.55755e-23)
(7.51474e-24,-4.23347e-23) (-4.14698e-08,1.00317e-06)


n  =   11   1   0
np =   1   1   0
(-0.000113113,-6.63279e-05)  (-3.68972e-20,1.12949e-20)
   (8.56575e-21,4.9241e-20) (-3.80841e-05,-5.10126e-05)


n  =   11   1   0
np =   2   1   0
(-4.89843e-20,-5.09784e-20) (-0.000174643,-5.2517e-05)
 (5.55915e-05,6.89826e-05)  (2.84161e-20,4.43627e-20)


n  =   11   1   0
np =   3   1   0
 (0.000168721,-5.48538e-05) (-4.27344e-20,-3.81337e-20)
 (-4.06531e-20,8.57556e-21)  (0.000122778,-9.15779e-05)


n  =   11   1   0
np =   4   1   0
   (1.4745e-19,8.1366e-22) (0.000234551,-0.000104749)
(-0.000117379,-4.78806e-05) (-9.74629e-20,8.16019e-20)


n  =   11   1   0
np =   5   1   0
(-0.000202565,0.000517746)  (1.35303e-20,1.32332e-20)
(1.03916e-19,-1.73755e-19) (-0.000289307,0.000668754)


n  =   11   1   0
np =   6   1   0
 (7.1324e-20,-1.34565e-19)  (1.15291e-05,6.93249e-05)
(-3.47908e-05,0.000159289) (3.79355e-20,-2.51459e-19)


n  =   11   1   0
np =   7   1   0
(-5.86945e-05,0.000232587) (1.43157e-20,-2.21677e-20)
 (2.95312e-20,-7.1821e-20) (-8.93746e-05,0.000554589)


n  =   11   1   0
np =   8   1   0
(1.17568e-20,-4.63885e-20) (-6.70908e-06,3.94987e-05)
 (-4.18265e-06,5.3696e-05) (1.49955e-20,-1.34022e-19)


n  =   11   1   0
np =   9   1   0
(-7.16426e-06,4.30782e-05) (2.63502e-21,-8.23709e-21)
(3.61926e-21,-1.23741e-20)  (-1.19478e-05,0.00014418)


n  =   11   1   0
np =   10   1   0
(1.11001e-21,-6.86055e-21) (-1.19113e-06,7.41597e-06)
(-2.94488e-07,7.63459e-06) (2.15301e-21,-2.64977e-20)


n  =   11   1   0
np =   11   1   0
 (-5.23078e-07,4.4691e-06) (2.63769e-22,-1.18312e-21)
(2.63769e-22,-1.18312e-21) (-9.48749e-07,1.87773e-05)


n  =   11   1   0
np =   12   1   0
(7.04686e-23,-5.69756e-22) (-9.99503e-08,7.56693e-07)
 (-1.39925e-08,6.3414e-07) (1.78809e-22,-2.81874e-21)


n  =   11   1   0
np =   13   1   0
(-2.61153e-08,2.98631e-07) (1.72505e-23,-9.10612e-23)
 (1.2986e-23,-6.84762e-23) (-5.06933e-08,1.48566e-06)


n  =   11   1   0
np =   14   1   0
(3.23017e-24,-2.92688e-23)  (-5.3753e-09,4.97041e-08)
 (-4.8645e-10,3.52247e-08) (1.00993e-23,-1.90474e-22)


n  =   12   1   0
np =   1   1   0
   (5.8148e-22,9.47675e-21) (-1.26311e-06,-1.22235e-05)
(-3.67708e-05,-1.30833e-05)   (-6.5397e-22,6.22862e-21)


n  =   12   1   0
np =   2   1   0
  (1.33929e-05,9.39361e-06)    (2.71264e-21,1.1512e-20)
(-1.45852e-20,-1.75789e-20) (-2.84914e-05,-1.17864e-05)


n  =   12   1   0
np =   3   1   0
 (-1.89486e-20,9.42353e-21)    (5.74755e-06,1.5569e-05)
 (5.90511e-05,-1.76375e-05) (-2.87576e-20,-6.26846e-21)


n  =   12   1   0
np =   4   1   0
 (-4.37341e-05,2.11742e-05)  (-2.44838e-20,1.15259e-20)
 (4.55568e-20,-2.97479e-21) (-1.02768e-05,-8.28824e-06)


n  =   12   1   0
np =   5   1   0
(2.66251e-20,-4.64131e-20) (2.06524e-06,-1.58693e-05)
(-3.35806e-05,8.98125e-05) (2.65937e-20,-4.58995e-20)


n  =   12   1   0
np =   6   1   0
   (-1.41982e-05,7.606e-05) (-3.66436e-22,-7.72108e-21)
 (1.83567e-20,-2.61959e-20)  (-2.76673e-05,0.000188744)


n  =   12   1   0
np =   7   1   0
(7.74688e-21,-2.48943e-20) (-3.02601e-07,9.20048e-06)
(-1.08371e-05,3.99164e-05)  (1.17309e-20,-5.9773e-20)


n  =   12   1   0
np =   8   1   0
 (-2.03425e-06,2.5351e-05) (1.01875e-21,-4.61363e-21)
(2.75775e-21,-8.27118e-21) (-7.15215e-06,8.73869e-05)


n  =   12   1   0
np =   9   1   0
(9.55158e-22,-5.16957e-21) (-1.16631e-07,4.07483e-06)
 (-1.35662e-06,7.3019e-06) (1.90212e-21,-1.88759e-20)


n  =   12   1   0
np =   10   1   0
(-1.73898e-07,3.79858e-06) (1.73257e-22,-8.94642e-22)
(2.43383e-22,-1.14428e-21) (-8.53878e-07,1.64897e-05)


n  =   12   1   0
np =   11   1   0
(7.04686e-23,-5.69754e-22)  (-1.39925e-08,6.3414e-07)
(-9.99503e-08,7.56693e-07) (1.78809e-22,-2.81874e-21)


n  =   12   1   0
np =   12   1   0
 (-1.0061e-08,3.33773e-07) (1.46157e-23,-8.80724e-23)
 (1.46157e-23,-8.8072e-23) (-6.17597e-08,1.73023e-06)


n  =   12   1   0
np =   13   1   0
(3.56898e-24,-3.74398e-23)  (-9.74724e-10,5.5593e-08)
(-5.00772e-09,5.09569e-08) (1.13323e-23,-2.47618e-22)


n  =   12   1   0
np =   14   1   0
(-4.23271e-10,1.94737e-08) (7.78814e-25,-4.65945e-24)
(6.40863e-25,-3.85737e-24)  (-3.05279e-09,1.1649e-07)


n  =   13   1   0
np =   1   1   0
(-5.69291e-06,-3.41645e-06)  (-1.16122e-21,4.39725e-22)
  (7.38237e-22,3.08139e-21) (-1.21093e-06,-2.41205e-06)


n  =   13   1   0
np =   2   1   0
(-2.88588e-21,-2.58117e-21) (-8.6589e-06,-2.73724e-06)
 (1.71221e-06,3.55616e-06)  (1.89179e-21,2.60291e-21)


n  =   13   1   0
np =   3   1   0
 (9.17218e-06,-2.98996e-06) (-2.65018e-21,-1.81048e-21)
 (-4.29087e-21,1.51898e-21)   (6.42601e-06,-5.0462e-06)


n  =   13   1   0
np =   4   1   0
 (7.20933e-21,6.29066e-22) (1.16605e-05,-5.15991e-06)
(-5.00417e-06,-3.72339e-06)  (-3.4878e-21,2.95662e-21)


n  =   13   1   0
np =   5   1   0
 (-9.90922e-06,2.5166e-05)  (4.47184e-22,1.15793e-21)
(6.45834e-21,-1.29057e-20) (-1.43637e-05,3.20035e-05)


n  =   13   1   0
np =   6   1   0
(3.56215e-21,-7.18436e-21)  (5.70956e-07,3.28907e-06)
(-1.69606e-06,1.10912e-05) (3.10196e-21,-1.78439e-20)


n  =   13   1   0
np =   7   1   0
(-2.90886e-06,1.26864e-05) (6.76098e-22,-1.15002e-21)
(1.89742e-21,-5.40398e-21) (-4.57136e-06,3.36423e-05)


n  =   13   1   0
np =   8   1   0
(5.90958e-22,-2.69574e-21)  (-3.3564e-07,2.19321e-06)
(-2.29514e-07,4.05772e-06) (1.03252e-21,-9.78611e-21)


n  =   13   1   0
np =   9   1   0
(-3.56695e-07,2.61296e-06) (1.28074e-22,-4.69561e-22)
(2.34916e-22,-9.50278e-22) (-6.25609e-07,1.01101e-05)


n  =   13   1   0
np =   10   1   0
(5.60548e-23,-4.28583e-22) (-5.96186e-08,4.57534e-07)
(-1.81769e-08,6.23127e-07) (1.40703e-22,-2.11619e-21)


n  =   13   1   0
np =   11   1   0
(-2.61153e-08,2.98631e-07)   (1.2986e-23,-6.8476e-23)
(1.72505e-23,-9.10608e-23) (-5.06933e-08,1.48566e-06)


n  =   13   1   0
np =   12   1   0
  (3.56898e-24,-3.744e-23) (-5.00772e-09,5.09569e-08)
 (-9.74724e-10,5.5593e-08) (1.13323e-23,-2.47617e-22)


n  =   13   1   0
np =   13   1   0
(-1.30647e-09,2.17479e-08) (8.56463e-25,-4.91259e-24)
(8.56463e-25,-4.91264e-24)  (-2.7594e-09,1.30368e-07)


n  =   13   1   0
np =   14   1   0
(1.63798e-25,-1.94437e-24) (-2.69592e-10,3.60484e-09)
(-3.83769e-11,3.29196e-09) (6.25042e-25,-1.81284e-23)


n  =   14   1   0
np =   1   1   0
 (9.22841e-23,4.36062e-22) (5.80833e-08,-4.20102e-07)
(-1.82964e-06,-7.41484e-07)  (1.44167e-22,3.14386e-22)


n  =   14   1   0
np =   2   1   0
  (3.84962e-07,3.26624e-07)   (2.48396e-22,4.81767e-22)
(-9.69395e-22,-8.94888e-22) (-1.66296e-06,-5.97518e-07)


n  =   14   1   0
np =   3   1   0
   (-9.962e-22,4.44412e-22)   (6.71514e-08,6.18599e-07)
  (3.0036e-06,-8.07436e-07) (-1.25047e-21,-3.61156e-22)


n  =   14   1   0
np =   4   1   0
 (-1.51351e-06,6.3622e-07) (-1.25373e-21,6.26859e-22)
(2.34153e-21,-2.69118e-23) (3.63016e-07,-1.09453e-06)


n  =   14   1   0
np =   5   1   0
(1.18679e-21,-2.15581e-21) (1.46865e-07,-8.05834e-07)
(-1.81713e-06,4.45315e-06) (1.72321e-21,-3.09677e-21)


n  =   14   1   0
np =   6   1   0
 (-5.29241e-07,3.44535e-06) (-5.10273e-23,-3.42864e-22)
 (9.56984e-22,-1.47162e-21)   (-1.16881e-06,9.0044e-06)


n  =   14   1   0
np =   7   1   0
(3.52107e-22,-1.17896e-21)  (5.97541e-09,4.30535e-07)
(-5.82329e-07,2.19563e-06) (7.04642e-22,-3.54584e-21)


n  =   14   1   0
np =   8   1   0
(-8.00169e-08,1.25664e-06)  (4.21544e-23,-2.1843e-22)
(1.44746e-22,-4.77123e-22) (-3.35556e-07,4.75034e-06)


n  =   14   1   0
np =   9   1   0
(4.36599e-23,-2.55446e-22) (-2.97105e-09,2.10567e-07)
(-7.28953e-08,4.41018e-07) (1.10352e-22,-1.17636e-21)


n  =   14   1   0
np =   10   1   0
(-7.11005e-09,2.04772e-07) (7.51476e-24,-4.23343e-23)
(1.28682e-23,-6.55748e-23) (-4.14698e-08,1.00317e-06)


n  =   14   1   0
np =   11   1   0
(3.23017e-24,-2.92688e-23)  (-4.8645e-10,3.52247e-08)
 (-5.3753e-09,4.97041e-08) (1.00993e-23,-1.90474e-22)


n  =   14   1   0
np =   12   1   0
(-4.23271e-10,1.94737e-08) (6.40863e-25,-3.85738e-24)
(7.78813e-25,-4.65946e-24)  (-3.05279e-09,1.1649e-07)


n  =   14   1   0
np =   13   1   0
(1.63798e-25,-1.94436e-24) (-3.83769e-11,3.29196e-09)
(-2.69592e-10,3.60484e-09) (6.25042e-25,-1.81284e-23)


n  =   14   1   0
np =   14   1   0
(-1.81978e-11,1.22159e-09) (3.43635e-26,-1.39737e-25)
(3.43634e-26,-1.39738e-25)  (-1.52663e-10,8.5789e-09)


~~~~~~~~~~~~~~~~~~~~~~~~~~~~~~~~~~~~~~~~~~~~~~~~~~~~~~~~~~~~~~~~~


a & b coefficients --------------------------------
n           ax             ay
110   (-1.15361,-0.269197)    (-0,-0)
210   (-1.03688,-0.196971)    (-0,-0)
310   (-0.867354,0.0685181)    (-0,-0)
410   (-0.637909,0.0597671)    (-0,-0)
510   (-0.153268,0.231875)    (-0,-0)
610   (0.138242,0.0380932)    (-0,-0)
710   (0.0558711,-0.0480242)    (-0,-0)
810   (-0.0127756,-0.00899601)    (-0,-0)
910   (-0.00655491,0.00462416)    (-0,-0)
1010   (0.000701381,0.000906077)    (-0,-0)
1110   (0.000447388,-0.000277091)    (-0,-0)
1210   (-2.5483e-05,-5.57317e-05)    (-0,-0)
1310   (-2.0845e-05,1.16302e-05)    (-0,-0)
1410   (6.34412e-07,2.38596e-06)    (-0,-0)
n           bx             by
110    (-1.08422,-0.313246)    (0,0)
210    (-1.07122,-0.0712509)    (0,0)
310    (-0.820709,0.0306839)    (0,0)
410    (-0.555337,0.320389)    (0,0)
510    (-0.0861288,0.227757)    (0,0)
610    (0.0646418,0.0393945)    (0,0)
710    (0.0390265,-0.034428)    (0,0)
810    (0.00255062,-0.0156277)    (0,0)
910    (-0.00456229,0.00194485)    (0,0)
1010    (-0.000904141,0.00178316)    (0,0)
1110    (0.000295869,-1.82094e-05)    (0,0)
1210    (8.03103e-05,-0.000116403)    (0,0)
1310    (-1.25333e-05,-4.29827e-06)    (0,0)
1410    (-4.26994e-06,5.14534e-06)    (0,0)
---------------------------------------------------



Scattering Intensity Functions -----------------------
Theta            I1             I2
              0               383.32285                383.32285
           0.18               383.30678                383.30666
           0.36               383.25858                383.2581
           0.54               383.17825                383.17717
           0.72               383.06581                383.0639
            0.9               382.92128                382.9183
           1.08               382.74468                382.7404
           1.26               382.53604                382.53024
           1.44               382.2954                382.28786
           1.62               382.02279                382.01329
            1.8               381.71826                381.7066
           1.98               381.38186                381.36784
           2.16               381.01366                380.99708
           2.34               380.6137                380.59439
           2.52               380.18206                380.15985
            2.7               379.71881                379.69353
           2.88               379.22403                379.19553
           3.06               378.69779                378.66594
           3.24               378.14019                378.10486
           3.42               377.55133                377.51241
            3.6               376.9313                376.88869
           3.78               376.2802                376.23383
           3.96               375.59814                375.54794
           4.14               374.88524                374.83117
           4.32               374.14163                374.08364
            4.5               373.36741                373.3055
           4.68               372.56273                372.4969
           4.86               371.72773                371.658
           5.04               370.86253                370.78895
           5.22               369.96729                369.88993
            5.4               369.04216                368.9611
           5.58               368.0873                368.00264
           5.76               367.10286                367.01474
           5.94               366.08902                365.99759
           6.12               365.04594                364.95138
            6.3               363.97381                363.87631
           6.48               362.87281                362.77259
           6.66               361.74312                361.64043
           6.84               360.58494                360.48005
           7.02               359.39846                359.29168
            7.2               358.18389                358.07553
           7.38               356.94144                356.83185
           7.56               355.67132                355.56088
           7.74               354.37374                354.26285
           7.92               353.04893                352.93802
            8.1               351.69711                351.58665
           8.28               350.31853                350.20899
           8.46               348.91341                348.80532
           8.64               347.48201                347.3759
           8.82               346.02456                345.921
              9               344.54132                344.44091
           9.18               343.03255                342.93592
           9.36               341.49851                341.40632
           9.54               339.93946                339.85239
           9.72               338.35567                338.27445
            9.9               336.74744                336.67279
          10.08               335.11502                335.04773
          10.26               333.45871                333.39957
          10.44               331.7788                331.72865
          10.62               330.07558                330.03528
           10.8               328.34936                328.3198
          10.98               326.60042                326.58252
          11.16               324.82909                324.82379
          11.34               323.03568                323.04396
          11.52               321.2205                321.24336
           11.7               319.38386                319.42234
          11.88               317.52611                317.58126
          12.06               315.64756                315.72047
          12.24               313.74855                313.84034
          12.42               311.82942                311.94122
           12.6               309.8905                310.02349
          12.78               307.93215                308.08752
          12.96               305.95471                306.13368
          13.14               303.95854                304.16236
          13.32               301.944                302.17393
           13.5               299.91144                300.16877
          13.68               297.86123                298.14729
          13.86               295.79374                296.10986
          14.04               293.70933                294.05689
          14.22               291.6084                291.98877
           14.4               289.49131                289.9059
          14.58               287.35845                287.80868
          14.76               285.2102                285.69752
          14.94               283.04695                283.57283
          15.12               280.86909                281.43502
           15.3               278.67703                279.2845
          15.48               276.47115                277.12169
          15.66               274.25187                274.947
          15.84               272.01957                272.76085
          16.02               269.77468                270.56367
           16.2               267.51759                268.35587
          16.38               265.24873                266.13789
          16.56               262.96851                263.91014
          16.74               260.67734                261.67305
          16.92               258.37564                259.42706
           17.1               256.06384                257.17259
          17.28               253.74236                254.91008
          17.46               251.41163                252.63995
          17.64               249.07207                250.36265
          17.82               246.72412                248.07859
             18               244.3682                245.78823
          18.18               242.00476                243.49199
          18.36               239.63422                241.19031
          18.54               237.25702                238.88363
          18.72               234.87361                236.57237
           18.9               232.48442                234.25699
          19.08               230.08988                231.9379
          19.26               227.69045                229.61556
          19.44               225.28657                227.29039
          19.62               222.87867                224.96283
           19.8               220.46721                222.63331
          19.98               218.05262                220.30227
          20.16               215.63536                217.97014
          20.34               213.21587                215.63735
          20.52               210.7946                213.30433
           20.7               208.37198                210.97152
          20.88               205.94847                208.63933
          21.06               203.52452                206.3082
          21.24               201.10057                203.97855
          21.42               198.67706                201.65081
           21.6               196.25444                199.32539
          21.78               193.83315                197.00271
          21.96               191.41364                194.6832
          22.14               188.99635                192.36726
          22.32               186.58173                190.05531
           22.5               184.17021                187.74776
          22.68               181.76222                185.44502
          22.86               179.35822                183.14748
          23.04               176.95863                180.85556
          23.22               174.5639                178.56964
           23.4               172.17444                176.29013
          23.58               169.7907                174.01742
          23.76               167.4131                171.75189
          23.94               165.04207                169.49393
          24.12               162.67804                167.24392
           24.3               160.32141                165.00224
          24.48               157.97262                162.76926
          24.66               155.63208                160.54534
          24.84               153.3002                158.33086
          25.02               150.97739                156.12618
           25.2               148.66406                153.93165
          25.38               146.36061                151.74761
          25.56               144.06745                149.57443
          25.74               141.78496                147.41244
          25.92               139.51354                145.26197
           26.1               137.25358                143.12337
          26.28               135.00546                140.99695
          26.46               132.76956                138.88304
          26.64               130.54627                136.78195
          26.82               128.33594                134.69399
             27               126.13895                132.61948
          27.18               123.95565                130.55871
          27.36               121.78642                128.51196
          27.54               119.63159                126.47954
          27.72               117.49151                124.46172
           27.9               115.36652                122.45878
          28.08               113.25697                120.47098
          28.26               111.16318                118.49859
          28.44               109.08548                116.54188
          28.62               107.02417                114.60107
           28.8               104.97959                112.67643
          28.98               102.95203                110.76819
          29.16               100.94179                108.87658
          29.34               98.949177                107.00182
          29.52               96.974466                105.14413
           29.7               95.017942                103.30372
          29.88               93.07988                101.48079
          30.06               91.160548                99.67555
          30.24               89.260206                97.888174
          30.42               87.379108                96.118849
           30.6               85.517501                94.367751
          30.78               83.675624                92.635047
          30.96               81.853709                90.920898
          31.14               80.05198                89.225457
          31.32               78.270656                87.548869
           31.5               76.509945                85.891274
          31.68               74.77005                84.252802
          31.86               73.051164                82.633578
          32.04               71.353474                81.033717
          32.22               69.677158                79.453329
           32.4               68.022386                77.892514
          32.58               66.38932                76.351368
          32.76               64.778115                74.829975
          32.94               63.188916                73.328415
          33.12               61.621861                71.846759
           33.3               60.077079                70.385072
          33.48               58.554691                68.94341
          33.66               57.054809                67.521821
          33.84               55.577537                66.120348
          34.02               54.122971                64.739023
           34.2               52.691197                63.377875
          34.38               51.282294                62.036922
          34.56               49.89633                60.716177
          34.74               48.533369                59.415643
          34.92               47.19346                58.135319
           35.1               45.876649                56.875194
          35.28               44.58297                55.635251
          35.46               43.31245                54.415467
          35.64               42.065105                53.215809
          35.82               40.840946                52.03624
             36               39.639971                50.876714
          36.18               38.462174                49.73718
          36.36               37.307536                48.617578
          36.54               36.176033                47.517843
          36.72               35.067629                46.437903
           36.9               33.982282                45.377677
          37.08               32.919941                44.337082
          37.26               31.880546                43.316026
          37.44               30.864027                42.314409
          37.62               29.87031                41.332128
           37.8               28.899309                40.369073
          37.98               27.95093                39.425127
          38.16               27.025073                38.500167
          38.34               26.121627                37.594065
          38.52               25.240475                36.706688
           38.7               24.381491                35.837896
          38.88               23.544543                34.987544
          39.06               22.729489                34.155482
          39.24               21.936179                33.341555
          39.42               21.164458                32.545601
           39.6               20.414161                31.767456
          39.78               19.685118                31.006949
          39.96               18.977149                30.263905
          40.14               18.290069                29.538145
          40.32               17.623685                28.829485
           40.5               16.977798                28.137736
          40.68               16.352201                27.462706
          40.86               15.746681                26.8042
          41.04               15.161019                26.162015
          41.22               14.594989                25.53595
           41.4               14.048359                24.925796
          41.58               13.520891                24.331343
          41.76               13.012342                23.752377
          41.94               12.522461                23.18868
          42.12               12.050994                22.640033
           42.3               11.597681                22.106213
          42.48               11.162255                21.586994
          42.66               10.744446                21.082149
          42.84               10.34398                20.591448
          43.02               9.9605748                20.114658
           43.2               9.593947                19.651545
          43.38               9.2438074                19.201874
          43.56               8.9098633                18.765406
          43.74               8.5918178                18.341903
          43.92               8.2893703                17.931123
           44.1               8.002217                17.532826
          44.28               7.7300504                17.146768
          44.46               7.4725602                16.772707
          44.64               7.2294332                16.410397
          44.82               7.0003533                16.059595
             45               6.7850022                15.720054
          45.18               6.5830592                15.391531
          45.36               6.3942014                15.073778
          45.54               6.2181044                14.766552
          45.72               6.0544419                14.469606
           45.9               5.9028863                14.182696
          46.08               5.7631088                13.905579
          46.26               5.6347795                13.638009
          46.44               5.5175679                13.379746
          46.62               5.411143                13.130546
           46.8               5.3151731                12.89017
          46.98               5.2293268                12.658378
          47.16               5.1532725                12.434932
          47.34               5.0866791                12.219595
          47.52               5.0292158                12.012134
           47.7               4.9805528                11.812314
          47.88               4.940361                11.619904
          48.06               4.9083127                11.434676
          48.24               4.8840812                11.256402
          48.42               4.8673417                11.084858
           48.6               4.8577711                10.919822
          48.78               4.855048                10.761072
          48.96               4.8588536                10.608393
          49.14               4.8688711                10.46157
          49.32               4.8847865                10.320391
           49.5               4.9062885                10.184646
          49.68               4.9330686                10.05413
          49.86               4.9648215                9.9286411
          50.04               5.0012454                9.8079783
          50.22               5.0420418                9.6919455
           50.4               5.0869158                9.5803497
          50.58               5.1355766                9.4730012
          50.76               5.1877371                9.3697136
          50.94               5.2431147                9.2703043
          51.12               5.3014307                9.1745942
           51.3               5.3624114                9.0824078
          51.48               5.4257873                8.9935734
          51.66               5.4912939                8.9079228
          51.84               5.5586716                8.8252921
          52.02               5.6276658                8.7455207
           52.2               5.6980271                8.6684524
          52.38               5.7695115                8.5939345
          52.56               5.8418803                8.5218185
          52.74               5.9149006                8.4519598
          52.92               5.9883448                8.3842179
           53.1               6.0619914                8.3184561
          53.28               6.1356245                8.2545419
          53.46               6.2090344                8.1923469
          53.64               6.2820173                8.1317467
          53.82               6.3543756                8.0726208
             54               6.4259179                8.014853
          54.18               6.4964589                7.9583311
          54.36               6.5658199                7.9029467
          54.54               6.6338285                7.8485958
          54.72               6.7003186                7.7951781
           54.9               6.7651309                7.7425975
          55.08               6.8281123                7.6907619
          55.26               6.8891165                7.6395828
          55.44               6.9480037                7.588976
          55.62               7.0046406                7.5388611
           55.8               7.0589007                7.4891614
          55.98               7.1106642                7.4398041
          56.16               7.1598176                7.3907202
          56.34               7.2062543                7.3418444
          56.52               7.2498742                7.2931149
           56.7               7.2905839                7.2444738
          56.88               7.3282965                7.1958666
          57.06               7.3629317                7.1472423
          57.24               7.3944156                7.0985534
          57.42               7.4226809                7.0497557
           57.6               7.4476666                7.0008085
          57.78               7.4693182                6.9516742
          57.96               7.4875875                6.9023184
          58.14               7.5024323                6.8527098
          58.32               7.5138169                6.8028203
           58.5               7.5217116                6.7526245
          58.68               7.5260926                6.7021002
          58.86               7.5269422                6.6512278
          59.04               7.5242484                6.5999905
          59.22               7.518005                6.5483742
           59.4               7.5082116                6.4963673
          59.58               7.4948731                6.4439608
          59.76               7.4779999                6.391148
          59.94               7.4576077                6.3379246
          60.12               7.4337176                6.2842885
           60.3               7.4063556                6.2302398
          60.48               7.3755526                6.1757807
          60.66               7.3413443                6.1209152
          60.84               7.3037713                6.0656495
          61.02               7.2628786                6.0099913
           61.2               7.2187156                5.9539504
          61.38               7.1713359                5.8975378
          61.56               7.1207974                5.8407664
          61.74               7.0671618                5.7836503
          61.92               7.0104946                5.7262054
           62.1               6.9508651                5.6684483
          62.28               6.8883459                5.6103974
          62.46               6.8230132                5.5520719
          62.64               6.7549461                5.493492
          62.82               6.684227                5.434679
             63               6.6109408                5.3756552
          63.18               6.5351755                5.3164434
          63.36               6.4570213                5.2570674
          63.54               6.3765709                5.1975514
          63.72               6.2939192                5.1379205
           63.9               6.2091631                5.0781999
          64.08               6.1224013                5.0184155
          64.26               6.0337343                4.9585935
          64.44               5.943264                4.8987602
          64.62               5.8510938                4.8389424
           64.8               5.7573281                4.7791669
          64.98               5.6620725                4.7194605
          65.16               5.5654335                4.6598502
          65.34               5.4675181                4.6003627
          65.52               5.368434                4.5410248
           65.7               5.2682891                4.4818632
          65.88               5.1671917                4.4229041
          66.06               5.0652502                4.3641736
          66.24               4.9625728                4.3056976
          66.42               4.8592674                4.2475014
           66.6               4.7554416                4.1896101
          66.78               4.6512024                4.1320481
          66.96               4.5466564                4.0748394
          67.14               4.441909                4.0180075
          67.32               4.3370648                3.9615754
           67.5               4.2322273                3.9055653
          67.68               4.1274989                3.8499988
          67.86               4.0229806                3.7948968
          68.04               3.9187716                3.7402796
          68.22               3.8149701                3.6861667
           68.4               3.7116721                3.6325768
          68.58               3.608972                3.5795278
          68.76               3.5069623                3.5270369
          68.94               3.4057333                3.4751204
          69.12               3.3053734                3.4237937
           69.3               3.2059686                3.3730716
          69.48               3.1076026                3.3229677
          69.66               3.0103568                3.2734949
          69.84               2.9143102                3.2246652
          70.02               2.8195388                3.1764898
           70.2               2.7261166                3.1289789
          70.38               2.6341144                3.0821417
          70.56               2.5436004                3.0359868
          70.74               2.4546402                2.9905216
          70.92               2.3672962                2.9457529
           71.1               2.281628                2.9016864
          71.28               2.1976923                2.858327
          71.46               2.1155428                2.8156788
          71.64               2.0352301                2.7737449
          71.82               1.9568019                2.7325276
             72               1.8803025                2.6920285
          72.18               1.8057733                2.6522483
          72.36               1.7332528                2.6131868
          72.54               1.6627759                2.574843
          72.72               1.5943747                2.5372155
           72.9               1.5280781                2.5003016
          73.08               1.4639118                2.4640983
          73.26               1.4018985                2.4286017
          73.44               1.3420577                2.3938073
          73.62               1.2844058                2.3597099
           73.8               1.2289563                2.3263035
          73.98               1.1757194                2.2935818
          74.16               1.1247025                2.2615377
          74.34               1.0759099                2.2301635
          74.52               1.0293431                2.1994512
           74.7               0.98500048                2.169392
          74.88               0.94287776                2.1399768
          75.06               0.9029678                2.111196
          75.24               0.86526069                2.0830395
          75.42               0.82974385                2.0554969
           75.6               0.79640204                2.0285574
          75.78               0.76521746                2.0022097
          75.96               0.7361698                1.9764425
          76.14               0.7092363                1.9512438
          76.32               0.68439183                1.9266017
           76.5               0.66160895                1.9025039
          76.68               0.640858                1.8789378
          76.86               0.62210718                1.8558908
          77.04               0.60532261                1.83335
          77.22               0.59046841                1.8113025
           77.4               0.57750682                1.7897352
          77.58               0.56639824                1.7686349
          77.76               0.55710134                1.7479884
          77.94               0.54957313                1.7277825
          78.12               0.54376906                1.7080039
           78.3               0.53964312                1.6886395
          78.48               0.5371479                1.6696759
          78.66               0.53623473                1.6511002
          78.84               0.53685369                1.6328992
          79.02               0.5389538                1.61506
           79.2               0.54248302                1.5975698
          79.38               0.54738842                1.580416
          79.56               0.55361621                1.563586
          79.74               0.56111188                1.5470675
          79.92               0.56982025                1.5308483
           80.1               0.57968558                1.5149166
          80.28               0.59065168                1.4992607
          80.46               0.60266196                1.4838691
          80.64               0.61565955                1.4687306
          80.82               0.62958737                1.4538343
             81               0.64438822                1.4391695
          81.18               0.66000487                1.4247258
          81.36               0.67638014                1.4104933
          81.54               0.69345699                1.3964622
          81.72               0.7111786                1.382623
           81.9               0.72948841                1.3689666
          82.08               0.74833028                1.3554842
          82.26               0.76764848                1.3421674
          82.44               0.78738782                1.3290081
          82.62               0.80749369                1.3159985
           82.8               0.82791214                1.3031311
          82.98               0.84858997                1.290399
          83.16               0.86947475                1.2777954
          83.34               0.89051491                1.265314
          83.52               0.91165981                1.2529487
           83.7               0.93285978                1.2406938
          83.88               0.95406616                1.2285441
          84.06               0.97523139                1.2164945
          84.24               0.99630905                1.2045404
          84.42               1.0172539                1.1926777
           84.6               1.0380219                1.1809022
          84.78               1.0585702                1.1692103
          84.96               1.0788575                1.1575989
          85.14               1.0988436                1.1460648
          85.32               1.1184898                1.1346055
           85.5               1.1377587                1.1232185
          85.68               1.1566145                1.1119019
          85.86               1.1750228                1.1006538
          86.04               1.1929505                1.0894727
          86.22               1.2103663                1.0783574
           86.4               1.2272402                1.067307
          86.58               1.2435438                1.0563208
          86.76               1.2592503                1.0453983
          86.94               1.2743345                1.0345394
          87.12               1.2887726                1.0237439
           87.3               1.3025424                1.0130123
          87.48               1.3156235                1.0023448
          87.66               1.3279967                0.99174216
          87.84               1.3396448                0.98120515
          88.02               1.3505517                0.97073476
           88.2               1.3607032                0.96033214
          88.38               1.3700865                0.9499986
          88.56               1.3786903                0.93973557
          88.74               1.386505                0.92954462
          88.92               1.3935222                0.91942745
           89.1               1.3997353                0.90938585
          89.28               1.4051389                0.89942173
          89.46               1.4097292                0.88953705
          89.64               1.4135037                0.87973388
          89.82               1.4164614                0.87001434
             90               1.4186025                0.86038061
          90.18               1.4199288                0.85083492
          90.36               1.4204431                0.84137952
          90.54               1.4201497                0.8320167
          90.72               1.4190538                0.82274876
           90.9               1.4171623                0.81357802
          91.08               1.4144828                0.80450678
          91.26               1.4110243                0.79553733
          91.44               1.4067967                0.78667197
          91.62               1.4018111                0.77791294
           91.8               1.3960796                0.76926245
          91.98               1.3896151                0.76072269
          92.16               1.3824316                0.75229579
          92.34               1.374544                0.74398381
          92.52               1.3659678                0.73578877
           92.7               1.3567196                0.7277126
          92.88               1.3468165                0.71975718
          93.06               1.3362765                0.71192429
          93.24               1.3251182                0.70421563
          93.42               1.3133608                0.69663283
           93.6               1.3010241                0.68917739
          93.78               1.2881285                0.68185074
          93.96               1.2746947                0.6746542
          94.14               1.2607442                0.667589
          94.32               1.2462985                0.66065622
           94.5               1.2313798                0.65385689
          94.68               1.2160104                0.64719187
          94.86               1.200213                0.64066195
          95.04               1.1840104                0.63426777
          95.22               1.1674259                0.62800988
           95.4               1.1504827                0.62188869
          95.58               1.1332042                0.61590451
          95.76               1.1156138                0.61005751
          95.94               1.097735                0.60434776
          96.12               1.0795915                0.59877519
           96.3               1.0612066                0.59333964
          96.48               1.0426038                0.58804081
          96.66               1.0238065                0.58287829
          96.84               1.0048378                0.57785154
          97.02               0.9857209                0.57295994
           97.2               0.96647849                0.56820273
          97.38               0.94713327                0.56357904
          97.56               0.92770759                0.55908791
          97.74               0.90822356                0.55472826
          97.92               0.88870296                0.55049891
           98.1               0.86916724                0.54639858
          98.28               0.84963751                0.5424259
          98.46               0.83013448                0.5385794
          98.64               0.81067847                0.53485751
          98.82               0.79128938                0.5312586
             99               0.77198665                0.52778091
          99.18               0.7527893                0.52442265
          99.36               0.73371584                0.52118193
          99.54               0.71478429                0.51805677
          99.72               0.69601218                0.51504516
           99.9               0.67741651                0.51214499
         100.08               0.65901375                0.50935411
         100.26               0.64081983                0.5066703
         100.44               0.62285012                0.50409129
         100.62               0.60511943                0.50161478
          100.8               0.58764201                0.49923839
         100.98               0.57043153                0.49695972
         101.16               0.55350108                0.49477633
         101.34               0.53686316                0.49268576
         101.52               0.52052969                0.49068549
          101.7               0.50451199                0.48877301
         101.88               0.48882079                0.48694577
         102.06               0.47346625                0.48520119
         102.24               0.45845791                0.48353671
         102.42               0.44380475                0.48194973
          102.6               0.42951512                0.48043767
         102.78               0.41559684                0.47899792
         102.96               0.4020571                0.4776279
         103.14               0.38890257                0.47632501
         103.32               0.3761393                0.47508667
          103.5               0.36377282                0.47391032
         103.68               0.35180807                0.47279339
         103.86               0.34024948                0.47173335
         104.04               0.3291009                0.47072768
         104.22               0.31836569                0.46977389
          104.4               0.30804666                0.4688695
         104.58               0.29814613                0.46801208
         104.76               0.28866592                0.46719921
         104.94               0.27960735                0.46642852
         105.12               0.27097127                0.46569766
          105.3               0.26275806                0.46500433
         105.48               0.25496766                0.46434626
         105.66               0.24759955                0.46372123
         105.84               0.24065279                0.46312706
         106.02               0.23412604                0.4625616
          106.2               0.22801753                0.46202277
         106.38               0.22232512                0.46150851
         106.56               0.21704629                0.46101683
         106.74               0.21217815                0.46054578
         106.92               0.20771749                0.46009345
          107.1               0.20366072                0.45965799
         107.28               0.20000396                0.45923761
         107.46               0.19674301                0.45883056
         107.64               0.19387339                0.45843514
         107.82               0.19139032                0.45804971
            108               0.18928876                0.45767267
         108.18               0.18756343                0.45730249
         108.36               0.18620878                0.45693767
         108.54               0.18521906                0.45657679
         108.72               0.1845883                0.45621846
          108.9               0.18431031                0.45586135
         109.08               0.18437873                0.45550418
         109.26               0.18478702                0.45514571
         109.44               0.18552846                0.45478478
         109.62               0.18659619                0.45442024
          109.8               0.18798322                0.45405101
         109.98               0.1896824                0.45367607
         110.16               0.19168648                0.45329441
         110.34               0.1939881                0.45290511
         110.52               0.1965798                0.45250726
          110.7               0.19945403                0.45210001
         110.88               0.20260317                0.45168255
         111.06               0.20601951                0.45125411
         111.24               0.20969531                0.45081396
         111.42               0.21362275                0.45036141
          111.6               0.217794                0.44989581
         111.78               0.22220115                0.44941654
         111.96               0.22683632                0.44892302
         112.14               0.23169156                0.44841471
         112.32               0.23675894                0.44789108
          112.5               0.24203051                0.44735167
         112.68               0.24749834                0.446796
         112.86               0.25315448                0.44622366
         113.04               0.25899101                0.44563425
         113.22               0.26500003                0.4450274
          113.4               0.27117366                0.44440275
         113.58               0.27750405                0.44375998
         113.76               0.28398339                0.44309879
         113.94               0.29060389                0.44241889
         114.12               0.29735783                0.44172002
          114.3               0.3042375                0.44100193
         114.48               0.31123528                0.4402644
         114.66               0.31834357                0.43950719
         114.84               0.32555484                0.43873012
         115.02               0.33286161                0.43793299
          115.2               0.34025648                0.43711562
         115.38               0.34773208                0.43627786
         115.56               0.35528114                0.43541954
         115.74               0.36289644                0.43454052
         115.92               0.37057083                0.43364065
          116.1               0.37829722                0.43271981
         116.28               0.38606861                0.43177786
         116.46               0.39387807                0.43081469
         116.64               0.40171873                0.42983017
         116.82               0.40958381                0.42882421
            117               0.41746659                0.42779667
         117.18               0.42536044                0.42674747
         117.36               0.4332588                0.42567648
         117.54               0.44115519                0.42458362
         117.72               0.44904321                0.42346878
          117.9               0.45691653                0.42233185
         118.08               0.46476891                0.42117274
         118.26               0.47259417                0.41999135
         118.44               0.48038623                0.41878757
         118.62               0.48813908                0.41756131
          118.8               0.49584679                0.41631247
         118.98               0.5035035                0.41504096
         119.16               0.51110344                0.41374666
         119.34               0.51864092                0.41242948
         119.52               0.52611033                0.41108933
          119.7               0.53350613                0.40972611
         119.88               0.54082287                0.40833971
         120.06               0.54805518                0.40693005
         120.24               0.55519776                0.40549702
         120.42               0.56224541                0.40404054
          120.6               0.56919299                0.40256052
         120.78               0.57603546                0.40105687
         120.96               0.58276784                0.3995295
         121.14               0.58938526                0.39797835
         121.32               0.59588291                0.39640332
          121.5               0.60225608                0.39480436
         121.68               0.60850014                0.3931814
         121.86               0.61461053                0.39153438
         122.04               0.6205828                0.38986326
         122.22               0.62641257                0.38816799
          122.4               0.63209557                0.38644855
         122.58               0.63762758                0.38470492
         122.76               0.64300452                0.38293707
         122.94               0.64822235                0.38114503
         123.12               0.65327717                0.3793288
          123.3               0.65816515                0.37748841
         123.48               0.66288254                0.37562391
         123.66               0.66742574                0.37373536
         123.84               0.67179118                0.37182283
         124.02               0.67597545                0.36988642
          124.2               0.67997522                0.36792626
         124.38               0.68378724                0.36594246
         124.56               0.68740841                0.36393519
         124.74               0.69083571                0.36190463
         124.92               0.69406624                0.35985099
          125.1               0.6970972                0.35777447
         125.28               0.69992591                0.35567535
         125.46               0.70254982                0.35355389
         125.64               0.70496647                0.35141041
         125.82               0.70717355                0.34924524
            126               0.70916885                0.34705874
         126.18               0.71095029                0.34485131
         126.36               0.71251593                0.34262339
         126.54               0.71386393                0.34037542
         126.72               0.71499261                0.3381079
          126.9               0.71590041                0.33582137
         127.08               0.7165859                0.33351638
         127.26               0.7170478                0.33119355
         127.44               0.71728495                0.3288535
         127.62               0.71729636                0.32649691
          127.8               0.71708115                0.32412451
         127.98               0.71663862                0.32173704
         128.16               0.71596819                0.31933531
         128.34               0.71506943                0.31692014
         128.52               0.71394208                0.31449243
          128.7               0.71258602                0.3120531
         128.88               0.71100129                0.3096031
         129.06               0.70918808                0.30714346
         129.24               0.70714674                0.30467523
         129.42               0.70487777                0.3021995
          129.6               0.70238186                0.29971742
         129.78               0.69965982                0.29723019
         129.96               0.69671265                0.29473903
         130.14               0.69354151                0.29224524
         130.32               0.69014771                0.28975014
          130.5               0.68653276                0.28725511
         130.68               0.6826983                0.28476157
         130.86               0.67864614                0.282271
         131.04               0.67437828                0.27978492
         131.22               0.66989688                0.27730488
          131.4               0.66520425                0.2748325
         131.58               0.66030288                0.27236945
         131.76               0.65519543                0.26991742
         131.94               0.64988473                0.26747818
         132.12               0.64437377                0.26505351
          132.3               0.63866571                0.26264528
         132.48               0.63276387                0.26025536
         132.66               0.62667173                0.25788571
         132.84               0.62039297                0.25553829
         133.02               0.61393138                0.25321513
          133.2               0.60729095                0.25091831
         133.38               0.60047582                0.24864994
         133.56               0.59349029                0.24641217
         133.74               0.5863388                0.24420721
         133.92               0.57902597                0.24203728
          134.1               0.57155656                0.23990467
         134.28               0.56393549                0.23781169
         134.46               0.55616781                0.23576071
         134.64               0.54825874                0.2337541
         134.82               0.54021363                0.23179431
            135               0.53203796                0.2298838
         135.18               0.52373738                0.22802505
         135.36               0.51531764                0.22622062
         135.54               0.50678465                0.22447304
         135.72               0.49814443                0.22278493
          135.9               0.48940313                0.22115889
         136.08               0.48056702                0.21959759
         136.26               0.47164249                0.21810368
         136.44               0.46263606                0.21667988
         136.62               0.45355432                0.21532891
          136.8               0.44440401                0.2140535
         136.98               0.43519194                0.21285642
         137.16               0.42592504                0.21174046
         137.34               0.41661031                0.21070842
         137.52               0.40725486                0.20976311
          137.7               0.39786587                0.20890736
         137.88               0.38845061                0.208144
         138.06               0.37901641                0.2074759
         138.24               0.36957069                0.2069059
         138.42               0.36012091                0.20643687
          138.6               0.35067462                0.20607169
         138.78               0.3412394                0.20581322
         138.96               0.33182289                0.20566433
         139.14               0.32243278                0.20562791
         139.32               0.31307678                0.20570681
          139.5               0.30376266                0.20590391
         139.68               0.29449819                0.20622206
         139.86               0.28529119                0.2066641
         140.04               0.27614948                0.20723288
         140.22               0.26708091                0.20793122
          140.4               0.25809333                0.20876194
         140.58               0.24919457                0.20972783
         140.76               0.24039249                0.21083165
         140.94               0.23169493                0.21207618
         141.12               0.2231097                0.21346414
          141.3               0.2146446                0.21499824
         141.48               0.20630743                0.21668116
         141.66               0.19810591                0.21851556
         141.84               0.19004776                0.22050405
         142.02               0.18214066                0.22264924
          142.2               0.17439221                0.22495367
         142.38               0.16681                0.22741986
         142.56               0.15940153                0.23005031
         142.74               0.15217425                0.23284744
         142.92               0.14513555                0.23581367
          143.1               0.13829274                0.23895134
         143.28               0.13165304                0.24226277
         143.46               0.1252236                0.24575022
         143.64               0.1190115                0.24941591
         143.82               0.11302368                0.25326199
            144               0.10726704                0.25729059
         144.18               0.10174833                0.26150374
         144.36               0.096474211                0.26590347
         144.54               0.091451245                0.27049169
         144.72               0.086685865                0.27527031
          144.9               0.082184386                0.28024114
         145.08               0.077952999                0.28540593
         145.26               0.07399777                0.29076639
         145.44               0.070324629                0.29632414
         145.62               0.066939373                0.30208075
          145.8               0.063847656                0.3080377
         145.98               0.061054991                0.31419641
         146.16               0.058566743                0.32055826
         146.34               0.056388126                0.3271245
         146.52               0.054524201                0.33389634
          146.7               0.052979869                0.34087493
         146.88               0.051759875                0.34806131
         147.06               0.050868797                0.35545645
         147.24               0.050311048                0.36306126
         147.42               0.050090874                0.37087656
          147.6               0.050212346                0.37890308
         147.78               0.050679365                0.38714148
         147.96               0.051495652                0.39559234
         148.14               0.052664752                0.40425615
         148.32               0.05419003                0.41313331
          148.5               0.056074665                0.42222416
         148.68               0.058321656                0.43152892
         148.86               0.060933813                0.44104775
         149.04               0.06391376                0.45078073
         149.22               0.067263931                0.46072781
          149.4               0.07098657                0.47088891
         149.58               0.075083732                0.48126381
         149.76               0.079557277                0.49185223
         149.94               0.084408871                0.50265381
         150.12               0.089639989                0.51366807
          150.3               0.09525191                0.52489447
         150.48               0.10124572                0.53633236
         150.66               0.1076223                0.54798101
         150.84               0.11438235                0.5598396
         151.02               0.12152637                0.57190723
          151.2               0.12905465                0.58418288
         151.38               0.1369673                0.59666547
         151.56               0.14526423                0.60935382
         151.74               0.15394517                0.62224666
         151.92               0.16300961                0.63534264
          152.1               0.17245691                0.6486403
         152.28               0.18228618                0.66213812
         152.46               0.19249638                0.67583446
         152.64               0.20308625                0.68972763
         152.82               0.21405435                0.70381581
            153               0.22539905                0.71809713
         153.18               0.23711854                0.73256962
         153.36               0.24921081                0.74723121
         153.54               0.26167368                0.76207978
         153.72               0.27450478                0.77711308
          153.9               0.28770155                0.79232882
         154.08               0.30126127                0.8077246
         154.26               0.31518101                0.82329794
         154.44               0.32945771                0.8390463
         154.62               0.34408809                0.85496704
          154.8               0.35906873                0.87105744
         154.98               0.37439603                0.88731472
         155.16               0.39006621                0.90373599
         155.34               0.40607536                0.92031832
         155.52               0.42241936                0.93705869
          155.7               0.43909398                0.95395399
         155.88               0.45609479                0.97100107
         156.06               0.47341723                0.98819669
         156.24               0.49105659                1.0055375
         156.42               0.50900799                1.0230202
          156.6               0.52726643                1.0406413
         156.78               0.54582674                1.0583972
         156.96               0.56468364                1.0762845
         157.14               0.58383169                1.0942994
         157.32               0.60326532                1.1124383
          157.5               0.62297883                1.1306974
         157.68               0.6429664                1.1490729
         157.86               0.66322207                1.1675608
         158.04               0.68373978                1.1861573
         158.22               0.70451333                1.2048583
          158.4               0.72553642                1.2236598
         158.58               0.74680262                1.2425577
         158.76               0.76830542                1.2615478
         158.94               0.79003819                1.280626
         159.12               0.81199418                1.299788
          159.3               0.83416658                1.3190295
         159.48               0.85654846                1.3383462
         159.66               0.87913279                1.3577336
         159.84               0.90191249                1.3771874
         160.02               0.92488036                1.3967031
          160.2               0.94802913                1.4162761
         160.38               0.97135146                1.4359021
         160.56               0.99483993                1.4555763
         160.74               1.0184871                1.4752943
         160.92               1.0422853                1.4950513
          161.1               1.066227                1.5148427
         161.28               1.0903045                1.5346639
         161.46               1.11451                1.55451
         161.64               1.1388359                1.5743764
         161.82               1.1632741                1.5942583
            162               1.187817                1.614151
         162.18               1.2124565                1.6340496
         162.36               1.2371846                1.6539493
         162.54               1.2619935                1.6738453
         162.72               1.2868749                1.6937328
          162.9               1.311821                1.7136068
         163.08               1.3368236                1.7334626
         163.26               1.3618746                1.7532953
         163.44               1.3869659                1.7730999
         163.62               1.4120893                1.7928716
          163.8               1.4372367                1.8126055
         163.98               1.4624                1.8322967
         164.16               1.4875709                1.8519404
         164.34               1.5127413                1.8715316
         164.52               1.5379031                1.8910654
          164.7               1.5630481                1.9105371
         164.88               1.5881682                1.9299416
         165.06               1.6132551                1.9492742
         165.24               1.6383008                1.96853
         165.42               1.6632972                1.9877042
          165.6               1.6882362                2.0067919
         165.78               1.7131097                2.0257883
         165.96               1.7379096                2.0446886
         166.14               1.762628                2.0634881
         166.32               1.7872569                2.082182
          166.5               1.8117883                2.1007655
         166.68               1.8362144                2.1192339
         166.86               1.8605272                2.1375826
         167.04               1.8847189                2.155807
         167.22               1.9087818                2.1739022
          167.4               1.9327081                2.1918638
         167.58               1.9564901                2.2096872
         167.76               1.9801203                2.2273678
         167.94               2.003591                2.2449011
         168.12               2.0268946                2.2622827
          168.3               2.0500239                2.279508
         168.48               2.0729713                2.2965728
         168.66               2.0957296                2.3134725
         168.84               2.1182914                2.330203
         169.02               2.1406497                2.3467599
          169.2               2.1627972                2.3631389
         169.38               2.1847269                2.379336
         169.56               2.2064319                2.3953468
         169.74               2.2279053                2.4111673
         169.92               2.2491403                2.4267935
          170.1               2.2701301                2.4422214
         170.28               2.2908681                2.4574469
         170.46               2.3113478                2.4724662
         170.64               2.3315626                2.4872753
         170.82               2.3515062                2.5018706
            171               2.3711724                2.5162482
         171.18               2.3905549                2.5304045
         171.36               2.4096477                2.5443358
         171.54               2.4284446                2.5580385
         171.72               2.44694                2.5715091
          171.9               2.4651278                2.5847441
         172.08               2.4830026                2.5977402
         172.26               2.5005586                2.6104939
         172.44               2.5177903                2.6230021
         172.62               2.5346925                2.6352614
          172.8               2.5512597                2.6472687
         172.98               2.5674869                2.659021
         173.16               2.583369                2.6705152
         173.34               2.5989011                2.6817483
         173.52               2.6140783                2.6927175
          173.7               2.628896                2.7034199
         173.88               2.6433494                2.7138529
         174.06               2.6574342                2.7240136
         174.24               2.671146                2.7338994
         174.42               2.6844805                2.7435079
          174.6               2.6974337                2.7528366
         174.78               2.7100014                2.761883
         174.96               2.7221799                2.7706449
         175.14               2.7339654                2.7791199
         175.32               2.7453542                2.787306
          175.5               2.7563428                2.7952009
         175.68               2.7669279                2.8028026
         175.86               2.7771061                2.8101093
         176.04               2.7868745                2.817119
         176.22               2.7962299                2.8238299
          176.4               2.8051695                2.8302402
         176.58               2.8136905                2.8363485
         176.76               2.8217903                2.8421529
         176.94               2.8294665                2.8476522
         177.12               2.8367167                2.8528448
          177.3               2.8435387                2.8577294
         177.48               2.8499303                2.8623048
         177.66               2.8558897                2.8665698
         177.84               2.861415                2.8705233
         178.02               2.8665045                2.8741642
          178.2               2.8711566                2.8774917
         178.38               2.87537                2.8805049
         178.56               2.8791433                2.883203
         178.74               2.8824754                2.8855853
         178.92               2.8853653                2.8876512
          179.1               2.8878121                2.8894001
         179.28               2.8898151                2.8908317
         179.46               2.8913736                2.8919456
         179.64               2.8924871                2.8927414
         179.82               2.8931553                2.8932189
Completed Run:Normal Exit...
