              0               7.9689582                7.9689582
           0.18               7.9688923                7.9688402
           0.36               7.9686945                7.9684861
           0.54               7.9683648                7.9678961
           0.72               7.9679033                7.96707
            0.9               7.9673099                7.966008
           1.08               7.9665846                7.9647101
           1.26               7.9657275                7.9631763
           1.44               7.9647384                7.9614069
           1.62               7.9636174                7.9594017
            1.8               7.9623644                7.957161
           1.98               7.9609795                7.9546849
           2.16               7.9594627                7.9519735
           2.34               7.9578138                7.9490268
           2.52               7.956033                7.9458452
            2.7               7.9541201                7.9424287
           2.88               7.9520751                7.9387776
           3.06               7.9498981                7.9348919
           3.24               7.9475889                7.9307719
           3.42               7.9451476                7.9264179
            3.6               7.9425741                7.92183
           3.78               7.9398684                7.9170085
           3.96               7.9370304                7.9119536
           4.14               7.9340601                7.9066657
           4.32               7.9309576                7.9011449
            4.5               7.9277226                7.8953915
           4.68               7.9243553                7.8894059
           4.86               7.9208555                7.8831884
           5.04               7.9172232                7.8767392
           5.22               7.9134584                7.8700588
            5.4               7.909561                7.8631475
           5.58               7.9055309                7.8560056
           5.76               7.9013682                7.8486335
           5.94               7.8970728                7.8410316
           6.12               7.8926446                7.8332003
            6.3               7.8880835                7.82514
           6.48               7.8833896                7.8168511
           6.66               7.8785628                7.8083342
           6.84               7.873603                7.7995895
           7.02               7.8685101                7.7906176
            7.2               7.8632842                7.781419
           7.38               7.8579251                7.7719941
           7.56               7.8524327                7.7623435
           7.74               7.8468072                7.7524676
           7.92               7.8410483                7.7423671
            8.1               7.835156                7.7320423
           8.28               7.8291304                7.721494
           8.46               7.8229712                7.7107226
           8.64               7.8166784                7.6997287
           8.82               7.8102521                7.6885129
              9               7.8036921                7.6770759
           9.18               7.7969984                7.6654182
           9.36               7.7901709                7.6535406
           9.54               7.7832096                7.6414435
           9.72               7.7761144                7.6291277
            9.9               7.7688852                7.6165939
          10.08               7.7615221                7.6038427
          10.26               7.7540249                7.5908749
          10.44               7.7463935                7.5776911
          10.62               7.738628                7.5642921
           10.8               7.7307283                7.5506787
          10.98               7.7226943                7.5368515
          11.16               7.714526                7.5228113
          11.34               7.7062233                7.508559
          11.52               7.6977862                7.4940953
           11.7               7.6892147                7.479421
          11.88               7.6805086                7.464537
          12.06               7.6716679                7.449444
          12.24               7.6626927                7.434143
          12.42               7.6535828                7.4186348
           12.6               7.6443382                7.4029203
          12.78               7.6349589                7.3870003
          12.96               7.6254449                7.3708758
          13.14               7.6157961                7.3545477
          13.32               7.6060124                7.338017
           13.5               7.5960939                7.3212844
          13.68               7.5860406                7.3043512
          13.86               7.5758523                7.2872181
          14.04               7.5655291                7.2698863
          14.22               7.555071                7.2523566
           14.4               7.5444779                7.2346302
          14.58               7.5337499                7.216708
          14.76               7.5228868                7.1985911
          14.94               7.5118888                7.1802806
          15.12               7.5007559                7.1617776
           15.3               7.4894879                7.143083
          15.48               7.478085                7.1241981
          15.66               7.466547                7.105124
          15.84               7.4548742                7.0858617
          16.02               7.4430663                7.0664124
           16.2               7.4311236                7.0467774
          16.38               7.4190459                7.0269577
          16.56               7.4068334                7.0069546
          16.74               7.394486                6.9867692
          16.92               7.3820038                6.9664028
           17.1               7.3693869                6.9458566
          17.28               7.3566352                6.9251319
          17.46               7.3437489                6.9042299
          17.64               7.3307279                6.8831519
          17.82               7.3175724                6.8618992
             18               7.3042824                6.8404731
          18.18               7.2908579                6.8188749
          18.36               7.2772992                6.7971059
          18.54               7.2636062                6.7751675
          18.72               7.249779                6.7530611
           18.9               7.2358177                6.730788
          19.08               7.2217224                6.7083497
          19.26               7.2074933                6.6857475
          19.44               7.1931304                6.6629828
          19.62               7.1786339                6.640057
           19.8               7.1640038                6.6169718
          19.98               7.1492404                6.5937284
          20.16               7.1343437                6.5703283
          20.34               7.1193139                6.5467731
          20.52               7.1041511                6.5230643
           20.7               7.0888556                6.4992033
          20.88               7.0734274                6.4751917
          21.06               7.0578668                6.4510311
          21.24               7.0421739                6.426723
          21.42               7.0263488                6.4022689
           21.6               7.010392                6.3776705
          21.78               6.9943034                6.3529294
          21.96               6.9780833                6.3280471
          22.14               6.961732                6.3030254
          22.32               6.9452496                6.2778657
           22.5               6.9286365                6.2525699
          22.68               6.9118928                6.2271395
          22.86               6.8950188                6.2015762
          23.04               6.8780148                6.1758817
          23.22               6.860881                6.1500578
           23.4               6.8436177                6.1241061
          23.58               6.8262252                6.0980284
          23.76               6.8087038                6.0718264
          23.94               6.7910539                6.0455019
          24.12               6.7732756                6.0190566
           24.3               6.7553694                5.9924923
          24.48               6.7373356                5.9658109
          24.66               6.7191745                5.939014
          24.84               6.7008865                5.9121036
          25.02               6.6824719                5.8850814
           25.2               6.6639312                5.8579492
          25.38               6.6452647                5.8307091
          25.56               6.6264727                5.8033627
          25.74               6.6075558                5.775912
          25.92               6.5885143                5.7483588
           26.1               6.5693486                5.7207051
          26.28               6.5500592                5.6929528
          26.46               6.5306466                5.6651037
          26.64               6.5111111                5.6371598
          26.82               6.4914533                5.6091231
             27               6.4716737                5.5809954
          27.18               6.4517727                5.5527787
          27.36               6.4317508                5.5244751
          27.54               6.4116085                5.4960864
          27.72               6.3913465                5.4676146
           27.9               6.3709651                5.4390618
          28.08               6.350465                5.41043
          28.26               6.3298468                5.3817211
          28.44               6.3091109                5.3529372
          28.62               6.288258                5.3240804
           28.8               6.2672887                5.2951525
          28.98               6.2462036                5.2661558
          29.16               6.2250032                5.2370922
          29.34               6.2036883                5.2079638
          29.52               6.1822595                5.1787727
           29.7               6.1607174                5.1495209
          29.88               6.1390627                5.1202105
          30.06               6.1172961                5.0908437
          30.24               6.0954183                5.0614224
          30.42               6.0734299                5.0319489
           30.6               6.0513318                5.0024251
          30.78               6.0291246                4.9728533
          30.96               6.0068091                4.9432355
          31.14               5.984386                4.9135739
          31.32               5.9618562                4.8838706
           31.5               5.9392203                4.8541276
          31.68               5.9164792                4.8243473
          31.86               5.8936337                4.7945316
          32.04               5.8706846                4.7646827
          32.22               5.8476328                4.7348028
           32.4               5.824479                4.7048941
          32.58               5.8012242                4.6749586
          32.76               5.7778693                4.6449986
          32.94               5.754415                4.6150161
          33.12               5.7308624                4.5850134
           33.3               5.7072123                4.5549927
          33.48               5.6834657                4.524956
          33.66               5.6596235                4.4949055
          33.84               5.6356866                4.4648435
          34.02               5.611656                4.434772
           34.2               5.5875327                4.4046932
          34.38               5.5633177                4.3746094
          34.56               5.539012                4.3445227
          34.74               5.5146166                4.3144351
          34.92               5.4901325                4.284349
           35.1               5.4655608                4.2542665
          35.28               5.4409025                4.2241896
          35.46               5.4161587                4.1941207
          35.64               5.3913305                4.1640618
          35.82               5.366419                4.1340151
             36               5.3414254                4.1039827
          36.18               5.3163506                4.0739668
          36.36               5.2911958                4.0439696
          36.54               5.2659623                4.0139932
          36.72               5.2406511                3.9840397
           36.9               5.2152635                3.9541112
          37.08               5.1898005                3.9242099
          37.26               5.1642635                3.8943379
          37.44               5.1386536                3.8644974
          37.62               5.1129721                3.8346903
           37.8               5.0872202                3.8049189
          37.98               5.061399                3.7751853
          38.16               5.03551                3.7454914
          38.34               5.0095544                3.7158395
          38.52               4.9835334                3.6862315
           38.7               4.9574483                3.6566696
          38.88               4.9313005                3.6271559
          39.06               4.9050913                3.5976922
          39.24               4.878822                3.5682808
          39.42               4.852494                3.5389236
           39.6               4.8261085                3.5096227
          39.78               4.7996671                3.4803801
          39.96               4.773171                3.4511978
          40.14               4.7466216                3.4220777
          40.32               4.7200204                3.3930219
           40.5               4.6933687                3.3640323
          40.68               4.666668                3.3351109
          40.86               4.6399198                3.3062596
          41.04               4.6131254                3.2774804
          41.22               4.5862862                3.2487752
           41.4               4.5594039                3.2201458
          41.58               4.5324798                3.1915943
          41.76               4.5055155                3.1631224
          41.94               4.4785123                3.1347321
          42.12               4.4514719                3.1064252
           42.3               4.4243957                3.0782035
          42.48               4.3972853                3.0500688
          42.66               4.3701422                3.0220231
          42.84               4.3429679                2.994068
          43.02               4.315764                2.9662053
           43.2               4.2885321                2.9384368
          43.38               4.2612736                2.9107642
          43.56               4.2339902                2.8831894
          43.74               4.2066835                2.8557139
          43.92               4.179355                2.8283394
           44.1               4.1520064                2.8010677
          44.28               4.1246393                2.7739004
          44.46               4.0972551                2.7468392
          44.64               4.0698557                2.7198856
          44.82               4.0424426                2.6930412
             45               4.0150175                2.6663077
          45.18               3.9875819                2.6396866
          45.36               3.9601375                2.6131795
          45.54               3.932686                2.5867878
          45.72               3.9052291                2.560513
           45.9               3.8777683                2.5343568
          46.08               3.8503054                2.5083204
          46.26               3.8228421                2.4824054
          46.44               3.7953799                2.4566131
          46.62               3.7679207                2.430945
           46.8               3.740466                2.4054025
          46.98               3.7130176                2.3799868
          47.16               3.6855771                2.3546994
          47.34               3.6581463                2.3295415
          47.52               3.6307269                2.3045144
           47.7               3.6033205                2.2796194
          47.88               3.5759289                2.2548577
          48.06               3.5485537                2.2302305
          48.24               3.5211967                2.2057391
          48.42               3.4938596                2.1813846
           48.6               3.4665442                2.1571681
          48.78               3.439252                2.1330907
          48.96               3.4119849                2.1091536
          49.14               3.3847445                2.0853579
          49.32               3.3575326                2.0617045
           49.5               3.3303509                2.0381945
          49.68               3.303201                2.0148289
          49.86               3.2760848                1.9916087
          50.04               3.249004                1.9685348
          50.22               3.2219601                1.9456082
           50.4               3.1949551                1.9228297
          50.58               3.1679905                1.9002002
          50.76               3.1410681                1.8777206
          50.94               3.1141895                1.8553916
          51.12               3.0873566                1.8332141
           51.3               3.060571                1.8111889
          51.48               3.0338344                1.7893166
          51.66               3.0071484                1.7675981
          51.84               2.9805149                1.7460339
          52.02               2.9539354                1.7246248
           52.2               2.9274117                1.7033714
          52.38               2.9009454                1.6822743
          52.56               2.8745383                1.6613341
          52.74               2.8481919                1.6405514
          52.92               2.821908                1.6199266
           53.1               2.7956881                1.5994604
          53.28               2.7695341                1.5791531
          53.46               2.7434474                1.5590052
          53.64               2.7174298                1.5390172
          53.82               2.6914828                1.5191895
             54               2.6656082                1.4995224
          54.18               2.6398074                1.4800163
          54.36               2.6140822                1.4606715
          54.54               2.5884342                1.4414882
          54.72               2.5628648                1.4224669
           54.9               2.5373757                1.4036077
          55.08               2.5119685                1.3849107
          55.26               2.4866448                1.3663764
          55.44               2.461406                1.3480047
          55.62               2.4362538                1.3297958
           55.8               2.4111896                1.3117499
          55.98               2.3862151                1.293867
          56.16               2.3613316                1.2761472
          56.34               2.3365408                1.2585906
          56.52               2.3118441                1.2411971
           56.7               2.2872429                1.2239667
          56.88               2.2627388                1.2068994
          57.06               2.2383332                1.1899951
          57.24               2.2140276                1.1732538
          57.42               2.1898232                1.1566753
           57.6               2.1657217                1.1402596
          57.78               2.1417244                1.1240063
          57.96               2.1178326                1.1079154
          58.14               2.0940478                1.0919866
          58.32               2.0703712                1.0762198
           58.5               2.0468044                1.0606145
          58.68               2.0233484                1.0451707
          58.86               2.0000048                1.0298879
          59.04               1.9767748                1.0147659
          59.22               1.9536596                0.99980423
           59.4               1.9306605                0.9850026
          59.58               1.9077789                0.9703606
          59.76               1.8850158                0.95587781
          59.94               1.8623726                0.94155379
          60.12               1.8398504                0.92738809
           60.3               1.8174505                0.91338023
          60.48               1.7951739                0.8995297
          60.66               1.7730219                0.88583599
          60.84               1.7509955                0.87229855
          61.02               1.7290959                0.85891681
           61.2               1.7073241                0.8456902
          61.38               1.6856813                0.83261811
          61.56               1.6641685                0.81969993
          61.74               1.6427867                0.80693501
          61.92               1.621537                0.79432269
           62.1               1.6004203                0.78186229
          62.28               1.5794377                0.76955313
          62.46               1.55859                0.75739448
          62.64               1.5378783                0.74538561
          62.82               1.5173034                0.73352577
             63               1.4968663                0.72181421
          63.18               1.4765678                0.71025013
          63.36               1.4564088                0.69883274
          63.54               1.4363901                0.68756123
          63.72               1.4165125                0.67643476
           63.9               1.3967769                0.66545248
          64.08               1.377184                0.65461355
          64.26               1.3577345                0.64391708
          64.44               1.3384293                0.63336219
          64.62               1.3192689                0.62294797
           64.8               1.3002542                0.61267351
          64.98               1.2813856                0.60253787
          65.16               1.262664                0.59254012
          65.34               1.2440899                0.58267929
          65.52               1.225664                0.57295443
           65.7               1.2073867                0.56336455
          65.88               1.1892587                0.55390867
          66.06               1.1712805                0.54458578
          66.24               1.1534525                0.53539487
          66.42               1.1357754                0.52633492
           66.6               1.1182495                0.51740489
          66.78               1.1008753                0.50860375
          66.96               1.0836532                0.49993045
          67.14               1.0665837                0.49138391
          67.32               1.049667                0.48296309
           67.5               1.0329036                0.47466689
          67.68               1.0162937                0.46649424
          67.86               0.99983767                0.45844404
          68.04               0.98353582                0.4505152
          68.22               0.96738839                0.44270661
           68.4               0.9513956                0.43501715
          68.58               0.93555768                0.42744572
          68.76               0.91987481                0.41999119
          68.94               0.90434717                0.41265242
          69.12               0.88897489                0.40542829
           69.3               0.87375811                0.39831766
          69.48               0.85869691                0.39131939
          69.66               0.84379138                0.38443233
          69.84               0.82904157                0.37765533
          70.02               0.81444752                0.37098724
           70.2               0.80000922                0.3644269
          70.38               0.78572666                0.35797317
          70.56               0.77159982                0.35162487
          70.74               0.75762862                0.34538085
          70.92               0.74381299                0.33923994
           71.1               0.73015283                0.33320098
          71.28               0.716648                0.32726281
          71.46               0.70329836                0.32142426
          71.64               0.69010374                0.31568416
          71.82               0.67706395                0.31004136
             72               0.66417877                0.30449469
          72.18               0.65144797                0.29904298
          72.36               0.63887129                0.29368507
          72.54               0.62644845                0.2884198
          72.72               0.61417916                0.28324602
           72.9               0.60206309                0.27816256
          73.08               0.59009989                0.27316827
          73.26               0.57828922                0.26826201
          73.44               0.56663068                0.26344261
          73.62               0.55512387                0.25870894
           73.8               0.54376836                0.25405986
          73.98               0.53256372                0.24949422
          74.16               0.52150948                0.24501089
          74.34               0.51060515                0.24060874
          74.52               0.49985023                0.23628665
           74.7               0.4892442                0.23204349
          74.88               0.47878652                0.22787816
          75.06               0.46847662                0.22378953
          75.24               0.45831393                0.21977652
          75.42               0.44829784                0.215838
           75.6               0.43842774                0.21197291
          75.78               0.428703                0.20818014
          75.96               0.41912296                0.20445862
          76.14               0.40968695                0.20080727
          76.32               0.40039429                0.19722503
           76.5               0.39124427                0.19371084
          76.68               0.38223616                0.19026365
          76.86               0.37336923                0.18688241
          77.04               0.36464272                0.18356608
          77.22               0.35605586                0.18031364
           77.4               0.34760787                0.17712407
          77.58               0.33929794                0.17399635
          77.76               0.33112525                0.17092947
          77.94               0.32308897                0.16792245
          78.12               0.31518824                0.16497429
           78.3               0.30742222                0.16208401
          78.48               0.29979002                0.15925065
          78.66               0.29229074                0.15647324
          78.84               0.28492349                0.15375083
          79.02               0.27768734                0.15108249
           79.2               0.27058137                0.14846727
          79.38               0.26360462                0.14590426
          79.56               0.25675615                0.14339253
          79.74               0.25003497                0.1409312
          79.92               0.24344011                0.13851935
           80.1               0.23697058                0.13615612
          80.28               0.23062537                0.13384061
          80.46               0.22440347                0.13157198
          80.64               0.21830384                0.12934937
          80.82               0.21232545                0.12717193
             81               0.20646726                0.12503882
          81.18               0.2007282                0.12294924
          81.36               0.19510722                0.12090235
          81.54               0.18960322                0.11889737
          81.72               0.18421514                0.1169335
           81.9               0.17894186                0.11500996
          82.08               0.17378231                0.11312598
          82.26               0.16873535                0.11128079
          82.44               0.16379988                0.10947366
          82.62               0.15897476                0.10770383
           82.8               0.15425888                0.10597059
          82.98               0.14965108                0.10427321
          83.16               0.14515023                0.10261099
          83.34               0.14075517                0.10098323
          83.52               0.13646474                0.099389245
           83.7               0.13227779                0.097828362
          83.88               0.12819314                0.096299915
          84.06               0.12420962                0.094803251
          84.24               0.12032605                0.093337727
          84.42               0.11654126                0.091902708
           84.6               0.11285405                0.090497574
          84.78               0.10926325                0.089121712
          84.96               0.10576765                0.08777452
          85.14               0.10236606                0.086455408
          85.32               0.099057277                0.085163795
           85.5               0.095840112                0.083899109
          85.68               0.092713358                0.082660791
          85.86               0.089675809                0.08144829
          86.04               0.086726261                0.080261066
          86.22               0.083863507                0.079098589
           86.4               0.08108634                0.077960338
          86.58               0.078393551                0.076845803
          86.76               0.075783931                0.075754483
          86.94               0.073256274                0.074685887
          87.12               0.07080937                0.073639534
           87.3               0.068442012                0.072614951
          87.48               0.066152995                0.071611676
          87.66               0.063941112                0.070629256
          87.84               0.061805159                0.069667247
          88.02               0.059743935                0.068725214
           88.2               0.05775624                0.067802731
          88.38               0.055840875                0.066899382
          88.56               0.053996645                0.066014758
          88.74               0.052222359                0.065148461
          88.92               0.050516825                0.064300099
           89.1               0.04887886                0.063469291
          89.28               0.04730728                0.062655662
          89.46               0.045800906                0.061858848
          89.64               0.044358564                0.061078491
          89.82               0.042979084                0.060314242
             90               0.041661301                0.059565759
          90.18               0.040404054                0.05883271
          90.36               0.039206187                0.058114768
          90.54               0.038066549                0.057411616
          90.72               0.036983997                0.056722942
           90.9               0.035957391                0.056048444
          91.08               0.034985598                0.055387825
          91.26               0.034067491                0.054740797
          91.44               0.03320195                0.054107077
          91.62               0.032387861                0.05348639
           91.8               0.031624116                0.052878468
          91.98               0.030909617                0.052283048
          92.16               0.03024327                0.051699876
          92.34               0.02962399                0.051128703
          92.52               0.029050699                0.050569285
           92.7               0.028522327                0.050021386
          92.88               0.028037812                0.049484775
          93.06               0.027596101                0.048959227
          93.24               0.027196148                0.048444523
          93.42               0.026836915                0.047940449
           93.6               0.026517375                0.047446797
          93.78               0.026236507                0.046963365
          93.96               0.025993302                0.046489955
          94.14               0.025786758                0.046026373
          94.32               0.025615881                0.045572434
           94.5               0.025479691                0.045127953
          94.68               0.025377212                0.044692753
          94.86               0.025307482                0.044266661
          95.04               0.025269547                0.043849508
          95.22               0.025262462                0.043441129
           95.4               0.025285294                0.043041365
          95.58               0.025337118                0.042650058
          95.76               0.025417022                0.042267057
          95.94               0.025524102                0.041892214
          96.12               0.025657466                0.041525384
           96.3               0.025816231                0.041166426
          96.48               0.025999525                0.040815204
          96.66               0.026206488                0.040471584
          96.84               0.026436271                0.040135435
          97.02               0.026688033                0.039806631
           97.2               0.026960947                0.039485047
          97.38               0.027254195                0.039170563
          97.56               0.027566972                0.03886306
          97.74               0.027898484                0.038562424
          97.92               0.028247945                0.038268543
           98.1               0.028614585                0.037981306
          98.28               0.028997641                0.037700606
          98.46               0.029396365                0.03742634
          98.64               0.029810018                0.037158404
          98.82               0.030237874                0.036896698
             99               0.030679216                0.036641126
          99.18               0.031133342                0.03639159
          99.36               0.031599558                0.036147998
          99.54               0.032077185                0.035910258
          99.72               0.032565553                0.035678279
           99.9               0.033064003                0.035451974
         100.08               0.033571891                0.035231257
         100.26               0.034088582                0.035016043
         100.44               0.034613452                0.034806248
         100.62               0.03514589                0.034601791
          100.8               0.035685296                0.034402592
         100.98               0.036231083                0.034208572
         101.16               0.036782673                0.034019654
         101.34               0.0373395                0.03383576
         101.52               0.037901012                0.033656817
          101.7               0.038466666                0.033482749
         101.88               0.03903593                0.033313485
         102.06               0.039608286                0.033148951
         102.24               0.040183225                0.032989078
         102.42               0.04076025                0.032833795
          102.6               0.041338875                0.032683032
         102.78               0.041918627                0.032536722
         102.96               0.042499042                0.032394797
         103.14               0.043079668                0.032257189
         103.32               0.043660063                0.032123833
          103.5               0.044239798                0.031994662
         103.68               0.044818454                0.031869612
         103.86               0.045395623                0.031748618
         104.04               0.045970906                0.031631617
         104.22               0.046543918                0.031518545
          104.4               0.047114282                0.031409338
         104.58               0.047681633                0.031303934
         104.76               0.048245616                0.031202272
         104.94               0.048805887                0.031104289
         105.12               0.049362111                0.031009924
          105.3               0.049913964                0.030919115
         105.48               0.050461133                0.030831803
         105.66               0.051003314                0.030747926
         105.84               0.051540213                0.030667424
         106.02               0.052071548                0.030590237
          106.2               0.052597042                0.030516306
         106.38               0.053116434                0.030445571
         106.56               0.053629467                0.030377973
         106.74               0.054135897                0.030313453
         106.92               0.054635488                0.030251951
          107.1               0.055128014                0.030193409
         107.28               0.055613257                0.030137768
         107.46               0.056091009                0.030084971
         107.64               0.056561071                0.030034959
         107.82               0.057023253                0.029987673
            108               0.057477373                0.029943056
         108.18               0.057923258                0.029901051
         108.36               0.058360743                0.029861599
         108.54               0.058789674                0.029824643
         108.72               0.059209901                0.029790126
          108.9               0.059621285                0.02975799
         109.08               0.060023695                0.02972818
         109.26               0.060417007                0.029700637
         109.44               0.060801106                0.029675306
         109.62               0.061175883                0.02965213
          109.8               0.061541238                0.029631052
         109.98               0.061897077                0.029612017
         110.16               0.062243315                0.029594968
         110.34               0.062579873                0.02957985
         110.52               0.06290668                0.029566608
          110.7               0.063223671                0.029555186
         110.88               0.063530789                0.029545529
         111.06               0.063827982                0.029537582
         111.24               0.064115206                0.029531292
         111.42               0.064392422                0.029526603
          111.6               0.0646596                0.029523461
         111.78               0.064916713                0.029521814
         111.96               0.065163742                0.029521607
         112.14               0.065400674                0.029522787
         112.32               0.0656275                0.029525303
          112.5               0.065844219                0.0295291
         112.68               0.066050835                0.029534128
         112.86               0.066247355                0.029540334
         113.04               0.066433796                0.029547668
         113.22               0.066610174                0.029556077
          113.4               0.066776517                0.029565513
         113.58               0.066932852                0.029575925
         113.76               0.067079214                0.029587263
         113.94               0.067215642                0.029599478
         114.12               0.067342179                0.029612521
          114.3               0.067458874                0.029626344
         114.48               0.067565779                0.0296409
         114.66               0.067662949                0.029656142
         114.84               0.067750447                0.029672021
         115.02               0.067828335                0.029688494
          115.2               0.067896683                0.029705513
         115.38               0.067955562                0.029723034
         115.56               0.068005048                0.029741013
         115.74               0.06804522                0.029759406
         115.92               0.068076162                0.029778169
          116.1               0.068097957                0.02979726
         116.28               0.068110697                0.029816638
         116.46               0.068114471                0.02983626
         116.64               0.068109376                0.029856087
         116.82               0.068095509                0.029876077
            117               0.06807297                0.029896193
         117.18               0.068041863                0.029916396
         117.36               0.068002292                0.029936647
         117.54               0.067954366                0.02995691
         117.72               0.067898195                0.029977148
          117.9               0.067833891                0.029997325
         118.08               0.067761568                0.030017408
         118.26               0.067681343                0.03003736
         118.44               0.067593334                0.030057151
         118.62               0.067497661                0.030076745
          118.8               0.067394445                0.030096113
         118.98               0.06728381                0.030115223
         119.16               0.067165881                0.030134044
         119.34               0.067040784                0.030152548
         119.52               0.066908646                0.030170705
          119.7               0.066769595                0.030188489
         119.88               0.066623762                0.030205871
         120.06               0.066471277                0.030222827
         120.24               0.066312272                0.03023933
         120.42               0.066146879                0.030255357
          120.6               0.065975232                0.030270883
         120.78               0.065797466                0.030285886
         120.96               0.065613714                0.030300344
         121.14               0.065424111                0.030314237
         121.32               0.065228795                0.030327543
          121.5               0.0650279                0.030340243
         121.68               0.064821563                0.03035232
         121.86               0.06460992                0.030363755
         122.04               0.064393109                0.030374531
         122.22               0.064171267                0.030384633
          122.4               0.063944529                0.030394045
         122.58               0.063713034                0.030402754
         122.76               0.063476917                0.030410746
         122.94               0.063236316                0.030418007
         123.12               0.062991366                0.030424528
          123.3               0.062742205                0.030430295
         123.48               0.062488967                0.030435301
         123.66               0.062231788                0.030439534
         123.84               0.061970803                0.030442988
         124.02               0.061706146                0.030445654
          124.2               0.061437951                0.030447525
         124.38               0.061166351                0.030448595
         124.56               0.060891479                0.03044886
         124.74               0.060613466                0.030448315
         124.92               0.060332442                0.030446956
          125.1               0.06004854                0.03044478
         125.28               0.059761887                0.030441785
         125.46               0.059472611                0.03043797
         125.64               0.059180842                0.030433334
         125.82               0.058886704                0.030427878
            126               0.058590323                0.030421601
         126.18               0.058291823                0.030414507
         126.36               0.057991328                0.030406597
         126.54               0.05768896                0.030397873
         126.72               0.05738484                0.030388341
          126.9               0.057079087                0.030378003
         127.08               0.056771819                0.030366865
         127.26               0.056463155                0.030354934
         127.44               0.056153209                0.030342214
         127.62               0.055842096                0.030328712
          127.8               0.05552993                0.030314438
         127.98               0.055216821                0.030299397
         128.16               0.054902882                0.0302836
         128.34               0.05458822                0.030267056
         128.52               0.054272943                0.030249774
          128.7               0.053957156                0.030231764
         128.88               0.053640966                0.030213038
         129.06               0.053324474                0.030193608
         129.24               0.053007782                0.030173484
         129.42               0.052690991                0.03015268
          129.6               0.052374197                0.030131208
         129.78               0.052057499                0.030109082
         129.96               0.051740992                0.030086316
         130.14               0.051424769                0.030062923
         130.32               0.051108922                0.03003892
          130.5               0.050793542                0.030014319
         130.68               0.050478717                0.029989138
         130.86               0.050164535                0.029963392
         131.04               0.049851081                0.029937097
         131.22               0.04953844                0.029910269
          131.4               0.049226692                0.029882927
         131.58               0.04891592                0.029855086
         131.76               0.048606201                0.029826764
         131.94               0.048297614                0.029797979
         132.12               0.047990233                0.02976875
          132.3               0.047684133                0.029739093
         132.48               0.047379386                0.029709029
         132.66               0.047076062                0.029678576
         132.84               0.04677423                0.029647752
         133.02               0.046473959                0.029616576
          133.2               0.046175312                0.029585069
         133.38               0.045878355                0.02955325
         133.56               0.04558315                0.029521138
         133.74               0.045289757                0.029488753
         133.92               0.044998235                0.029456115
          134.1               0.044708642                0.029423244
         134.28               0.044421033                0.02939016
         134.46               0.044135463                0.029356884
         134.64               0.043851984                0.029323436
         134.82               0.043570648                0.029289835
            135               0.043291503                0.029256102
         135.18               0.043014597                0.029222259
         135.36               0.042739976                0.029188324
         135.54               0.042467685                0.029154319
         135.72               0.042197768                0.029120264
          135.9               0.041930265                0.029086179
         136.08               0.041665217                0.029052084
         136.26               0.041402662                0.029018
         136.44               0.041142638                0.028983947
         136.62               0.040885178                0.028949946
          136.8               0.040630319                0.028916015
         136.98               0.040378092                0.028882175
         137.16               0.040128528                0.028848447
         137.34               0.039881657                0.028814848
         137.52               0.039637508                0.0287814
          137.7               0.039396106                0.028748122
         137.88               0.039157478                0.028715032
         138.06               0.038921648                0.028682151
         138.24               0.038688639                0.028649496
         138.42               0.038458471                0.028617086
          138.6               0.038231166                0.028584941
         138.78               0.038006741                0.028553079
         138.96               0.037785214                0.028521517
         139.14               0.037566602                0.028490274
         139.32               0.037350919                0.028459367
          139.5               0.03713818                0.028428813
         139.68               0.036928396                0.028398631
         139.86               0.03672158                0.028368836
         140.04               0.03651774                0.028339446
         140.22               0.036316887                0.028310477
          140.4               0.036119028                0.028281946
         140.58               0.035924169                0.028253867
         140.76               0.035732317                0.028226257
         140.94               0.035543476                0.02819913
         141.12               0.035357649                0.028172503
          141.3               0.035174838                0.028146389
         141.48               0.034995046                0.028120803
         141.66               0.034818271                0.028095759
         141.84               0.034644515                0.02807127
         142.02               0.034473775                0.02804735
          142.2               0.034306048                0.028024013
         142.38               0.034141331                0.02800127
         142.56               0.033979619                0.027979135
         142.74               0.033820908                0.027957619
         142.92               0.03366519                0.027936733
          143.1               0.033512459                0.02791649
         143.28               0.033362707                0.0278969
         143.46               0.033215926                0.027877974
         143.64               0.033072104                0.027859722
         143.82               0.032931233                0.027842154
            144               0.032793301                0.02782528
         144.18               0.032658295                0.027809108
         144.36               0.032526204                0.027793647
         144.54               0.032397015                0.027778907
         144.72               0.032270712                0.027764894
          144.9               0.032147281                0.027751617
         145.08               0.032026708                0.027739083
         145.26               0.031908975                0.027727298
         145.44               0.031794067                0.02771627
         145.62               0.031681965                0.027706005
          145.8               0.031572653                0.027696507
         145.98               0.031466111                0.027687784
         146.16               0.031362321                0.027679839
         146.34               0.031261263                0.027672677
         146.52               0.031162917                0.027666303
          146.7               0.031067263                0.027660721
         146.88               0.030974278                0.027655934
         147.06               0.030883943                0.027651945
         147.24               0.030796234                0.027648758
         147.42               0.03071113                0.027646374
          147.6               0.030628608                0.027644795
         147.78               0.030548643                0.027644024
         147.96               0.030471214                0.027644061
         148.14               0.030396294                0.027644908
         148.32               0.030323861                0.027646566
          148.5               0.030253889                0.027649033
         148.68               0.030186353                0.027652311
         148.86               0.030121228                0.027656399
         149.04               0.030058488                0.027661296
         149.22               0.029998107                0.027667001
          149.4               0.029940059                0.027673512
         149.58               0.029884316                0.027680828
         149.76               0.029830853                0.027688947
         149.94               0.029779642                0.027697865
         150.12               0.029730655                0.027707581
          150.3               0.029683866                0.027718091
         150.48               0.029639247                0.027729391
         150.66               0.029596769                0.027741478
         150.84               0.029556405                0.027754347
         151.02               0.029518126                0.027767995
          151.2               0.029481904                0.027782417
         151.38               0.029447711                0.027797606
         151.56               0.029415517                0.027813559
         151.74               0.029385294                0.02783027
         151.92               0.029357013                0.027847732
          152.1               0.029330646                0.02786594
         152.28               0.029306162                0.027884887
         152.46               0.029283533                0.027904566
         152.64               0.02926273                0.027924971
         152.82               0.029243723                0.027946094
            153               0.029226484                0.027967927
         153.18               0.029210982                0.027990463
         153.36               0.029197188                0.028013694
         153.54               0.029185074                0.028037612
         153.72               0.029174609                0.028062208
          153.9               0.029165765                0.028087473
         154.08               0.029158511                0.028113398
         154.26               0.029152819                0.028139974
         154.44               0.029148659                0.028167193
         154.62               0.029146001                0.028195043
          154.8               0.029144818                0.028223516
         154.98               0.029145079                0.028252601
         155.16               0.029146755                0.028282288
         155.34               0.029149817                0.028312567
         155.52               0.029154237                0.028343427
          155.7               0.029159985                0.028374857
         155.88               0.029167032                0.028406847
         156.06               0.029175351                0.028439385
         156.24               0.029184911                0.02847246
         156.42               0.029195685                0.02850606
          156.6               0.029207644                0.028540174
         156.78               0.02922076                0.028574791
         156.96               0.029235004                0.028609898
         157.14               0.02925035                0.028645483
         157.32               0.029266768                0.028681534
          157.5               0.02928423                0.028718039
         157.68               0.029302711                0.028754985
         157.86               0.029322181                0.02879236
         158.04               0.029342613                0.028830152
         158.22               0.029363981                0.028868347
          158.4               0.029386258                0.028906933
         158.58               0.029409416                0.028945896
         158.76               0.029433428                0.028985224
         158.94               0.029458269                0.029024904
         159.12               0.029483913                0.029064922
          159.3               0.029510332                0.029105266
         159.48               0.029537501                0.029145921
         159.66               0.029565395                0.029186874
         159.84               0.029593988                0.029228113
         160.02               0.029623253                0.029269623
          160.2               0.029653168                0.029311391
         160.38               0.029683705                0.029353403
         160.56               0.029714841                0.029395645
         160.74               0.029746552                0.029438105
         160.92               0.029778812                0.029480768
          161.1               0.029811597                0.02952362
         161.28               0.029844885                0.029566648
         161.46               0.029878651                0.029609838
         161.64               0.029912871                0.029653176
         161.82               0.029947523                0.029696648
            162               0.029982583                0.029740241
         162.18               0.030018029                0.029783941
         162.36               0.030053838                0.029827733
         162.54               0.030089988                0.029871605
         162.72               0.030126457                0.029915542
          162.9               0.030163223                0.029959531
         163.08               0.030200264                0.030003557
         163.26               0.030237559                0.030047608
         163.44               0.030275087                0.030091669
         163.62               0.030312827                0.030135728
          163.8               0.030350757                0.030179769
         163.98               0.030388859                0.03022378
         164.16               0.030427111                0.030267748
         164.34               0.030465494                0.030311658
         164.52               0.030503988                0.030355498
          164.7               0.030542573                0.030399253
         164.88               0.030581231                0.030442912
         165.06               0.030619942                0.030486459
         165.24               0.030658687                0.030529884
         165.42               0.030697448                0.030573171
          165.6               0.030736207                0.030616309
         165.78               0.030774946                0.030659284
         165.96               0.030813647                0.030702084
         166.14               0.030852292                0.030744695
         166.32               0.030890865                0.030787106
          166.5               0.030929348                0.030829303
         166.68               0.030967724                0.030871274
         166.86               0.031005977                0.030913006
         167.04               0.03104409                0.030954488
         167.22               0.031082048                0.030995707
          167.4               0.031119835                0.031036651
         167.58               0.031157434                0.031077309
         167.76               0.031194832                0.031117667
         167.94               0.031232012                0.031157716
         168.12               0.03126896                0.031197442
          168.3               0.031305661                0.031236834
         168.48               0.031342101                0.031275882
         168.66               0.031378266                0.031314573
         168.84               0.031414141                0.031352897
         169.02               0.031449714                0.031390843
          169.2               0.031484971                0.031428399
         169.38               0.031519898                0.031465555
         169.56               0.031554483                0.031502301
         169.74               0.031588713                0.031538626
         169.92               0.031622575                0.03157452
          170.1               0.031656058                0.031609972
         170.28               0.031689149                0.031644973
         170.46               0.031721836                0.031679512
         170.64               0.031754109                0.03171358
         170.82               0.031785956                0.031747168
            171               0.031817365                0.031780265
         171.18               0.031848326                0.031812864
         171.36               0.031878828                0.031844953
         171.54               0.031908861                0.031876525
         171.72               0.031938415                0.031907571
          171.9               0.03196748                0.031938083
         172.08               0.031996046                0.03196805
         172.26               0.032024104                0.031997466
         172.44               0.032051644                0.032026323
         172.62               0.032078658                0.032054611
          172.8               0.032105136                0.032082325
         172.98               0.032131071                0.032109454
         173.16               0.032156453                0.032135994
         173.34               0.032181275                0.032161935
         173.52               0.032205529                0.032187271
          173.7               0.032229207                0.032211996
         173.88               0.032252302                0.032236101
         174.06               0.032274806                0.032259582
         174.24               0.032296713                0.03228243
         174.42               0.032318015                0.032304641
          174.6               0.032338706                0.032326207
         174.78               0.032358781                0.032347124
         174.96               0.032378231                0.032367385
         175.14               0.032397052                0.032386986
         175.32               0.032415238                0.032405919
          175.5               0.032432784                0.032424182
         175.68               0.032449683                0.032441768
         175.86               0.032465932                0.032458673
         176.04               0.032481525                0.032474892
         176.22               0.032496457                0.032490422
          176.4               0.032510724                0.032505256
         176.58               0.032524322                0.032519393
         176.76               0.032537247                0.032532828
         176.94               0.032549495                0.032545557
         177.12               0.032561062                0.032557577
          177.3               0.032571945                0.032568885
         177.48               0.032582141                0.032579477
         177.66               0.032591647                0.032589351
         177.84               0.032600459                0.032598505
         178.02               0.032608576                0.032606935
          178.2               0.032615996                0.03261464
         178.38               0.032622715                0.032621617
         178.56               0.032628732                0.032627865
         178.74               0.032634045                0.032633381
         178.92               0.032638653                0.032638166
          179.1               0.032642554                0.032642216
         179.28               0.032645747                0.032645531
         179.46               0.032648232                0.032648111
         179.64               0.032650008                0.032649954
         179.82               0.032651073                0.032651059
