Prolate_spheroid__c=5__b=0.4594407461848__a=2*b


zshift     = 0
wavelength = 1
radiusParam.nPoints  =  160
radiusParam.start    =  0.0004
radiusParam.end      =  0.918881
thetaParam.nPoints   =  240
thetaParam.start     =  0
thetaParam.end       =  3.14159
phiParam.nPoints     =  38
phiParam.start       =  0
phiParam.end         =  6.28319
maxL                 =  14
symmetry             =  axial


~~~~~~~~~~~~~~~~~~  T  M a t r i c e s  ~~~~~~~~~~~~~~~~~~~~~~~~~~
n  =   1   1   0
np =   1   1   0
     (-0.788884,0.343597) (2.21306e-18,-6.3832e-18)
(2.21361e-18,-6.38233e-18)      (-0.736291,0.377707)


n  =   1   1   0
np =   2   1   0
(-1.35444e-17,-1.30618e-17)     (-0.0785349,-0.100618)
       (0.191619,0.109971) (1.42036e-17,-1.06722e-17)


n  =   1   1   0
np =   3   1   0
      (0.151383,0.0806515) (-9.9609e-18,-1.09068e-17)
 (6.35037e-17,7.68476e-18)        (0.033142,0.021022)


n  =   1   1   0
np =   4   1   0
(-1.9262e-18,-6.77572e-18)    (0.0311897,0.000952216)
    (-0.0292476,0.0128573) (-1.21944e-17,6.15297e-18)


n  =   1   1   0
np =   5   1   0
       (0.039469,0.0119667)   (5.61652e-18,-5.3835e-18)
   (1.19635e-17,7.3624e-18) (-0.000519285,-0.000640564)


n  =   1   1   0
np =   6   1   0
(-4.49003e-20,-1.21374e-18)   (0.00885268,0.00242405)
 (-0.0111456,0.000913098) (4.22983e-19,8.16511e-19)


n  =   1   1   0
np =   7   1   0
    (0.0036224,0.00104826) (5.09342e-19,-5.53375e-19)
   (1.37966e-18,8.774e-19) (-0.00214955,-0.000156039)


n  =   1   1   0
np =   8   1   0
(-1.06195e-19,-1.131e-19) (0.000842319,0.000318456)
(-0.00119563,4.12509e-05) (1.90743e-19,1.16129e-19)


n  =   1   1   0
np =   9   1   0
   (0.00018932,5.96692e-05) (-1.56517e-20,-5.08721e-20)
    (9.898e-20,5.98607e-20)  (-0.00027858,-9.97112e-06)


n  =   1   1   0
np =   10   1   0
(-1.41484e-20,-5.39098e-21) (4.39501e-05,2.16305e-05)
(-7.10183e-05,1.13953e-06) (1.70769e-20,9.29292e-21)


n  =   1   1   0
np =   11   1   0
  (6.51715e-06,2.38125e-06) (-4.88885e-21,-2.85899e-21)
   (4.64403e-21,3.0526e-21) (-1.78952e-05,-3.71001e-07)


n  =   1   1   0
np =   12   1   0
(-8.60587e-22,-1.52057e-22) (1.44652e-06,9.45041e-07)
 (-2.791e-06,1.68855e-08) (1.06635e-21,4.44027e-22)


n  =   1   1   0
np =   13   1   0
   (1.58462e-07,7.0405e-08) (-3.26841e-22,-9.72176e-23)
  (1.79091e-22,1.01337e-22) (-7.35227e-07,-8.99009e-09)


n  =   1   1   0
np =   14   1   0
(-2.96962e-23,-3.14233e-24) (3.13478e-08,2.91573e-08)
(-7.9228e-08,-2.91463e-11) (4.89464e-23,1.43738e-23)


n  =   2   1   0
np =   1   1   0
(-1.35451e-17,-1.30614e-17)        (0.191619,0.109971)
    (-0.0785349,-0.100618) (1.42039e-17,-1.06723e-17)


n  =   2   1   0
np =   2   1   0
      (-0.705298,0.394366) (7.97816e-18,-8.38082e-18)
(7.97811e-18,-8.38065e-18)       (-0.663193,0.389644)


n  =   2   1   0
np =   3   1   0
   (2.274e-17,-9.60244e-18)     (-0.0372402,-0.0108865)
       (0.219403,0.0522902) (-5.70939e-17,-1.37274e-17)


n  =   2   1   0
np =   4   1   0
   (-0.0333439,0.0232521) (2.12457e-18,4.37254e-18)
(1.49773e-17,-1.29123e-17)    (-0.0374033,0.0275351)


n  =   2   1   0
np =   5   1   0
 (-8.21916e-18,6.73904e-18)      (0.0113785,-0.0115296)
      (0.0452033,0.0108849) (-1.06512e-17,-6.10643e-20)


n  =   2   1   0
np =   6   1   0
  (0.00798352,-0.00297082) (-1.72804e-18,1.01152e-18)
(2.00428e-18,-1.55232e-18)   (0.00642884,-0.00206274)


n  =   2   1   0
np =   7   1   0
 (-1.42796e-18,9.52403e-19)     (0.00405526,-0.0022799)
    (0.00391339,0.00118397) (-9.49362e-19,-1.16272e-19)


n  =   2   1   0
np =   8   1   0
  (0.00116752,-0.00048951) (-3.98678e-19,1.73948e-19)
(2.66473e-20,-9.80911e-20) (0.000978079,-0.000412492)


n  =   2   1   0
np =   9   1   0
 (-1.2308e-19,7.23794e-20) (0.000441245,-0.000211107)
 (0.000196946,8.00832e-05) (-1.39219e-19,1.43231e-20)


n  =   2   1   0
np =   10   1   0
 (7.63058e-05,-3.2778e-05) (-3.42518e-20,1.47949e-20)
(-9.96076e-21,-1.01878e-21) (6.23491e-05,-2.87374e-05)


n  =   2   1   0
np =   11   1   0
(-7.27535e-21,4.04173e-21) (2.65042e-05,-1.17459e-05)
 (6.52538e-06,3.67571e-06) (-1.00105e-20,8.91943e-22)


n  =   2   1   0
np =   12   1   0
(3.13768e-06,-1.35989e-06) (-2.09616e-21,9.58663e-22)
(-7.85899e-22,1.20578e-22)  (2.4187e-06,-1.20092e-06)


n  =   2   1   0
np =   13   1   0
(-2.97735e-22,1.55152e-22) (1.04887e-06,-4.43282e-07)
  (1.5111e-07,1.21868e-07) (-4.17116e-22,2.81602e-23)


n  =   2   1   0
np =   14   1   0
(9.14141e-08,-3.97749e-08)  (-9.5376e-23,4.50805e-23)
 (-2.7933e-23,5.05076e-24) (6.41028e-08,-3.44965e-08)


n  =   3   1   0
np =   1   1   0
     (0.151383,0.0806515) (6.35038e-17,7.68477e-18)
(-9.96121e-18,-1.09069e-17)       (0.033142,0.021022)


n  =   3   1   0
np =   2   1   0
(2.27397e-17,-9.60226e-18)       (0.219403,0.0522902)
   (-0.0372402,-0.0108865) (-5.7094e-17,-1.37275e-17)


n  =   3   1   0
np =   3   1   0
     (-0.426229,0.387098) (8.40574e-19,9.43832e-18)
(8.40897e-19,9.43819e-18)      (-0.458468,0.474851)


n  =   3   1   0
np =   4   1   0
 (4.01307e-17,-2.46447e-17)      (-0.0392005,0.0278715)
     (0.0764306,-0.0534883) (-5.99409e-19,-6.41312e-19)


n  =   3   1   0
np =   5   1   0
   (-0.0850124,0.0677153) (2.70887e-18,2.45674e-18)
(-8.54597e-18,7.2746e-18)     (-0.073759,0.0713303)


n  =   3   1   0
np =   6   1   0
(7.63633e-18,-3.51535e-18)   (-0.0136301,0.00401644)
   (0.0179317,-0.0123874) (-4.85275e-18,6.0973e-18)


n  =   3   1   0
np =   7   1   0
   (-0.00763396,0.0055692) (1.16881e-18,-4.00874e-20)
(-1.78653e-18,1.32708e-18)    (-0.00452658,0.0038373)


n  =   3   1   0
np =   8   1   0
(8.43749e-19,-3.62329e-19)  (-0.00139862,0.000200862)
  (0.00175171,-0.00121186) (-9.32901e-19,1.06055e-18)


n  =   3   1   0
np =   9   1   0
(-0.000412106,0.000276676) (2.11878e-19,-5.68927e-20)
(-1.73142e-19,1.27149e-19) (-9.17898e-05,2.52605e-05)


n  =   3   1   0
np =   10   1   0
(5.40334e-20,-1.98472e-20) (-7.88259e-05,1.65562e-07)
 (0.00010052,-6.95252e-05)   (-7.0166e-20,7.5819e-20)


n  =   3   1   0
np =   11   1   0
(-1.51059e-05,9.27709e-06)  (1.75934e-20,-6.3662e-21)
 (-1.0324e-20,7.72703e-21) (4.02376e-06,-7.72984e-06)


n  =   3   1   0
np =   12   1   0
 (2.27962e-21,-7.09119e-22) (-2.86627e-06,-4.70076e-07)
 (3.88663e-06,-2.68317e-06)  (-2.79087e-21,2.88137e-21)


n  =   3   1   0
np =   13   1   0
(-4.02966e-07,2.23495e-07) (8.21522e-22,-3.00046e-22)
(-4.14686e-22,3.13117e-22) (3.71931e-07,-5.09023e-07)


n  =   3   1   0
np =   14   1   0
  (6.75042e-23,-1.9275e-23) (-7.22623e-08,-2.78515e-08)
 (1.09356e-07,-7.52988e-08)  (-6.92802e-23,6.91451e-23)


n  =   4   1   0
np =   1   1   0
(-1.92613e-18,-6.77572e-18)     (-0.0292476,0.0128573)
   (0.0311897,0.000952216) (-1.21944e-17,6.15297e-18)


n  =   4   1   0
np =   2   1   0
    (-0.0333439,0.0232521) (1.49773e-17,-1.29122e-17)
 (2.12456e-18,4.37252e-18)     (-0.0374033,0.0275351)


n  =   4   1   0
np =   3   1   0
 (4.01306e-17,-2.46446e-17)      (0.0764306,-0.0534883)
     (-0.0392005,0.0278715) (-5.99535e-19,-6.41235e-19)


n  =   4   1   0
np =   4   1   0
    (-0.0730221,0.229906) (2.11622e-18,3.40914e-18)
(2.11628e-18,3.40909e-18)      (-0.107801,0.294095)


n  =   4   1   0
np =   5   1   0
 (1.5365e-17,-2.79358e-17)    (-0.00100376,0.0324859)
  (-0.00693439,0.00156613) (4.31686e-18,-1.00832e-17)


n  =   4   1   0
np =   6   1   0
    (-0.0145222,0.0457752) (2.68561e-18,-3.53021e-18)
 (2.53942e-19,7.96998e-19)     (-0.0225204,0.0604011)


n  =   4   1   0
np =   7   1   0
 (2.2205e-18,-4.79118e-18)   (-0.00214077,0.00836528)
(-0.000399088,-0.000681025) (5.20574e-19,-5.33803e-19)


n  =   4   1   0
np =   8   1   0
  (-0.00133864,0.00417516) (5.23161e-19,-9.70361e-19)
 (2.69712e-20,8.08921e-20)   (-0.00218431,0.00568216)


n  =   4   1   0
np =   9   1   0
(1.74408e-19,-3.99438e-19) (-0.000260927,0.000830933)
(-5.29719e-06,-9.5261e-05) (6.49319e-20,-6.98289e-20)


n  =   4   1   0
np =   10   1   0
(-7.46949e-05,0.000230575) (4.71759e-20,-1.03368e-19)
  (1.2163e-21,5.80282e-21) (-0.000127836,0.000321948)


n  =   4   1   0
np =   11   1   0
 (8.7848e-21,-2.06911e-20)  (-1.62909e-05,4.7659e-05)
(5.26543e-07,-6.06733e-06) (6.29623e-21,-9.81467e-21)


n  =   4   1   0
np =   12   1   0
  (-2.84485e-06,8.702e-06)  (2.52651e-21,-6.2441e-21)
 (1.18863e-23,3.34603e-22) (-5.05282e-06,1.23134e-05)


n  =   4   1   0
np =   13   1   0
 (3.1441e-22,-7.54995e-22) (-6.57746e-07,1.82936e-06)
(3.66485e-08,-2.42402e-07) (3.87504e-22,-7.38737e-22)


n  =   4   1   0
np =   14   1   0
(-7.93594e-08,2.40801e-07) (9.04651e-23,-2.41248e-22)
(-1.03298e-24,1.39195e-23) (-1.43254e-07,3.36997e-07)


n  =   5   1   0
np =   1   1   0
       (0.039469,0.0119667)   (1.19635e-17,7.36242e-18)
 (5.61652e-18,-5.38351e-18) (-0.000519285,-0.000640564)


n  =   5   1   0
np =   2   1   0
 (-8.21922e-18,6.73896e-18)       (0.0452033,0.0108849)
     (0.0113785,-0.0115296) (-1.06512e-17,-6.10125e-20)


n  =   5   1   0
np =   3   1   0
    (-0.0850124,0.0677153) (-8.54601e-18,7.27456e-18)
 (2.70888e-18,2.45689e-18)      (-0.073759,0.0713303)


n  =   5   1   0
np =   4   1   0
(1.53651e-17,-2.79359e-17)   (-0.00693439,0.00156613)
   (-0.00100376,0.0324859) (4.31689e-18,-1.00833e-17)


n  =   5   1   0
np =   5   1   0
    (-0.0183273,0.0464265) (1.06694e-18,-3.43912e-18)
(1.06693e-18,-3.43914e-18)     (-0.0213869,0.0933013)


n  =   5   1   0
np =   6   1   0
 (3.45172e-18,-8.9687e-18)   (-0.00287002,0.00641214)
   (-0.000269322,0.007452) (1.05629e-18,-6.90996e-18)


n  =   5   1   0
np =   7   1   0
  (-0.00177276,0.00746038) (6.14397e-19,-1.59127e-18)
(1.25533e-19,-8.05676e-19)    (-0.00276522,0.0176149)


n  =   5   1   0
np =   8   1   0
(3.64429e-19,-1.02116e-18) (-0.000324045,0.00122735)
(-2.32197e-05,0.000702038)  (1.251e-19,-1.13976e-18)


n  =   5   1   0
np =   9   1   0
(-0.000103255,0.000600404) (8.80502e-20,-2.11654e-19)
(6.85286e-21,-7.68441e-20)  (-0.000207747,0.00158155)


n  =   5   1   0
np =   10   1   0
 (2.2416e-20,-6.48001e-20) (-2.00321e-05,0.000105803)
(-1.17581e-06,3.86646e-05) (1.16917e-20,-1.04612e-19)


n  =   5   1   0
np =   11   1   0
(-4.09406e-06,3.00971e-05) (6.42119e-21,-1.53839e-20)
(1.65526e-22,-4.22741e-21) (-1.02271e-05,8.62498e-05)


n  =   5   1   0
np =   12   1   0
(9.19632e-22,-2.73799e-21) (-8.05987e-07,5.49065e-06)
 (-4.09541e-08,1.4343e-06) (8.03474e-22,-6.24392e-21)


n  =   5   1   0
np =   13   1   0
(-1.18527e-07,1.04613e-06) (2.84468e-22,-7.08919e-22)
(1.80347e-25,-1.53663e-22) (-3.53442e-07,3.19575e-06)


n  =   5   1   0
np =   14   1   0
(2.69249e-23,-8.38121e-23) (-2.29661e-08,1.95085e-07)
(-1.06637e-09,3.88521e-08) (3.70399e-23,-2.63969e-22)


n  =   6   1   0
np =   1   1   0
(-4.48691e-20,-1.21378e-18)  (-0.0111456,0.000913098)
  (0.00885268,0.00242405) (4.22975e-19,8.16514e-19)


n  =   6   1   0
np =   2   1   0
 (0.00798352,-0.00297082) (2.00428e-18,-1.5523e-18)
(-1.72805e-18,1.01152e-18)  (0.00642884,-0.00206274)


n  =   6   1   0
np =   3   1   0
(7.63631e-18,-3.51531e-18)     (0.0179317,-0.0123874)
   (-0.0136301,0.00401644) (-4.85278e-18,6.09728e-18)


n  =   6   1   0
np =   4   1   0
   (-0.0145222,0.0457752) (2.53933e-19,7.97011e-19)
(2.68562e-18,-3.53024e-18)    (-0.0225204,0.0604011)


n  =   6   1   0
np =   5   1   0
(3.45171e-18,-8.96868e-18)    (-0.000269322,0.007452)
  (-0.00287002,0.00641214) (1.05629e-18,-6.90998e-18)


n  =   6   1   0
np =   6   1   0
    (-0.0032166,0.0127699) (6.38352e-19,-1.47745e-18)
(6.38354e-19,-1.47744e-18)    (-0.00522284,0.0253786)


n  =   6   1   0
np =   7   1   0
(5.13787e-19,-1.86579e-18)  (-0.000526587,0.00247513)
 (-0.000238847,0.00118599) (2.82998e-19,-2.47447e-18)


n  =   6   1   0
np =   8   1   0
(-0.000306917,0.00144975) (1.26734e-19,-3.7464e-19)
(6.81304e-20,-1.94654e-19) (-0.000533963,0.00361991)


n  =   6   1   0
np =   9   1   0
(4.09813e-20,-1.71256e-19)  (-6.43534e-05,0.00028987)
(-1.10717e-05,0.000101038) (3.73515e-20,-3.14993e-19)


n  =   6   1   0
np =   10   1   0
(-1.74181e-05,9.38828e-05) (1.13409e-20,-3.86436e-20)
(4.16963e-21,-1.36365e-20) (-3.24575e-05,0.000275226)


n  =   6   1   0
np =   11   1   0
(2.09837e-21,-9.38347e-21) (-4.02844e-06,1.88945e-05)
(-3.17745e-07,5.20761e-06) (2.92713e-21,-2.26285e-20)


n  =   6   1   0
np =   12   1   0
(-6.70067e-07,4.00745e-06) (6.09643e-22,-2.30337e-21)
(1.65514e-22,-6.03423e-22) (-1.32396e-06,1.32741e-05)


n  =   6   1   0
np =   13   1   0
(7.60929e-23,-3.49572e-22) (-1.63025e-07,8.07277e-07)
(-5.59961e-09,1.83912e-07) (1.50291e-22,-1.08951e-21)


n  =   6   1   0
np =   14   1   0
(-1.88168e-08,1.22425e-07) (2.21942e-23,-8.91025e-23)
(4.57191e-24,-1.83526e-23) (-3.86775e-08,4.45815e-07)


n  =   7   1   0
np =   1   1   0
    (0.0036224,0.00104826)  (1.37966e-18,8.77404e-19)
  (5.0935e-19,-5.5338e-19) (-0.00214955,-0.000156039)


n  =   7   1   0
np =   2   1   0
 (-1.42797e-18,9.52386e-19)     (0.00391339,0.00118397)
    (0.00405526,-0.0022799) (-9.49362e-19,-1.16275e-19)


n  =   7   1   0
np =   3   1   0
   (-0.00763396,0.0055692) (-1.78653e-18,1.32707e-18)
 (1.16881e-18,-4.0107e-20)    (-0.00452658,0.0038373)


n  =   7   1   0
np =   4   1   0
 (2.22051e-18,-4.79118e-18) (-0.000399088,-0.000681025)
   (-0.00214077,0.00836528)  (5.20576e-19,-5.33798e-19)


n  =   7   1   0
np =   5   1   0
  (-0.00177276,0.00746038) (1.25534e-19,-8.05681e-19)
(6.14397e-19,-1.59129e-18)    (-0.00276522,0.0176149)


n  =   7   1   0
np =   6   1   0
(5.13788e-19,-1.86579e-18)  (-0.000238847,0.00118599)
 (-0.000526587,0.00247513) (2.82998e-19,-2.47447e-18)


n  =   7   1   0
np =   7   1   0
 (-0.000183732,0.00157336) (9.24669e-20,-3.76543e-19)
(9.24669e-20,-3.76543e-19)   (-0.000485105,0.0049058)


n  =   7   1   0
np =   8   1   0
(5.30374e-20,-2.51893e-19) (-3.03283e-05,0.000284147)
(-5.13446e-05,0.000291541)  (4.5908e-20,-5.72411e-19)


n  =   7   1   0
np =   9   1   0
(-1.14025e-05,0.000150726) (1.24696e-20,-5.23862e-20)
(7.27172e-21,-3.77053e-20) (-4.29008e-05,0.000559889)


n  =   7   1   0
np =   10   1   0
(3.20211e-21,-1.81643e-20)  (-2.04824e-06,2.7899e-05)
(-2.93204e-06,1.93709e-05) (4.12713e-21,-5.68648e-20)


n  =   7   1   0
np =   11   1   0
(-4.79152e-07,8.56567e-06)  (8.6548e-22,-3.90958e-21)
 (3.6232e-22,-2.18457e-21) (-2.33803e-06,3.62488e-05)


n  =   7   1   0
np =   12   1   0
(1.29639e-22,-8.34411e-22) (-8.9185e-08,1.59452e-06)
(-1.12955e-07,8.43695e-07) (2.41811e-22,-3.3469e-21)


n  =   7   1   0
np =   13   1   0
(-1.4633e-08,3.27746e-07)  (3.735e-23,-1.83607e-22)
(1.27316e-23,-8.31009e-23) (-8.70603e-08,1.5382e-06)


n  =   7   1   0
np =   14   1   0
(3.77539e-24,-2.64348e-23)  (-2.7486e-09,6.12231e-08)
(-3.17249e-09,2.62626e-08) (9.83544e-24,-1.35236e-22)


n  =   8   1   0
np =   1   1   0
(-1.06192e-19,-1.13104e-19) (-0.00119563,4.12509e-05)
(0.000842319,0.000318456) (1.90741e-19,1.16135e-19)


n  =   8   1   0
np =   2   1   0
  (0.00116752,-0.00048951) (2.66467e-20,-9.80909e-20)
(-3.98679e-19,1.73944e-19) (0.000978079,-0.000412492)


n  =   8   1   0
np =   3   1   0
 (8.43747e-19,-3.6233e-19)   (0.00175171,-0.00121186)
 (-0.00139862,0.000200862) (-9.32904e-19,1.06055e-18)


n  =   8   1   0
np =   4   1   0
 (-0.00133864,0.00417516) (2.69702e-20,8.08931e-20)
(5.23163e-19,-9.7036e-19)  (-0.00218431,0.00568216)


n  =   8   1   0
np =   5   1   0
(3.64428e-19,-1.02117e-18) (-2.32197e-05,0.000702038)
 (-0.000324045,0.00122735) (1.25099e-19,-1.13976e-18)


n  =   8   1   0
np =   6   1   0
 (-0.000306917,0.00144975) (6.81302e-20,-1.94653e-19)
(1.26735e-19,-3.74639e-19)  (-0.000533963,0.00361991)


n  =   8   1   0
np =   7   1   0
(5.30373e-20,-2.51893e-19) (-5.13446e-05,0.000291541)
(-3.03283e-05,0.000284147)   (4.5908e-20,-5.7241e-19)


n  =   8   1   0
np =   8   1   0
(-2.96139e-05,0.000198101) (1.31477e-20,-5.20694e-20)
(1.31478e-20,-5.20696e-20)  (-5.65493e-05,0.00068335)


n  =   8   1   0
np =   9   1   0
(4.18256e-21,-2.67308e-20) (-6.31009e-06,3.96719e-05)
(-1.64576e-06,2.85182e-05) (5.91597e-21,-8.66755e-20)


n  =   8   1   0
np =   10   1   0
(-1.69065e-06,1.48222e-05) (1.15667e-21,-5.62338e-21)
(7.92388e-22,-3.89482e-21)  (-3.53734e-06,6.2983e-05)


n  =   8   1   0
np =   11   1   0
(2.13009e-22,-1.62532e-21)   (-3.96212e-07,2.908e-06)
 (-5.94048e-08,1.6734e-06) (4.32362e-22,-6.75844e-21)


n  =   8   1   0
np =   12   1   0
(-6.52913e-08,7.08633e-07)  (6.16581e-23,-3.4466e-22)
(3.15375e-23,-1.82841e-22) (-1.47948e-07,3.50413e-06)


n  =   8   1   0
np =   13   1   0
(7.69697e-24,-6.41979e-23) (-1.60709e-08,1.36726e-07)
  (-1.536e-09,6.57166e-08)  (2.08206e-23,-3.3432e-22)


n  =   8   1   0
np =   14   1   0
(-1.83872e-09,2.37007e-08) (2.23958e-24,-1.33643e-23)
(8.89662e-25,-5.75408e-24) (-4.42644e-09,1.31904e-07)


n  =   9   1   0
np =   1   1   0
  (0.00018932,5.96692e-05)  (9.89797e-20,5.98613e-20)
(-1.56507e-20,-5.08718e-20) (-0.00027858,-9.97112e-06)


n  =   9   1   0
np =   2   1   0
(-1.23081e-19,7.23779e-20)  (0.000196946,8.00832e-05)
(0.000441245,-0.000211107) (-1.39218e-19,1.43237e-20)


n  =   9   1   0
np =   3   1   0
(-0.000412106,0.000276676) (-1.73142e-19,1.27149e-19)
(2.11878e-19,-5.68934e-20) (-9.17898e-05,2.52605e-05)


n  =   9   1   0
np =   4   1   0
(1.74408e-19,-3.99439e-19) (-5.29719e-06,-9.5261e-05)
(-0.000260927,0.000830933)  (6.4932e-20,-6.98264e-20)


n  =   9   1   0
np =   5   1   0
(-0.000103255,0.000600404) (6.85298e-21,-7.68445e-20)
  (8.805e-20,-2.11654e-19)  (-0.000207747,0.00158155)


n  =   9   1   0
np =   6   1   0
(4.09814e-20,-1.71256e-19) (-1.10717e-05,0.000101038)
 (-6.43534e-05,0.00028987) (3.73514e-20,-3.14994e-19)


n  =   9   1   0
np =   7   1   0
(-1.14025e-05,0.000150726) (7.27172e-21,-3.77052e-20)
(1.24696e-20,-5.23861e-20) (-4.29008e-05,0.000559889)


n  =   9   1   0
np =   8   1   0
(4.18256e-21,-2.67308e-20) (-1.64576e-06,2.85182e-05)
(-6.31009e-06,3.96719e-05) (5.91597e-21,-8.66756e-20)


n  =   9   1   0
np =   9   1   0
(-7.45517e-07,1.66208e-05) (9.62338e-22,-5.62671e-21)
 (9.62336e-22,-5.6267e-21) (-4.04015e-06,7.73522e-05)


n  =   9   1   0
np =   10   1   0
(2.49975e-22,-2.19418e-21) (-1.21992e-07,3.12878e-06)
(-3.61999e-07,2.99765e-06)  (5.03244e-22,-9.8217e-21)


n  =   9   1   0
np =   11   1   0
(-3.27081e-08,1.05774e-06) (6.51863e-23,-4.42595e-22)
(4.79778e-23,-3.45796e-22) (-2.27687e-07,5.80965e-06)


n  =   9   1   0
np =   12   1   0
(1.00439e-23,-1.10378e-22) (-5.69717e-09,1.95498e-07)
(-1.39965e-08,1.45415e-07) (2.76954e-23,-6.30021e-22)


n  =   9   1   0
np =   13   1   0
(-1.03572e-09,4.43585e-08) (2.77169e-24,-2.12644e-23)
(1.69602e-24,-1.35523e-23) (-8.67033e-09,2.77655e-07)


n  =   9   1   0
np =   14   1   0
(2.91568e-25,-3.65425e-24) (-1.8646e-10,8.08145e-09)
(-3.94214e-10,4.95083e-09) (1.0706e-24,-2.66968e-23)


n  =   10   1   0
np =   1   1   0
(-1.41482e-20,-5.39091e-21) (-7.10183e-05,1.13953e-06)
 (4.39501e-05,2.16305e-05)  (1.70768e-20,9.29317e-21)


n  =   10   1   0
np =   2   1   0
  (7.63058e-05,-3.2778e-05) (-9.96081e-21,-1.01879e-21)
 (-3.42519e-20,1.47949e-20)  (6.23491e-05,-2.87374e-05)


n  =   10   1   0
np =   3   1   0
(5.40333e-20,-1.98468e-20)  (0.00010052,-6.95252e-05)
(-7.88259e-05,1.65562e-07) (-7.01661e-20,7.58186e-20)


n  =   10   1   0
np =   4   1   0
(-7.46949e-05,0.000230575)  (1.21626e-21,5.80278e-21)
(4.71759e-20,-1.03368e-19) (-0.000127836,0.000321948)


n  =   10   1   0
np =   5   1   0
   (2.24159e-20,-6.48e-20) (-1.17581e-06,3.86646e-05)
(-2.00321e-05,0.000105803) (1.16917e-20,-1.04612e-19)


n  =   10   1   0
np =   6   1   0
(-1.74181e-05,9.38828e-05) (4.16962e-21,-1.36365e-20)
(1.13409e-20,-3.86436e-20) (-3.24575e-05,0.000275226)


n  =   10   1   0
np =   7   1   0
(3.20211e-21,-1.81643e-20) (-2.93204e-06,1.93709e-05)
 (-2.04824e-06,2.7899e-05) (4.12713e-21,-5.68646e-20)


n  =   10   1   0
np =   8   1   0
(-1.69065e-06,1.48222e-05) (7.92387e-22,-3.89481e-21)
(1.15667e-21,-5.62338e-21)  (-3.53734e-06,6.2983e-05)


n  =   10   1   0
np =   9   1   0
(2.49975e-22,-2.19418e-21) (-3.61999e-07,2.99765e-06)
(-1.21992e-07,3.12878e-06) (5.03244e-22,-9.82169e-21)


n  =   10   1   0
np =   10   1   0
(-9.68549e-08,1.25601e-06) (6.89414e-23,-4.46108e-22)
(6.89414e-23,-4.46111e-22)  (-2.26535e-07,6.7733e-06)


n  =   10   1   0
np =   11   1   0
(1.26554e-23,-1.47889e-22) (-2.27872e-08,2.44019e-07)
(-4.87097e-09,2.02171e-07) (3.49212e-23,-8.58089e-22)


n  =   10   1   0
np =   12   1   0
(-3.74964e-09,6.65884e-08)  (3.65054e-24,-2.8246e-23)
(2.73433e-24,-2.18161e-23) (-9.66822e-09,4.26553e-07)


n  =   10   1   0
np =   13   1   0
(4.55335e-25,-6.22484e-24)  (-9.2605e-10,1.25138e-08)
(-1.40856e-10,8.62213e-09) (1.61042e-24,-4.60459e-23)


n  =   10   1   0
np =   14   1   0
(-1.05799e-10,2.42561e-09) (1.32139e-25,-1.07656e-24)
  (7.75075e-26,-6.814e-25) (-2.94736e-10,1.77753e-08)


n  =   11   1   0
np =   1   1   0
  (6.51715e-06,2.38125e-06)   (4.64401e-21,3.05258e-21)
(-4.88879e-21,-2.85906e-21) (-1.78952e-05,-3.71001e-07)


n  =   11   1   0
np =   2   1   0
(-7.27536e-21,4.04167e-21)  (6.52538e-06,3.67571e-06)
(2.65042e-05,-1.17459e-05) (-1.00105e-20,8.92022e-22)


n  =   11   1   0
np =   3   1   0
(-1.51059e-05,9.27709e-06) (-1.03239e-20,7.72698e-21)
(1.75933e-20,-6.36623e-21) (4.02376e-06,-7.72984e-06)


n  =   11   1   0
np =   4   1   0
 (8.7848e-21,-2.06911e-20) (5.26543e-07,-6.06733e-06)
 (-1.62909e-05,4.7659e-05) (6.29623e-21,-9.81468e-21)


n  =   11   1   0
np =   5   1   0
(-4.09406e-06,3.00971e-05) (1.65532e-22,-4.22746e-21)
(6.42118e-21,-1.53837e-20) (-1.02271e-05,8.62498e-05)


n  =   11   1   0
np =   6   1   0
(2.09837e-21,-9.38347e-21) (-3.17745e-07,5.20761e-06)
(-4.02844e-06,1.88945e-05) (2.92713e-21,-2.26285e-20)


n  =   11   1   0
np =   7   1   0
(-4.79152e-07,8.56567e-06)  (3.6232e-22,-2.18459e-21)
 (8.65479e-22,-3.9096e-21) (-2.33803e-06,3.62488e-05)


n  =   11   1   0
np =   8   1   0
(2.13009e-22,-1.62532e-21)  (-5.94048e-08,1.6734e-06)
  (-3.96212e-07,2.908e-06) (4.32361e-22,-6.75845e-21)


n  =   11   1   0
np =   9   1   0
(-3.27081e-08,1.05774e-06) (4.79778e-23,-3.45796e-22)
(6.51862e-23,-4.42595e-22) (-2.27687e-07,5.80965e-06)


n  =   11   1   0
np =   10   1   0
(1.26554e-23,-1.47889e-22) (-4.87097e-09,2.02171e-07)
(-2.27872e-08,2.44019e-07) (3.49212e-23,-8.58088e-22)


n  =   11   1   0
np =   11   1   0
(-1.48296e-09,7.44187e-08) (3.21064e-24,-2.83647e-23)
(3.21063e-24,-2.83648e-23) (-1.30526e-08,4.95939e-07)


n  =   11   1   0
np =   12   1   0
(5.06027e-25,-8.02887e-24) (-2.42581e-10,1.37161e-08)
(-8.82877e-10,1.29608e-08) (1.83722e-24,-6.08439e-23)


n  =   11   1   0
np =   13   1   0
(-4.81887e-11,3.40221e-09) (1.35362e-25,-1.36058e-24)
 (1.1271e-25,-1.11217e-24) (-5.02652e-10,2.63963e-08)


n  =   11   1   0
np =   14   1   0
 (1.46565e-26,-2.7556e-25) (-8.33672e-12,6.08262e-10)
(-2.49087e-11,4.76495e-10) (6.84808e-26,-2.77626e-24)


n  =   12   1   0
np =   1   1   0
(-8.60581e-22,-1.52057e-22)  (-2.791e-06,1.68855e-08)
(1.44652e-06,9.45041e-07) (1.06634e-21,4.44036e-22)


n  =   12   1   0
np =   2   1   0
(3.13768e-06,-1.35989e-06) (-7.85901e-22,1.20573e-22)
(-2.09616e-21,9.58648e-22)  (2.4187e-06,-1.20092e-06)


n  =   12   1   0
np =   3   1   0
(2.27961e-21,-7.09104e-22) (3.88663e-06,-2.68317e-06)
(-2.86627e-06,-4.70076e-07) (-2.79087e-21,2.88136e-21)


n  =   12   1   0
np =   4   1   0
  (-2.84485e-06,8.702e-06)  (1.18845e-23,3.34604e-22)
(2.52651e-21,-6.24406e-21) (-5.05282e-06,1.23134e-05)


n  =   12   1   0
np =   5   1   0
(9.19631e-22,-2.73797e-21)  (-4.09541e-08,1.4343e-06)
(-8.05987e-07,5.49065e-06) (8.03474e-22,-6.24394e-21)


n  =   12   1   0
np =   6   1   0
(-6.70067e-07,4.00745e-06) (1.65513e-22,-6.03419e-22)
(6.09644e-22,-2.30337e-21) (-1.32396e-06,1.32741e-05)


n  =   12   1   0
np =   7   1   0
(1.29639e-22,-8.34409e-22) (-1.12955e-07,8.43695e-07)
 (-8.9185e-08,1.59452e-06)   (2.4181e-22,-3.3469e-21)


n  =   12   1   0
np =   8   1   0
(-6.52913e-08,7.08633e-07)  (3.15374e-23,-1.8284e-22)
(6.16581e-23,-3.44661e-22) (-1.47948e-07,3.50413e-06)


n  =   12   1   0
np =   9   1   0
(1.00439e-23,-1.10378e-22) (-1.39965e-08,1.45415e-07)
(-5.69717e-09,1.95498e-07) (2.76954e-23,-6.30021e-22)


n  =   12   1   0
np =   10   1   0
(-3.74964e-09,6.65884e-08) (2.73433e-24,-2.18161e-23)
 (3.65054e-24,-2.8246e-23) (-9.66822e-09,4.26553e-07)


n  =   12   1   0
np =   11   1   0
(5.06027e-25,-8.02881e-24) (-8.82877e-10,1.29608e-08)
(-2.42581e-10,1.37161e-08) (1.83722e-24,-6.08441e-23)


n  =   12   1   0
np =   12   1   0
(-1.45432e-10,3.86714e-09)  (1.4437e-25,-1.38622e-24)
 (1.4437e-25,-1.38623e-24) (-4.19689e-10,2.99247e-08)


n  =   12   1   0
np =   13   1   0
(1.81385e-26,-3.53642e-25) (-3.5937e-11,7.17985e-10)
(-7.44986e-12,6.29467e-10) (8.1745e-26,-3.56092e-24)


n  =   12   1   0
np =   14   1   0
(-4.10964e-12,1.52422e-10) (5.21686e-27,-4.83584e-26)
(4.10027e-27,-3.97661e-26) (-1.29916e-11,1.36813e-09)


n  =   13   1   0
np =   1   1   0
   (1.58462e-07,7.0405e-08)    (1.7909e-22,1.01337e-22)
(-3.26839e-22,-9.72196e-23) (-7.35227e-07,-8.99009e-09)


n  =   13   1   0
np =   2   1   0
(-2.97735e-22,1.55149e-22)   (1.5111e-07,1.21868e-07)
(1.04887e-06,-4.43282e-07) (-4.17117e-22,2.81632e-23)


n  =   13   1   0
np =   3   1   0
(-4.02966e-07,2.23495e-07) (-4.14686e-22,3.13117e-22)
 (8.2152e-22,-3.00033e-22) (3.71931e-07,-5.09023e-07)


n  =   13   1   0
np =   4   1   0
 (3.1441e-22,-7.54997e-22) (3.66485e-08,-2.42402e-07)
(-6.57746e-07,1.82936e-06) (3.87505e-22,-7.38731e-22)


n  =   13   1   0
np =   5   1   0
(-1.18527e-07,1.04613e-06) (1.80544e-25,-1.53664e-22)
 (2.84467e-22,-7.0892e-22) (-3.53442e-07,3.19575e-06)


n  =   13   1   0
np =   6   1   0
 (7.6093e-23,-3.49574e-22) (-5.59961e-09,1.83912e-07)
(-1.63025e-07,8.07277e-07)  (1.5029e-22,-1.08951e-21)


n  =   13   1   0
np =   7   1   0
 (-1.4633e-08,3.27746e-07) (1.27316e-23,-8.31003e-23)
(3.73499e-23,-1.83607e-22)  (-8.70603e-08,1.5382e-06)


n  =   13   1   0
np =   8   1   0
(7.69697e-24,-6.4198e-23)  (-1.536e-09,6.57166e-08)
(-1.60709e-08,1.36726e-07) (2.08205e-23,-3.3432e-22)


n  =   13   1   0
np =   9   1   0
(-1.03572e-09,4.43585e-08) (1.69602e-24,-1.35522e-23)
(2.77168e-24,-2.12644e-23) (-8.67033e-09,2.77655e-07)


n  =   13   1   0
np =   10   1   0
(4.55336e-25,-6.22484e-24) (-1.40856e-10,8.62213e-09)
 (-9.2605e-10,1.25138e-08) (1.61042e-24,-4.60458e-23)


n  =   13   1   0
np =   11   1   0
(-4.81887e-11,3.40221e-09)  (1.1271e-25,-1.11217e-24)
(1.35362e-25,-1.36057e-24) (-5.02652e-10,2.63963e-08)


n  =   13   1   0
np =   12   1   0
(1.81386e-26,-3.53645e-25) (-7.44986e-12,6.29467e-10)
 (-3.5937e-11,7.17985e-10) (8.17449e-26,-3.56092e-24)


n  =   13   1   0
np =   13   1   0
  (-1.59649e-12,1.682e-10)  (4.7264e-27,-4.91948e-26)
(4.72637e-27,-4.91942e-26) (-1.95005e-11,1.54483e-09)


n  =   13   1   0
np =   14   1   0
(5.24295e-28,-1.22096e-26) (-2.66769e-13,2.97749e-11)
 (-1.01528e-12,2.8232e-11) (2.95756e-27,-1.74926e-25)


n  =   14   1   0
np =   1   1   0
(-2.9696e-23,-3.14237e-24) (-7.9228e-08,-2.91463e-11)
 (3.13478e-08,2.91573e-08)  (4.89463e-23,1.43745e-23)


n  =   14   1   0
np =   2   1   0
(9.14141e-08,-3.97749e-08)  (-2.7933e-23,5.05011e-24)
 (-9.5376e-23,4.50808e-23) (6.41028e-08,-3.44965e-08)


n  =   14   1   0
np =   3   1   0
(6.75041e-23,-1.92753e-23) (1.09356e-07,-7.52988e-08)
(-7.22623e-08,-2.78515e-08)  (-6.92803e-23,6.9145e-23)


n  =   14   1   0
np =   4   1   0
(-7.93594e-08,2.40801e-07) (-1.03303e-24,1.39195e-23)
(9.04651e-23,-2.41247e-22) (-1.43254e-07,3.36997e-07)


n  =   14   1   0
np =   5   1   0
(2.69249e-23,-8.38121e-23) (-1.06637e-09,3.88521e-08)
(-2.29661e-08,1.95085e-07)  (3.70399e-23,-2.6397e-22)


n  =   14   1   0
np =   6   1   0
(-1.88168e-08,1.22425e-07)  (4.5719e-24,-1.83524e-23)
(2.21942e-23,-8.91023e-23) (-3.86775e-08,4.45815e-07)


n  =   14   1   0
np =   7   1   0
(3.77539e-24,-2.64348e-23) (-3.17249e-09,2.62626e-08)
 (-2.7486e-09,6.12231e-08) (9.83543e-24,-1.35236e-22)


n  =   14   1   0
np =   8   1   0
(-1.83872e-09,2.37007e-08)  (8.8966e-25,-5.75406e-24)
(2.23958e-24,-1.33643e-23) (-4.42644e-09,1.31904e-07)


n  =   14   1   0
np =   9   1   0
(2.91568e-25,-3.65426e-24) (-3.94214e-10,4.95083e-09)
 (-1.8646e-10,8.08145e-09)  (1.0706e-24,-2.66967e-23)


n  =   14   1   0
np =   10   1   0
(-1.05799e-10,2.42561e-09) (7.75074e-26,-6.81396e-25)
(1.32139e-25,-1.07656e-24) (-2.94736e-10,1.77753e-08)


n  =   14   1   0
np =   11   1   0
(1.46565e-26,-2.75558e-25) (-2.49087e-11,4.76495e-10)
(-8.33672e-12,6.08262e-10) (6.84808e-26,-2.77626e-24)


n  =   14   1   0
np =   12   1   0
(-4.10964e-12,1.52422e-10) (4.10028e-27,-3.97665e-26)
(5.21687e-27,-4.83589e-26) (-1.29916e-11,1.36813e-09)


n  =   14   1   0
np =   13   1   0
(5.24294e-28,-1.22096e-26)  (-1.01528e-12,2.8232e-11)
(-2.66769e-13,2.97749e-11) (2.95756e-27,-1.74927e-25)


n  =   14   1   0
np =   14   1   0
(-1.16275e-13,6.45141e-12) (1.48357e-28,-9.26772e-28)
(1.48357e-28,-9.26799e-28) (-4.07609e-13,6.79477e-11)


~~~~~~~~~~~~~~~~~~~~~~~~~~~~~~~~~~~~~~~~~~~~~~~~~~~~~~~~~~~~~~~~~


a & b coefficients --------------------------------
n           ax             ay
110   (-1.09106,0.11391)    (-0,-0)
210   (-0.852842,0.274694)    (-0,-0)
310   (-0.642639,0.239375)    (-0,-0)
410   (-0.115438,0.243805)    (-0,-0)
510   (0.106046,0.0021983)    (-0,-0)
610   (0.0324147,-0.0427549)    (-0,-0)
710   (-0.0078645,-0.00368282)    (-0,-0)
810   (-0.0029696,0.00334259)    (-0,-0)
910   (0.000353176,0.000360519)    (-0,-0)
1010   (0.000157428,-0.000160017)    (-0,-0)
1110   (-1.07355e-05,-1.86946e-05)    (-0,-0)
1210   (-5.65198e-06,5.30519e-06)    (-0,-0)
1310   (2.33512e-07,6.42245e-07)    (-0,-0)
1410   (1.48773e-07,-1.30548e-07)    (-0,-0)
n           bx             by
110    (-1.06126,0.223185)    (0,0)
210    (-0.86412,0.224514)    (0,0)
310    (-0.490435,0.413575)    (0,0)
410    (-0.101091,0.229865)    (0,0)
510    (0.0318376,0.0473321)    (0,0)
610    (0.0299314,-0.0270078)    (0,0)
710    (0.0033581,-0.0138551)    (0,0)
810    (-0.00272309,0.00105644)    (0,0)
910    (-0.000537045,0.00123285)    (0,0)
1010    (0.000140784,5.2705e-06)    (0,0)
1110    (3.39013e-05,-6.26812e-05)    (0,0)
1210    (-4.81968e-06,-2.26093e-06)    (0,0)
1310    (-1.33195e-06,2.14447e-06)    (0,0)
1410    (1.1695e-07,1.14569e-07)    (0,0)
---------------------------------------------------



Scattering Intensity Functions -----------------------
Theta            I1             I2
              0               164.36516                164.36516
           0.18               164.36069                164.36026
           0.36               164.34727                164.34554
           0.54               164.3249                164.32101
           0.72               164.29359                164.28668
            0.9               164.25335                164.24255
           1.08               164.20416                164.18863
           1.26               164.14604                164.12491
           1.44               164.079                164.05141
           1.62               164.00303                163.96814
            1.8               163.91815                163.87511
           1.98               163.82436                163.77233
           2.16               163.72167                163.65981
           2.34               163.6101                163.53758
           2.52               163.48964                163.40563
            2.7               163.36032                163.26399
           2.88               163.22214                163.11268
           3.06               163.07512                162.95172
           3.24               162.91927                162.78112
           3.42               162.7546                162.60091
            3.6               162.58113                162.41112
           3.78               162.39887                162.21176
           3.96               162.20784                162.00285
           4.14               162.00807                161.78444
           4.32               161.79955                161.55654
            4.5               161.58233                161.31918
           4.68               161.35641                161.07239
           4.86               161.12181                160.81621
           5.04               160.87857                160.55066
           5.22               160.62669                160.27579
            5.4               160.36621                159.99162
           5.58               160.09714                159.69819
           5.76               159.81952                159.39554
           5.94               159.53337                159.08371
           6.12               159.2387                158.76274
            6.3               158.93557                158.43266
           6.48               158.62398                158.09352
           6.66               158.30397                157.74537
           6.84               157.97557                157.38824
           7.02               157.63881                157.02219
            7.2               157.29372                156.64726
           7.38               156.94034                156.2635
           7.56               156.5787                155.87095
           7.74               156.20882                155.46967
           7.92               155.83076                155.05971
            8.1               155.44454                154.64113
           8.28               155.0502                154.21397
           8.46               154.64777                153.77829
           8.64               154.23731                153.33415
           8.82               153.81884                152.8816
              9               153.3924                152.42071
           9.18               152.95805                151.95153
           9.36               152.51581                151.47412
           9.54               152.06574                150.98855
           9.72               151.60788                150.49488
            9.9               151.14226                149.99318
          10.08               150.66895                149.4835
          10.26               150.18798                148.96591
          10.44               149.6994                148.44049
          10.62               149.20327                147.9073
           10.8               148.69962                147.36641
          10.98               148.18851                146.81789
          11.16               147.67                146.26182
          11.34               147.14413                145.69826
          11.52               146.61095                145.12729
           11.7               146.07053                144.54899
          11.88               145.52291                143.96343
          12.06               144.96815                143.37069
          12.24               144.40631                142.77085
          12.42               143.83745                142.16398
           12.6               143.26162                141.55017
          12.78               142.67888                140.9295
          12.96               142.0893                140.30205
          13.14               141.49293                139.66791
          13.32               140.88984                139.02715
           13.5               140.28008                138.37986
          13.68               139.66374                137.72614
          13.86               139.04086                137.06606
          14.04               138.41151                136.39972
          14.22               137.77577                135.7272
           14.4               137.1337                135.04859
          14.58               136.48536                134.36399
          14.76               135.83083                133.67349
          14.94               135.17018                132.97718
          15.12               134.50348                132.27515
           15.3               133.8308                131.5675
          15.48               133.15222                130.85432
          15.66               132.4678                130.13571
          15.84               131.77762                129.41176
          16.02               131.08177                128.68258
           16.2               130.38031                127.94826
          16.38               129.67332                127.2089
          16.56               128.96089                126.46461
          16.74               128.24309                125.71548
          16.92               127.51999                124.96161
           17.1               126.79169                124.2031
          17.28               126.05827                123.44007
          17.46               125.3198                122.67261
          17.64               124.57638                121.90083
          17.82               123.82808                121.12483
             18               123.07499                120.34471
          18.18               122.31719                119.5606
          18.36               121.55479                118.77258
          18.54               120.78785                117.98077
          18.72               120.01647                117.18528
           18.9               119.24075                116.38621
          19.08               118.46076                115.58368
          19.26               117.67661                114.7778
          19.44               116.88838                113.96866
          19.62               116.09617                113.15639
           19.8               115.30007                112.3411
          19.98               114.50017                111.52289
          20.16               113.69657                110.70189
          20.34               112.88936                109.87819
          20.52               112.07865                109.05192
           20.7               111.26452                108.22318
          20.88               110.44708                107.3921
          21.06               109.62643                106.55878
          21.24               108.80265                105.72333
          21.42               107.97586                104.88588
           21.6               107.14616                104.04654
          21.78               106.31364                103.20541
          21.96               105.4784                102.36262
          22.14               104.64056                101.51828
          22.32               103.8002                100.6725
           22.5               102.95745                99.825409
          22.68               102.11239                98.977109
          22.86               101.26513                98.12772
          23.04               100.41579                97.277356
          23.22               99.56446                96.426134
           23.4               98.711251                95.574168
          23.58               97.856271                94.721575
          23.76               96.999625                93.868468
          23.94               96.141421                93.014963
          24.12               95.281769                92.161175
           24.3               94.420775                91.307219
          24.48               93.558549                90.45321
          24.66               92.695199                89.599261
          24.84               91.830836                88.745488
          25.02               90.965569                87.892004
           25.2               90.099509                87.038922
          25.38               89.232765                86.186357
          25.56               88.365448                85.334421
          25.74               87.49767                84.483227
          25.92               86.629541                83.632887
           26.1               85.761173                82.783513
          26.28               84.892677                81.935217
          26.46               84.024165                81.088109
          26.64               83.155749                80.2423
          26.82               82.28754                79.397899
             27               81.41965                78.555017
          27.18               80.552192                77.713761
          27.36               79.685278                76.874241
          27.54               78.819018                76.036562
          27.72               77.953527                75.200833
           27.9               77.088915                74.36716
          28.08               76.225294                73.535647
          28.26               75.362776                72.706399
          28.44               74.501473                71.879521
          28.62               73.641495                71.055115
           28.8               72.782956                70.233284
          28.98               71.925964                69.414128
          29.16               71.070632                68.597748
          29.34               70.21707                67.784245
          29.52               69.365388                66.973715
           29.7               68.515696                66.166257
          29.88               67.668104                65.361968
          30.06               66.82272                64.560943
          30.24               65.979653                63.763277
          30.42               65.139013                62.969062
           30.6               64.300906                62.178392
          30.78               63.46544                61.391357
          30.96               62.632722                60.608048
          31.14               61.802857                59.828553
          31.32               60.975953                59.05296
           31.5               60.152113                58.281355
          31.68               59.331442                57.513824
          31.86               58.514043                56.75045
          32.04               57.70002                55.991316
          32.22               56.889475                55.236504
           32.4               56.082509                54.486092
          32.58               55.279223                53.74016
          32.76               54.479716                52.998785
          32.94               53.684088                52.262042
          33.12               52.892436                51.530005
           33.3               52.104858                50.802749
          33.48               51.321449                50.080343
          33.66               50.542305                49.362858
          33.84               49.767519                48.650362
          34.02               48.997186                47.942922
           34.2               48.231396                47.240602
          34.38               47.47024                46.543468
          34.56               46.713809                45.851581
          34.74               45.96219                45.165001
          34.92               45.215472                44.483787
           35.1               44.473739                43.807997
          35.28               43.737078                43.137686
          35.46               43.005571                42.472909
          35.64               42.2793                41.813716
          35.82               41.558347                41.16016
             36               40.842791                40.512289
          36.18               40.13271                39.870149
          36.36               39.428181                39.233788
          36.54               38.729278                38.603247
          36.72               38.036076                37.97857
           36.9               37.348647                37.359797
          37.08               36.667061                36.746965
          37.26               35.991387                36.140112
          37.44               35.321694                35.539274
          37.62               34.658046                34.944482
           37.8               34.000509                34.355768
          37.98               33.349145                33.773163
          38.16               32.704014                33.196693
          38.34               32.065176                32.626385
          38.52               31.432688                32.062264
           38.7               30.806607                31.504351
          38.88               30.186986                30.952667
          39.06               29.573877                30.407232
          39.24               28.967331                29.868062
          39.42               28.367396                29.335172
           39.6               27.77412                28.808577
          39.78               27.187546                28.288287
          39.96               26.607718                27.774314
          40.14               26.034677                27.266664
          40.32               25.468462                26.765345
           40.5               24.909111                26.27036
          40.68               24.356658                25.781714
          40.86               23.811137                25.299406
          41.04               23.27258                24.823437
          41.22               22.741015                24.353805
           41.4               22.216471                23.890504
          41.58               21.698972                23.433529
          41.76               21.188542                22.982873
          41.94               20.685203                22.538527
          42.12               20.188974                22.10048
           42.3               19.699872                21.66872
          42.48               19.217912                21.243231
          42.66               18.743108                20.824
          42.84               18.275471                20.411007
          43.02               17.81501                20.004235
           43.2               17.361733                19.603663
          43.38               16.915643                19.209269
          43.56               16.476746                18.821029
          43.74               16.04504                18.438918
          43.92               15.620525                18.06291
           44.1               15.203199                17.692976
          44.28               14.793055                17.329087
          44.46               14.390087                16.971212
          44.64               13.994285                16.619319
          44.82               13.605638                16.273374
             45               13.224133                15.933341
          45.18               12.849754                15.599185
          45.36               12.482484                15.270868
          45.54               12.122303                14.94835
          45.72               11.769191                14.631592
           45.9               11.423124                14.320551
          46.08               11.084076                14.015186
          46.26               10.752021                13.715452
          46.44               10.426929                13.421305
          46.62               10.108769                13.132698
           46.8               9.797508                12.849583
          46.98               9.4931115                12.571914
          47.16               9.1955426                12.29964
          47.34               8.9047626                12.032711
          47.52               8.6207313                11.771076
           47.7               8.3434063                11.514682
          47.88               8.0727437                11.263478
          48.06               7.8086977                11.017408
          48.24               7.5512208                10.776418
          48.42               7.3002639                10.540453
           48.6               7.0557761                10.309455
          48.78               6.8177049                10.083369
          48.96               6.585996                9.8621354
          49.14               6.3605938                9.6456967
          49.32               6.1414408                9.4339936
           49.5               5.9284783                9.2269664
          49.68               5.7216459                9.0245548
          49.86               5.5208816                8.826698
          50.04               5.3261222                8.6333347
          50.22               5.137303                8.444403
           50.4               4.9543579                8.2598409
          50.58               4.7772193                8.0795855
          50.76               4.6058187                7.903574
          50.94               4.4400859                7.731743
          51.12               4.2799498                7.564029
           51.3               4.1253377                7.4003679
          51.48               3.9761763                7.2406956
          51.66               3.8323906                7.084948
          51.84               3.6939049                6.9330603
          52.02               3.5606423                6.7849681
           52.2               3.432525                6.6406065
          52.38               3.3094742                6.4999108
          52.56               3.19141                6.3628161
          52.74               3.0782519                6.2292576
          52.92               2.9699185                6.0991704
           53.1               2.8663274                5.9724898
          53.28               2.7673956                5.8491511
          53.46               2.6730395                5.7290897
          53.64               2.5831747                5.6122412
          53.82               2.4977162                5.4985414
             54               2.4165783                5.3879263
          54.18               2.3396751                5.280332
          54.36               2.2669198                5.175695
          54.54               2.1982255                5.0739521
          54.72               2.1335048                4.9750404
           54.9               2.0726698                4.8788972
          55.08               2.0156324                4.7854605
          55.26               1.9623043                4.6946684
          55.44               1.912597                4.6064595
          55.62               1.8664216                4.5207729
           55.8               1.8236893                4.4375482
          55.98               1.7843111                4.3567254
          56.16               1.748198                4.278245
          56.34               1.7152611                4.2020483
          56.52               1.6854113                4.1280768
           56.7               1.65856                4.0562728
          56.88               1.6346182                3.9865792
          57.06               1.6134976                3.9189395
          57.24               1.5951099                3.8532977
          57.42               1.579367                3.7895988
           57.6               1.5661812                3.7277882
          57.78               1.5554651                3.6678121
          57.96               1.5471319                3.6096173
          58.14               1.541095                3.5531515
          58.32               1.5372684                3.498363
           58.5               1.5355666                3.445201
          58.68               1.5359046                3.3936154
          58.86               1.5381982                3.3435569
          59.04               1.5423636                3.2949768
          59.22               1.5483178                3.2478276
           59.4               1.5559785                3.2020624
          59.58               1.5652643                3.157635
          59.76               1.5760943                3.1145002
          59.94               1.5883887                3.0726137
          60.12               1.6020685                3.031932
           60.3               1.6170554                2.9924123
          60.48               1.6332723                2.9540128
          60.66               1.6506429                2.9166927
          60.84               1.669092                2.8804119
          61.02               1.6885454                2.8451312
           61.2               1.70893                2.8108124
          61.38               1.7301736                2.777418
          61.56               1.7522054                2.7449114
          61.74               1.7749555                2.7132572
          61.92               1.7983553                2.6824205
           62.1               1.8223374                2.6523676
          62.28               1.8468357                2.6230654
          62.46               1.8717851                2.5944818
          62.64               1.8971219                2.5665858
          62.82               1.9227839                2.539347
             63               1.9487099                2.5127359
          63.18               1.9748402                2.4867241
          63.36               2.0011165                2.4612838
          63.54               2.0274816                2.4363883
          63.72               2.05388                2.4120115
           63.9               2.0802575                2.3881283
          64.08               2.1065612                2.3647146
          64.26               2.1327398                2.3417468
          64.44               2.1587433                2.3192025
          64.62               2.1845233                2.2970597
           64.8               2.2100328                2.2752976
          64.98               2.2352261                2.253896
          65.16               2.2600594                2.2328356
          65.34               2.2844899                2.2120977
          65.52               2.3084766                2.1916645
           65.7               2.3319799                2.171519
          65.88               2.3549617                2.1516449
          66.06               2.3773855                2.1320266
          66.24               2.3992162                2.1126492
          66.42               2.4204202                2.0934988
           66.6               2.4409655                2.0745617
          66.78               2.4608214                2.0558253
          66.96               2.479959                2.0372774
          67.14               2.4983506                2.0189068
          67.32               2.5159702                2.0007025
           67.5               2.5327931                1.9826544
          67.68               2.5487963                1.9647531
          67.86               2.5639581                1.9469895
          68.04               2.5782582                1.9293554
          68.22               2.591678                1.9118429
           68.4               2.6042001                1.8944448
          68.58               2.6158086                1.8771544
          68.76               2.626489                1.8599656
          68.94               2.6362283                1.8428727
          69.12               2.6450147                1.8258705
           69.3               2.6528379                1.8089544
          69.48               2.6596888                1.7921201
          69.66               2.6655599                1.7753639
          69.84               2.6704448                1.7586823
          70.02               2.6743383                1.7420724
           70.2               2.6772367                1.7255318
          70.38               2.6791375                1.7090582
          70.56               2.6800394                1.6926498
          70.74               2.6799422                1.6763052
          70.92               2.678847                1.6600232
           71.1               2.6767561                1.6438032
          71.28               2.6736728                1.6276445
          71.46               2.6696016                1.611547
          71.64               2.6645481                1.5955108
          71.82               2.6585189                1.5795361
             72               2.6515217                1.5636236
          72.18               2.6435651                1.5477741
          72.36               2.6346588                1.5319886
          72.54               2.6248134                1.5162683
          72.72               2.6140404                1.5006146
           72.9               2.6023522                1.4850292
          73.08               2.589762                1.4695137
          73.26               2.576284                1.4540701
          73.44               2.5619331                1.4387003
          73.62               2.5467249                1.4234066
           73.8               2.530676                1.4081912
          73.98               2.5138033                1.3930564
          74.16               2.4961248                1.3780048
          74.34               2.4776589                1.3630388
          74.52               2.4584246                1.3481609
           74.7               2.4384418                1.333374
          74.88               2.4177306                1.3186805
          75.06               2.3963117                1.3040833
          75.24               2.3742065                1.289585
          75.42               2.3514366                1.2751885
           75.6               2.3280243                1.2608964
          75.78               2.303992                1.2467115
          75.96               2.2793628                1.2326365
          76.14               2.2541598                1.2186741
          76.32               2.2284067                1.2048271
           76.5               2.2021273                1.191098
          76.68               2.1753457                1.1774894
          76.86               2.1480863                1.1640039
          77.04               2.1203737                1.1506439
          77.22               2.0922323                1.1374119
           77.4               2.0636872                1.1243102
          77.58               2.0347632                1.1113411
          77.76               2.0054853                1.0985068
          77.94               1.9758785                1.0858094
          78.12               1.9459679                1.0732508
           78.3               1.9157785                1.060833
          78.48               1.8853354                1.0485579
          78.66               1.8546635                1.0364271
          78.84               1.8237877                1.0244423
          79.02               1.7927327                1.0126049
           79.2               1.7615232                1.0009164
          79.38               1.7301836                0.98937803
          79.56               1.6987382                0.97799095
          79.74               1.667211                0.96675622
          79.92               1.635626                0.95567477
           80.1               1.6040066                0.94474742
          80.28               1.5723763                0.93397485
          80.46               1.540758                0.92335765
          80.64               1.5091744                0.91289625
          80.82               1.477648                0.902591
             81               1.4462007                0.89244209
          81.18               1.4148543                0.88244963
          81.36               1.3836299                0.87261357
          81.54               1.3525486                0.86293377
          81.72               1.3216307                0.85340996
           81.9               1.2908962                0.84404176
          82.08               1.2603649                0.83482867
          82.26               1.2300557                0.82577007
          82.44               1.1999873                0.81686525
          82.62               1.170178                0.80811336
           82.8               1.1406453                0.79951347
          82.98               1.1114064                0.79106453
          83.16               1.082478                0.78276539
          83.34               1.0538763                0.7746148
          83.52               1.0256166                0.76661142
           83.7               0.99771426                0.7587538
          83.88               0.97018359                0.75104042
          84.06               0.94303856                0.74346965
          84.24               0.91629255                0.73603978
          84.42               0.88995837                0.72874904
           84.6               0.86404825                0.72159556
          84.78               0.83857386                0.71457739
          84.96               0.81354627                0.70769252
          85.14               0.78897599                0.70093887
          85.32               0.76487295                0.6943143
           85.5               0.74124648                0.6878166
          85.68               0.71810534                0.6814435
          85.86               0.6954577                0.6751927
          86.04               0.67331117                0.66906183
          86.22               0.65167276                0.66304846
           86.4               0.63054891                0.65715016
          86.58               0.60994547                0.65136442
          86.76               0.58986775                0.64568873
          86.94               0.57032048                0.64012051
          87.12               0.55130781                0.63465719
           87.3               0.53283336                0.62929615
          87.48               0.51490019                0.62403477
          87.66               0.4975108                0.61887039
          87.84               0.48066716                0.61380037
          88.02               0.46437073                0.60882203
           88.2               0.44862241                0.60393269
          88.38               0.43342261                0.59912969
          88.56               0.41877122                0.59441033
          88.74               0.40466764                0.58977196
          88.92               0.39111078                0.58521191
           89.1               0.37809905                0.58072752
          89.28               0.36563041                0.57631615
          89.46               0.35370236                0.57197518
          89.64               0.34231195                0.56770199
          89.82               0.33145579                0.56349402
             90               0.32113005                0.5593487
          90.18               0.31133052                0.55526351
          90.36               0.30205253                0.55123593
          90.54               0.29329108                0.5472635
          90.72               0.28504075                0.5433438
           90.9               0.27729577                0.53947441
          91.08               0.27005001                0.535653
          91.26               0.26329699                0.53187724
          91.44               0.25702991                0.52814485
          91.62               0.25124167                0.52445362
           91.8               0.24592483                0.52080136
          91.98               0.2410717                0.51718593
          92.16               0.23667428                0.51360527
          92.34               0.23272433                0.51005733
          92.52               0.22921335                0.50654014
           92.7               0.2261326                0.50305178
          92.88               0.22347312                0.49959037
          93.06               0.22122576                0.4961541
          93.24               0.21938113                0.49274122
          93.42               0.21792971                0.48935003
           93.6               0.21686176                0.48597889
          93.78               0.21616742                0.48262622
          93.96               0.21583667                0.47929049
          94.14               0.21585936                0.47597024
          94.32               0.21622523                0.47266409
           94.5               0.2169239                0.46937067
          94.68               0.21794492                0.46608872
          94.86               0.21927774                0.46281702
          95.04               0.22091175                0.45955441
          95.22               0.22283629                0.45629979
           95.4               0.22504065                0.45305212
          95.58               0.22751409                0.44981044
          95.76               0.23024585                0.44657381
          95.94               0.23322515                0.44334139
          96.12               0.23644124                0.44011238
           96.3               0.23988337                0.43688604
          96.48               0.24354079                0.43366168
          96.66               0.24740282                0.43043868
          96.84               0.2514588                0.42721647
          97.02               0.25569815                0.42399455
           97.2               0.26011032                0.42077244
          97.38               0.26468486                0.41754975
          97.56               0.2694114                0.41432613
          97.74               0.27427964                0.41110126
          97.92               0.2792794                0.40787492
           98.1               0.2844006                0.40464689
          98.28               0.28963327                0.40141703
          98.46               0.29496759                0.39818522
          98.64               0.30039384                0.39495142
          98.82               0.30590244                0.39171561
             99               0.31148397                0.38847781
          99.18               0.31712915                0.38523812
          99.36               0.32282886                0.38199662
          99.54               0.32857415                0.37875349
          99.72               0.33435621                0.37550891
           99.9               0.34016643                0.3722631
         100.08               0.34599636                0.36901635
         100.26               0.35183776                0.36576893
         100.44               0.35768254                0.36252118
         100.62               0.36352281                0.35927347
          100.8               0.3693509                0.35602619
         100.98               0.3751593                0.35277975
         101.16               0.38094072                0.3495346
         101.34               0.38668808                0.34629122
         101.52               0.39239447                0.3430501
          101.7               0.39805322                0.33981177
         101.88               0.40365786                0.33657676
         102.06               0.40920213                0.33334563
         102.24               0.41467998                0.33011897
         102.42               0.42008556                0.32689737
          102.6               0.42541325                0.32368145
         102.78               0.43065765                0.32047183
         102.96               0.43581354                0.31726915
         103.14               0.44087595                0.31407407
         103.32               0.44584011                0.31088725
          103.5               0.45070145                0.30770937
         103.68               0.45545563                0.3045411
         103.86               0.46009851                0.30138313
         104.04               0.46462617                0.29823616
         104.22               0.46903488                0.29510089
          104.4               0.47332114                0.29197802
         104.58               0.47748164                0.28886826
         104.76               0.48151328                0.28577231
         104.94               0.48541314                0.28269088
         105.12               0.48917854                0.27962468
          105.3               0.49280696                0.27657441
         105.48               0.49629607                0.27354077
         105.66               0.49964377                0.27052447
         105.84               0.50284811                0.2675262
         106.02               0.50590734                0.26454665
          106.2               0.50881989                0.26158651
         106.38               0.51158435                0.25864645
         106.56               0.51419952                0.25572713
         106.74               0.51666434                0.25282923
         106.92               0.51897793                0.2499534
          107.1               0.52113956                0.24710028
         107.28               0.52314869                0.24427049
         107.46               0.52500491                0.24146468
         107.64               0.52670795                0.23868343
         107.82               0.52825773                0.23592737
            108               0.52965427                0.23319706
         108.18               0.53089775                0.2304931
         108.36               0.53198849                0.22781602
         108.54               0.53292693                0.2251664
         108.72               0.53371364                0.22254475
          108.9               0.53434932                0.2199516
         109.08               0.53483476                0.21738745
         109.26               0.5351709                0.21485278
         109.44               0.53535877                0.21234809
         109.62               0.53539952                0.20987381
          109.8               0.53529437                0.20743041
         109.98               0.53504466                0.2050183
         110.16               0.53465183                0.20263789
         110.34               0.5341174                0.20028958
         110.52               0.53344295                0.19797376
          110.7               0.53263018                0.19569077
         110.88               0.53168084                0.19344098
         111.06               0.53059675                0.19122471
         111.24               0.52937982                0.18904227
         111.42               0.528032                0.18689397
          111.6               0.52655532                0.18478008
         111.78               0.52495184                0.18270087
         111.96               0.5232237                0.18065659
         112.14               0.52137307                0.17864748
         112.32               0.51940216                0.17667374
          112.5               0.51731325                0.17473559
         112.68               0.51510863                0.17283321
         112.86               0.51279064                0.17096677
         113.04               0.51036163                0.16913643
         113.22               0.507824                0.16734233
          113.4               0.50518017                0.16558459
         113.58               0.50243257                0.16386332
         113.76               0.49958367                0.16217863
         113.94               0.49663592                0.16053059
         114.12               0.49359181                0.15891928
          114.3               0.49045385                0.15734474
         114.48               0.48722452                0.15580703
         114.66               0.48390633                0.15430618
         114.84               0.4805018                0.15284219
         115.02               0.47701343                0.15141508
          115.2               0.47344373                0.15002484
         115.38               0.46979519                0.14867144
         115.56               0.46607031                0.14735487
         115.74               0.46227158                0.14607507
         115.92               0.45840147                0.14483199
          116.1               0.45446245                0.14362558
         116.28               0.45045697                0.14245576
         116.46               0.44638745                0.14132244
         116.64               0.44225632                0.14022555
         116.82               0.43806597                0.13916497
            117               0.43381879                0.13814061
         117.18               0.42951713                0.13715234
         117.36               0.42516333                0.13620004
         117.54               0.4207597                0.13528357
         117.72               0.41630853                0.13440281
          117.9               0.41181208                0.13355761
         118.08               0.4072726                0.13274781
         118.26               0.40269229                0.13197325
         118.44               0.39807333                0.13123379
         118.62               0.3934179                0.13052924
          118.8               0.3887281                0.12985944
         118.98               0.38400605                0.12922421
         119.16               0.37925381                0.12862337
         119.34               0.37447343                0.12805674
         119.52               0.36966692                0.12752413
          119.7               0.36483626                0.12702535
         119.88               0.35998341                0.12656021
         120.06               0.35511028                0.12612851
         120.24               0.35021877                0.12573005
         120.42               0.34531074                0.12536465
          120.6               0.34038803                0.1250321
         120.78               0.33545245                0.1247322
         120.96               0.33050576                0.12446475
         121.14               0.32554972                0.12422955
         121.32               0.32058603                0.12402641
          121.5               0.31561641                0.12385512
         121.68               0.31064249                0.12371548
         121.86               0.30566592                0.1236073
         122.04               0.30068831                0.12353039
         122.22               0.29571123                0.12348454
          122.4               0.29073624                0.12346957
         122.58               0.28576488                0.12348528
         122.76               0.28079863                0.1235315
         122.94               0.275839                0.12360803
         123.12               0.27088742                0.1237147
          123.3               0.26594533                0.12385133
         123.48               0.26101415                0.12401774
         123.66               0.25609526                0.12421376
         123.84               0.25119003                0.12443924
         124.02               0.24629981                0.124694
          124.2               0.24142592                0.1249779
         124.38               0.23656968                0.12529077
         124.56               0.23173236                0.12563247
         124.74               0.22691525                0.12600286
         124.92               0.22211959                0.12640181
          125.1               0.21734663                0.12682917
         125.28               0.21259759                0.12728483
         125.46               0.20787366                0.12776867
         125.64               0.20317605                0.12828057
         125.82               0.19850594                0.12882043
            126               0.19386448                0.12938813
         126.18               0.18925283                0.1299836
         126.36               0.18467214                0.13060673
         126.54               0.18012352                0.13125745
         126.72               0.1756081                0.13193568
          126.9               0.17112698                0.13264136
         127.08               0.16668126                0.13337442
         127.26               0.16227204                0.1341348
         127.44               0.15790038                0.13492246
         127.62               0.15356737                0.13573736
          127.8               0.14927406                0.13657947
         127.98               0.14502152                0.13744875
         128.16               0.14081078                0.1383452
         128.34               0.1366429                0.13926878
         128.52               0.13251891                0.14021951
          128.7               0.12843985                0.14119739
         128.88               0.12440673                0.14220241
         129.06               0.12042058                0.14323461
         129.24               0.11648241                0.14429399
         129.42               0.11259324                0.1453806
          129.6               0.10875407                0.14649448
         129.78               0.10496591                0.14763565
         129.96               0.10122974                0.14880419
         130.14               0.097546571                0.15000014
         130.32               0.093917388                0.15122357
          130.5               0.090343179                0.15247456
         130.68               0.086824927                0.15375317
         130.86               0.083363611                0.15505951
         131.04               0.079960207                0.15639366
         131.22               0.07661569                0.15775571
          131.4               0.073331027                0.15914577
         131.58               0.070107184                0.16056396
         131.76               0.066945123                0.16201039
         131.94               0.063845802                0.16348517
         132.12               0.060810175                0.16498845
          132.3               0.057839193                0.16652034
         132.48               0.054933801                0.168081
         132.66               0.052094941                0.16967056
         132.84               0.04932355                0.17128917
         133.02               0.046620559                0.17293699
          133.2               0.043986896                0.17461417
         133.38               0.041423483                0.17632088
         133.56               0.038931235                0.17805728
         133.74               0.036511063                0.17982355
         133.92               0.03416387                0.18161985
          134.1               0.031890553                0.18344637
         134.28               0.029692003                0.18530329
         134.46               0.027569102                0.18719079
         134.64               0.025522727                0.18910906
         134.82               0.023553743                0.19105829
            135               0.02166301                0.19303867
         135.18               0.019851378                0.1950504
         135.36               0.018119686                0.19709368
         135.54               0.016468765                0.19916869
         135.72               0.014899436                0.20127565
          135.9               0.013412509                0.20341475
         136.08               0.012008782                0.20558619
         136.26               0.010689042                0.20779018
         136.44               0.0094540632                0.21002692
         136.62               0.008304609                0.21229661
          136.8               0.0072414283                0.21459945
         136.98               0.0062652568                0.21693565
         137.16               0.0053768162                0.21930541
         137.34               0.0045768136                0.22170893
         137.52               0.0038659414                0.2241464
          137.7               0.003244876                0.22661803
         137.88               0.0027142782                0.229124
         138.06               0.0022747922                0.23166452
         138.24               0.0019270452                0.23423978
         138.42               0.001671647                0.23684995
          138.6               0.0015091892                0.23949524
         138.78               0.0014402454                0.24217581
         138.96               0.0014653699                0.24489185
         139.14               0.001585098                0.24764354
         139.32               0.0017999447                0.25043104
          139.5               0.0021104052                0.25325452
         139.68               0.0025169537                0.25611413
         139.86               0.0030200433                0.25901005
         140.04               0.0036201053                0.26194242
         140.22               0.0043175493                0.26491138
          140.4               0.0051127622                0.26791707
         140.58               0.0060061082                0.27095964
         140.76               0.0069979282                0.2740392
         140.94               0.0080885394                0.27715588
         141.12               0.0092782351                0.28030979
          141.3               0.010567284                0.28350104
         141.48               0.011955931                0.28672973
         141.66               0.013444395                0.28999595
         141.84               0.015032869                0.29329979
         142.02               0.016721523                0.29664133
          142.2               0.018510498                0.30002063
         142.38               0.02039991                0.30343775
         142.56               0.022389848                0.30689274
         142.74               0.024480377                0.31038565
         142.92               0.026671531                0.31391652
          143.1               0.028963319                0.31748535
         143.28               0.031355722                0.32109218
         143.46               0.033848694                0.32473699
         143.64               0.036442162                0.3284198
         143.82               0.039136022                0.33214057
            144               0.041930146                0.3358993
         144.18               0.044824374                0.33969593
         144.36               0.04781852                0.34353043
         144.54               0.05091237                0.34740273
         144.72               0.054105679                0.35131277
          144.9               0.057398178                0.35526047
         145.08               0.060789563                0.35924574
         145.26               0.064279508                0.36326847
         145.44               0.067867654                0.36732855
         145.62               0.071553615                0.37142585
          145.8               0.075336977                0.37556025
         145.98               0.079217296                0.37973158
         146.16               0.0831941                0.38393969
         146.34               0.08726689                0.3881844
         146.52               0.091435136                0.39246553
          146.7               0.095698283                0.39678288
         146.88               0.10005574                0.40113625
         147.06               0.10450691                0.4055254
         147.24               0.10905114                0.40995011
         147.42               0.11368776                0.41441012
          147.6               0.11841607                0.41890518
         147.78               0.12323537                0.42343502
         147.96               0.12814488                0.42799935
         148.14               0.13314385                0.43259786
         148.32               0.13823146                0.43723027
          148.5               0.14340688                0.44189623
         148.68               0.14866926                0.44659541
         148.86               0.15401771                0.45132747
         149.04               0.15945133                0.45609204
         149.22               0.16496918                0.46088876
          149.4               0.17057031                0.46571723
         149.58               0.17625373                0.47057706
         149.76               0.18201844                0.47546783
         149.94               0.1878634                0.48038913
         150.12               0.19378755                0.48534051
          150.3               0.19978983                0.49032154
         150.48               0.20586913                0.49533173
         150.66               0.21202432                0.50037064
         150.84               0.21825426                0.50543776
         151.02               0.22455778                0.51053261
          151.2               0.23093369                0.51565467
         151.38               0.23738079                0.52080342
         151.56               0.24389783                0.52597833
         151.74               0.25048357                0.53117886
         151.92               0.25713675                0.53640445
          152.1               0.26385606                0.54165454
         152.28               0.2706402                0.54692853
         152.46               0.27748785                0.55222586
         152.64               0.28439765                0.55754591
         152.82               0.29136825                0.56288807
            153               0.29839826                0.56825172
         153.18               0.3054863                0.57363624
         153.36               0.31263095                0.57904097
         153.54               0.31983078                0.58446526
         153.72               0.32708435                0.58990845
          153.9               0.3343902                0.59536987
         154.08               0.34174686                0.60084883
         154.26               0.34915285                0.60634465
         154.44               0.35660668                0.61185661
         154.62               0.36410682                0.61738401
          154.8               0.37165176                0.62292613
         154.98               0.37923997                0.62848224
         155.16               0.3868699                0.63405161
         155.34               0.39453999                0.63963348
         155.52               0.40224868                0.64522711
          155.7               0.4099944                0.65083173
         155.88               0.41777556                0.65644658
         156.06               0.42559057                0.66207087
         156.24               0.43343783                0.66770383
         156.42               0.44131574                0.67334466
          156.6               0.44922267                0.67899256
         156.78               0.457157                0.68464674
         156.96               0.46511712                0.69030638
         157.14               0.47310138                0.69597066
         157.32               0.48110815                0.70163876
          157.5               0.48913579                0.70730986
         157.68               0.49718265                0.71298311
         157.86               0.50524708                0.71865769
         158.04               0.51332742                0.72433274
         158.22               0.52142203                0.73000742
          158.4               0.52952924                0.73568087
         158.58               0.5376474                0.74135225
         158.76               0.54577484                0.74702068
         158.94               0.55390991                0.7526853
         159.12               0.56205094                0.75834525
          159.3               0.57019627                0.76399966
         159.48               0.57834424                0.76964764
         159.66               0.58649319                0.77528832
         159.84               0.59464146                0.78092083
         160.02               0.6027874                0.78654427
          160.2               0.61092935                0.79215778
         160.38               0.61906567                0.79776045
         160.56               0.6271947                0.80335141
         160.74               0.6353148                0.80892976
         160.92               0.64342433                0.81449463
          161.1               0.65152165                0.82004511
         161.28               0.65960515                0.82558032
         161.46               0.66767318                0.83109936
         161.64               0.67572413                0.83660135
         161.82               0.68375638                0.84208539
            162               0.69176834                0.8475506
         162.18               0.69975839                0.85299609
         162.36               0.70772495                0.85842097
         162.54               0.71566642                0.86382434
         162.72               0.72358123                0.86920533
          162.9               0.73146782                0.87456305
         163.08               0.73932461                0.87989662
         163.26               0.74715006                0.88520516
         163.44               0.75494261                0.89048779
         163.62               0.76270075                0.89574363
          163.8               0.77042293                0.90097182
         163.98               0.77810766                0.90617148
         164.16               0.78575341                0.91134175
         164.34               0.79335871                0.91648177
         164.52               0.80092206                0.92159067
          164.7               0.808442                0.92666761
         164.88               0.81591706                0.93171172
         165.06               0.82334581                0.93672217
         165.24               0.83072679                0.94169811
         165.42               0.83805858                0.9466387
          165.6               0.84533979                0.95154311
         165.78               0.85256899                0.95641052
         165.96               0.85974482                0.96124009
         166.14               0.8668659                0.96603103
         166.32               0.87393086                0.9707825
          166.5               0.88093836                0.97549372
         166.68               0.88788707                0.98016387
         166.86               0.89477568                0.98479218
         167.04               0.90160287                0.98937784
         167.22               0.90836736                0.99392008
          167.4               0.91506787                0.99841813
         167.58               0.92170315                1.0028712
         167.76               0.92827195                1.0072786
         167.94               0.93477303                1.0116395
         168.12               0.94120519                1.0159532
          168.3               0.94756723                1.020219
         168.48               0.95385795                1.024436
         168.66               0.9600762                1.0286037
         168.84               0.96622083                1.0327213
         169.02               0.97229068                1.036788
          169.2               0.97828466                1.0408033
         169.38               0.98420164                1.0447663
         169.56               0.99004056                1.0486765
         169.74               0.99580032                1.0525331
         169.92               1.0014799                1.0563355
          170.1               1.0070782                1.060083
         170.28               1.0125943                1.0637751
         170.46               1.0180271                1.067411
         170.64               1.0233757                1.0709902
         170.82               1.0286391                1.074512
            171               1.0338163                1.0779758
         171.18               1.0389064                1.081381
         171.36               1.0439084                1.0847271
         171.54               1.0488216                1.0880135
         171.72               1.053645                1.0912395
          171.9               1.0583777                1.0944047
         172.08               1.0630189                1.0975086
         172.26               1.0675678                1.1005505
         172.44               1.0720235                1.1035299
         172.62               1.0763853                1.1064464
          172.8               1.0806524                1.1092995
         172.98               1.084824                1.1120886
         173.16               1.0888994                1.1148132
         173.34               1.0928779                1.117473
         173.52               1.0967587                1.1200674
          173.7               1.1005413                1.122596
         173.88               1.1042248                1.1250584
         174.06               1.1078087                1.1274541
         174.24               1.1112924                1.1297828
         174.42               1.1146752                1.132044
          174.6               1.1179566                1.1342373
         174.78               1.121136                1.1363625
         174.96               1.1242127                1.138419
         175.14               1.1271863                1.1404065
         175.32               1.1300564                1.1423248
          175.5               1.1328222                1.1441735
         175.68               1.1354835                1.1459522
         175.86               1.1380397                1.1476607
         176.04               1.1404903                1.1492986
         176.22               1.142835                1.1508658
          176.4               1.1450734                1.1523618
         176.58               1.147205                1.1537865
         176.76               1.1492296                1.1551396
         176.94               1.1511467                1.1564209
         177.12               1.152956                1.1576302
          177.3               1.1546572                1.1587672
         177.48               1.15625                1.1598318
         177.66               1.1577342                1.1608237
         177.84               1.1591094                1.1617429
         178.02               1.1603755                1.1625891
          178.2               1.1615322                1.1633622
         178.38               1.1625794                1.164062
         178.56               1.1635168                1.1646886
         178.74               1.1643443                1.1652416
         178.92               1.1650618                1.1657212
          179.1               1.1656691                1.1661271
         179.28               1.1661661                1.1664592
         179.46               1.1665528                1.1667177
         179.64               1.166829                1.1669023
         179.82               1.1669948                1.1670131
Completed Run:Normal Exit...
