              0               651.35564                651.35564
           0.18               651.31592                651.31761
           0.36               651.19678                651.20353
           0.54               650.99824                651.01344
           0.72               650.72036                650.74739
            0.9               650.36321                650.40545
           1.08               649.92689                649.98771
           1.26               649.41151                649.49429
           1.44               648.81721                648.92534
           1.62               648.14415                648.28099
            1.8               647.39251                647.56145
           1.98               646.56248                646.76689
           2.16               645.65429                645.89755
           2.34               644.66817                644.95367
           2.52               643.60439                643.9355
            2.7               642.46324                642.84333
           2.88               641.24501                641.67746
           3.06               639.95003                640.43821
           3.24               638.57864                639.12593
           3.42               637.13122                637.74098
            3.6               635.60813                636.28375
           3.78               634.00979                634.75463
           3.96               632.33662                633.15405
           4.14               630.58908                631.48246
           4.32               628.76761                629.74031
            4.5               626.87272                627.92809
           4.68               624.9049                626.04631
           4.86               622.86467                624.09547
           5.04               620.75259                622.07612
           5.22               618.56921                619.98883
            5.4               616.31511                617.83416
           5.58               613.9909                615.61271
           5.76               611.5972                613.32511
           5.94               609.13465                610.97197
           6.12               606.60389                608.55395
            6.3               604.00562                606.07172
           6.48               601.34052                603.52597
           6.66               598.6093                600.9174
           6.84               595.81269                598.24672
           7.02               592.95145                595.51468
            7.2               590.02633                592.72203
           7.38               587.03812                589.86954
           7.56               583.98762                586.958
           7.74               580.87565                583.98821
           7.92               577.70303                580.96099
            8.1               574.47062                577.87717
           8.28               571.17928                574.73761
           8.46               567.82989                571.54316
           8.64               564.42335                568.29471
           8.82               560.96058                564.99315
              9               557.4425                561.63939
           9.18               553.87006                558.23435
           9.36               550.2442                554.77896
           9.54               546.56592                551.27418
           9.72               542.83618                547.72095
            9.9               539.056                544.12027
          10.08               535.22638                540.47311
          10.26               531.34836                536.78048
          10.44               527.42297                533.04337
          10.62               523.45127                529.26282
           10.8               519.43433                525.43986
          10.98               515.37322                521.57552
          11.16               511.26902                517.67087
          11.34               507.12285                513.72696
          11.52               502.93582                509.74486
           11.7               498.70904                505.72567
          11.88               494.44366                501.67046
          12.06               490.14081                497.58034
          12.24               485.80165                493.45642
          12.42               481.42735                489.2998
           12.6               477.01907                485.11162
          12.78               472.57799                480.893
          12.96               468.10531                476.64507
          13.14               463.60222                472.36898
          13.32               459.06993                468.06587
           13.5               454.50964                463.7369
          13.68               449.92258                459.38323
          13.86               445.30997                455.006
          14.04               440.67305                450.6064
          14.22               436.01304                446.18559
           14.4               431.33119                441.74474
          14.58               426.62875                437.28503
          14.76               421.90696                432.80764
          14.94               417.16708                428.31373
          15.12               412.41037                423.8045
           15.3               407.63809                419.28113
          15.48               402.85149                414.7448
          15.66               398.05186                410.19668
          15.84               393.24044                405.63797
          16.02               388.41851                401.06983
           16.2               383.58735                396.49346
          16.38               378.7482                391.91003
          16.56               373.90235                387.32072
          16.74               369.05107                382.72669
          16.92               364.19561                378.12912
           17.1               359.33725                373.52917
          17.28               354.47724                368.92801
          17.46               349.61684                364.32679
          17.64               344.75732                359.72667
          17.82               339.89992                355.12879
             18               335.04589                350.53429
          18.18               330.19648                345.94431
          18.36               325.35293                341.35998
          18.54               320.51646                336.78242
          18.72               315.68832                332.21274
           18.9               310.86971                327.65205
          19.08               306.06185                323.10143
          19.26               301.26595                318.56199
          19.44               296.48321                314.0348
          19.62               291.71481                309.52092
           19.8               286.96194                305.02141
          19.98               282.22576                300.53732
          20.16               277.50744                296.06969
          20.34               272.80813                291.61953
          20.52               268.12896                287.18786
           20.7               263.47107                282.77569
          20.88               258.83557                278.38398
          21.06               254.22355                274.01372
          21.24               249.63612                269.66587
          21.42               245.07435                265.34137
           21.6               240.5393                261.04115
          21.78               236.03202                256.76613
          21.96               231.55353                252.5172
          22.14               227.10487                248.29525
          22.32               222.68703                244.10115
           22.5               218.301                239.93574
          22.68               213.94775                235.79987
          22.86               209.62822                231.69436
          23.04               205.34336                227.61999
          23.22               201.09407                223.57756
           23.4               196.88127                219.56783
          23.58               192.70581                215.59154
          23.76               188.56858                211.64943
          23.94               184.4704                207.74219
          24.12               180.41209                203.87053
           24.3               176.39446                200.0351
          24.48               172.41828                196.23656
          24.66               168.48431                192.47554
          24.84               164.59329                188.75264
          25.02               160.74593                185.06846
           25.2               156.94292                181.42356
          25.38               153.18494                177.81849
          25.56               149.47262                174.25377
          25.74               145.80659                170.72992
          25.92               142.18746                167.2474
           26.1               138.61579                163.80669
          26.28               135.09214                160.40823
          26.46               131.61704                157.05242
          26.64               128.19099                153.73967
          26.82               124.81446                150.47034
             27               121.48792                147.2448
          27.18               118.21179                144.06336
          27.36               114.98647                140.92634
          27.54               111.81234                137.83402
          27.72               108.68975                134.78665
           27.9               105.61903                131.78448
          28.08               102.60049                128.82773
          28.26               99.634379                125.91658
          28.44               96.720962                123.05121
          28.62               93.860458                120.23177
           28.8               91.053061                117.45838
          28.98               88.298941                114.73114
          29.16               85.598239                112.05014
          29.34               82.951071                109.41544
          29.52               80.357528                106.82708
           29.7               77.817673                104.28506
          29.88               75.331542                101.78938
          30.06               72.899147                99.340023
          30.24               70.520471                96.936924
          30.42               68.195473                94.580018
           30.6               65.924084                92.269211
          30.78               63.706212                90.004389
          30.96               61.541736                87.785419
          31.14               59.430512                85.612144
          31.32               57.372368                83.484391
           31.5               55.367108                81.401962
          31.68               53.414512                79.364644
          31.86               51.514333                77.372202
          32.04               49.666301                75.424382
          32.22               47.870121                73.52091
           32.4               46.125473                71.661497
          32.58               44.432016                69.845831
          32.76               42.789383                68.073587
          32.94               41.197185                66.344418
          33.12               39.655009                64.657964
           33.3               38.162422                63.013844
          33.48               36.718965                61.411665
          33.66               35.324163                59.851014
          33.84               33.977514                58.331465
          34.02               32.678498                56.852576
           34.2               31.426576                55.413891
          34.38               30.221186                54.014938
          34.56               29.061749                52.655233
          34.74               27.947667                51.334279
          34.92               26.878321                50.051563
           35.1               25.853076                48.806564
          35.28               24.871281                47.598745
          35.46               23.932266                46.42756
          35.64               23.035346                45.292453
          35.82               22.179818                44.192853
             36               21.364968                43.128185
          36.18               20.590064                42.097861
          36.36               19.854362                41.101284
          36.54               19.157103                40.137851
          36.72               18.497518                39.206948
           36.9               17.874823                38.307957
          37.08               17.288224                37.440251
          37.26               16.736918                36.603197
          37.44               16.220089                35.796158
          37.62               15.736913                35.01849
           37.8               15.286558                34.269545
          37.98               14.868183                33.548671
          38.16               14.480941                32.855212
          38.34               14.123976                32.188511
          38.52               13.796428                31.547906
           38.7               13.497432                30.932734
          38.88               13.226118                30.342332
          39.06               12.981612                29.776034
          39.24               12.763036                29.233174
          39.42               12.569512                28.713089
           39.6               12.400159                28.215113
          39.78               12.254095                27.738583
          39.96               12.130438                27.282838
          40.14               12.028308                26.847219
          40.32               11.946822                26.431069
           40.5               11.885104                26.033736
          40.68               11.842279                25.65457
          40.86               11.817472                25.292926
          41.04               11.809817                24.948164
          41.22               11.818451                24.619648
           41.4               11.842514                24.306748
          41.58               11.881155                24.008842
          41.76               11.933529                23.725312
          41.94               11.998798                23.455547
          42.12               12.076132                23.198945
           42.3               12.164711                22.95491
          42.48               12.263722                22.722855
          42.66               12.372363                22.502201
          42.84               12.489845                22.292378
          43.02               12.615385                22.092826
           43.2               12.748217                21.902992
          43.38               12.887583                21.722336
          43.56               13.032741                21.550326
          43.74               13.182961                21.386441
          43.92               13.337526                21.23017
           44.1               13.495735                21.081015
          44.28               13.656901                20.938487
          44.46               13.820352                20.802109
          44.64               13.985433                20.671417
          44.82               14.151504                20.545958
             45               14.317942                20.42529
          45.18               14.484142                20.308984
          45.36               14.649513                20.196625
          45.54               14.813487                20.087808
          45.72               14.975509                19.982143
           45.9               15.135045                19.87925
          46.08               15.29158                19.778765
          46.26               15.444616                19.680335
          46.44               15.593676                19.583621
          46.62               15.738301                19.488297
           46.8               15.878052                19.394048
          46.98               16.012511                19.300576
          47.16               16.141277                19.207594
          47.34               16.263972                19.114827
          47.52               16.380237                19.022016
           47.7               16.489732                18.928913
          47.88               16.592139                18.835283
          48.06               16.68716                18.740905
          48.24               16.774516                18.645571
          48.42               16.853949                18.549085
           48.6               16.925223                18.451264
          48.78               16.98812                18.351937
          48.96               17.042442                18.250946
          49.14               17.088012                18.148146
          49.32               17.124673                18.043403
           49.5               17.152288                17.936594
          49.68               17.170738                17.82761
          49.86               17.179924                17.716353
          50.04               17.179768                17.602736
          50.22               17.170207                17.486681
           50.4               17.151201                17.368125
          50.58               17.122726                17.247013
          50.76               17.084776                17.1233
          50.94               17.037362                16.996953
          51.12               16.980516                16.867947
           51.3               16.914283                16.736269
          51.48               16.838726                16.601913
          51.66               16.753926                16.464883
          51.84               16.659977                16.325191
          52.02               16.556991                16.182859
           52.2               16.445092                16.037915
          52.38               16.324423                15.890398
          52.56               16.195137                15.74035
          52.74               16.057401                15.587825
          52.92               15.911398                15.432879
           53.1               15.757322                15.275579
          53.28               15.595376                15.115996
          53.46               15.42578                14.954206
          53.64               15.248762                14.790292
          53.82               15.064559                14.624343
             54               14.873421                14.45645
          54.18               14.675605                14.286711
          54.36               14.471379                14.115227
          54.54               14.261016                13.942104
          54.72               14.044799                13.76745
           54.9               13.823018                13.591378
          55.08               13.595968                13.414001
          55.26               13.363951                13.235438
          55.44               13.127272                13.055808
          55.62               12.886245                12.875233
           55.8               12.641183                12.693836
          55.98               12.392406                12.511741
          56.16               12.140235                12.329075
          56.34               11.884994                12.145962
          56.52               11.627008                11.96253
           56.7               11.366605                11.778906
          56.88               11.10411                11.595216
          57.06               10.839852                11.411586
          57.24               10.574157                11.228142
          57.42               10.307349                11.045009
           57.6               10.039753                10.86231
          57.78               9.7716902                10.680167
          57.96               9.5034784                10.498701
          58.14               9.2354333                10.31803
          58.32               8.9678665                10.13827
           58.5               8.7010852                9.9595371
          58.68               8.4353921                9.7819418
          58.86               8.1710845                9.6055936
          59.04               7.9084543                9.4305988
          59.22               7.6477872                9.2570609
           59.4               7.3893623                9.0850802
          59.58               7.1334522                8.9147536
          59.76               6.8803219                8.7461747
          59.94               6.6302289                8.5794337
          60.12               6.383423                8.4146169
           60.3               6.1401452                8.2518071
          60.48               5.9006285                8.0910831
          60.66               5.6650964                7.9325199
          60.84               5.4337638                7.7761883
          61.02               5.2068359                7.6221552
           61.2               4.9845082                7.4704835
          61.38               4.7669665                7.3212316
          61.56               4.5543865                7.1744541
          61.74               4.3469336                7.0302012
          61.92               4.144763                6.8885188
           62.1               3.9480192                6.7494486
          62.28               3.7568362                6.6130282
          62.46               3.5713371                6.4792908
          62.64               3.3916345                6.3482656
          62.82               3.21783                6.2199774
             63               3.0500142                6.0944471
          63.18               2.8882671                5.9716912
          63.36               2.7326575                5.8517225
          63.54               2.5832436                5.7345496
          63.72               2.4400726                5.6201772
           63.9               2.3031812                5.5086062
          64.08               2.1725953                5.3998339
          64.26               2.0483301                5.2938535
          64.44               1.9303905                5.1906551
          64.62               1.8187713                5.0902251
           64.8               1.7134568                4.9925463
          64.98               1.6144214                4.8975985
          65.16               1.52163                4.8053584
          65.34               1.4350375                4.7157993
          65.52               1.3545897                4.6288919
           65.7               1.2802233                4.5446038
          65.88               1.2118658                4.4629003
          66.06               1.1494365                4.3837437
          66.24               1.0928459                4.3070942
          66.42               1.0419967                4.2329096
           66.6               0.99678369                4.1611455
          66.78               0.95709433                4.0917556
          66.96               0.92280878                4.0246915
          67.14               0.89380041                3.9599032
          67.32               0.86993608                3.8973393
           67.5               0.85107648                3.8369465
          67.68               0.83707651                3.7786705
          67.86               0.82778558                3.7224556
          68.04               0.82304803                3.6682453
          68.22               0.82270343                3.6159819
           68.4               0.826587                3.5656071
          68.58               0.83452998                3.517062
          68.76               0.84635997                3.4702869
          68.94               0.86190132                3.425222
          69.12               0.88097553                3.3818071
           69.3               0.9034016                3.3399819
          69.48               0.92899643                3.2996862
          69.66               0.95757516                3.2608596
          69.84               0.98895159                3.2234421
          70.02               1.0229385                3.1873742
           70.2               1.0593481                3.1525965
          70.38               1.0979923                3.1190504
          70.56               1.138683                3.0866778
          70.74               1.1812329                3.0554213
          70.92               1.225455                3.0252245
           71.1               1.2711639                2.9960318
          71.28               1.3181753                2.9677885
          71.46               1.3663071                2.9404411
          71.64               1.4153789                2.9139373
          71.82               1.4652131                2.8882259
             72               1.5156345                2.863257
          72.18               1.5664711                2.8389821
          72.36               1.6175543                2.815354
          72.54               1.6687187                2.792327
          72.72               1.7198032                2.7698569
           72.9               1.7706503                2.747901
          73.08               1.8211071                2.7264182
          73.26               1.8710252                2.7053689
          73.44               1.9202608                2.6847153
          73.62               1.9686752                2.664421
           73.8               2.0161346                2.6444514
          73.98               2.0625106                2.6247737
          74.16               2.1076803                2.6053566
          74.34               2.1515262                2.5861704
          74.52               2.1939368                2.5671872
           74.7               2.2348062                2.548381
          74.88               2.2740344                2.5297271
          75.06               2.3115277                2.5112026
          75.24               2.3471981                2.4927863
          75.42               2.3809641                2.4744585
           75.6               2.4127502                2.4562013
          75.78               2.4424873                2.4379982
          75.96               2.4701124                2.4198342
          76.14               2.4955688                2.4016961
          76.32               2.5188063                2.3835718
           76.5               2.5397805                2.3654508
          76.68               2.5584536                2.3473242
          76.86               2.5747938                2.3291842
          77.04               2.5887755                2.3110243
          77.22               2.6003791                2.2928394
           77.4               2.6095908                2.2746256
          77.58               2.6164031                2.2563802
          77.76               2.6208139                2.2381014
          77.94               2.6228268                2.2197888
          78.12               2.6224513                2.2014427
           78.3               2.6197018                2.1830645
          78.48               2.6145985                2.1646566
          78.66               2.6071663                2.1462221
          78.84               2.5974353                2.127765
          79.02               2.5854404                2.1092898
           79.2               2.5712211                2.0908021
          79.38               2.5548213                2.0723077
          79.56               2.5362893                2.0538132
          79.74               2.5156775                2.0353258
          79.92               2.493042                2.0168528
           80.1               2.4684428                1.9984024
          80.28               2.4419433                1.9799827
          80.46               2.4136102                1.9616024
          80.64               2.3835132                1.9432703
          80.82               2.3517249                1.9249955
             81               2.3183206                1.9067872
          81.18               2.283378                1.8886546
          81.36               2.2469769                1.8706072
          81.54               2.2091991                1.8526544
          81.72               2.1701283                1.8348055
           81.9               2.1298497                1.8170699
          82.08               2.0884496                1.7994566
          82.26               2.0460157                1.7819748
          82.44               2.0026365                1.7646333
          82.62               1.9584011                1.7474408
           82.8               1.9133991                1.7304057
          82.98               1.8677204                1.7135362
          83.16               1.8214549                1.69684
          83.34               1.7746925                1.6803248
          83.52               1.7275224                1.6639977
           83.7               1.6800338                1.6478654
          83.88               1.6323147                1.6319345
          84.06               1.5844524                1.6162109
          84.24               1.5365331                1.6007001
          84.42               1.4886418                1.5854075
           84.6               1.440862                1.5703375
          84.78               1.3932757                1.5554947
          84.96               1.3459632                1.5408826
          85.14               1.2990028                1.5265046
          85.32               1.252471                1.5123636
           85.5               1.2064419                1.498462
          85.68               1.1609876                1.4848016
          85.86               1.1161778                1.471384
          86.04               1.0720795                1.45821
          86.22               1.0287574                1.4452802
           86.4               0.98627333                1.4325946
          86.58               0.94468654                1.4201528
          86.76               0.90405333                1.407954
          86.94               0.86442714                1.3959968
          87.12               0.82585845                1.3842797
           87.3               0.78839475                1.3728004
          87.48               0.75208045                1.3615566
          87.66               0.71695688                1.3505453
          87.84               0.68306226                1.3397632
          88.02               0.65043166                1.3292069
           88.2               0.61909698                1.3188724
          88.38               0.58908698                1.3087554
          88.56               0.56042725                1.2988515
          88.74               0.53314021                1.2891558
          88.92               0.50724516                1.2796634
           89.1               0.48275827                1.2703689
          89.28               0.45969262                1.2612667
          89.46               0.43805821                1.2523513
          89.64               0.41786206                1.2436168
          89.82               0.39910818                1.235057
             90               0.38179767                1.2266658
          90.18               0.36592877                1.218437
          90.36               0.35149691                1.2103641
          90.54               0.33849479                1.2024408
          90.72               0.32691242                1.1946603
           90.9               0.31673724                1.1870163
          91.08               0.30795418                1.179502
          91.26               0.30054573                1.1721109
          91.44               0.29449205                1.1648365
          91.62               0.28977104                1.1576722
           91.8               0.28635845                1.1506114
          91.98               0.28422796                1.1436479
          92.16               0.28335129                1.1367751
          92.34               0.28369829                1.1299868
          92.52               0.28523707                1.1232769
           92.7               0.28793404                1.1166394
          92.88               0.2917541                1.1100683
          93.06               0.29666068                1.1035578
          93.24               0.30261586                1.0971025
          93.42               0.30958049                1.0906968
           93.6               0.31751431                1.0843355
          93.78               0.32637601                1.0780134
          93.96               0.33612339                1.0717258
          94.14               0.34671341                1.0654679
          94.32               0.35810235                1.0592352
           94.5               0.37024588                1.0530234
          94.68               0.38309917                1.0468286
          94.86               0.396617                1.0406467
          95.04               0.41075384                1.0344742
          95.22               0.42546398                1.0283077
           95.4               0.44070158                1.022144
          95.58               0.45642081                1.0159801
          95.76               0.47257591                1.0098133
          95.94               0.48912129                1.003641
          96.12               0.50601162                0.99746098
           96.3               0.52320191                0.99127115
          96.48               0.54064757                0.98506964
          96.66               0.55830452                0.9788548
          96.84               0.57612925                0.9726252
          97.02               0.59407889                0.96637959
           97.2               0.61211127                0.96011696
          97.38               0.63018501                0.95383647
          97.56               0.64825953                0.94753746
          97.74               0.66629519                0.94121949
          97.92               0.68425324                0.93488227
           98.1               0.70209596                0.9285257
          98.28               0.71978667                0.92214983
          98.46               0.73728978                0.91575488
          98.64               0.7545708                0.90934122
          98.82               0.77159642                0.90290936
             99               0.78833454                0.89645995
          99.18               0.80475425                0.88999377
          99.36               0.82082594                0.88351172
          99.54               0.83652122                0.87701481
          99.72               0.85181304                0.87050417
           99.9               0.86667564                0.86398101
         100.08               0.88108457                0.85744665
         100.26               0.89501675                0.85090248
         100.44               0.90845041                0.84434996
         100.62               0.92136514                0.83779065
          100.8               0.93374187                0.83122615
         100.98               0.94556288                0.8246581
         101.16               0.95681178                0.81808822
         101.34               0.96747354                0.81151826
         101.52               0.97753443                0.80495
          101.7               0.98698204                0.79838524
         101.88               0.99580526                0.79182584
         102.06               1.0039943                0.78527364
         102.24               1.0115405                0.77873052
         102.42               1.0184367                0.77219834
          102.6               1.0246768                0.76567899
         102.78               1.0302558                0.75917435
         102.96               1.03517                0.7526863
         103.14               1.039417                0.74621669
         103.32               1.0429953                0.73976739
          103.5               1.0459046                0.73334024
         103.68               1.0481455                0.72693705
         103.86               1.04972                0.72055963
         104.04               1.0506308                0.71420977
         104.22               1.0508816                0.70788922
          104.4               1.0504771                0.70159971
         104.58               1.049423                0.69534294
         104.76               1.0477258                0.68912061
         104.94               1.0453927                0.68293436
         105.12               1.0424319                0.67678581
          105.3               1.0388524                0.67067657
         105.48               1.0346637                0.6646082
         105.66               1.0298762                0.65858223
         105.84               1.024501                0.6526002
         106.02               1.0185496                0.64666358
          106.2               1.0120345                0.64077385
         106.38               1.0049683                0.63493244
         106.56               0.99736456                0.62914078
         106.74               0.98923706                0.62340026
         106.92               0.98060018                0.61771227
          107.1               0.97146872                0.61207817
         107.28               0.96185789                0.60649931
         107.46               0.9517833                0.60097703
         107.64               0.94126088                0.59551266
         107.82               0.93030693                0.59010751
            108               0.918938                0.5847629
         108.18               0.90717094                0.57948012
         108.36               0.89502284                0.57426049
         108.54               0.88251101                0.56910532
         108.72               0.86965295                0.5640159
          108.9               0.85646633                0.55899355
         109.08               0.84296898                0.55403958
         109.26               0.82917885                0.54915531
         109.44               0.815114                0.54434209
         109.62               0.80079256                0.53960125
          109.8               0.78623274                0.53493415
         109.98               0.7714528                0.53034217
         110.16               0.75647103                0.52582667
         110.34               0.74130571                0.52138908
         110.52               0.72597515                0.5170308
          110.7               0.71049762                0.51275328
         110.88               0.69489135                0.50855796
         111.06               0.67917456                0.50444633
         111.24               0.66336535                0.50041986
         111.42               0.6474818                0.49648008
          111.6               0.63154187                0.49262852
         111.78               0.61556343                0.48886671
         111.96               0.59956426                0.48519622
         112.14               0.58356198                0.48161863
         112.32               0.56757412                0.47813554
          112.5               0.55161806                0.47474855
         112.68               0.535711                0.47145928
         112.86               0.51987003                0.46826936
         113.04               0.50411204                0.46518042
         113.22               0.48845375                0.46219412
          113.4               0.47291172                0.45931208
         113.58               0.45750229                0.45653596
         113.76               0.44224161                0.45386739
         113.94               0.42714563                0.45130802
         114.12               0.4122301                0.44885946
          114.3               0.39751051                0.44652334
         114.48               0.38300217                0.44430123
         114.66               0.36872012                0.44219473
         114.84               0.35467918                0.44020538
         115.02               0.34089392                0.4383347
          115.2               0.32737863                0.43658417
         115.38               0.31414738                0.43495525
         115.56               0.30121394                0.43344935
         115.74               0.28859181                0.43206783
         115.92               0.27629422                0.43081199
          116.1               0.26433409                0.42968308
         116.28               0.25272406                0.42868231
         116.46               0.24147645                0.42781078
         116.64               0.23060327                0.42706956
         116.82               0.22011624                0.42645961
            117               0.2100267                0.42598184
         117.18               0.20034569                0.42563706
         117.36               0.19108391                0.42542596
         117.54               0.18225168                0.42534919
         117.72               0.17385898                0.42540725
          117.9               0.16591542                0.42560056
         118.08               0.15843024                0.42592942
         118.26               0.15141228                0.42639402
         118.44               0.14486999                0.42699441
         118.62               0.13881143                0.42773055
          118.8               0.13324424                0.42860224
         118.98               0.12817565                0.42960916
         119.16               0.12361245                0.43075086
         119.34               0.119561                0.43202674
         119.52               0.11602723                0.43343604
          119.7               0.11301659                0.4349779
         119.88               0.1105341                0.43665125
         120.06               0.10858429                0.43845491
         120.24               0.10717121                0.44038753
         120.42               0.10629845                0.44244758
          120.6               0.10596909                0.44463342
         120.78               0.10618571                0.44694318
         120.96               0.10695039                0.44937488
         121.14               0.1082647                0.45192636
         121.32               0.11012968                0.45459526
          121.5               0.11254585                0.4573791
         121.68               0.1155132                0.4602752
         121.86               0.11903118                0.46328072
         122.04               0.1230987                0.46639265
         122.22               0.12771412                0.46960782
          122.4               0.13287526                0.47292287
         122.58               0.13857936                0.4763343
         122.76               0.14482314                0.47983842
         122.94               0.15160274                0.4834314
         123.12               0.15891373                0.48710923
          123.3               0.16675113                0.49086775
         123.48               0.1751094                0.49470265
         123.66               0.18398243                0.49860943
         123.84               0.19336354                0.50258349
         124.02               0.20324551                0.50662006
          124.2               0.21362053                0.51071421
         124.38               0.22448027                0.5148609
         124.56               0.23581581                0.51905495
         124.74               0.24761771                0.52329103
         124.92               0.25987596                0.52756372
          125.1               0.27258004                0.53186744
         125.28               0.28571888                0.53619654
         125.46               0.29928088                0.54054524
         125.64               0.31325393                0.54490765
         125.82               0.32762543                0.54927782
            126               0.34238225                0.55364967
         126.18               0.35751079                0.55801708
         126.36               0.37299696                0.56237383
         126.54               0.38882623                0.56671365
         126.72               0.40498358                0.5710302
          126.9               0.42145359                0.5753171
         127.08               0.43822038                0.57956793
         127.26               0.45526767                0.58377622
         127.44               0.47257881                0.5879355
         127.62               0.49013673                0.59203927
          127.8               0.50792403                0.59608101
         127.98               0.52592295                0.60005422
         128.16               0.5441154                0.60395242
         128.34               0.56248299                0.60776911
         128.52               0.58100706                0.61149786
          128.7               0.59966864                0.61513224
         128.88               0.61844855                0.61866591
         129.06               0.63732738                0.62209254
         129.24               0.65628548                0.62540591
         129.42               0.67530307                0.62859984
          129.6               0.69436017                0.63166824
         129.78               0.71343668                0.63460513
         129.96               0.73251238                0.63740462
         130.14               0.75156698                0.64006093
         130.32               0.77058009                0.64256841
          130.5               0.7895313                0.64492154
         130.68               0.80840019                0.64711493
         130.86               0.82716633                0.64914335
         131.04               0.84580932                0.65100171
         131.22               0.86430885                0.65268509
          131.4               0.88264465                0.65418878
         131.58               0.90079659                0.65550819
         131.76               0.91874466                0.65663897
         131.94               0.936469                0.65757696
         132.12               0.95394994                0.65831819
          132.3               0.97116804                0.65885892
         132.48               0.98810406                0.65919562
         132.66               1.004739                0.659325
         132.84               1.0210543                0.659244
         133.02               1.0370314                0.65894981
          133.2               1.0526524                0.65843987
         133.38               1.0678995                0.65771187
         133.56               1.0827554                0.65676375
         133.74               1.0972032                0.65559375
         133.92               1.1112265                0.65420036
          134.1               1.1248091                0.65258234
         134.28               1.1379355                0.65073875
         134.46               1.1505905                0.64866895
         134.64               1.1627597                0.64637255
         134.82               1.1744289                0.6438495
            135               1.1855846                0.64110002
         135.18               1.1962138                0.63812464
         135.36               1.2063043                0.6349242
         135.54               1.2158441                0.63149985
         135.72               1.2248223                0.62785304
          135.9               1.2332282                0.62398554
         136.08               1.241052                0.61989942
         136.26               1.2482845                0.61559708
         136.44               1.2549171                0.61108123
         136.62               1.260942                0.60635489
          136.8               1.266352                0.6014214
         136.98               1.2711408                0.59628441
         137.16               1.2753026                0.59094791
         137.34               1.2788323                0.58541615
         137.52               1.2817259                0.57969375
          137.7               1.2839796                0.5737856
         137.88               1.2855909                0.56769693
         138.06               1.2865576                0.56143323
         138.24               1.2868786                0.55500034
         138.42               1.2865533                0.54840438
          138.6               1.2855821                0.54165176
         138.78               1.283966                0.53474919
         138.96               1.2817069                0.52770366
         139.14               1.2788073                0.52052247
         139.32               1.2752706                0.51321315
          139.5               1.271101                0.50578356
         139.68               1.2663033                0.49824178
         139.86               1.2608832                0.49059618
         140.04               1.2548471                0.48285538
         140.22               1.2482022                0.47502824
          140.4               1.2409563                0.46712389
         140.58               1.2331181                0.45915165
         140.76               1.224697                0.45112112
         140.94               1.215703                0.44304209
         141.12               1.2061469                0.43492458
          141.3               1.1960402                0.42677879
         141.48               1.185395                0.41861515
         141.66               1.1742243                0.41044427
         141.84               1.1625415                0.40227692
         142.02               1.1503607                0.39412407
          142.2               1.1376967                0.38599684
         142.38               1.1245649                0.3779065
         142.56               1.1109814                0.36986448
         142.74               1.0969626                0.36188232
         142.92               1.0825258                0.35397171
          143.1               1.0676885                0.34614443
         143.28               1.0524691                0.3384124
         143.46               1.0368863                0.33078761
         143.64               1.0209593                0.32328213
         143.82               1.0047077                0.31590812
            144               0.9881518                0.30867779
         144.18               0.9713121                0.30160344
         144.36               0.95420959                0.29469736
         144.54               0.93686565                0.28797191
         144.72               0.91930204                0.28143945
          144.9               0.90154082                0.27511238
         145.08               0.88360441                0.26900308
         145.26               0.86551551                0.26312391
         145.44               0.8472971                0.25748723
         145.62               0.82897241                0.25210536
          145.8               0.81056491                0.24699059
         145.98               0.79209824                0.24215512
         146.16               0.77359626                0.23761114
         146.34               0.75508298                0.23337073
         146.52               0.73658251                0.22944588
          146.7               0.71811911                0.22584852
         146.88               0.69971711                0.22259044
         147.06               0.68140089                0.21968334
         147.24               0.66319488                0.21713877
         147.42               0.64512351                0.21496815
          147.6               0.62721122                0.21318278
         147.78               0.60948241                0.21179378
         147.96               0.59196139                0.2108121
         148.14               0.57467244                0.21024854
         148.32               0.5576397                0.21011368
          148.5               0.54088719                0.21041794
         148.68               0.52443879                0.21117152
         148.86               0.50831819                0.21238441
         149.04               0.4925489                0.21406638
         149.22               0.47715421                0.21622699
          149.4               0.46215716                0.21887552
         149.58               0.44758055                0.22202105
         149.76               0.43344689                0.22567238
         149.94               0.41977837                0.22983806
         150.12               0.4065969                0.23452636
          150.3               0.39392401                0.23974528
         150.48               0.3817809                0.24550254
         150.66               0.37018837                0.25180558
         150.84               0.35916683                0.25866152
         151.02               0.34873627                0.26607719
          151.2               0.33891627                0.27405912
         151.38               0.32972592                0.2826135
         151.56               0.32118389                0.29174623
         151.74               0.31330834                0.30146287
         151.92               0.30611694                0.31176864
          152.1               0.29962684                0.32266844
         152.28               0.29385469                0.33416682
         152.46               0.28881657                0.34626799
         152.64               0.28452802                0.35897581
         152.82               0.28100402                0.3722938
            153               0.27825897                0.3862251
         153.18               0.27630669                0.40077251
         153.36               0.27516037                0.41593847
         153.54               0.27483264                0.43172503
         153.72               0.27533546                0.44813391
          153.9               0.27668021                0.46516643
         154.08               0.27887759                0.48282356
         154.26               0.28193769                0.50110589
         154.44               0.28586993                0.52001363
         154.62               0.29068309                0.53954663
          154.8               0.29638526                0.55970435
         154.98               0.30298389                0.58048588
         155.16               0.31048574                0.60188994
         155.34               0.3188969                0.62391487
         155.52               0.32822277                0.64655862
          155.7               0.33846808                0.66981879
         155.88               0.34963685                0.69369259
         156.06               0.36173244                0.71817686
         156.24               0.37475751                0.74326807
         156.42               0.38871401                0.76896231
          156.6               0.40360324                0.79525532
         156.78               0.41942577                0.82214247
         156.96               0.43618151                0.84961874
         157.14               0.45386967                0.87767878
         157.32               0.47248878                0.90631687
          157.5               0.49203667                0.93552693
         157.68               0.51251053                0.96530253
         157.86               0.53390682                0.99563689
         158.04               0.55622139                1.0265229
         158.22               0.57944937                1.0579531
          158.4               0.60358526                1.0899197
         158.58               0.62862289                1.1224145
         158.76               0.65455544                1.155429
         158.94               0.68137546                1.1889546
         159.12               0.70907485                1.2229821
          159.3               0.73764488                1.257502
         159.48               0.76707621                1.2925047
         159.66               0.79735888                1.3279801
         159.84               0.82848231                1.3639178
         160.02               0.86043536                1.4003073
          160.2               0.89320627                1.4371377
         160.38               0.92678272                1.4743977
         160.56               0.96115182                1.5120759
         160.74               0.99630011                1.5501606
         160.92               1.0322136                1.5886398
          161.1               1.0688778                1.6275012
         161.28               1.1062776                1.6667324
         161.46               1.1443975                1.7063205
         161.64               1.1832214                1.7462527
         161.82               1.2227327                1.7865158
            162               1.2629145                1.8270963
         162.18               1.3037492                1.8679806
         162.36               1.3452189                1.9091549
         162.54               1.3873052                1.9506052
         162.72               1.4299893                1.9923171
          162.9               1.473252                2.0342764
         163.08               1.5170738                2.0764685
         163.26               1.5614345                2.1188786
         163.44               1.6063139                2.1614917
         163.62               1.6516912                2.2042929
          163.8               1.6975455                2.247267
         163.98               1.7438552                2.2903986
         164.16               1.7905987                2.3336722
         164.34               1.837754                2.3770723
         164.52               1.8852988                2.4205832
          164.7               1.9332107                2.4641891
         164.88               1.9814667                2.507874
         165.06               2.0300439                2.551622
         165.24               2.078919                2.5954171
         165.42               2.1280686                2.6392431
          165.6               2.1774689                2.6830838
         165.78               2.2270961                2.726923
         165.96               2.2769263                2.7707443
         166.14               2.3269352                2.8145315
         166.32               2.3770986                2.8582681
          166.5               2.4273921                2.9019379
         166.68               2.4777911                2.9455243
         166.86               2.5282711                2.9890109
         167.04               2.5788074                3.0323814
         167.22               2.6293752                3.0756194
          167.4               2.6799498                3.1187084
         167.58               2.7305063                3.1616321
         167.76               2.7810199                3.2043743
         167.94               2.8314659                3.2469185
         168.12               2.8818192                3.2892487
          168.3               2.9320553                3.3313485
         168.48               2.9821493                3.3732019
         168.66               3.0320765                3.4147928
         168.84               3.0818123                3.4561053
         169.02               3.1313322                3.4971235
          169.2               3.1806116                3.5378317
         169.38               3.2296264                3.578214
         169.56               3.2783522                3.618255
         169.74               3.3267649                3.6579392
         169.92               3.3748407                3.6972513
          170.1               3.4225558                3.736176
         170.28               3.4698866                3.7746982
         170.46               3.5168097                3.8128032
         170.64               3.5633018                3.850476
         170.82               3.60934                3.887702
            171               3.6549016                3.9244668
         171.18               3.699964                3.9607562
         171.36               3.7445049                3.9965559
         171.54               3.7885022                4.031852
         171.72               3.8319344                4.0666309
          171.9               3.8747798                4.1008789
         172.08               3.9170174                4.1345827
         172.26               3.9586262                4.1677292
         172.44               3.9995856                4.2003054
         172.62               4.0398756                4.2322986
          172.8               4.0794761                4.2636963
         172.98               4.1183676                4.2944862
         173.16               4.156531                4.3246564
         173.34               4.1939474                4.3541949
         173.52               4.2305983                4.3830904
          173.7               4.2664656                4.4113314
         173.88               4.3015318                4.4389069
         174.06               4.3357794                4.4658061
         174.24               4.3691917                4.4920185
         174.42               4.4017522                4.5175338
          174.6               4.4334448                4.542342
         174.78               4.4642539                4.5664335
         174.96               4.4941644                4.5897987
         175.14               4.5231615                4.6124285
         175.32               4.551231                4.634314
          175.5               4.5783591                4.6554467
         175.68               4.6045325                4.6758183
         175.86               4.6297382                4.6954208
         176.04               4.6539639                4.7142465
         176.22               4.6771977                4.7322879
          176.4               4.6994282                4.7495381
         176.58               4.7206445                4.7659903
         176.76               4.7408361                4.781638
         176.94               4.7599932                4.7964751
         177.12               4.7781063                4.8104957
          177.3               4.7951666                4.8236944
         177.48               4.8111657                4.836066
         177.66               4.8260957                4.8476055
         177.84               4.8399493                4.8583086
         178.02               4.8527198                4.8681709
          178.2               4.8644008                4.8771887
         178.38               4.8749867                4.8853583
         178.56               4.8844723                4.8926766
         178.74               4.8928529                4.8991407
         178.92               4.9001244                4.9047481
          179.1               4.9062832                4.9094965
         179.28               4.9113264                4.9133842
         179.46               4.9152514                4.9164094
         179.64               4.9180563                4.9185712
         179.82               4.9197399                4.9198686
