Prolate_spheroid__c=4__b=0.3675525969479__a=2*b


zshift     = 0
wavelength = 1
radiusParam.nPoints  =  160
radiusParam.start    =  0.0004
radiusParam.end      =  0.735105
thetaParam.nPoints   =  240
thetaParam.start     =  0
thetaParam.end       =  3.14159
phiParam.nPoints     =  38
phiParam.start       =  0
phiParam.end         =  6.28319
maxL                 =  14
symmetry             =  axial


~~~~~~~~~~~~~~~~~~  T  M a t r i c e s  ~~~~~~~~~~~~~~~~~~~~~~~~~~
n  =   1   1   0
np =   1   1   0
     (-0.66748,0.469524) (-1.21111e-17,3.379e-18)
(-1.21114e-17,3.37894e-18)     (-0.499483,0.431995)


n  =   1   1   0
np =   2   1   0
(-1.56952e-17,2.65902e-19)  (-0.0339017,0.000872545)
    (0.245296,-0.0340624) (1.81457e-17,3.79229e-18)


n  =   1   1   0
np =   3   1   0
   (-0.00977116,0.0077355) (-1.80477e-17,4.54945e-18)
(-6.15706e-18,-9.81372e-18)      (0.0140701,0.0126679)


n  =   1   1   0
np =   4   1   0
 (-6.42068e-18,2.9157e-18)   (0.00883708,-0.00786743)
    (0.039294,-0.00825976) (-5.93296e-18,5.52167e-18)


n  =   1   1   0
np =   5   1   0
   (0.0054882,-0.00357948) (-1.5204e-18,-3.86331e-19)
(-5.6876e-19,-1.28439e-18)   (0.00809497,-0.00231925)


n  =   1   1   0
np =   6   1   0
(-6.08975e-19,3.08721e-19)  (0.00238731,-0.00164181)
(0.00268102,-0.000549214) (-4.69934e-19,1.3153e-19)


n  =   1   1   0
np =   7   1   0
(0.000528689,-0.000347625) (-1.87633e-19,2.03524e-20)
(-7.54046e-20,-7.23351e-20) (0.000681341,-0.000236676)


n  =   1   1   0
np =   8   1   0
(-3.92969e-20,2.19474e-20) (0.000194032,-0.000127088)
(0.000106571,-1.88468e-05) (-4.91674e-20,9.16536e-21)


n  =   1   1   0
np =   9   1   0
(2.44984e-05,-1.61217e-05) (-1.30452e-20,3.76793e-21)
(-6.28756e-21,-1.53539e-21) (2.97644e-05,-1.05904e-05)


n  =   1   1   0
np =   10   1   0
(-1.61651e-21,9.42637e-22) (8.54424e-06,-5.48655e-06)
(2.81304e-06,-3.82563e-07) (-3.73979e-21,8.99767e-22)


n  =   1   1   0
np =   11   1   0
(7.17199e-07,-4.71812e-07) (-5.43068e-22,2.14889e-22)
(-2.89484e-22,2.36748e-23) (8.23576e-07,-2.86567e-07)


n  =   1   1   0
np =   12   1   0
(-4.77075e-23,2.86255e-23) (2.43626e-07,-1.54733e-07)
 (5.29423e-08,-4.3361e-09) (-1.43356e-22,3.35901e-23)


n  =   1   1   0
np =   13   1   0
(1.47854e-08,-9.72092e-09) (-1.7351e-23,8.66481e-24)
(-7.52462e-24,1.45971e-24) (1.5722e-08,-5.20203e-09)


n  =   1   1   0
np =   14   1   0
(-1.03158e-24,6.33935e-25) (4.9331e-09,-3.10992e-09)
(7.44501e-10,-8.78548e-12) (-3.24249e-24,7.5043e-25)


n  =   2   1   0
np =   1   1   0
(-1.56948e-17,2.65472e-19)     (0.245296,-0.0340624)
 (-0.0339017,0.000872545) (1.81457e-17,3.79228e-18)


n  =   2   1   0
np =   2   1   0
        (-0.372317,0.40264) (-2.77758e-17,-5.94076e-19)
(-2.77757e-17,-5.94165e-19)        (-0.352058,0.467055)


n  =   2   1   0
np =   3   1   0
(2.71539e-17,-1.92281e-17)     (-0.0526066,0.0363999)
    (0.0537929,-0.0513122) (-8.01058e-18,2.95032e-18)


n  =   2   1   0
np =   4   1   0
   (-0.0551914,0.0538058) (3.93171e-18,3.88833e-19)
(-5.96924e-18,3.59486e-19)    (-0.0338031,0.0441364)


n  =   2   1   0
np =   5   1   0
(3.40951e-18,-1.32429e-18)   (-0.0120296,0.00653083)
   (0.0101234,-0.0100213) (-3.25367e-18,2.8307e-18)


n  =   2   1   0
np =   6   1   0
  (-0.00373287,0.00340078) (7.32435e-19,-5.49207e-20)
(-6.77003e-19,2.64795e-19) (-0.000702541,0.000924339)


n  =   2   1   0
np =   7   1   0
(2.75869e-19,-1.05774e-19) (-0.000919617,0.000419727)
(0.000750322,-0.000752872) (-3.41402e-19,3.09809e-19)


n  =   2   1   0
np =   8   1   0
(-0.000150039,0.000128613) (7.56322e-20,-1.88586e-20)
(-4.86729e-20,3.17084e-20) (5.45492e-05,-6.93678e-05)


n  =   2   1   0
np =   9   1   0
(1.47573e-20,-6.78035e-21)   (-3.906e-05,1.44403e-05)
(3.18261e-05,-3.21126e-05) (-2.51996e-20,2.52976e-20)


n  =   2   1   0
np =   10   1   0
(-4.04362e-06,3.25683e-06) (5.28159e-21,-2.40857e-21)
 (-2.2181e-21,1.80781e-21) (4.25721e-06,-5.44619e-06)


n  =   2   1   0
np =   11   1   0
(5.11258e-22,-2.54156e-22) (-1.07397e-06,2.94034e-07)
(8.93123e-07,-9.03099e-07) (-9.41045e-22,9.49365e-22)


n  =   2   1   0
np =   12   1   0
(-7.83808e-08,5.90164e-08) (2.03938e-22,-1.08188e-22)
(-6.81017e-23,6.21326e-23) (1.48514e-07,-1.90183e-07)


n  =   2   1   0
np =   13   1   0
(1.17498e-23,-6.05886e-24) (-2.05734e-08,3.25945e-09)
(1.79718e-08,-1.81806e-08) (-2.07884e-23,2.02748e-23)


n  =   2   1   0
np =   14   1   0
 (-1.1457e-09,7.98836e-10) (4.67693e-24,-2.36845e-24)
(-1.43223e-24,1.37508e-24) (3.37254e-09,-4.31445e-09)


n  =   3   1   0
np =   1   1   0
    (-0.00977116,0.0077355) (-6.15705e-18,-9.81361e-18)
 (-1.80477e-17,4.54942e-18)       (0.0140701,0.0126679)


n  =   3   1   0
np =   2   1   0
(2.71537e-17,-1.92278e-17)     (0.0537929,-0.0513122)
    (-0.0526066,0.0363999) (-8.01058e-18,2.95029e-18)


n  =   3   1   0
np =   3   1   0
     (-0.0488636,0.196047) (4.82139e-18,-1.75159e-18)
 (4.8214e-18,-1.75166e-18)      (-0.0851098,0.267303)


n  =   3   1   0
np =   4   1   0
(7.43317e-18,-1.61308e-17)    (-0.00648657,0.0364793)
   (-0.0078608,0.00493989) (4.21578e-18,-9.97088e-18)


n  =   3   1   0
np =   5   1   0
   (-0.00762546,0.0295974) (1.86252e-18,-2.23153e-18)
  (7.3769e-19,1.25978e-19)     (-0.0138708,0.0409411)


n  =   3   1   0
np =   6   1   0
 (7.8423e-19,-2.0572e-18)  (-0.00178447,0.00669179)
(-0.000426772,-0.000109313) (4.6363e-19,-4.72969e-19)


n  =   3   1   0
np =   7   1   0
 (-0.000529753,0.00201678) (2.19422e-19,-4.23563e-19)
 (5.39228e-20,3.24672e-20)   (-0.00100889,0.00285569)


n  =   3   1   0
np =   8   1   0
(4.91955e-20,-1.44016e-19)  (-0.000141727,0.0004871)
(-1.12834e-05,-2.8507e-05) (2.8572e-20,-2.51696e-22)


n  =   3   1   0
np =   9   1   0
 (-2.17683e-05,8.1812e-05) (1.60793e-20,-3.97532e-20)
 (2.59946e-21,1.72253e-21)  (-4.33386e-05,0.00011845)


n  =   3   1   0
np =   10   1   0
(1.95907e-21,-6.03831e-21) (-6.15497e-06,2.03264e-05)
(-1.16991e-07,-1.52888e-06) (1.73974e-21,-8.06355e-22)


n  =   3   1   0
np =   11   1   0
 (-5.9992e-07,2.23369e-06) (7.03386e-22,-2.00988e-21)
 (8.02874e-23,6.31987e-23) (-1.23838e-06,3.27891e-06)


n  =   3   1   0
np =   12   1   0
(5.36619e-23,-1.70036e-22) (-1.73781e-07,5.60028e-07)
(1.87241e-09,-4.63881e-08) (8.16069e-23,-1.06425e-22)


n  =   3   1   0
np =   13   1   0
(-1.19375e-08,4.41272e-08) (1.97279e-23,-6.12054e-23)
 (1.59346e-24,1.95951e-24) (-2.50747e-08,6.43046e-08)


n  =   3   1   0
np =   14   1   0
 (1.05082e-24,-3.3932e-24) (-3.49013e-09,1.10486e-08)
(9.59314e-11,-9.55349e-10) (2.44031e-24,-4.47722e-24)


n  =   4   1   0
np =   1   1   0
(-6.42062e-18,2.91574e-18)     (0.039294,-0.00825976)
  (0.00883708,-0.00786743) (-5.93299e-18,5.52165e-18)


n  =   4   1   0
np =   2   1   0
    (-0.0551914,0.0538058) (-5.96926e-18,3.59516e-19)
 (3.93176e-18,3.88685e-19)     (-0.0338031,0.0441364)


n  =   4   1   0
np =   3   1   0
(7.43318e-18,-1.61308e-17)    (-0.0078608,0.00493989)
   (-0.00648657,0.0364793) (4.21579e-18,-9.97096e-18)


n  =   4   1   0
np =   4   1   0
   (-0.00901393,0.0349281) (1.45504e-18,-2.51082e-18)
(1.45506e-18,-2.51084e-18)     (-0.0112036,0.0793194)


n  =   4   1   0
np =   5   1   0
(1.15425e-18,-4.58229e-18)  (-0.00205785,0.00699783)
  (-0.0010146,0.00649442) (9.99981e-19,-5.1909e-18)


n  =   4   1   0
np =   6   1   0
(-0.000668271,0.00429804) (2.9246e-19,-8.93239e-19)
(1.46262e-19,-4.18622e-19)   (-0.00134254,0.0117115)


n  =   4   1   0
np =   7   1   0
 (9.06957e-20,-4.3475e-19) (-0.000173596,0.000940809)
(-6.90574e-05,0.000460557) (9.48616e-20,-5.22603e-19)


n  =   4   1   0
np =   8   1   0
(-2.93761e-05,0.000255965) (2.61184e-20,-1.00093e-19)
(8.46992e-21,-3.36665e-20)  (-8.42569e-05,0.00079293)


n  =   4   1   0
np =   9   1   0
 (4.38535e-21,-2.1957e-20) (-8.08465e-06,5.78784e-05)
(-2.78268e-06,1.87535e-05)  (5.3482e-21,-3.42962e-20)


n  =   4   1   0
np =   10   1   0
(-8.64681e-07,9.30924e-06) (1.46849e-21,-5.83873e-21)
(3.07264e-22,-1.54544e-21) (-3.28074e-06,3.20116e-05)


n  =   4   1   0
np =   11   1   0
(1.40182e-22,-7.08075e-22) (-2.43765e-07,2.13325e-06)
 (-7.5368e-08,5.06267e-07) (2.30551e-22,-1.59968e-21)


n  =   4   1   0
np =   12   1   0
 (-1.8306e-08,2.31432e-07) (5.09299e-23,-2.09246e-22)
(7.59593e-24,-4.49408e-23) (-8.70788e-08,8.66777e-07)


n  =   4   1   0
np =   13   1   0
(3.09592e-24,-1.61588e-23) (-5.16185e-09,5.33395e-08)
(-1.47716e-09,9.82077e-09) (7.32459e-24,-5.30468e-23)


n  =   4   1   0
np =   14   1   0
(-2.92731e-10,4.21145e-09) (1.13734e-24,-4.96236e-24)
(1.36959e-25,-8.83976e-25)  (-1.67076e-09,1.6847e-08)


n  =   5   1   0
np =   1   1   0
    (0.0054882,-0.00357948) (-5.68766e-19,-1.28439e-18)
(-1.52039e-18,-3.86336e-19)    (0.00809497,-0.00231925)


n  =   5   1   0
np =   2   1   0
(3.4095e-18,-1.32427e-18)    (0.0101234,-0.0100213)
  (-0.0120296,0.00653083) (-3.25367e-18,2.8307e-18)


n  =   5   1   0
np =   3   1   0
 (-0.00762546,0.0295974) (7.3769e-19,1.25971e-19)
(1.86252e-18,-2.23155e-18)   (-0.0138708,0.0409411)


n  =   5   1   0
np =   4   1   0
(1.15425e-18,-4.58229e-18)    (-0.0010146,0.00649442)
  (-0.00205785,0.00699783) (9.99976e-19,-5.19093e-18)


n  =   5   1   0
np =   5   1   0
  (-0.00127684,0.00698453) (2.99789e-19,-8.73387e-19)
(2.99789e-19,-8.73395e-19)     (-0.00248387,0.017112)


n  =   5   1   0
np =   6   1   0
(1.30297e-19,-8.15948e-19)   (-0.000308411,0.0016493)
(-0.000141045,0.000973848) (1.54457e-19,-1.37492e-18)


n  =   5   1   0
np =   7   1   0
(-9.07914e-05,0.000615138) (3.77029e-20,-1.76172e-19)
(2.29539e-20,-9.86904e-20)  (-0.000192351,0.00195101)


n  =   5   1   0
np =   8   1   0
(8.46502e-21,-5.96305e-20) (-2.49736e-05,0.000145254)
(-5.52875e-06,6.11728e-05) (1.15677e-20,-1.27983e-19)


n  =   5   1   0
np =   9   1   0
(-3.77557e-06,2.96952e-05) (2.82149e-21,-1.46128e-20)
(1.09104e-21,-5.64269e-21) (-8.69682e-06,0.000112133)


n  =   5   1   0
np =   10   1   0
(3.43055e-22,-2.48186e-21)  (-1.0946e-06,6.94554e-06)
(-1.42194e-07,2.28684e-06) (6.26422e-22,-6.87631e-21)


n  =   5   1   0
np =   11   1   0
(-1.04828e-07,9.22173e-07) (1.23457e-22,-6.78055e-22)
 (3.4063e-23,-1.97116e-22) (-2.59926e-07,3.97523e-06)


n  =   5   1   0
np =   12   1   0
(9.50835e-24,-6.85649e-23) (-3.10896e-08,2.13165e-07)
(-2.58214e-09,5.77712e-08) (2.41396e-23,-2.47556e-22)


n  =   5   1   0
np =   13   1   0
(-2.09677e-09,2.01517e-08)   (3.4807e-24,-1.9994e-23)
(7.21467e-25,-4.61988e-24) (-5.49629e-09,9.63864e-08)


n  =   5   1   0
np =   14   1   0
(1.88022e-25,-1.34839e-24) (-6.27275e-10,4.61056e-09)
(-3.47174e-11,1.06398e-09) (6.34898e-25,-6.40874e-24)


n  =   6   1   0
np =   1   1   0
(-6.08972e-19,3.08725e-19)  (0.00268102,-0.000549214)
  (0.00238731,-0.00164181) (-4.69935e-19,1.31514e-19)


n  =   6   1   0
np =   2   1   0
  (-0.00373287,0.00340078) (-6.77004e-19,2.64799e-19)
(7.32434e-19,-5.49065e-20) (-0.000702541,0.000924339)


n  =   6   1   0
np =   3   1   0
 (7.84232e-19,-2.05721e-18) (-0.000426772,-0.000109313)
   (-0.00178447,0.00669179)  (4.63632e-19,-4.72984e-19)


n  =   6   1   0
np =   4   1   0
 (-0.000668271,0.00429804) (1.46261e-19,-4.18621e-19)
  (2.9246e-19,-8.9324e-19)    (-0.00134254,0.0117115)


n  =   6   1   0
np =   5   1   0
(1.30297e-19,-8.15946e-19) (-0.000141045,0.000973848)
  (-0.000308411,0.0016493) (1.54457e-19,-1.37492e-18)


n  =   6   1   0
np =   6   1   0
 (-5.36275e-05,0.00072306) (3.34015e-20,-1.83271e-19)
 (3.34015e-20,-1.8327e-19)  (-0.000207425,0.00279497)


n  =   6   1   0
np =   7   1   0
(1.01314e-20,-9.28043e-20) (-1.31947e-05,0.000165737)
(-2.20214e-05,0.000151163) (1.70231e-20,-2.50098e-19)


n  =   6   1   0
np =   8   1   0
(-2.52183e-06,5.22698e-05) (2.93025e-21,-2.14195e-20)
(2.16485e-21,-1.50113e-20) (-1.44339e-05,0.000247925)


n  =   6   1   0
np =   9   1   0
(4.72502e-22,-5.17699e-21)  (-6.62911e-07,1.1771e-05)
(-9.14676e-07,7.49396e-06) (1.11745e-21,-1.90712e-20)


n  =   6   1   0
np =   10   1   0
 (-7.8653e-08,2.17661e-06) (1.53053e-22,-1.24792e-21)
(8.69039e-23,-6.80288e-22) (-5.93631e-07,1.19872e-05)


n  =   6   1   0
np =   11   1   0
(1.46128e-23,-1.77026e-22) (-2.12858e-08,4.81943e-07)
 (-2.5322e-08,2.36957e-07) (4.85873e-23,-8.45731e-22)


n  =   6   1   0
np =   12   1   0
(-1.75166e-09,5.98865e-08) (5.03839e-24,-4.45019e-23)
(2.36979e-24,-1.97581e-23) (-1.63005e-08,3.70892e-07)


n  =   6   1   0
np =   13   1   0
(3.17146e-25,-4.14383e-24) (-4.77548e-10,1.31022e-08)
(-5.04758e-10,5.24942e-09)  (1.4611e-24,-2.52888e-23)


n  =   6   1   0
np =   14   1   0
(-2.93071e-11,1.17974e-09) (1.10221e-25,-1.05608e-24)
(4.61304e-26,-3.93995e-25)  (-3.20976e-10,8.0317e-09)


n  =   7   1   0
np =   1   1   0
 (0.000528689,-0.000347625) (-7.54051e-20,-7.23352e-20)
 (-1.87632e-19,2.03556e-20)  (0.000681341,-0.000236676)


n  =   7   1   0
np =   2   1   0
(2.75869e-19,-1.05776e-19) (0.000750322,-0.000752872)
(-0.000919617,0.000419727) (-3.41402e-19,3.09807e-19)


n  =   7   1   0
np =   3   1   0
(-0.000529753,0.00201678) (5.39227e-20,3.24682e-20)
(2.19423e-19,-4.23558e-19)  (-0.00100889,0.00285569)


n  =   7   1   0
np =   4   1   0
 (9.06957e-20,-4.3475e-19) (-6.90574e-05,0.000460557)
(-0.000173596,0.000940809) (9.48611e-20,-5.22606e-19)


n  =   7   1   0
np =   5   1   0
(-9.07914e-05,0.000615138) (2.29539e-20,-9.86898e-20)
(3.77028e-20,-1.76173e-19)  (-0.000192351,0.00195101)


n  =   7   1   0
np =   6   1   0
(1.01314e-20,-9.28041e-20) (-2.20214e-05,0.000151163)
(-1.31947e-05,0.000165737)  (1.7023e-20,-2.50098e-19)


n  =   7   1   0
np =   7   1   0
(-6.50986e-06,6.72489e-05) (2.90338e-21,-2.14896e-20)
(2.90338e-21,-2.14896e-20) (-1.55968e-05,0.000307679)


n  =   7   1   0
np =   8   1   0
(6.50214e-22,-7.77702e-21)  (-1.7993e-06,1.57132e-05)
(-5.77928e-07,1.23853e-05) (1.33539e-21,-3.09306e-20)


n  =   7   1   0
np =   9   1   0
(-2.72006e-07,3.80809e-06)   (2.14352e-22,-1.821e-21)
(1.34557e-22,-1.28766e-21) (-7.31772e-07,2.17802e-05)


n  =   7   1   0
np =   10   1   0
 (2.61154e-23,-3.5562e-22) (-7.92225e-08,8.50049e-07)
(-1.67705e-08,5.28904e-07) (6.89506e-23,-1.84572e-21)


n  =   7   1   0
np =   11   1   0
(-7.57699e-09,1.33413e-07)  (9.2682e-24,-8.50614e-23)
(4.11437e-24,-4.64538e-23) (-2.25664e-08,8.95208e-07)


n  =   7   1   0
np =   12   1   0
(7.19384e-25,-1.03928e-23) (-2.25712e-09,2.87741e-08)
(-3.48346e-10,1.48566e-08) (2.47574e-24,-6.74247e-23)


n  =   7   1   0
np =   13   1   0
(-1.51933e-10,3.20316e-09)  (2.5973e-25,-2.51152e-24)
(8.71346e-26,-1.11376e-24) (-4.91095e-10,2.43336e-08)


n  =   7   1   0
np =   14   1   0
(1.41769e-26,-2.08573e-25) (-4.56544e-11,6.74878e-10)
(-5.45897e-12,2.98368e-10) (6.19197e-26,-1.70599e-24)


n  =   8   1   0
np =   1   1   0
(-3.92967e-20,2.19473e-20) (0.000106571,-1.88468e-05)
(0.000194032,-0.000127088) (-4.91675e-20,9.16671e-21)


n  =   8   1   0
np =   2   1   0
(-0.000150039,0.000128613) (-4.86729e-20,3.17085e-20)
(7.56322e-20,-1.88577e-20) (5.45492e-05,-6.93678e-05)


n  =   8   1   0
np =   3   1   0
(4.91957e-20,-1.44016e-19) (-1.12834e-05,-2.8507e-05)
  (-0.000141727,0.0004871) (2.85721e-20,-2.51915e-22)


n  =   8   1   0
np =   4   1   0
(-2.93761e-05,0.000255965) (8.46988e-21,-3.36668e-20)
(2.61184e-20,-1.00093e-19)  (-8.42569e-05,0.00079293)


n  =   8   1   0
np =   5   1   0
(8.46503e-21,-5.96305e-20) (-5.52875e-06,6.11728e-05)
(-2.49736e-05,0.000145254) (1.15677e-20,-1.27982e-19)


n  =   8   1   0
np =   6   1   0
(-2.52183e-06,5.22698e-05) (2.16485e-21,-1.50113e-20)
(2.93025e-21,-2.14194e-20) (-1.44339e-05,0.000247925)


n  =   8   1   0
np =   7   1   0
(6.50214e-22,-7.77702e-21) (-5.77928e-07,1.23853e-05)
 (-1.7993e-06,1.57132e-05)  (1.3354e-21,-3.09305e-20)


n  =   8   1   0
np =   8   1   0
 (-1.24772e-07,4.4403e-06) (1.87904e-22,-1.85099e-21)
(1.87904e-22,-1.85099e-21)  (-1.03918e-06,2.7361e-05)


n  =   8   1   0
np =   9   1   0
(2.95369e-23,-4.93874e-22) (-3.1055e-08,9.96102e-07)
(-7.51704e-08,8.92951e-07) (8.9917e-23,-2.78214e-21)


n  =   8   1   0
np =   10   1   0
 (-4.0479e-09,2.09835e-07) (9.35129e-24,-1.12717e-22)
 (7.5216e-24,-8.76974e-23) (-4.34708e-08,1.55304e-06)


n  =   8   1   0
np =   11   1   0
(8.91086e-25,-1.85966e-23) (-1.04707e-09,4.50068e-08)
   (-2.09e-09,3.15553e-08) (3.86962e-24,-1.34494e-22)


n  =   8   1   0
np =   12   1   0
(-9.30488e-11,6.37899e-09)  (2.961e-25,-4.12596e-24)
(2.0544e-25,-2.62256e-24) (-1.20616e-09,5.4301e-08)


n  =   8   1   0
np =   13   1   0
 (1.90494e-26,-4.6003e-25) (-2.44569e-11,1.32619e-09)
(-4.18038e-11,7.66186e-10) (1.13823e-25,-4.17376e-24)


n  =   8   1   0
np =   14   1   0
(-1.59824e-12,1.36121e-10) (6.35888e-27,-9.77643e-26)
(4.00824e-27,-5.25122e-26) (-2.39391e-11,1.29706e-09)


n  =   9   1   0
np =   1   1   0
 (2.44984e-05,-1.61217e-05) (-6.28758e-21,-1.53541e-21)
 (-1.30451e-20,3.76801e-21)  (2.97644e-05,-1.05904e-05)


n  =   9   1   0
np =   2   1   0
(1.47573e-20,-6.78038e-21) (3.18261e-05,-3.21126e-05)
  (-3.906e-05,1.44403e-05) (-2.51997e-20,2.52978e-20)


n  =   9   1   0
np =   3   1   0
(-2.17683e-05,8.1812e-05) (2.59945e-21,1.72251e-21)
(1.60794e-20,-3.97531e-20) (-4.33386e-05,0.00011845)


n  =   9   1   0
np =   4   1   0
(4.38535e-21,-2.19571e-20) (-2.78268e-06,1.87535e-05)
(-8.08465e-06,5.78784e-05) (5.34818e-21,-3.42962e-20)


n  =   9   1   0
np =   5   1   0
(-3.77557e-06,2.96952e-05) (1.09103e-21,-5.64272e-21)
(2.82149e-21,-1.46128e-20) (-8.69682e-06,0.000112133)


n  =   9   1   0
np =   6   1   0
  (4.72502e-22,-5.177e-21) (-9.14676e-07,7.49396e-06)
 (-6.62911e-07,1.1771e-05) (1.11745e-21,-1.90713e-20)


n  =   9   1   0
np =   7   1   0
(-2.72006e-07,3.80809e-06) (1.34557e-22,-1.28766e-21)
  (2.14352e-22,-1.821e-21) (-7.31772e-07,2.17802e-05)


n  =   9   1   0
np =   8   1   0
(2.95369e-23,-4.93876e-22) (-7.51704e-08,8.92951e-07)
 (-3.1055e-08,9.96102e-07)  (8.9917e-23,-2.78214e-21)


n  =   9   1   0
np =   9   1   0
(-1.13992e-08,2.47336e-07) (9.64558e-24,-1.14701e-22)
(9.64557e-24,-1.14701e-22) (-3.53237e-08,1.82736e-06)


n  =   9   1   0
np =   10   1   0
 (1.1667e-24,-2.52983e-23)  (-3.31996e-09,5.3951e-08)
(-9.57691e-10,4.73004e-08) (4.45403e-24,-1.88579e-22)


n  =   9   1   0
np =   11   1   0
(-3.18228e-10,9.69019e-09)  (4.09491e-25,-5.5582e-24)
(2.87498e-25,-4.32226e-24) (-1.11466e-09,8.58126e-08)


n  =   9   1   0
np =   12   1   0
(3.17826e-26,-7.99953e-25) (-9.47954e-11,2.00116e-09)
 (-2.1042e-11,1.45251e-09) (1.50865e-25,-7.49364e-24)


n  =   9   1   0
np =   13   1   0
(-6.39213e-12,2.54752e-10) (1.13557e-26,-1.65944e-25)
(6.02366e-27,-1.05492e-25)  (-2.4753e-11,2.59507e-09)


n  =   9   1   0
np =   14   1   0
(6.22026e-28,-1.66644e-26) (-1.92087e-12,5.06589e-11)
(-3.47551e-13,3.14234e-11) (3.60797e-27,-1.98875e-25)


n  =   10   1   0
np =   1   1   0
(-1.61651e-21,9.42646e-22) (2.81304e-06,-3.82563e-07)
(8.54424e-06,-5.48655e-06) (-3.73979e-21,8.99773e-22)


n  =   10   1   0
np =   2   1   0
(-4.04362e-06,3.25683e-06)  (-2.2181e-21,1.80781e-21)
(5.28159e-21,-2.40863e-21) (4.25721e-06,-5.44619e-06)


n  =   10   1   0
np =   3   1   0
 (1.95908e-21,-6.03831e-21) (-1.16991e-07,-1.52888e-06)
 (-6.15497e-06,2.03264e-05)  (1.73974e-21,-8.06415e-22)


n  =   10   1   0
np =   4   1   0
(-8.64681e-07,9.30924e-06) (3.07262e-22,-1.54544e-21)
(1.46849e-21,-5.83877e-21) (-3.28074e-06,3.20116e-05)


n  =   10   1   0
np =   5   1   0
(3.43056e-22,-2.48186e-21) (-1.42194e-07,2.28684e-06)
 (-1.0946e-06,6.94554e-06) (6.26421e-22,-6.87628e-21)


n  =   10   1   0
np =   6   1   0
 (-7.8653e-08,2.17661e-06) (8.69041e-23,-6.80285e-22)
(1.53053e-22,-1.24791e-21) (-5.93631e-07,1.19872e-05)


n  =   10   1   0
np =   7   1   0
(2.61154e-23,-3.55618e-22) (-1.67705e-08,5.28904e-07)
(-7.92225e-08,8.50049e-07) (6.89508e-23,-1.84572e-21)


n  =   10   1   0
np =   8   1   0
 (-4.0479e-09,2.09835e-07)  (7.52161e-24,-8.7697e-23)
(9.35129e-24,-1.12717e-22) (-4.34708e-08,1.55304e-06)


n  =   10   1   0
np =   9   1   0
 (1.1667e-24,-2.52984e-23) (-9.57691e-10,4.73004e-08)
 (-3.31996e-09,5.3951e-08) (4.45404e-24,-1.88579e-22)


n  =   10   1   0
np =   10   1   0
(-1.35098e-10,1.10867e-08) (3.64022e-25,-5.60901e-24)
(3.64023e-25,-5.60898e-24)  (-1.83408e-09,1.0115e-07)


n  =   10   1   0
np =   11   1   0
(3.46333e-26,-1.04659e-24) (-3.35941e-11,2.33958e-09)
(-9.25253e-11,2.09824e-09) (1.84546e-25,-1.01505e-23)


n  =   10   1   0
np =   12   1   0
(-3.17297e-12,3.70307e-10)  (1.12455e-26,-2.1094e-25)
 (9.77877e-27,-1.7267e-25) (-5.11639e-11,3.96105e-09)


n  =   10   1   0
np =   13   1   0
(7.32492e-28,-2.74511e-26) (-8.08695e-13,7.44279e-11)
(-1.85427e-12,5.52818e-11) (5.26046e-27,-3.40357e-25)


n  =   10   1   0
np =   14   1   0
(-5.54363e-14,8.54772e-12) (2.38435e-28,-4.88566e-27)
(1.88884e-28,-3.39379e-27) (-1.01969e-12,1.03926e-10)


n  =   11   1   0
np =   1   1   0
(7.17199e-07,-4.71812e-07) (-2.89485e-22,2.36761e-23)
(-5.43067e-22,2.14892e-22) (8.23576e-07,-2.86567e-07)


n  =   11   1   0
np =   2   1   0
(5.11257e-22,-2.54161e-22) (8.93123e-07,-9.03099e-07)
(-1.07397e-06,2.94034e-07) (-9.41045e-22,9.49364e-22)


n  =   11   1   0
np =   3   1   0
 (-5.9992e-07,2.23369e-06)  (8.02872e-23,6.31978e-23)
(7.03386e-22,-2.00987e-21) (-1.23838e-06,3.27891e-06)


n  =   11   1   0
np =   4   1   0
(1.40183e-22,-7.08076e-22) (-7.5368e-08,5.06267e-07)
(-2.43765e-07,2.13325e-06) (2.3055e-22,-1.59968e-21)


n  =   11   1   0
np =   5   1   0
(-1.04828e-07,9.22173e-07)  (3.4063e-23,-1.97114e-22)
(1.23457e-22,-6.78056e-22) (-2.59926e-07,3.97523e-06)


n  =   11   1   0
np =   6   1   0
(1.46128e-23,-1.77026e-22)  (-2.5322e-08,2.36957e-07)
(-2.12858e-08,4.81943e-07) (4.85873e-23,-8.45727e-22)


n  =   11   1   0
np =   7   1   0
(-7.57699e-09,1.33413e-07) (4.11439e-24,-4.64541e-23)
 (9.26819e-24,-8.5061e-23) (-2.25664e-08,8.95208e-07)


n  =   11   1   0
np =   8   1   0
(8.91087e-25,-1.85965e-23)    (-2.09e-09,3.15553e-08)
(-1.04707e-09,4.50068e-08) (3.86962e-24,-1.34494e-22)


n  =   11   1   0
np =   9   1   0
(-3.18228e-10,9.69019e-09) (2.87498e-25,-4.32222e-24)
 (4.0949e-25,-5.55817e-24) (-1.11466e-09,8.58126e-08)


n  =   11   1   0
np =   10   1   0
(3.46333e-26,-1.04659e-24) (-9.25253e-11,2.09824e-09)
(-3.35941e-11,2.33958e-09) (1.84546e-25,-1.01505e-23)


n  =   11   1   0
np =   11   1   0
(-8.89865e-12,4.18979e-10) (1.20098e-26,-2.15891e-25)
(1.20098e-26,-2.15891e-25) (-3.58094e-11,4.52746e-09)


n  =   11   1   0
np =   12   1   0
(9.33073e-28,-3.54627e-26) (-2.64643e-12,8.4559e-11)
(-7.63065e-13,7.78159e-11) (5.9735e-27,-4.43168e-25)


n  =   11   1   0
np =   13   1   0
(-1.78987e-13,1.19849e-11) (3.29813e-28,-6.37768e-27)
(2.49569e-28,-5.22317e-27)  (-8.07429e-13,1.5112e-10)


n  =   11   1   0
np =   14   1   0
 (1.8132e-29,-7.62085e-28) (-5.37027e-14,2.29777e-12)
 (-1.2969e-14,1.80306e-12) (1.37732e-28,-1.26146e-26)


n  =   12   1   0
np =   1   1   0
(-4.77074e-23,2.86255e-23)  (5.29423e-08,-4.3361e-09)
(2.43626e-07,-1.54733e-07) (-1.43357e-22,3.35909e-23)


n  =   12   1   0
np =   2   1   0
(-7.83808e-08,5.90164e-08)  (-6.81017e-23,6.2133e-23)
(2.03938e-22,-1.08186e-22) (1.48514e-07,-1.90183e-07)


n  =   12   1   0
np =   3   1   0
(5.36619e-23,-1.70035e-22) (1.87241e-09,-4.63881e-08)
(-1.73781e-07,5.60028e-07)  (8.1607e-23,-1.06426e-22)


n  =   12   1   0
np =   4   1   0
 (-1.8306e-08,2.31432e-07) (7.59589e-24,-4.49402e-23)
(5.09299e-23,-2.09249e-22) (-8.70788e-08,8.66777e-07)


n  =   12   1   0
np =   5   1   0
(9.50834e-24,-6.85645e-23) (-2.58214e-09,5.77712e-08)
(-3.10896e-08,2.13165e-07) (2.41396e-23,-2.47555e-22)


n  =   12   1   0
np =   6   1   0
(-1.75166e-09,5.98865e-08) (2.36979e-24,-1.97582e-23)
(5.03839e-24,-4.45016e-23) (-1.63005e-08,3.70892e-07)


n  =   12   1   0
np =   7   1   0
(7.19383e-25,-1.03928e-23) (-3.48346e-10,1.48566e-08)
(-2.25712e-09,2.87741e-08)  (2.47574e-24,-6.7425e-23)


n  =   12   1   0
np =   8   1   0
(-9.30488e-11,6.37899e-09) (2.0544e-25,-2.62256e-24)
 (2.961e-25,-4.12598e-24) (-1.20616e-09,5.4301e-08)


n  =   12   1   0
np =   9   1   0
(3.17825e-26,-7.99954e-25)  (-2.1042e-11,1.45251e-09)
(-9.47954e-11,2.00116e-09) (1.50865e-25,-7.49363e-24)


n  =   12   1   0
np =   10   1   0
(-3.17297e-12,3.70307e-10) (9.77873e-27,-1.72672e-25)
(1.12455e-26,-2.10939e-25) (-5.11639e-11,3.96105e-09)


n  =   12   1   0
np =   11   1   0
(9.33069e-28,-3.54625e-26) (-7.63065e-13,7.78159e-11)
 (-2.64643e-12,8.4559e-11) (5.97351e-27,-4.43169e-25)


n  =   12   1   0
np =   12   1   0
(-7.56968e-14,1.34598e-11) (2.97323e-28,-6.46904e-27)
(2.97324e-28,-6.46906e-27) (-1.43227e-12,1.71543e-10)


n  =   12   1   0
np =   13   1   0
 (1.95803e-29,-9.6857e-28) (-1.88109e-14,2.65501e-12)
(-5.31119e-14,2.39677e-12) (1.64446e-28,-1.61203e-26)


n  =   12   1   0
np =   14   1   0
(-1.33853e-15,3.34531e-13) (6.24979e-30,-1.35798e-28)
(5.68532e-30,-1.15574e-28) (-2.86235e-14,4.91049e-12)


n  =   13   1   0
np =   1   1   0
(1.47854e-08,-9.72092e-09) (-7.52463e-24,1.45963e-24)
 (-1.7351e-23,8.66492e-24)  (1.5722e-08,-5.20203e-09)


n  =   13   1   0
np =   2   1   0
(1.17498e-23,-6.05896e-24) (1.79718e-08,-1.81806e-08)
(-2.05734e-08,3.25945e-09) (-2.07884e-23,2.02748e-23)


n  =   13   1   0
np =   3   1   0
(-1.19375e-08,4.41272e-08)  (1.59346e-24,1.95943e-24)
(1.97279e-23,-6.12052e-23) (-2.50747e-08,6.43046e-08)


n  =   13   1   0
np =   4   1   0
(3.09592e-24,-1.61589e-23) (-1.47716e-09,9.82077e-09)
(-5.16185e-09,5.33395e-08)  (7.32458e-24,-5.3047e-23)


n  =   13   1   0
np =   5   1   0
(-2.09677e-09,2.01517e-08)  (7.21466e-25,-4.6199e-24)
 (3.4807e-24,-1.99938e-23) (-5.49629e-09,9.63864e-08)


n  =   13   1   0
np =   6   1   0
(3.17146e-25,-4.14382e-24) (-5.04758e-10,5.24942e-09)
(-4.77548e-10,1.31022e-08) (1.46111e-24,-2.52888e-23)


n  =   13   1   0
np =   7   1   0
(-1.51933e-10,3.20316e-09) (8.71348e-26,-1.11375e-24)
 (2.5973e-25,-2.51155e-24) (-4.91095e-10,2.43336e-08)


n  =   13   1   0
np =   8   1   0
(1.90494e-26,-4.60031e-25) (-4.18038e-11,7.66186e-10)
(-2.44569e-11,1.32619e-09) (1.13823e-25,-4.17375e-24)


n  =   13   1   0
np =   9   1   0
(-6.39213e-12,2.54752e-10) (6.02367e-27,-1.05492e-25)
(1.13557e-26,-1.65943e-25)  (-2.4753e-11,2.59507e-09)


n  =   13   1   0
np =   10   1   0
 (7.32492e-28,-2.7451e-26) (-1.85427e-12,5.52818e-11)
(-8.08695e-13,7.44279e-11) (5.26045e-27,-3.40358e-25)


n  =   13   1   0
np =   11   1   0
(-1.78987e-13,1.19849e-11)  (2.4957e-28,-5.2232e-27)
(3.29812e-28,-6.37774e-27) (-8.07429e-13,1.5112e-10)


n  =   13   1   0
np =   12   1   0
 (1.95804e-29,-9.6857e-28) (-5.31119e-14,2.39677e-12)
(-1.88109e-14,2.65501e-12) (1.64446e-28,-1.61203e-26)


n  =   13   1   0
np =   13   1   0
(-3.60421e-15,3.69917e-13) (6.81709e-30,-1.40852e-28)
(6.81708e-30,-1.40852e-28)  (-1.8437e-14,5.50864e-12)


n  =   13   1   0
np =   14   1   0
 (3.7852e-31,-2.08338e-29) (-1.07908e-15,6.94435e-14)
(-3.25976e-16,6.54576e-14)  (3.68201e-30,-4.9197e-28)


n  =   14   1   0
np =   1   1   0
(-1.03158e-24,6.33941e-25) (7.44501e-10,-8.78548e-12)
 (4.9331e-09,-3.10992e-09) (-3.24249e-24,7.50459e-25)


n  =   14   1   0
np =   2   1   0
 (-1.1457e-09,7.98836e-10) (-1.43223e-24,1.37508e-24)
(4.67693e-24,-2.36853e-24) (3.37254e-09,-4.31445e-09)


n  =   14   1   0
np =   3   1   0
(1.05082e-24,-3.39319e-24) (9.59314e-11,-9.55349e-10)
(-3.49013e-09,1.10486e-08)  (2.4403e-24,-4.47721e-24)


n  =   14   1   0
np =   4   1   0
(-2.92731e-10,4.21145e-09) (1.36958e-25,-8.83985e-25)
(1.13734e-24,-4.96239e-24)  (-1.67076e-09,1.6847e-08)


n  =   14   1   0
np =   5   1   0
(1.88022e-25,-1.34839e-24) (-3.47174e-11,1.06398e-09)
(-6.27275e-10,4.61056e-09) (6.34898e-25,-6.40877e-24)


n  =   14   1   0
np =   6   1   0
(-2.93071e-11,1.17974e-09) (4.61305e-26,-3.93995e-25)
(1.10221e-25,-1.05608e-24)  (-3.20976e-10,8.0317e-09)


n  =   14   1   0
np =   7   1   0
(1.41768e-26,-2.08574e-25) (-5.45897e-12,2.98368e-10)
(-4.56544e-11,6.74878e-10) (6.19197e-26,-1.70599e-24)


n  =   14   1   0
np =   8   1   0
(-1.59824e-12,1.36121e-10) (4.00825e-27,-5.25116e-26)
(6.35889e-27,-9.77643e-26) (-2.39391e-11,1.29706e-09)


n  =   14   1   0
np =   9   1   0
(6.22026e-28,-1.66644e-26) (-3.47551e-13,3.14234e-11)
(-1.92087e-12,5.06589e-11) (3.60798e-27,-1.98874e-25)


n  =   14   1   0
np =   10   1   0
(-5.54363e-14,8.54772e-12) (1.88884e-28,-3.39382e-27)
(2.38436e-28,-4.88567e-27) (-1.01969e-12,1.03926e-10)


n  =   14   1   0
np =   11   1   0
 (1.8132e-29,-7.62083e-28)  (-1.2969e-14,1.80306e-12)
(-5.37027e-14,2.29777e-12) (1.37732e-28,-1.26146e-26)


n  =   14   1   0
np =   12   1   0
(-1.33853e-15,3.34531e-13) (5.68532e-30,-1.15576e-28)
(6.24983e-30,-1.35798e-28) (-2.86235e-14,4.91049e-12)


n  =   14   1   0
np =   13   1   0
 (3.78519e-31,-2.0834e-29) (-3.25976e-16,6.54576e-14)
(-1.07908e-15,6.94435e-14) (3.68202e-30,-4.91969e-28)


n  =   14   1   0
np =   14   1   0
(-2.38836e-17,8.89538e-15) (1.18837e-31,-1.55338e-30)
(1.18838e-31,-1.55336e-30) (-5.73279e-16,1.52039e-13)


~~~~~~~~~~~~~~~~~~~~~~~~~~~~~~~~~~~~~~~~~~~~~~~~~~~~~~~~~~~~~~~~~


a & b coefficients --------------------------------
n           ax             ay
110   (-0.697712,0.463216)    (-0,-0)
210   (-0.539947,0.396171)    (-0,-0)
310   (-0.0842456,0.233038)    (-0,-0)
410   (0.0604441,-0.0125268)    (-0,-0)
510   (0.0152107,-0.0301851)    (-0,-0)
610   (-0.00329458,-0.00134891)    (-0,-0)
710   (-0.000994804,0.00173598)    (-0,-0)
810   (0.000110154,0.000123949)    (-0,-0)
910   (3.78581e-05,-6.05878e-05)    (-0,-0)
1010   (-2.50655e-06,-4.95954e-06)    (-0,-0)
1110   (-9.69568e-07,1.4491e-06)    (-0,-0)
1210   (4.11469e-08,1.25267e-07)    (-0,-0)
1310   (1.80445e-08,-2.54434e-08)    (-0,-0)
1410   (-5.05694e-10,-2.25295e-09)    (-0,-0)
n           bx             by
110    (-0.760878,0.439474)    (0,0)
210    (-0.384064,0.457216)    (0,0)
310    (-0.114452,0.236734)    (0,0)
410    (0.00570811,0.063491)    (0,0)
510    (0.0194178,-0.0179544)    (0,0)
610    (0.00268487,-0.0109808)    (0,0)
710    (-0.00125215,0.000325441)    (0,0)
810    (-0.000233238,0.00068642)    (0,0)
910    (4.71246e-05,1.5184e-05)    (0,0)
1010    (9.85e-06,-2.49345e-05)    (0,0)
1110    (-1.18151e-06,-1.05897e-06)    (0,0)
1210    (-2.65256e-07,6.08143e-07)    (0,0)
1310    (2.10317e-08,3.2242e-08)    (0,0)
1410    (5.08007e-09,-1.07436e-08)    (0,0)
---------------------------------------------------



Scattering Intensity Functions -----------------------
Theta            I1             I2
              0               47.716047                47.716047
           0.18               47.715279                47.715057
           0.36               47.712973                47.712087
           0.54               47.709131                47.707138
           0.72               47.703753                47.700209
            0.9               47.696837                47.691301
           1.08               47.688386                47.680415
           1.26               47.678398                47.667552
           1.44               47.666875                47.652713
           1.62               47.653816                47.635899
            1.8               47.639222                47.617111
           1.98               47.623094                47.596351
           2.16               47.605431                47.573621
           2.34               47.586235                47.548922
           2.52               47.565506                47.522256
            2.7               47.543245                47.493625
           2.88               47.519452                47.463032
           3.06               47.494129                47.430479
           3.24               47.467275                47.395969
           3.42               47.438892                47.359504
            3.6               47.40898                47.321088
           3.78               47.377541                47.280723
           3.96               47.344576                47.238412
           4.14               47.310085                47.19416
           4.32               47.27407                47.147968
            4.5               47.236531                47.099843
           4.68               47.197471                47.049786
           4.86               47.156889                46.997802
           5.04               47.114789                46.943896
           5.22               47.07117                46.888071
            5.4               47.026034                46.830332
           5.58               46.979383                46.770684
           5.76               46.931219                46.709131
           5.94               46.881542                46.645679
           6.12               46.830354                46.580333
            6.3               46.777658                46.513097
           6.48               46.723455                46.443978
           6.66               46.667746                46.372981
           6.84               46.610535                46.300111
           7.02               46.551821                46.225375
            7.2               46.491608                46.148779
           7.38               46.429898                46.070329
           7.56               46.366693                45.990032
           7.74               46.301994                45.907893
           7.92               46.235805                45.82392
            8.1               46.168127                45.73812
           8.28               46.098963                45.6505
           8.46               46.028315                45.561066
           8.64               45.956186                45.469827
           8.82               45.882579                45.376789
              9               45.807495                45.281961
           9.18               45.730939                45.185351
           9.36               45.652912                45.086966
           9.54               45.573418                44.986814
           9.72               45.49246                44.884904
            9.9               45.41004                44.781245
          10.08               45.326161                44.675845
          10.26               45.240828                44.568714
          10.44               45.154042                44.459859
          10.62               45.065808                44.34929
           10.8               44.97613                44.237017
          10.98               44.885009                44.123048
          11.16               44.792451                44.007395
          11.34               44.698458                43.890066
          11.52               44.603035                43.771071
           11.7               44.506185                43.650421
          11.88               44.407912                43.528125
          12.06               44.308221                43.404195
          12.24               44.207115                43.278641
          12.42               44.104598                43.151474
           12.6               44.000676                43.022704
          12.78               43.895352                42.892343
          12.96               43.788631                42.760402
          13.14               43.680517                42.626893
          13.32               43.571016                42.491827
           13.5               43.460131                42.355215
          13.68               43.347868                42.21707
          13.86               43.234232                42.077405
          14.04               43.119227                41.93623
          14.22               43.00286                41.793558
           14.4               42.885135                41.649402
          14.58               42.766057                41.503775
          14.76               42.645633                41.35669
          14.94               42.523867                41.208159
          15.12               42.400766                41.058196
           15.3               42.276336                40.906814
          15.48               42.150581                40.754026
          15.66               42.023509                40.599846
          15.84               41.895125                40.444289
          16.02               41.765436                40.287367
           16.2               41.634447                40.129095
          16.38               41.502167                39.969488
          16.56               41.3686                39.808559
          16.74               41.233755                39.646323
          16.92               41.097637                39.482796
           17.1               40.960254                39.31799
          17.28               40.821613                39.151923
          17.46               40.68172                38.984609
          17.64               40.540584                38.816062
          17.82               40.398212                38.646299
             18               40.254611                38.475336
          18.18               40.109789                38.303187
          18.36               39.963754                38.129869
          18.54               39.816514                37.955397
          18.72               39.668076                37.779789
           18.9               39.51845                37.60306
          19.08               39.367643                37.425226
          19.26               39.215664                37.246304
          19.44               39.062522                37.066311
          19.62               38.908225                36.885263
           19.8               38.752781                36.703178
          19.98               38.596201                36.520073
          20.16               38.438494                36.335964
          20.34               38.279667                36.150869
          20.52               38.119732                35.964806
           20.7               37.958697                35.777792
          20.88               37.796572                35.589844
          21.06               37.633367                35.400982
          21.24               37.469092                35.211221
          21.42               37.303757                35.020581
           21.6               37.137371                34.82908
          21.78               36.969947                34.636735
          21.96               36.801493                34.443566
          22.14               36.632021                34.249591
          22.32               36.461541                34.054827
           22.5               36.290065                33.859295
          22.68               36.117603                33.663012
          22.86               35.944166                33.465998
          23.04               35.769767                33.268272
          23.22               35.594415                33.069852
           23.4               35.418124                32.870758
          23.58               35.240905                32.671009
          23.76               35.062768                32.470624
          23.94               34.883728                32.269623
          24.12               34.703795                32.068025
           24.3               34.522983                31.86585
          24.48               34.341303                31.663118
          24.66               34.158768                31.459847
          24.84               33.975391                31.256058
          25.02               33.791185                31.051771
           25.2               33.606163                30.847006
          25.38               33.420338                30.641782
          25.56               33.233722                30.43612
          25.74               33.046331                30.23004
          25.92               32.858177                30.023561
           26.1               32.669273                29.816705
          26.28               32.479634                29.60949
          26.46               32.289274                29.401938
          26.64               32.098207                29.194069
          26.82               31.906446                28.985903
             27               31.714007                28.777461
          27.18               31.520904                28.568762
          27.36               31.327152                28.359828
          27.54               31.132764                28.150679
          27.72               30.937757                27.941335
           27.9               30.742145                27.731816
          28.08               30.545943                27.522144
          28.26               30.349167                27.312339
          28.44               30.151832                27.10242
          28.62               29.953953                26.89241
           28.8               29.755546                26.682327
          28.98               29.556627                26.472194
          29.16               29.357212                26.262029
          29.34               29.157316                26.051855
          29.52               28.956956                25.84169
           29.7               28.756148                25.631556
          29.88               28.554909                25.421473
          30.06               28.353254                25.211461
          30.24               28.1512                25.001541
          30.42               27.948765                24.791733
           30.6               27.745964                24.582057
          30.78               27.542814                24.372533
          30.96               27.339333                24.163183
          31.14               27.135537                23.954025
          31.32               26.931445                23.745079
           31.5               26.727072                23.536367
          31.68               26.522436                23.327907
          31.86               26.317555                23.11972
          32.04               26.112446                22.911826
          32.22               25.907126                22.704243
           32.4               25.701615                22.496992
          32.58               25.495928                22.290092
          32.76               25.290084                22.083564
          32.94               25.084101                21.877425
          33.12               24.877997                21.671695
           33.3               24.67179                21.466394
          33.48               24.465498                21.261541
          33.66               24.259139                21.057154
          33.84               24.052731                20.853253
          34.02               23.846293                20.649856
           34.2               23.639842                20.446981
          34.38               23.433399                20.244647
          34.56               23.226979                20.042873
          34.74               23.020604                19.841677
          34.92               22.814289                19.641076
           35.1               22.608055                19.44109
          35.28               22.40192                19.241734
          35.46               22.195903                19.043028
          35.64               21.990021                18.844988
          35.82               21.784294                18.647632
             36               21.578741                18.450977
          36.18               21.37338                18.25504
          36.36               21.16823                18.059838
          36.54               20.963309                17.865387
          36.72               20.758636                17.671705
           36.9               20.554231                17.478806
          37.08               20.350111                17.286708
          37.26               20.146295                17.095427
          37.44               19.942803                16.904977
          37.62               19.739653                16.715375
           37.8               19.536863                16.526635
          37.98               19.334452                16.338774
          38.16               19.132439                16.151806
          38.34               18.930842                15.965745
          38.52               18.72968                15.780606
           38.7               18.528972                15.596404
          38.88               18.328735                15.413152
          39.06               18.128989                15.230865
          39.24               17.929751                15.049556
          39.42               17.731041                14.869238
           39.6               17.532875                14.689925
          39.78               17.335274                14.511629
          39.96               17.138253                14.334363
          40.14               16.941833                14.15814
          40.32               16.74603                13.982972
           40.5               16.550862                13.808871
          40.68               16.356348                13.635848
          40.86               16.162506                13.463916
          41.04               15.969351                13.293085
          41.22               15.776903                13.123366
           41.4               15.585179                12.95477
          41.58               15.394196                12.787307
          41.76               15.203971                12.620988
          41.94               15.014521                12.455823
          42.12               14.825863                12.29182
           42.3               14.638015                12.128991
          42.48               14.450993                11.967343
          42.66               14.264812                11.806886
          42.84               14.079491                11.647628
          43.02               13.895045                11.489578
           43.2               13.711491                11.332743
          43.38               13.528844                11.177132
          43.56               13.34712                11.022751
          43.74               13.166335                10.869608
          43.92               12.986504                10.717711
           44.1               12.807643                10.567065
          44.28               12.629768                10.417677
          44.46               12.452892                10.269553
          44.64               12.277032                10.1227
          44.82               12.102201                9.9771213
             45               11.928413                9.8328236
          45.18               11.755685                9.6898115
          45.36               11.584028                9.5480898
          45.54               11.413458                9.4076627
          45.72               11.243988                9.2685344
           45.9               11.075631                9.1307088
          46.08               10.908401                8.9941893
          46.26               10.742311                8.8589792
          46.44               10.577373                8.7250814
          46.62               10.4136                8.5924987
           46.8               10.251005                8.4612335
          46.98               10.089599                8.3312878
          47.16               9.9293946                8.2026634
          47.34               9.7704036                8.0753621
          47.52               9.6126373                7.9493849
           47.7               9.4561067                7.8247329
          47.88               9.3008228                7.7014069
          48.06               9.1467964                7.5794072
          48.24               8.9940378                7.458734
          48.42               8.8425572                7.3393872
           48.6               8.6923646                7.2213665
          48.78               8.5434696                7.1046711
          48.96               8.3958815                6.9893001
          49.14               8.2496095                6.8752525
          49.32               8.1046624                6.7625266
           49.5               7.9610488                6.6511207
          49.68               7.818777                6.541033
          49.86               7.677855                6.4322611
          50.04               7.5382905                6.3248026
          50.22               7.4000911                6.2186546
           50.4               7.2632638                6.1138142
          50.58               7.1278155                6.0102782
          50.76               6.9937528                5.908043
          50.94               6.861082                5.8071048
          51.12               6.7298092                5.7074598
           51.3               6.5999399                5.6091036
          51.48               6.4714797                5.5120318
          51.66               6.3444337                5.4162396
          51.84               6.2188065                5.3217223
          52.02               6.0946029                5.2284746
           52.2               5.9718269                5.1364911
          52.38               5.8504824                5.0457662
          52.56               5.7305732                4.9562942
          52.74               5.6121023                4.868069
          52.92               5.495073                4.7810843
           53.1               5.3794877                4.6953337
          53.28               5.2653489                4.6108107
          53.46               5.1526587                4.5275082
          53.64               5.0414189                4.4454194
          53.82               4.9316307                4.3645369
             54               4.8232955                4.2848534
          54.18               4.716414                4.2063613
          54.36               4.6109867                4.1290527
          54.54               4.5070139                4.0529197
          54.72               4.4044955                3.9779543
           54.9               4.303431                3.9041481
          55.08               4.2038197                3.8314926
          55.26               4.1056607                3.7599793
          55.44               4.0089526                3.6895994
          55.62               3.9136937                3.620344
           55.8               3.8198822                3.552204
          55.98               3.7275157                3.4851702
          56.16               3.6365918                3.4192333
          56.34               3.5471076                3.3543839
          56.52               3.45906                3.2906123
           56.7               3.3724455                3.2279088
          56.88               3.2872605                3.1662636
          57.06               3.2035008                3.1056668
          57.24               3.1211621                3.0461083
          57.42               3.0402399                2.9875779
           57.6               2.9607292                2.9300653
          57.78               2.8826249                2.8735603
          57.96               2.8059215                2.8180523
          58.14               2.7306133                2.7635309
          58.32               2.6566942                2.7099854
           58.5               2.5841579                2.6574052
          58.68               2.5129978                2.6057794
          58.86               2.4432071                2.5550973
          59.04               2.3747787                2.5053479
          59.22               2.3077053                2.4565203
           59.4               2.2419791                2.4086036
          59.58               2.1775922                2.3615866
          59.76               2.1145366                2.3154582
          59.94               2.0528039                2.2702073
          60.12               1.9923853                2.2258228
           60.3               1.933272                2.1822934
          60.48               1.8754548                2.1396078
          60.66               1.8189244                2.097755
          60.84               1.7636712                2.0567234
          61.02               1.7096854                2.016502
           61.2               1.6569569                1.9770793
          61.38               1.6054754                1.9384441
          61.56               1.5552305                1.9005851
          61.74               1.5062115                1.863491
          61.92               1.4584074                1.8271504
           62.1               1.4118071                1.7915521
          62.28               1.3663994                1.7566849
          62.46               1.3221728                1.7225374
          62.64               1.2791155                1.6890985
          62.82               1.2372157                1.6563569
             63               1.1964614                1.6243016
          63.18               1.1568403                1.5929213
          63.36               1.1183401                1.562205
          63.54               1.0809482                1.5321415
          63.72               1.0446519                1.50272
           63.9               1.0094383                1.4739295
          64.08               0.97529447                1.445759
          64.26               0.9422072                1.4181977
          64.44               0.91016322                1.3912348
          64.62               0.8791491                1.3648596
           64.8               0.84915131                1.3390614
          64.98               0.82015616                1.3138296
          65.16               0.79214989                1.2891537
          65.34               0.76511859                1.2650233
          65.52               0.73904826                1.241428
           65.7               0.71392482                1.2183574
          65.88               0.68973405                1.1958015
          66.06               0.6664617                1.17375
          66.24               0.64409338                1.152193
          66.42               0.62261467                1.1311204
           66.6               0.60201105                1.1105225
          66.78               0.58226795                1.0903895
          66.96               0.56337073                1.0707117
          67.14               0.54530471                1.0514796
          67.32               0.52805513                1.0326836
           67.5               0.51160723                1.0143146
          67.68               0.49594617                0.99636312
          67.86               0.48105711                0.97882013
          68.04               0.46692518                0.96167658
          68.22               0.45353547                0.94492354
           68.4               0.44087307                0.92855221
          68.58               0.42892306                0.91255389
          68.76               0.41767051                0.89692
          68.94               0.40710049                0.88164207
          69.12               0.39719809                0.86671175
           69.3               0.3879484                0.85212083
          69.48               0.37933654                0.83786118
          69.66               0.37134763                0.82392482
          69.84               0.36396685                0.81030388
          70.02               0.35717939                0.79699063
           70.2               0.35097048                0.78397742
          70.38               0.34532541                0.77125678
          70.56               0.34022951                0.75882132
          70.74               0.33566817                0.74666379
          70.92               0.33162681                0.73477707
           71.1               0.32809097                0.72315416
          71.28               0.32504621                0.71178818
          71.46               0.32247818                0.7006724
          71.64               0.32037262                0.68980018
          71.82               0.31871535                0.67916503
             72               0.31749226                0.66876057
          72.18               0.31668935                0.65858058
          72.36               0.31629272                0.64861892
          72.54               0.31628856                0.63886961
          72.72               0.31666318                0.62932676
           72.9               0.31740298                0.61998465
          73.08               0.31849449                0.61083765
          73.26               0.31992437                0.60188026
          73.44               0.32167937                0.59310711
          73.62               0.3237464                0.58451295
           73.8               0.32611247                0.57609265
          73.98               0.32876476                0.5678412
          74.16               0.33169055                0.55975371
          74.34               0.33487729                0.55182541
          74.52               0.33831256                0.54405165
           74.7               0.34198409                0.5364279
          74.88               0.34587977                0.52894974
          75.06               0.34998764                0.52161287
          75.24               0.35429589                0.51441309
          75.42               0.35879288                0.50734633
           75.6               0.36346713                0.50040864
          75.78               0.36830733                0.49359614
          75.96               0.37330234                0.4869051
          76.14               0.37844117                0.48033189
          76.32               0.38371304                0.47387297
           76.5               0.38910732                0.46752491
          76.68               0.39461357                0.46128439
          76.86               0.40022152                0.4551482
          77.04               0.40592109                0.44911321
          77.22               0.41170239                0.4431764
           77.4               0.4175557                0.43733484
          77.58               0.42347151                0.43158572
          77.76               0.42944047                0.42592629
          77.94               0.43545346                0.42035392
          78.12               0.44150151                0.41486605
           78.3               0.44757588                0.40946023
          78.48               0.45366799                0.40413407
          78.66               0.45976949                0.3988853
          78.84               0.4658722                0.39371171
          79.02               0.47196816                0.38861117
           79.2               0.47804958                0.38358165
          79.38               0.48410888                0.37862118
          79.56               0.49013871                0.37372789
          79.74               0.49613186                0.36889995
          79.92               0.50208137                0.36413564
           80.1               0.50798046                0.35943329
          80.28               0.51382254                0.3547913
          80.46               0.51960124                0.35020816
          80.64               0.52531038                0.34568239
          80.82               0.53094398                0.34121262
             81               0.53649625                0.33679749
          81.18               0.54196161                0.33243576
          81.36               0.54733467                0.32812619
          81.54               0.55261025                0.32386765
          81.72               0.55778335                0.31965902
           81.9               0.56284917                0.31549928
          82.08               0.56780311                0.31138742
          82.26               0.57264077                0.30732251
          82.44               0.57735792                0.30330366
          82.62               0.58195053                0.29933003
           82.8               0.58641478                0.29540081
          82.98               0.59074701                0.29151525
          83.16               0.59494376                0.28767265
          83.34               0.59900175                0.28387233
          83.52               0.6029179                0.28011366
           83.7               0.60668928                0.27639606
          83.88               0.61031318                0.27271896
          84.06               0.61378703                0.26908184
          84.24               0.61710846                0.26548421
          84.42               0.62027526                0.26192563
           84.6               0.62328541                0.25840566
          84.78               0.62613705                0.2549239
          84.96               0.62882848                0.25147999
          85.14               0.63135817                0.24807358
          85.32               0.63372477                0.24470437
           85.5               0.63592706                0.24137204
          85.68               0.637964                0.23807633
          85.86               0.63983469                0.23481699
          86.04               0.64153841                0.23159378
          86.22               0.64307456                0.2284065
           86.4               0.64444271                0.22525495
          86.58               0.64564256                0.22213895
          86.76               0.64667395                0.21905834
          86.94               0.64753688                0.21601296
          87.12               0.64823146                0.21300268
           87.3               0.64875796                0.21002739
          87.48               0.64911677                0.20708695
          87.66               0.64930839                0.20418128
          87.84               0.64933347                0.20131027
          88.02               0.64919277                0.19847385
           88.2               0.64888718                0.19567193
          88.38               0.64841768                0.19290444
          88.56               0.6477854                0.19017133
          88.74               0.64699154                0.18747252
          88.92               0.64603744                0.18480796
           89.1               0.64492452                0.1821776
          89.28               0.64365431                0.17958139
          89.46               0.64222845                0.17701928
          89.64               0.64064864                0.17449123
          89.82               0.6389167                0.1719972
             90               0.63703453                0.16953713
          90.18               0.63500412                0.16711099
          90.36               0.63282752                0.16471872
          90.54               0.63050688                0.16236029
          90.72               0.62804441                0.16003565
           90.9               0.62544242                0.15774474
          91.08               0.62270325                0.15548752
          91.26               0.61982933                0.15326393
          91.44               0.61682314                0.15107392
          91.62               0.61368724                0.14891741
           91.8               0.61042422                0.14679436
          91.98               0.60703674                0.14470468
          92.16               0.6035275                0.1426483
          92.34               0.59989927                0.14062515
          92.52               0.59615483                0.13863515
           92.7               0.59229703                0.1366782
          92.88               0.58832874                0.13475422
          93.06               0.58425288                0.1328631
          93.24               0.58007238                0.13100474
          93.42               0.57579024                0.12917904
           93.6               0.57140944                0.12738587
          93.78               0.56693302                0.12562511
          93.96               0.56236403                0.12389665
          94.14               0.55770552                0.12220034
          94.32               0.55296059                0.12053605
           94.5               0.54813232                0.11890363
          94.68               0.54322383                0.11730293
          94.86               0.53823824                0.1157338
          95.04               0.53317866                0.11419608
          95.22               0.52804821                0.11268958
           95.4               0.52285003                0.11121415
          95.58               0.51758725                0.10976961
          95.76               0.51226297                0.10835575
          95.94               0.50688032                0.1069724
          96.12               0.5014424                0.10561936
           96.3               0.49595231                0.10429642
          96.48               0.49041314                0.10300338
          96.66               0.48482795                0.10174002
          96.84               0.4791998                0.10050613
          97.02               0.47353172                0.099301486
           97.2               0.46782673                0.098125855
          97.38               0.46208783                0.096979007
          97.56               0.45631797                0.095860705
          97.74               0.45052011                0.094770708
          97.92               0.44469716                0.093708772
           98.1               0.43885201                0.092674645
          98.28               0.43298751                0.091668075
          98.46               0.42710649                0.090688805
          98.64               0.42121174                0.089736575
          98.82               0.41530601                0.08881112
             99               0.40939202                0.087912174
          99.18               0.40347246                0.087039466
          99.36               0.39754997                0.086192724
          99.54               0.39162716                0.085371673
          99.72               0.38570657                0.084576035
           99.9               0.37979074                0.083805529
         100.08               0.37388213                0.083059875
         100.26               0.36798319                0.082338787
         100.44               0.3620963                0.081641981
         100.62               0.35622379                0.08096917
          100.8               0.35036796                0.080320064
         100.98               0.34453106                0.079694376
         101.16               0.33871529                0.079091813
         101.34               0.33292279                0.078512086
         101.52               0.32715566                0.077954901
          101.7               0.32141596                0.077419968
         101.88               0.31570567                0.076906992
         102.06               0.31002676                0.076415683
         102.24               0.3043811                0.075945745
         102.42               0.29877056                0.075496889
          102.6               0.29319691                0.07506882
         102.78               0.2876619                0.074661248
         102.96               0.28216721                0.074273881
         103.14               0.27671448                0.07390643
         103.32               0.27130529                0.073558605
          103.5               0.26594116                0.073230116
         103.68               0.26062358                0.072920679
         103.86               0.25535396                0.072630005
         104.04               0.25013367                0.072357812
         104.22               0.24496403                0.072103816
          104.4               0.23984631                0.071867735
         104.58               0.2347817                0.07164929
         104.76               0.22977137                0.071448203
         104.94               0.22481643                0.071264199
         105.12               0.21991793                0.071097002
          105.3               0.21507687                0.070946342
         105.48               0.2102942                0.070811949
         105.66               0.20557083                0.070693556
         105.84               0.20090761                0.070590896
         106.02               0.19630533                0.070503708
          106.2               0.19176474                0.070431731
         106.38               0.18728656                0.070374708
         106.56               0.18287142                0.070332382
         106.74               0.17851994                0.070304502
         106.92               0.17423268                0.070290818
          107.1               0.17001015                0.070291081
         107.28               0.1658528                0.070305048
         107.46               0.16176107                0.070332476
         107.64               0.15773533                0.070373126
         107.82               0.1537759                0.070426762
            108               0.14988309                0.070493151
         108.18               0.14605712                0.070572061
         108.36               0.14229822                0.070663265
         108.54               0.13860653                0.070766538
         108.72               0.13498219                0.070881657
          108.9               0.13142527                0.071008404
         109.08               0.12793582                0.071146562
         109.26               0.12451384                0.071295917
         109.44               0.12115931                0.071456258
         109.62               0.11787217                0.071627379
          109.8               0.1146523                0.071809073
         109.98               0.11149957                0.072001138
         110.16               0.10841382                0.072203376
         110.34               0.10539483                0.072415589
         110.52               0.10244239                0.072637584
          110.7               0.099556212                0.07286917
         110.88               0.096736016                0.073110157
         111.06               0.093981476                0.073360362
         111.24               0.09129224                0.073619599
         111.42               0.088667928                0.07388769
          111.6               0.086108136                0.074164457
         111.78               0.083612434                0.074449724
         111.96               0.081180368                0.074743319
         112.14               0.078811458                0.075045072
         112.32               0.076505204                0.075354816
          112.5               0.074261084                0.075672384
         112.68               0.072078554                0.075997616
         112.86               0.069957052                0.07633035
         113.04               0.067895994                0.076670429
         113.22               0.06589478                0.077017697
          113.4               0.063952792                0.077372001
         113.58               0.062069398                0.07773319
         113.76               0.060243946                0.078101116
         113.94               0.058475773                0.078475632
         114.12               0.056764201                0.078856593
          114.3               0.055108539                0.079243857
         114.48               0.053508083                0.079637285
         114.66               0.05196212                0.080036738
         114.84               0.050469924                0.08044208
         115.02               0.049030761                0.080853177
          115.2               0.047643887                0.081269897
         115.38               0.046308551                0.08169211
         115.56               0.045023994                0.082119688
         115.74               0.043789449                0.082552504
         115.92               0.042604147                0.082990435
          116.1               0.041467309                0.083433356
         116.28               0.040378156                0.083881148
         116.46               0.039335902                0.084333692
         116.64               0.038339759                0.08479087
         116.82               0.037388938                0.085252566
            117               0.036482647                0.085718667
         117.18               0.035620092                0.08618906
         117.36               0.03480048                0.086663636
         117.54               0.034023018                0.087142284
         117.72               0.033286914                0.087624898
          117.9               0.032591375                0.088111372
         118.08               0.031935614                0.088601603
         118.26               0.031318844                0.089095487
         118.44               0.030740279                0.089592924
         118.62               0.030199141                0.090093814
          118.8               0.029694653                0.09059806
         118.98               0.029226042                0.091105566
         119.16               0.028792543                0.091616236
         119.34               0.028393393                0.092129978
         119.52               0.028027837                0.0926467
          119.7               0.027695126                0.093166311
         119.88               0.027394516                0.093688724
         120.06               0.027125272                0.09421385
         120.24               0.026886666                0.094741605
         120.42               0.026677977                0.095271903
          120.6               0.026498493                0.095804663
         120.78               0.02634751                0.096339803
         120.96               0.026224331                0.096877244
         121.14               0.026128272                0.097416907
         121.32               0.026058655                0.097958715
          121.5               0.026014813                0.098502593
         121.68               0.025996087                0.099048468
         121.86               0.026001832                0.099596268
         122.04               0.026031408                0.10014592
         122.22               0.02608419                0.10069736
          122.4               0.026159561                0.10125051
         122.58               0.026256915                0.10180532
         122.76               0.026375659                0.10236171
         122.94               0.026515208                0.10291962
         123.12               0.026674991                0.103479
          123.3               0.026854447                0.10403977
         123.48               0.027053026                0.10460189
         123.66               0.027270191                0.1051653
         123.84               0.027505416                0.10572993
         124.02               0.027758186                0.10629574
          124.2               0.028027998                0.10686268
         124.38               0.028314362                0.10743069
         124.56               0.028616798                0.10799972
         124.74               0.028934839                0.10856974
         124.92               0.029268029                0.10914068
          125.1               0.029615925                0.10971251
         125.28               0.029978095                0.11028519
         125.46               0.030354119                0.11085866
         125.64               0.030743588                0.11143291
         125.82               0.031146106                0.11200788
            126               0.031561289                0.11258354
         126.18               0.031988761                0.11315985
         126.36               0.032428163                0.11373679
         126.54               0.032879143                0.11431432
         126.72               0.033341362                0.11489241
          126.9               0.033814492                0.11547103
         127.08               0.034298218                0.11605016
         127.26               0.034792232                0.11662978
         127.44               0.03529624                0.11720985
         127.62               0.035809958                0.11779036
          127.8               0.036333114                0.11837129
         127.98               0.036865443                0.11895262
         128.16               0.037406693                0.11953433
         128.34               0.037956623                0.12011641
         128.52               0.038515                0.12069885
          128.7               0.039081602                0.12128163
         128.88               0.039656216                0.12186473
         129.06               0.040238638                0.12244817
         129.24               0.040828676                0.12303191
         129.42               0.041426145                0.12361597
          129.6               0.042030869                0.12420034
         129.78               0.042642682                0.12478501
         129.96               0.043261425                0.12536998
         130.14               0.04388695                0.12595525
         130.32               0.044519115                0.12654083
          130.5               0.045157786                0.12712672
         130.68               0.045802838                0.12771292
         130.86               0.046454154                0.12829943
         131.04               0.047111623                0.12888628
         131.22               0.047775142                0.12947346
          131.4               0.048444615                0.13006098
         131.58               0.049119953                0.13064886
         131.76               0.049801074                0.13123712
         131.94               0.0504879                0.13182575
         132.12               0.051180363                0.13241479
          132.3               0.051878398                0.13300424
         132.48               0.052581947                0.13359412
         132.66               0.053290958                0.13418445
         132.84               0.054005382                0.13477526
         133.02               0.054725179                0.13536656
          133.2               0.05545031                0.13595838
         133.38               0.056180744                0.13655073
         133.56               0.056916453                0.13714365
         133.74               0.057657413                0.13773715
         133.92               0.058403604                0.13833127
          134.1               0.059155012                0.13892603
         134.28               0.059911624                0.13952146
         134.46               0.060673432                0.14011758
         134.64               0.061440431                0.14071443
         134.82               0.062212619                0.14131204
            135               0.062989999                0.14191043
         135.18               0.063772572                0.14250964
         135.36               0.064560347                0.1431097
         135.54               0.065353331                0.14371065
         135.72               0.066151536                0.14431251
          135.9               0.066954975                0.14491532
         136.08               0.067763663                0.14551911
         136.26               0.068577616                0.14612392
         136.44               0.069396852                0.14672979
         136.62               0.070221392                0.14733674
          136.8               0.071051254                0.14794482
         136.98               0.071886462                0.14855405
         137.16               0.072727037                0.14916448
         137.34               0.073573003                0.14977615
         137.52               0.074424383                0.15038907
          137.7               0.075281201                0.15100331
         137.88               0.076143482                0.15161888
         138.06               0.077011249                0.15223582
         138.24               0.077884528                0.15285418
         138.42               0.078763342                0.15347398
          138.6               0.079647715                0.15409527
         138.78               0.080537672                0.15471808
         138.96               0.081433234                0.15534244
         139.14               0.082334424                0.15596839
         139.32               0.083241263                0.15659596
          139.5               0.084153773                0.15722519
         139.68               0.085071972                0.15785611
         139.86               0.08599588                0.15848876
         140.04               0.086925513                0.15912316
         140.22               0.087860887                0.15975936
          140.4               0.088802018                0.16039737
         140.58               0.089748918                0.16103725
         140.76               0.090701598                0.161679
         140.94               0.091660069                0.16232267
         141.12               0.092624339                0.16296828
          141.3               0.093594414                0.16361587
         141.48               0.094570299                0.16426545
         141.66               0.095551995                0.16491705
         141.84               0.096539504                0.16557071
         142.02               0.097532825                0.16622645
          142.2               0.098531952                0.16688428
         142.38               0.099536881                0.16754424
         142.56               0.1005476                0.16820634
         142.74               0.10156411                0.16887061
         142.92               0.10258638                0.16953706
          143.1               0.10361442                0.17020572
         143.28               0.10464818                0.17087659
         143.46               0.10568767                0.17154971
         143.64               0.10673285                0.17222507
         143.82               0.1077837                0.17290271
            144               0.1088402                0.17358262
         144.18               0.10990231                0.17426482
         144.36               0.11097                0.17494933
         144.54               0.11204323                0.17563614
         144.72               0.11312197                0.17632527
          144.9               0.11420618                0.17701672
         145.08               0.11529582                0.1777105
         145.26               0.11639083                0.17840661
         145.44               0.11749117                0.17910505
         145.62               0.1185968                0.17980583
          145.8               0.11970765                0.18050893
         145.98               0.12082367                0.18121437
         146.16               0.1219448                0.18192213
         146.34               0.12307098                0.1826322
         146.52               0.12420215                0.18334459
          146.7               0.12533825                0.18405928
         146.88               0.12647919                0.18477627
         147.06               0.12762491                0.18549553
         147.24               0.12877534                0.18621706
         147.42               0.12993039                0.18694085
          147.6               0.13109                0.18766687
         147.78               0.13225407                0.1883951
         147.96               0.13342253                0.18912554
         148.14               0.13459529                0.18985815
         148.32               0.13577226                0.19059292
          148.5               0.13695334                0.19132981
         148.68               0.13813845                0.19206881
         148.86               0.13932749                0.19280989
         149.04               0.14052036                0.19355301
         149.22               0.14171697                0.19429815
          149.4               0.1429172                0.19504527
         149.58               0.14412095                0.19579434
         149.76               0.14532812                0.19654532
         149.94               0.14653861                0.19729818
         150.12               0.14775229                0.19805287
          150.3               0.14896905                0.19880937
         150.48               0.15018879                0.19956762
         150.66               0.15141138                0.20032758
         150.84               0.15263671                0.20108921
         151.02               0.15386465                0.20185246
          151.2               0.15509509                0.20261728
         151.38               0.1563279                0.20338362
         151.56               0.15756296                0.20415144
         151.74               0.15880014                0.20492067
         151.92               0.1600393                0.20569128
          152.1               0.16128033                0.20646319
         152.28               0.16252309                0.20723635
         152.46               0.16376745                0.20801071
         152.64               0.16501326                0.20878621
         152.82               0.16626041                0.20956278
            153               0.16750875                0.21034037
         153.18               0.16875814                0.2111189
         153.36               0.17000844                0.21189832
         153.54               0.17125952                0.21267855
         153.72               0.17251123                0.21345954
          153.9               0.17376344                0.21424121
         154.08               0.17501599                0.21502348
         154.26               0.17626874                0.2158063
         154.44               0.17752156                0.21658959
         154.62               0.17877428                0.21737327
          154.8               0.18002678                0.21815727
         154.98               0.18127889                0.21894151
         155.16               0.18253048                0.21972592
         155.34               0.18378138                0.22051042
         155.52               0.18503147                0.22129493
          155.7               0.18628058                0.22207937
         155.88               0.18752856                0.22286365
         156.06               0.18877527                0.22364771
         156.24               0.19002055                0.22443144
         156.42               0.19126425                0.22521478
          156.6               0.19250623                0.22599763
         156.78               0.19374633                0.22677991
         156.96               0.19498439                0.22756154
         157.14               0.19622027                0.22834242
         157.32               0.19745382                0.22912247
          157.5               0.19868488                0.2299016
         157.68               0.1999133                0.23067972
         157.86               0.20113893                0.23145674
         158.04               0.20236161                0.23223257
         158.22               0.2035812                0.23300712
          158.4               0.20479755                0.2337803
         158.58               0.20601049                0.234552
         158.76               0.20721989                0.23532215
         158.94               0.20842559                0.23609065
         159.12               0.20962743                0.2368574
          159.3               0.21082528                0.23762231
         159.48               0.21201898                0.23838528
         159.66               0.21320838                0.23914622
         159.84               0.21439333                0.23990504
         160.02               0.21557368                0.24066163
          160.2               0.21674929                0.24141591
         160.38               0.21792                0.24216777
         160.56               0.21908568                0.24291712
         160.74               0.22024618                0.24366386
         160.92               0.22140134                0.24440789
          161.1               0.22255104                0.24514912
         161.28               0.22369511                0.24588745
         161.46               0.22483342                0.24662278
         161.64               0.22596583                0.24735502
         161.82               0.2270922                0.24808406
            162               0.22821238                0.24880982
         162.18               0.22932624                0.24953218
         162.36               0.23043363                0.25025106
         162.54               0.23153442                0.25096636
         162.72               0.23262847                0.25167798
          162.9               0.23371565                0.25238582
         163.08               0.23479582                0.25308979
         163.26               0.23586885                0.25378978
         163.44               0.2369346                0.25448571
         163.62               0.23799294                0.25517747
          163.8               0.23904375                0.25586498
         163.98               0.24008689                0.25654813
         164.16               0.24112223                0.25722682
         164.34               0.24214964                0.25790098
         164.52               0.24316901                0.25857049
          164.7               0.2441802                0.25923526
         164.88               0.24518309                0.2598952
         165.06               0.24617757                0.26055023
         165.24               0.2471635                0.26120023
         165.42               0.24814076                0.26184513
          165.6               0.24910925                0.26248483
         165.78               0.25006884                0.26311923
         165.96               0.25101941                0.26374826
         166.14               0.25196085                0.26437181
         166.32               0.25289305                0.26498979
          166.5               0.25381589                0.26560213
         166.68               0.25472927                0.26620872
         166.86               0.25563307                0.26680948
         167.04               0.25652719                0.26740433
         167.22               0.25741151                0.26799318
          167.4               0.25828594                0.26857594
         167.58               0.25915037                0.26915253
         167.76               0.26000469                0.26972287
         167.94               0.26084881                0.27028686
         168.12               0.26168263                0.27084443
          168.3               0.26250604                0.27139549
         168.48               0.26331896                0.27193998
         168.66               0.26412127                0.27247779
         168.84               0.2649129                0.27300887
         169.02               0.26569375                0.27353312
          169.2               0.26646372                0.27405047
         169.38               0.26722273                0.27456085
         169.56               0.26797069                0.27506418
         169.74               0.26870751                0.27556038
         169.92               0.26943311                0.27604938
          170.1               0.2701474                0.27653111
         170.28               0.2708503                0.2770055
         170.46               0.27154173                0.27747248
         170.64               0.27222161                0.27793197
         170.82               0.27288986                0.27838392
            171               0.2735464                0.27882824
         171.18               0.27419117                0.27926489
         171.36               0.27482408                0.27969378
         171.54               0.27544507                0.28011487
         171.72               0.27605407                0.28052807
          171.9               0.276651                0.28093335
         172.08               0.27723579                0.28133062
         172.26               0.27780839                0.28171984
         172.44               0.27836873                0.28210094
         172.62               0.27891674                0.28247387
          172.8               0.27945236                0.28283858
         172.98               0.27997554                0.283195
         173.16               0.28048621                0.28354309
         173.34               0.28098432                0.28388279
         173.52               0.28146981                0.28421405
          173.7               0.28194263                0.28453683
         173.88               0.28240272                0.28485107
         174.06               0.28285004                0.28515673
         174.24               0.28328453                0.28545375
         174.42               0.28370615                0.28574211
          174.6               0.28411485                0.28602175
         174.78               0.28451058                0.28629263
         174.96               0.28489331                0.28655471
         175.14               0.28526298                0.28680795
         175.32               0.28561957                0.28705232
          175.5               0.28596302                0.28728777
         175.68               0.2862933                0.28751428
         175.86               0.28661038                0.2877318
         176.04               0.28691422                0.28794031
         176.22               0.28720479                0.28813977
          176.4               0.28748206                0.28833016
         176.58               0.28774599                0.28851144
         176.76               0.28799656                0.28868359
         176.94               0.28823374                0.28884658
         177.12               0.28845751                0.28900039
          177.3               0.28866783                0.28914499
         177.48               0.28886469                0.28928037
         177.66               0.28904807                0.28940649
         177.84               0.28921794                0.28952335
         178.02               0.28937429                0.28963093
          178.2               0.28951711                0.28972921
         178.38               0.28964636                0.28981817
         178.56               0.28976205                0.2898978
         178.74               0.28986416                0.2899681
         178.92               0.28995268                0.29002904
          179.1               0.29002759                0.29008062
         179.28               0.29008889                0.29012283
         179.46               0.29013658                0.29015567
         179.64               0.29017065                0.29017913
         179.82               0.29019109                0.29019321
Completed Run:Normal Exit...
