Prolate_spheroid__c=2__b=0.1837762984739__a=2*b


zshift     = 0
wavelength = 1
radiusParam.nPoints  =  160
radiusParam.start    =  0.0004
radiusParam.end      =  0.367553
thetaParam.nPoints   =  240
thetaParam.start     =  0
thetaParam.end       =  3.14159
phiParam.nPoints     =  38
phiParam.start       =  0
phiParam.end         =  6.28319
maxL                 =  10
symmetry             =  axial


~~~~~~~~~~~~~~~~~~  T  M a t r i c e s  ~~~~~~~~~~~~~~~~~~~~~~~~~~
n  =   1   1   0
np =   1   1   0
    (-0.0172851,0.124436) (2.30687e-18,-4.8308e-18)
(2.30689e-18,-4.83088e-18)     (-0.0640728,0.244198)


n  =   1   1   0
np =   2   1   0
(7.87302e-19,-4.63128e-18)    (-0.00689528,0.0374218)
   (-0.00368873,0.0131797) (2.39859e-18,-6.66839e-18)


n  =   1   1   0
np =   3   1   0
  (-0.00100531,0.00687387) (2.53063e-19,-6.73556e-19)
 (6.05306e-20,5.80029e-20)     (-0.0031988,0.0117138)


n  =   1   1   0
np =   4   1   0
(3.32738e-20,-1.92158e-19) (-0.000422373,0.00235902)
(-9.25199e-05,0.000306162) (3.22175e-20,3.89397e-20)


n  =   1   1   0
np =   5   1   0
(-2.58555e-05,0.000174586) (1.27017e-20,-5.58684e-20)
(2.50024e-21,-1.49908e-21) (-8.29731e-05,0.000292334)


n  =   1   1   0
np =   6   1   0
 (8.0122e-22,-4.78112e-21) (-1.07985e-05,6.08709e-05)
(-1.25804e-06,3.76741e-06) (1.36787e-21,-9.43872e-22)


n  =   1   1   0
np =   7   1   0
(-3.72565e-07,2.50171e-06) (3.11377e-22,-1.57358e-21)
(3.97397e-23,-2.49361e-23) (-1.23073e-06,4.17881e-06)


n  =   1   1   0
np =   8   1   0
(1.26925e-23,-7.81845e-23) (-1.54117e-07,8.73096e-07)
(-1.08005e-08,2.82552e-08)  (1.8997e-23,-7.08911e-24)


n  =   1   1   0
np =   9   1   0
(-3.44595e-09,2.30646e-08)  (5.63999e-24,-3.2568e-23)
(5.39736e-25,-7.47136e-25) (-1.16257e-08,3.80179e-08)


n  =   1   1   0
np =   10   1   0
(1.43211e-25,-9.05902e-25) (-1.40968e-09,8.01901e-09)
(-6.39371e-11,1.37938e-10) (2.84476e-25,-4.12504e-25)


n  =   2   1   0
np =   1   1   0
(7.87303e-19,-4.63126e-18)    (-0.00368873,0.0131797)
   (-0.00689528,0.0374218) (2.39859e-18,-6.66842e-18)


n  =   2   1   0
np =   2   1   0
  (-0.000390621,0.0134721) (3.82581e-19,-1.36289e-18)
(3.82582e-19,-1.36288e-18)     (-0.00451361,0.054999)


n  =   2   1   0
np =   3   1   0
(4.85618e-20,-7.35535e-19)  (-0.000256353,0.00459596)
 (-0.000449093,0.00324247) (2.38235e-19,-1.90518e-18)


n  =   2   1   0
np =   4   1   0
(-1.44166e-05,0.000649743) (1.95195e-20,-1.96061e-19)
(1.62876e-20,-8.84277e-20)  (-0.000265592,0.00310148)


n  =   2   1   0
np =   5   1   0
(1.40109e-21,-2.51737e-20) (-8.43005e-06,0.000218621)
(-1.17938e-05,8.83912e-05) (8.98238e-21,-6.62682e-20)


n  =   2   1   0
np =   6   1   0
(-2.70962e-07,1.38873e-05) (5.68284e-22,-7.34445e-21)
(3.79913e-22,-2.31333e-21) (-6.68737e-06,7.66225e-05)


n  =   2   1   0
np =   7   1   0
(2.24203e-23,-4.93904e-22) (-1.49615e-07,4.62617e-06)
(-1.71179e-07,1.29581e-06) (1.95157e-22,-1.47658e-21)


n  =   2   1   0
np =   8   1   0
(-3.10062e-09,1.71375e-07) (9.03726e-24,-1.66848e-22)
(5.93464e-24,-3.94968e-23)  (-9.45811e-08,1.0705e-06)


n  =   2   1   0
np =   9   1   0
 (2.43636e-25,-6.3294e-24) (-1.64296e-09,5.67552e-08)
(-1.58844e-09,1.20593e-08) (3.08896e-24,-2.29621e-23)


n  =   2   1   0
np =   10   1   0
(-2.39038e-11,1.38762e-09) (1.03839e-25,-2.52051e-24)
(6.66522e-26,-4.72499e-25) (-8.58621e-10,9.61931e-09)


n  =   3   1   0
np =   1   1   0
(-0.00100531,0.00687387) (6.05301e-20,5.7999e-20)
(2.53064e-19,-6.73541e-19)   (-0.0031988,0.0117138)


n  =   3   1   0
np =   2   1   0
(4.85619e-20,-7.35535e-19)  (-0.000449093,0.00324247)
 (-0.000256353,0.00459596) (2.38234e-19,-1.90517e-18)


n  =   3   1   0
np =   3   1   0
(-6.02128e-05,0.00104748) (1.58518e-20,-2.3163e-19)
(1.58516e-20,-2.31631e-19) (-0.000205577,0.00606184)


n  =   3   1   0
np =   4   1   0
(2.25061e-21,-5.96843e-20)   (-2.7369e-05,0.00036552)
(-8.52982e-06,0.000269982) (1.01614e-20,-2.82429e-19)


n  =   3   1   0
np =   5   1   0
(-1.56283e-06,3.76351e-05) (8.57935e-22,-1.65663e-20)
(5.11033e-22,-9.90142e-21) (-6.42962e-06,0.000283803)


n  =   3   1   0
np =   6   1   0
 (5.49503e-23,-1.6847e-21) (-6.99617e-07,1.23016e-05)
 (-1.50051e-07,6.1754e-06) (3.02846e-22,-8.92875e-21)


n  =   3   1   0
np =   7   1   0
(-2.26339e-08,6.54453e-07)  (2.1401e-23,-5.01971e-22)
(8.53472e-24,-2.13976e-22) (-1.10327e-07,5.90931e-06)


n  =   3   1   0
np =   8   1   0
 (8.57761e-25,-2.6651e-23)  (-9.99018e-09,2.0737e-07)
(-1.64058e-09,7.89378e-08) (4.71094e-24,-1.59726e-22)


n  =   3   1   0
np =   9   1   0
(-2.10064e-10,6.85026e-09) (3.75669e-25,-9.12928e-24)
(1.00038e-25,-2.95321e-24)   (-1.1801e-09,7.1247e-08)


n  =   3   1   0
np =   10   1   0
(9.43847e-27,-2.67308e-25) (-9.14107e-11,2.13234e-09)
(-1.22423e-11,6.54154e-10)  (5.5338e-26,-2.01403e-24)


n  =   4   1   0
np =   1   1   0
(3.32738e-20,-1.92157e-19) (-9.25199e-05,0.000306162)
 (-0.000422373,0.00235902)  (3.22175e-20,3.89383e-20)


n  =   4   1   0
np =   2   1   0
(-1.44166e-05,0.000649743) (1.62875e-20,-8.84276e-20)
(1.95196e-20,-1.96063e-19)  (-0.000265592,0.00310148)


n  =   4   1   0
np =   3   1   0
 (2.2506e-21,-5.96843e-20) (-8.52982e-06,0.000269982)
  (-2.7369e-05,0.00036552) (1.01614e-20,-2.82429e-19)


n  =   4   1   0
np =   4   1   0
(-6.00728e-07,5.26767e-05) (9.72965e-22,-1.88143e-20)
(9.72967e-22,-1.88143e-20) (-1.57778e-05,0.000457807)


n  =   4   1   0
np =   5   1   0
(6.48712e-23,-3.15591e-21) (-3.17367e-07,1.78316e-05)
 (-7.20458e-07,1.4333e-05) (4.76844e-22,-2.24363e-20)


n  =   4   1   0
np =   6   1   0
(-1.20507e-08,1.44462e-06) (2.76608e-23,-8.93441e-22)
 (2.4197e-23,-6.07301e-22) (-3.99537e-07,1.62009e-05)


n  =   4   1   0
np =   7   1   0
 (1.04918e-24,-7.0066e-23) (-6.03247e-09,4.54226e-07)
(-1.04838e-08,2.61421e-07) (1.14114e-23,-5.93624e-22)


n  =   4   1   0
np =   8   1   0
(-1.43602e-10,2.07632e-08) (4.43967e-25,-2.10137e-23)
(3.84327e-25,-1.06181e-23) (-5.67377e-09,2.77733e-07)


n  =   4   1   0
np =   9   1   0
(1.13481e-26,-8.77039e-25) (-6.93486e-11,6.30092e-09)
(-9.75012e-11,2.82107e-09) (1.89255e-25,-9.03021e-24)


n  =   4   1   0
np =   10   1   0
(-1.13791e-12,1.86752e-10) (4.99146e-27,-2.91761e-25)
(4.29118e-27,-1.15477e-25)  (-5.1675e-11,2.86684e-09)


n  =   5   1   0
np =   1   1   0
(-2.58555e-05,0.000174586) (2.50023e-21,-1.49909e-21)
(1.27018e-20,-5.58684e-20) (-8.29731e-05,0.000292334)


n  =   5   1   0
np =   2   1   0
 (1.4011e-21,-2.51737e-20) (-1.17938e-05,8.83912e-05)
(-8.43005e-06,0.000218621) (8.98236e-21,-6.62676e-20)


n  =   5   1   0
np =   3   1   0
(-1.56283e-06,3.76351e-05) (5.11036e-22,-9.90145e-21)
(8.57934e-22,-1.65663e-20) (-6.42962e-06,0.000283803)


n  =   5   1   0
np =   4   1   0
(6.48713e-23,-3.15592e-21)  (-7.20458e-07,1.4333e-05)
(-3.17367e-07,1.78316e-05) (4.76844e-22,-2.24362e-20)


n  =   5   1   0
np =   5   1   0
(-4.07295e-08,1.87574e-06) (2.60474e-23,-9.62781e-22)
(2.60473e-23,-9.62784e-22) (-2.21623e-07,2.25549e-05)


n  =   5   1   0
np =   6   1   0
(1.56189e-24,-1.15424e-22) (-1.84562e-08,6.04642e-07)
(-6.03497e-09,5.12354e-07)  (1.3823e-23,-1.15354e-21)


n  =   5   1   0
np =   7   1   0
(-5.91456e-10,3.97843e-08) (6.29724e-25,-3.33102e-23)
(4.30019e-25,-2.38734e-23) (-4.03608e-09,6.12054e-07)


n  =   5   1   0
np =   8   1   0
(2.39435e-26,-1.97947e-24) (-2.63991e-10,1.18237e-08)
(-6.96049e-11,7.63369e-09) (2.18733e-25,-2.48426e-23)


n  =   5   1   0
np =   9   1   0
(-5.50015e-12,4.76016e-10)  (1.06246e-26,-5.9909e-25)
(4.83429e-27,-3.29839e-25) (-4.50373e-11,8.71687e-09)


n  =   5   1   0
np =   10   1   0
 (2.5866e-28,-2.00976e-26) (-2.41874e-12,1.35245e-10)
(-5.39851e-13,7.06134e-11)  (2.4915e-27,-3.12298e-25)


n  =   6   1   0
np =   1   1   0
(8.01219e-22,-4.78113e-21) (-1.25804e-06,3.76741e-06)
(-1.07985e-05,6.08709e-05) (1.36787e-21,-9.43853e-22)


n  =   6   1   0
np =   2   1   0
(-2.70962e-07,1.38873e-05) (3.79912e-22,-2.31333e-21)
(5.68286e-22,-7.34449e-21) (-6.68737e-06,7.66225e-05)


n  =   6   1   0
np =   3   1   0
(5.49502e-23,-1.68471e-21)  (-1.50051e-07,6.1754e-06)
(-6.99617e-07,1.23016e-05) (3.02847e-22,-8.92874e-21)


n  =   6   1   0
np =   4   1   0
(-1.20507e-08,1.44462e-06)  (2.4197e-23,-6.07299e-22)
(2.76608e-23,-8.93441e-22) (-3.99537e-07,1.62009e-05)


n  =   6   1   0
np =   5   1   0
(1.56189e-24,-1.15424e-22) (-6.03497e-09,5.12354e-07)
(-1.84562e-08,6.04642e-07)  (1.3823e-23,-1.15353e-21)


n  =   6   1   0
np =   6   1   0
(-2.49216e-10,4.97598e-08)  (6.7468e-25,-3.47097e-23)
 (6.7468e-25,-3.47098e-23) (-1.01531e-08,8.01157e-07)


n  =   6   1   0
np =   7   1   0
(2.50354e-26,-2.99823e-24)  (-1.19057e-10,1.5402e-08)
(-2.69078e-10,1.30664e-08) (3.23056e-25,-4.19716e-23)


n  =   6   1   0
np =   8   1   0
(-3.02248e-12,8.39166e-10) (1.07312e-26,-8.6542e-25)
(1.04992e-26,-6.48163e-25) (-1.44548e-10,1.6896e-08)


n  =   6   1   0
np =   9   1   0
(2.66013e-28,-4.06891e-26) (-1.40022e-12,2.40924e-10)
 (-2.50639e-12,1.5969e-10)   (5.20508e-27,-7.253e-25)


n  =   6   1   0
np =   10   1   0
(-2.42247e-14,8.47714e-12) (1.17382e-28,-1.19997e-26)
 (1.1504e-28,-7.11209e-27) (-1.31915e-12,2.01075e-10)


n  =   7   1   0
np =   1   1   0
(-3.72565e-07,2.50171e-06) (3.97396e-23,-2.49336e-23)
(3.11377e-22,-1.57356e-21) (-1.23073e-06,4.17881e-06)


n  =   7   1   0
np =   2   1   0
(2.24203e-23,-4.93906e-22) (-1.71179e-07,1.29581e-06)
(-1.49615e-07,4.62617e-06) (1.95157e-22,-1.47657e-21)


n  =   7   1   0
np =   3   1   0
(-2.26339e-08,6.54453e-07) (8.53476e-24,-2.13979e-22)
 (2.1401e-23,-5.01972e-22) (-1.10327e-07,5.90931e-06)


n  =   7   1   0
np =   4   1   0
(1.04918e-24,-7.00661e-23) (-1.04838e-08,2.61421e-07)
(-6.03247e-09,4.54226e-07) (1.14114e-23,-5.93623e-22)


n  =   7   1   0
np =   5   1   0
(-5.91456e-10,3.97843e-08) (4.30018e-25,-2.38734e-23)
  (6.29722e-25,-3.331e-23) (-4.03608e-09,6.12054e-07)


n  =   7   1   0
np =   6   1   0
(2.50353e-26,-2.99823e-24) (-2.69078e-10,1.30664e-08)
 (-1.19057e-10,1.5402e-08) (3.23055e-25,-4.19715e-23)


n  =   7   1   0
np =   7   1   0
(-8.60481e-12,1.00641e-09) (1.02389e-26,-8.99162e-25)
(1.02388e-26,-8.99162e-25) (-7.59148e-11,2.10539e-08)


n  =   7   1   0
np =   8   1   0
 (3.7724e-28,-5.82486e-26) (-3.85431e-12,2.91851e-10)
(-1.40541e-12,2.61954e-10) (5.08675e-27,-1.11465e-24)


n  =   7   1   0
np =   9   1   0
(-8.01307e-14,1.37758e-11)  (1.67624e-28,-1.6741e-26)
 (1.11792e-28,-1.2941e-26) (-8.65343e-13,3.54759e-10)


n  =   7   1   0
np =   10   1   0
(3.99636e-30,-6.43859e-28) (-3.53538e-14,3.70128e-12)
(-1.10732e-14,2.68531e-12) (5.61978e-29,-1.55617e-26)


n  =   8   1   0
np =   1   1   0
(1.26925e-23,-7.81845e-23) (-1.08005e-08,2.82552e-08)
(-1.54117e-07,8.73096e-07) (1.89969e-23,-7.08781e-24)


n  =   8   1   0
np =   2   1   0
(-3.10062e-09,1.71375e-07) (5.93463e-24,-3.94964e-23)
(9.03727e-24,-1.66848e-22)  (-9.45811e-08,1.0705e-06)


n  =   8   1   0
np =   3   1   0
  (8.5776e-25,-2.6651e-23) (-1.64058e-09,7.89378e-08)
 (-9.99018e-09,2.0737e-07) (4.71096e-24,-1.59727e-22)


n  =   8   1   0
np =   4   1   0
(-1.43602e-10,2.07632e-08) (3.84327e-25,-1.06182e-23)
(4.43967e-25,-2.10136e-23) (-5.67377e-09,2.77733e-07)


n  =   8   1   0
np =   5   1   0
(2.39434e-26,-1.97946e-24) (-6.96049e-11,7.63369e-09)
(-2.63991e-10,1.18237e-08) (2.18733e-25,-2.48427e-23)


n  =   8   1   0
np =   6   1   0
(-3.02248e-12,8.39166e-10) (1.04991e-26,-6.48164e-25)
(1.07312e-26,-8.65417e-25)  (-1.44548e-10,1.6896e-08)


n  =   8   1   0
np =   7   1   0
(3.77239e-28,-5.82488e-26) (-1.40541e-12,2.61954e-10)
(-3.85431e-12,2.91851e-10) (5.08676e-27,-1.11465e-24)


n  =   8   1   0
np =   8   1   0
(-3.70182e-14,1.63111e-11)  (1.63852e-28,-1.7051e-26)
(1.63852e-28,-1.70509e-26) (-2.06167e-12,4.27336e-10)


n  =   8   1   0
np =   9   1   0
(3.91299e-30,-8.84304e-28)  (-1.6755e-14,4.56739e-12)
(-3.59435e-14,3.98408e-12) (8.03126e-29,-2.24514e-26)


n  =   8   1   0
np =   10   1   0
(-2.98547e-16,1.84731e-13) (1.73218e-30,-2.44491e-28)
(1.75727e-30,-1.94241e-28)  (-1.88419e-14,5.8466e-12)


n  =   9   1   0
np =   1   1   0
(-3.44595e-09,2.30646e-08) (5.39734e-25,-7.47129e-25)
(5.63999e-24,-3.25681e-23) (-1.16257e-08,3.80179e-08)


n  =   9   1   0
np =   2   1   0
(2.43636e-25,-6.32939e-24) (-1.58844e-09,1.20593e-08)
(-1.64296e-09,5.67552e-08) (3.08895e-24,-2.29621e-23)


n  =   9   1   0
np =   3   1   0
(-2.10064e-10,6.85026e-09) (1.00039e-25,-2.95321e-24)
(3.75669e-25,-9.12935e-24)   (-1.1801e-09,7.1247e-08)


n  =   9   1   0
np =   4   1   0
(1.13481e-26,-8.77037e-25) (-9.75012e-11,2.82107e-09)
(-6.93486e-11,6.30092e-09)  (1.89255e-25,-9.0302e-24)


n  =   9   1   0
np =   5   1   0
(-5.50015e-12,4.76016e-10) (4.83428e-27,-3.29838e-25)
(1.06246e-26,-5.99092e-25) (-4.50373e-11,8.71687e-09)


n  =   9   1   0
np =   6   1   0
(2.66013e-28,-4.06894e-26)  (-2.50639e-12,1.5969e-10)
(-1.40022e-12,2.40924e-10) (5.20508e-27,-7.25303e-25)


n  =   9   1   0
np =   7   1   0
(-8.01307e-14,1.37758e-11)  (1.11792e-28,-1.2941e-26)
 (1.67624e-28,-1.6741e-26) (-8.65343e-13,3.54759e-10)


n  =   9   1   0
np =   8   1   0
(3.91299e-30,-8.84299e-28) (-3.59435e-14,3.98408e-12)
 (-1.6755e-14,4.56739e-12) (8.03127e-29,-2.24515e-26)


n  =   9   1   0
np =   9   1   0
(-7.46991e-16,2.12548e-13)  (1.75418e-30,-2.5152e-28)
 (1.75418e-30,-2.5152e-28) (-9.99778e-15,6.92305e-12)


n  =   9   1   0
np =   10   1   0
(4.04083e-32,-1.07983e-29)  (-3.29995e-16,5.5496e-14)
(-1.33197e-16,5.13442e-14) (8.48614e-31,-3.54644e-28)


n  =   10   1   0
np =   1   1   0
(1.43211e-25,-9.05901e-25) (-6.39371e-11,1.37938e-10)
(-1.40968e-09,8.01901e-09) (2.84476e-25,-4.12485e-25)


n  =   10   1   0
np =   2   1   0
(-2.39038e-11,1.38762e-09) (6.66521e-26,-4.72497e-25)
 (1.03839e-25,-2.5205e-24) (-8.58621e-10,9.61931e-09)


n  =   10   1   0
np =   3   1   0
(9.43847e-27,-2.67308e-25) (-1.22423e-11,6.54154e-10)
(-9.14107e-11,2.13234e-09) (5.53381e-26,-2.01405e-24)


n  =   10   1   0
np =   4   1   0
(-1.13791e-12,1.86752e-10) (4.29117e-27,-1.15477e-25)
(4.99146e-27,-2.91756e-25)  (-5.1675e-11,2.86684e-09)


n  =   10   1   0
np =   5   1   0
 (2.5866e-28,-2.00977e-26) (-5.39851e-13,7.06134e-11)
(-2.41874e-12,1.35245e-10)  (2.4915e-27,-3.12298e-25)


n  =   10   1   0
np =   6   1   0
(-2.42247e-14,8.47714e-12)  (1.1504e-28,-7.11211e-27)
(1.17381e-28,-1.19997e-26) (-1.31915e-12,2.01075e-10)


n  =   10   1   0
np =   7   1   0
(3.99636e-30,-6.43856e-28) (-1.10732e-14,2.68531e-12)
(-3.53538e-14,3.70128e-12)  (5.6198e-29,-1.55617e-26)


n  =   10   1   0
np =   8   1   0
(-2.98547e-16,1.84731e-13) (1.75727e-30,-1.94241e-28)
(1.73218e-30,-2.44491e-28)  (-1.88419e-14,5.8466e-12)


n  =   10   1   0
np =   9   1   0
(4.04083e-32,-1.07984e-29) (-1.33197e-16,5.13442e-14)
 (-3.29995e-16,5.5496e-14) (8.48613e-31,-3.54644e-28)


n  =   10   1   0
np =   10   1   0
(-2.41717e-18,2.31758e-15)  (1.79448e-32,-2.8884e-30)
(1.79448e-32,-2.88841e-30) (-1.72396e-16,9.04166e-14)


~~~~~~~~~~~~~~~~~~~~~~~~~~~~~~~~~~~~~~~~~~~~~~~~~~~~~~~~~~~~~~~~~


a & b coefficients --------------------------------
n           ax             ay
110   (-0.0239905,0.158615)    (-0,-0)
210   (0.00219449,0.00753513)    (-0,-0)
310   (0.000949302,-0.00584113)    (-0,-0)
410   (-3.60779e-05,-0.000475524)    (-0,-0)
510   (-1.96154e-05,0.000110253)    (-0,-0)
610   (3.41398e-07,9.72598e-06)    (-0,-0)
710   (2.42608e-07,-1.2623e-06)    (-0,-0)
810   (-1.9594e-09,-1.11436e-07)    (-0,-0)
910   (-1.99568e-09,9.73025e-09)    (-0,-0)
1010   (6.54163e-12,8.37989e-10)    (-0,-0)
n           bx             by
110    (-0.0547382,0.210363)    (0,0)
210    (-0.00899478,0.0762386)    (0,0)
310    (0.00168924,0.00163255)    (0,0)
410    (0.000403159,-0.00292813)    (0,0)
510    (-3.30163e-05,-0.000183691)    (0,0)
610    (-8.51561e-06,5.55782e-05)    (0,0)
710    (3.96595e-07,3.99767e-06)    (0,0)
810    (1.0583e-07,-6.35784e-07)    (0,0)
910    (-3.14056e-09,-4.67875e-08)    (0,0)
1010    (-8.67911e-10,4.86459e-09)    (0,0)
---------------------------------------------------



Scattering Intensity Functions -----------------------
Theta            I1             I2
              0               0.55263692                0.55263692
           0.18               0.55263501                0.55263039
           0.36               0.55262927                0.55261079
           0.54               0.55261971                0.55257812
           0.72               0.55260633                0.55253239
            0.9               0.55258911                0.5524736
           1.08               0.55256808                0.55240175
           1.26               0.55254321                0.55231684
           1.44               0.55251452                0.55221887
           1.62               0.55248199                0.55210786
            1.8               0.55244564                0.5519838
           1.98               0.55240545                0.5518467
           2.16               0.55236143                0.55169656
           2.34               0.55231357                0.5515334
           2.52               0.55226188                0.55135722
            2.7               0.55220634                0.55116802
           2.88               0.55214697                0.55096581
           3.06               0.55208375                0.5507506
           3.24               0.55201668                0.55052241
           3.42               0.55194575                0.55028123
            3.6               0.55187098                0.55002708
           3.78               0.55179235                0.54975998
           3.96               0.55170986                0.54947992
           4.14               0.55162351                0.54918692
           4.32               0.55153329                0.548881
            4.5               0.55143919                0.54856217
           4.68               0.55134123                0.54823043
           4.86               0.55123938                0.54788581
           5.04               0.55113366                0.54752832
           5.22               0.55102404                0.54715796
            5.4               0.55091054                0.54677477
           5.58               0.55079313                0.54637875
           5.76               0.55067183                0.54596991
           5.94               0.55054662                0.54554829
           6.12               0.5504175                0.54511388
            6.3               0.55028447                0.54466672
           6.48               0.55014751                0.54420682
           6.66               0.55000662                0.5437342
           6.84               0.5498618                0.54324888
           7.02               0.54971305                0.54275088
            7.2               0.54956034                0.54224021
           7.38               0.54940369                0.54171691
           7.56               0.54924308                0.54118099
           7.74               0.54907851                0.54063248
           7.92               0.54890996                0.54007139
            8.1               0.54873744                0.53949776
           8.28               0.54856094                0.5389116
           8.46               0.54838045                0.53831294
           8.64               0.54819596                0.53770181
           8.82               0.54800746                0.53707823
              9               0.54781496                0.53644223
           9.18               0.54761843                0.53579383
           9.36               0.54741788                0.53513307
           9.54               0.54721329                0.53445996
           9.72               0.54700466                0.53377454
            9.9               0.54679199                0.53307684
          10.08               0.54657525                0.53236689
          10.26               0.54635445                0.53164471
          10.44               0.54612957                0.53091034
          10.62               0.54590061                0.53016382
           10.8               0.54566756                0.52940516
          10.98               0.54543041                0.52863441
          11.16               0.54518916                0.5278516
          11.34               0.54494378                0.52705675
          11.52               0.54469428                0.52624992
           11.7               0.54444064                0.52543112
          11.88               0.54418286                0.5246004
          12.06               0.54392093                0.52375779
          12.24               0.54365484                0.52290333
          12.42               0.54338457                0.52203705
           12.6               0.54311012                0.521159
          12.78               0.54283148                0.52026921
          12.96               0.54254864                0.51936772
          13.14               0.54226159                0.51845457
          13.32               0.54197032                0.5175298
           13.5               0.54167482                0.51659345
          13.68               0.54137508                0.51564556
          13.86               0.54107109                0.51468618
          14.04               0.54076284                0.51371534
          14.22               0.54045032                0.5127331
           14.4               0.54013352                0.51173949
          14.58               0.53981243                0.51073455
          14.76               0.53948704                0.50971834
          14.94               0.53915734                0.50869089
          15.12               0.53882331                0.50765226
           15.3               0.53848495                0.50660249
          15.48               0.53814225                0.50554163
          15.66               0.5377952                0.50446972
          15.84               0.53744378                0.50338682
          16.02               0.53708798                0.50229297
           16.2               0.5367278                0.50118823
          16.38               0.53636322                0.50007264
          16.56               0.53599423                0.49894625
          16.74               0.53562082                0.49780911
          16.92               0.53524299                0.49666129
           17.1               0.53486071                0.49550282
          17.28               0.53447398                0.49433377
          17.46               0.53408279                0.49315419
          17.64               0.53368712                0.49196413
          17.82               0.53328697                0.49076364
             18               0.53288232                0.48955279
          18.18               0.53247317                0.48833163
          18.36               0.53205949                0.48710021
          18.54               0.53164129                0.48585859
          18.72               0.53121855                0.48460684
           18.9               0.53079125                0.48334501
          19.08               0.53035939                0.48207316
          19.26               0.52992295                0.48079134
          19.44               0.52948193                0.47949963
          19.62               0.52903632                0.47819808
           19.8               0.52858609                0.47688675
          19.98               0.52813125                0.47556571
          20.16               0.52767177                0.47423501
          20.34               0.52720766                0.47289473
          20.52               0.52673889                0.47154492
           20.7               0.52626546                0.47018565
          20.88               0.52578735                0.46881699
          21.06               0.52530456                0.467439
          21.24               0.52481707                0.46605175
          21.42               0.52432488                0.46465531
           21.6               0.52382796                0.46324974
          21.78               0.52332632                0.46183511
          21.96               0.52281994                0.46041149
          22.14               0.52230881                0.45897895
          22.32               0.52179291                0.45753756
           22.5               0.52127225                0.4560874
          22.68               0.5207468                0.45462852
          22.86               0.52021656                0.45316101
          23.04               0.51968152                0.45168494
          23.22               0.51914166                0.45020037
           23.4               0.51859698                0.44870739
          23.58               0.51804747                0.44720607
          23.76               0.51749311                0.44569647
          23.94               0.51693389                0.44417869
          24.12               0.51636982                0.44265279
           24.3               0.51580087                0.44111885
          24.48               0.51522703                0.43957695
          24.66               0.5146483                0.43802716
          24.84               0.51406467                0.43646956
          25.02               0.51347613                0.43490424
           25.2               0.51288267                0.43333126
          25.38               0.51228427                0.43175072
          25.56               0.51168093                0.43016269
          25.74               0.51107265                0.42856725
          25.92               0.51045941                0.42696448
           26.1               0.5098412                0.42535447
          26.28               0.50921801                0.4237373
          26.46               0.50858984                0.42211305
          26.64               0.50795668                0.4204818
          26.82               0.50731852                0.41884364
             27               0.50667535                0.41719866
          27.18               0.50602717                0.41554693
          27.36               0.50537396                0.41388855
          27.54               0.50471572                0.4122236
          27.72               0.50405244                0.41055217
           27.9               0.50338411                0.40887434
          28.08               0.50271073                0.4071902
          28.26               0.50203229                0.40549985
          28.44               0.50134878                0.40380336
          28.62               0.5006602                0.40210083
           28.8               0.49996654                0.40039235
          28.98               0.49926779                0.39867801
          29.16               0.49856394                0.39695789
          29.34               0.497855                0.3952321
          29.52               0.49714096                0.39350072
           29.7               0.4964218                0.39176384
          29.88               0.49569753                0.39002155
          30.06               0.49496814                0.38827396
          30.24               0.49423362                0.38652114
          30.42               0.49349398                0.3847632
           30.6               0.4927492                0.38300023
          30.78               0.49199928                0.38123233
          30.96               0.49124422                0.37945958
          31.14               0.49048401                0.37768208
          31.32               0.48971865                0.37589994
           31.5               0.48894814                0.37411324
          31.68               0.48817247                0.37232209
          31.86               0.48739164                0.37052657
          32.04               0.48660565                0.36872679
          32.22               0.48581449                0.36692285
           32.4               0.48501817                0.36511484
          32.58               0.48421668                0.36330285
          32.76               0.48341002                0.361487
          32.94               0.48259819                0.35966737
          33.12               0.48178118                0.35784408
           33.3               0.480959                0.3560172
          33.48               0.48013164                0.35418686
          33.66               0.47929911                0.35235314
          33.84               0.47846141                0.35051615
          34.02               0.47761853                0.34867599
           34.2               0.47677048                0.34683276
          34.38               0.47591725                0.34498656
          34.56               0.47505885                0.34313749
          34.74               0.47419528                0.34128565
          34.92               0.47332654                0.33943115
           35.1               0.47245263                0.33757409
          35.28               0.47157355                0.33571457
          35.46               0.47068932                0.3338527
          35.64               0.46979992                0.33198857
          35.82               0.46890536                0.33012229
             36               0.46800565                0.32825396
          36.18               0.4671008                0.32638369
          36.36               0.46619079                0.32451158
          36.54               0.46527564                0.32263774
          36.72               0.46435536                0.32076226
           36.9               0.46342994                0.31888525
          37.08               0.4624994                0.31700683
          37.26               0.46156374                0.31512708
          37.44               0.46062296                0.31324612
          37.62               0.45967707                0.31136404
           37.8               0.45872608                0.30948097
          37.98               0.45777                0.30759699
          38.16               0.45680882                0.30571221
          38.34               0.45584257                0.30382675
          38.52               0.45487125                0.30194069
           38.7               0.45389486                0.30005416
          38.88               0.45291341                0.29816725
          39.06               0.45192692                0.29628007
          39.24               0.45093539                0.29439272
          39.42               0.44993884                0.29250531
           39.6               0.44893727                0.29061795
          39.78               0.44793069                0.28873073
          39.96               0.44691912                0.28684377
          40.14               0.44590256                0.28495716
          40.32               0.44488103                0.28307102
           40.5               0.44385454                0.28118544
          40.68               0.4428231                0.27930054
          40.86               0.44178672                0.27741641
          41.04               0.44074542                0.27553317
          41.22               0.43969922                0.27365091
           41.4               0.43864811                0.27176973
          41.58               0.43759213                0.26988976
          41.76               0.43653128                0.26801107
          41.94               0.43546557                0.26613379
          42.12               0.43439503                0.26425801
           42.3               0.43331967                0.26238384
          42.48               0.43223951                0.26051139
          42.66               0.43115455                0.25864074
          42.84               0.43006483                0.25677201
          43.02               0.42897035                0.2549053
           43.2               0.42787113                0.2530407
          43.38               0.4267672                0.25117833
          43.56               0.42565856                0.24931829
          43.74               0.42454525                0.24746066
          43.92               0.42342727                0.24560557
           44.1               0.42230465                0.2437531
          44.28               0.42117741                0.24190335
          44.46               0.42004557                0.24005644
          44.64               0.41890915                0.23821245
          44.82               0.41776816                0.23637149
             45               0.41662264                0.23453365
          45.18               0.41547261                0.23269903
          45.36               0.41431808                0.23086774
          45.54               0.41315907                0.22903986
          45.72               0.41199563                0.2272155
           45.9               0.41082775                0.22539475
          46.08               0.40965548                0.22357772
          46.26               0.40847883                0.22176448
          46.44               0.40729784                0.21995515
          46.62               0.40611251                0.21814982
           46.8               0.40492289                0.21634857
          46.98               0.40372899                0.21455151
          47.16               0.40253085                0.21275873
          47.34               0.40132849                0.21097032
          47.52               0.40012193                0.20918637
           47.7               0.39891121                0.20740697
          47.88               0.39769635                0.20563222
          48.06               0.39647739                0.20386221
          48.24               0.39525434                0.20209703
          48.42               0.39402724                0.20033676
           48.6               0.39279612                0.19858149
          48.78               0.39156101                0.19683132
          48.96               0.39032194                0.19508633
          49.14               0.38907894                0.19334661
          49.32               0.38783205                0.19161224
           49.5               0.38658128                0.18988331
          49.68               0.38532669                0.18815991
          49.86               0.38406829                0.18644212
          50.04               0.38280612                0.18473001
          50.22               0.38154021                0.18302369
           50.4               0.3802706                0.18132322
          50.58               0.37899733                0.17962869
          50.76               0.37772042                0.17794017
          50.94               0.37643991                0.17625776
          51.12               0.37515583                0.17458153
           51.3               0.37386823                0.17291155
          51.48               0.37257714                0.17124791
          51.66               0.37128258                0.16959067
          51.84               0.36998461                0.16793993
          52.02               0.36868326                0.16629574
           52.2               0.36737856                0.16465819
          52.38               0.36607055                0.16302735
          52.56               0.36475928                0.16140329
          52.74               0.36344477                0.15978609
          52.92               0.36212707                0.15817581
           53.1               0.36080622                0.15657252
          53.28               0.35948226                0.1549763
          53.46               0.35815522                0.15338721
          53.64               0.35682515                0.15180532
          53.82               0.35549208                0.15023069
             54               0.35415607                0.1486634
          54.18               0.35281714                0.1471035
          54.36               0.35147535                0.14555106
          54.54               0.35013073                0.14400614
          54.72               0.34878332                0.1424688
           54.9               0.34743318                0.14093911
          55.08               0.34608033                0.13941712
          55.26               0.34472483                0.13790289
          55.44               0.34336672                0.13639648
          55.62               0.34200604                0.13489795
           55.8               0.34064284                0.13340735
          55.98               0.33927716                0.13192474
          56.16               0.33790905                0.13045017
          56.34               0.33653855                0.1289837
          56.52               0.3351657                0.12752537
           56.7               0.33379056                0.12607523
          56.88               0.33241316                0.12463335
          57.06               0.33103356                0.12319976
          57.24               0.32965181                0.12177451
          57.42               0.32826794                0.12035765
           57.6               0.32688201                0.11894922
          57.78               0.32549406                0.11754927
          57.96               0.32410414                0.11615785
          58.14               0.3227123                0.11477499
          58.32               0.32131859                0.11340074
           58.5               0.31992305                0.11203513
          58.68               0.31852574                0.11067821
          58.86               0.31712671                0.10933001
          59.04               0.31572599                0.10799057
          59.22               0.31432365                0.10665993
           59.4               0.31291973                0.10533811
          59.58               0.31151428                0.10402516
          59.76               0.31010736                0.10272111
          59.94               0.30869901                0.10142599
          60.12               0.30728928                0.10013982
           60.3               0.30587823                0.098862644
          60.48               0.3044659                0.097594482
          60.66               0.30305235                0.096335362
          60.84               0.30163762                0.095085311
          61.02               0.30022178                0.093844353
           61.2               0.29880487                0.092612512
          61.38               0.29738694                0.09138981
          61.56               0.29596804                0.090176269
          61.74               0.29454824                0.088971909
          61.92               0.29312757                0.08777675
           62.1               0.2917061                0.086590809
          62.28               0.29028387                0.085414103
          62.46               0.28886094                0.084246648
          62.64               0.28743736                0.083088459
          62.82               0.28601319                0.08193955
             63               0.28458847                0.080799932
          63.18               0.28316327                0.079669618
          63.36               0.28173763                0.078548617
          63.54               0.28031161                0.077436939
          63.72               0.27888526                0.076334592
           63.9               0.27745864                0.075241582
          64.08               0.2760318                0.074157916
          64.26               0.2746048                0.073083598
          64.44               0.27317768                0.072018632
          64.62               0.2717505                0.070963021
           64.8               0.27032332                0.069916765
          64.98               0.2688962                0.068879866
          65.16               0.26746917                0.067852323
          65.34               0.26604231                0.066834133
          65.52               0.26461567                0.065825295
           65.7               0.26318929                0.064825804
          65.88               0.26176323                0.063835655
          66.06               0.26033756                0.062854842
          66.24               0.25891231                0.061883358
          66.42               0.25748756                0.060921196
           66.6               0.25606334                0.059968345
          66.78               0.25463973                0.059024795
          66.96               0.25321676                0.058090536
          67.14               0.2517945                0.057165555
          67.32               0.250373                0.056249838
           67.5               0.24895232                0.055343373
          67.68               0.24753251                0.054446142
          67.86               0.24611362                0.05355813
          68.04               0.2446957                0.052679319
          68.22               0.24327883                0.051809692
           68.4               0.24186304                0.050949228
          68.58               0.24044839                0.050097909
          68.76               0.23903494                0.049255711
          68.94               0.23762273                0.048422615
          69.12               0.23621184                0.047598595
           69.3               0.2348023                0.046783629
          69.48               0.23339417                0.04597769
          69.66               0.23198751                0.045180754
          69.84               0.23058237                0.044392794
          70.02               0.2291788                0.043613782
           70.2               0.22777686                0.042843688
          70.38               0.2263766                0.042082485
          70.56               0.22497807                0.041330141
          70.74               0.22358133                0.040586625
          70.92               0.22218643                0.039851905
           71.1               0.22079342                0.039125948
          71.28               0.21940236                0.038408721
          71.46               0.21801329                0.037700188
          71.64               0.21662628                0.037000315
          71.82               0.21524137                0.036309064
             72               0.21385861                0.0356264
          72.18               0.21247805                0.034952285
          72.36               0.21109976                0.034286679
          72.54               0.20972377                0.033629543
          72.72               0.20835014                0.032980838
           72.9               0.20697893                0.032340523
          73.08               0.20561018                0.031708555
          73.26               0.20424393                0.031084893
          73.44               0.20288026                0.030469494
          73.62               0.20151919                0.029862314
           73.8               0.20016079                0.029263309
          73.98               0.1988051                0.028672434
          74.16               0.19745217                0.028089643
          74.34               0.19610206                0.027514889
          74.52               0.1947548                0.026948126
           74.7               0.19341045                0.026389307
          74.88               0.19206906                0.025838383
          75.06               0.19073067                0.025295305
          75.24               0.18939534                0.024760024
          75.42               0.18806311                0.02423249
           75.6               0.18673402                0.023712652
          75.78               0.18540813                0.02320046
          75.96               0.18408548                0.022695862
          76.14               0.18276611                0.022198806
          76.32               0.18145008                0.021709239
           76.5               0.18013743                0.021227108
          76.68               0.1788282                0.02075236
          76.86               0.17752244                0.02028494
          77.04               0.1762202                0.019824795
          77.22               0.17492151                0.019371868
           77.4               0.17362643                0.018926106
          77.58               0.17233499                0.018487451
          77.76               0.17104724                0.018055848
          77.94               0.16976322                0.017631241
          78.12               0.16848297                0.017213571
           78.3               0.16720655                0.016802783
          78.48               0.16593398                0.016398818
          78.66               0.16466531                0.016001618
          78.84               0.16340058                0.015611125
          79.02               0.16213983                0.015227281
           79.2               0.16088311                0.014850025
          79.38               0.15963045                0.014479301
          79.56               0.15838188                0.014115046
          79.74               0.15713746                0.013757203
          79.92               0.15589722                0.013405711
           80.1               0.15466119                0.01306051
          80.28               0.15342942                0.012721539
          80.46               0.15220195                0.012388737
          80.64               0.1509788                0.012062045
          80.82               0.14976002                0.0117414
             81               0.14854564                0.011426742
          81.18               0.1473357                0.01111801
          81.36               0.14613023                0.010815141
          81.54               0.14492927                0.010518075
          81.72               0.14373285                0.010226749
           81.9               0.14254101                0.0099411023
          82.08               0.14135378                0.0096610722
          82.26               0.14017119                0.0093865971
          82.44               0.13899328                0.0091176149
          82.62               0.13782008                0.0088540635
           82.8               0.13665161                0.0085958807
          82.98               0.13548792                0.0083430045
          83.16               0.13432903                0.0080953726
          83.34               0.13317497                0.0078529229
          83.52               0.13202577                0.0076155932
           83.7               0.13088147                0.0073833214
          83.88               0.12974208                0.0071560453
          84.06               0.12860764                0.006933703
          84.24               0.12747818                0.0067162324
          84.42               0.12635372                0.0065035715
           84.6               0.1252343                0.0062956587
          84.78               0.12411993                0.0060924319
          84.96               0.12301064                0.0058938297
          85.14               0.12190646                0.0056997905
          85.32               0.12080742                0.0055102528
           85.5               0.11971353                0.0053251554
          85.68               0.11862483                0.0051444371
          85.86               0.11754133                0.004968037
          86.04               0.11646307                0.0047958943
          86.22               0.11539005                0.0046279482
           86.4               0.11432231                0.0044641385
          86.58               0.11325986                0.0043044048
          86.76               0.11220273                0.0041486871
          86.94               0.11115093                0.0039969256
          87.12               0.11010449                0.0038490607
           87.3               0.10906343                0.003705033
          87.48               0.10802776                0.0035647836
          87.66               0.10699751                0.0034282534
          87.84               0.10597269                0.003295384
          88.02               0.10495332                0.003166117
           88.2               0.10393941                0.0030403945
          88.38               0.10293099                0.0029181586
          88.56               0.10192806                0.0027993521
          88.74               0.10093065                0.0026839177
          88.92               0.099938773                0.0025717987
           89.1               0.098952436                0.0024629387
          89.28               0.097971657                0.0023572814
          89.46               0.096996449                0.0022547711
          89.64               0.096026826                0.0021553524
          89.82               0.095062799                0.0020589702
             90               0.09410438                0.0019655698
          90.18               0.093151582                0.0018750968
          90.36               0.092204415                0.0017874972
          90.54               0.091262889                0.0017027175
          90.72               0.090327014                0.0016207046
           90.9               0.089396801                0.0015414055
          91.08               0.088472257                0.001464768
          91.26               0.087553392                0.0013907401
          91.44               0.086640213                0.0013192702
          91.62               0.085732727                0.0012503071
           91.8               0.084830942                0.0011838003
          91.98               0.083934865                0.0011196995
          92.16               0.0830445                0.0010579547
          92.34               0.082159854                0.0009985167
          92.52               0.081280931                0.00094133652
           92.7               0.080407737                0.00088636569
          92.88               0.079540275                0.00083355621
          93.06               0.078678548                0.00078286054
          93.24               0.07782256                0.0007342316
          93.42               0.076972314                0.00068762279
           93.6               0.07612781                0.00064298799
          93.78               0.075289052                0.00060028156
          93.96               0.07445604                0.00055945834
          94.14               0.073628775                0.00052047367
          94.32               0.072807257                0.00048328336
           94.5               0.071991486                0.00044784373
          94.68               0.071181461                0.00041411161
          94.86               0.070377181                0.00038204431
          95.04               0.069578644                0.00035159965
          95.22               0.068785848                0.00032273596
           95.4               0.067998791                0.00029541208
          95.58               0.06721747                0.00026958734
          95.76               0.066441881                0.00024522163
          95.94               0.06567202                0.00022227529
          96.12               0.064907883                0.00020070923
           96.3               0.064149465                0.00018048486
          96.48               0.063396762                0.0001615641
          96.66               0.062649766                0.0001439094
          96.84               0.061908473                0.00012748373
          97.02               0.061172876                0.00011225058
           97.2               0.060442967                9.8173966e-05
          97.38               0.059718741                8.5218433e-05
          97.56               0.059000187                7.3349042e-05
          97.74               0.0582873                6.2531381e-05
          97.92               0.057580069                5.2731566e-05
           98.1               0.056878486                4.3916235e-05
          98.28               0.056182542                3.6052552e-05
          98.46               0.055492226                2.9108206e-05
          98.64               0.054807529                2.305141e-05
          98.82               0.05412844                1.78509e-05
             99               0.053454948                1.3475937e-05
          99.18               0.052787042                9.8963024e-06
          99.36               0.052124709                7.0823e-06
          99.54               0.051467938                5.0047537e-06
          99.72               0.050816716                3.6350064e-06
           99.9               0.050171031                2.9449188e-06
         100.08               0.049530869                2.9068679e-06
         100.26               0.048896216                3.4937453e-06
         100.44               0.048267059                4.6789557e-06
         100.62               0.047643383                6.436415e-06
          100.8               0.047025174                8.7405482e-06
         100.98               0.046412417                1.1566287e-05
         101.16               0.045805095                1.488907e-05
         101.34               0.045203194                1.8684835e-05
         101.52               0.044606698                2.2930024e-05
          101.7               0.04401559                2.7601573e-05
         101.88               0.043429853                3.2676915e-05
         102.06               0.042849471                3.8133976e-05
         102.24               0.042274426                4.395117e-05
         102.42               0.041704701                5.0107398e-05
          102.6               0.041140278                5.6582045e-05
         102.78               0.040581137                6.3354975e-05
         102.96               0.040027262                7.0406531e-05
         103.14               0.039478633                7.7717528e-05
         103.32               0.03893523                8.5269253e-05
          103.5               0.038397036                9.3043458e-05
         103.68               0.037864029                0.00010102236
         103.86               0.03733619                0.00010918863
         104.04               0.036813498                0.00011752541
         104.22               0.036295934                0.00012601628
          104.4               0.035783476                0.00013464526
         104.58               0.035276104                0.00014339684
         104.76               0.034773796                0.00015225593
         104.94               0.03427653                0.00016120788
         105.12               0.033784285                0.00017023848
          105.3               0.033297039                0.00017933393
         105.48               0.032814769                0.00018848086
         105.66               0.032337453                0.00019766634
         105.84               0.031865069                0.00020687782
         106.02               0.031397593                0.00021610318
          106.2               0.030935002                0.0002253307
         106.38               0.030477273                0.00023454906
         106.56               0.030024383                0.00024374734
         106.74               0.029576307                0.000252915
         106.92               0.029133021                0.0002620419
          107.1               0.028694502                0.00027111828
         107.28               0.028260725                0.00028013474
         107.46               0.027831665                0.00028908226
         107.64               0.027407298                0.00029795221
         107.82               0.026987599                0.00030673628
            108               0.026572543                0.00031542654
         108.18               0.026162104                0.00032401542
         108.36               0.025756257                0.00033249568
         108.54               0.025354977                0.00034086043
         108.72               0.024958237                0.00034910311
          108.9               0.024566013                0.00035721749
         109.08               0.024178277                0.00036519768
         109.26               0.023795004                0.0003730381
         109.44               0.023416167                0.00038073349
         109.62               0.023041741                0.00038827889
          109.8               0.022671697                0.00039566965
         109.98               0.022306011                0.00040290143
         110.16               0.021944654                0.00040997018
         110.34               0.021587601                0.00041687212
         110.52               0.021234823                0.00042360379
          110.7               0.020886294                0.00043016198
         110.88               0.020541987                0.00043654376
         111.06               0.020201874                0.00044274648
         111.24               0.019865928                0.00044876774
         111.42               0.019534121                0.0004546054
          111.6               0.019206426                0.00046025758
         111.78               0.018882815                0.00046572264
         111.96               0.01856326                0.00047099917
         112.14               0.018247734                0.00047608604
         112.32               0.017936208                0.00048098229
          112.5               0.017628655                0.00048568724
         112.68               0.017325046                0.0004902004
         112.86               0.017025354                0.00049452152
         113.04               0.01672955                0.00049865052
         113.22               0.016437606                0.00050258758
          113.4               0.016149493                0.00050633304
         113.58               0.015865185                0.00050988744
         113.76               0.015584652                0.00051325154
         113.94               0.015307865                0.00051642625
         114.12               0.015034798                0.00051941268
          114.3               0.01476542                0.0005222121
         114.48               0.014499704                0.00052482597
         114.66               0.014237622                0.00052725591
         114.84               0.013979144                0.00052950369
         115.02               0.013724243                0.00053157124
          115.2               0.013472889                0.00053346065
         115.38               0.013225055                0.00053517415
         115.56               0.012980713                0.00053671411
         115.74               0.012739832                0.00053808303
         115.92               0.012502386                0.00053928357
          116.1               0.012268345                0.00054031848
         116.28               0.012037681                0.00054119065
         116.46               0.011810366                0.0005419031
         116.64               0.011586372                0.00054245894
         116.82               0.011365669                0.00054286142
            117               0.01114823                0.00054311386
         117.18               0.010934026                0.0005432197
         117.36               0.010723029                0.00054318248
         117.54               0.010515211                0.00054300583
         117.72               0.010310543                0.00054269345
          117.9               0.010108998                0.00054224914
         118.08               0.0099105466                0.00054167679
         118.26               0.0097151616                0.00054098034
         118.44               0.0095228146                0.00054016382
         118.62               0.0093334778                0.00053923132
          118.8               0.0091471231                0.00053818699
         118.98               0.0089637229                0.00053703504
         119.16               0.0087832491                0.00053577976
         119.34               0.0086056742                0.00053442545
         119.52               0.0084309705                0.00053297649
          119.7               0.0082591103                0.00053143729
         119.88               0.0080900662                0.00052981232
         120.06               0.0079238107                0.00052810605
         120.24               0.0077603164                0.00052632304
         120.42               0.0075995562                0.00052446782
          120.6               0.0074415027                0.00052254499
         120.78               0.0072861289                0.00052055915
         120.96               0.0071334077                0.00051851494
         121.14               0.0069833122                0.00051641701
         121.32               0.0068358156                0.00051427002
          121.5               0.0066908911                0.00051207863
         121.68               0.006548512                0.00050984755
         121.86               0.0064086519                0.00050758144
         122.04               0.0062712843                0.000505285
         122.22               0.0061363827                0.00050296293
          122.4               0.0060039211                0.0005006199
         122.58               0.0058738732                0.0004982606
         122.76               0.005746213                0.0004958897
         122.94               0.0056209146                0.00049351185
         123.12               0.0054979523                0.00049113172
          123.3               0.0053773003                0.00048875392
         123.48               0.005258933                0.00048638306
         123.66               0.005142825                0.00048402375
         123.84               0.0050289511                0.00048168053
         124.02               0.0049172859                0.00047935797
          124.2               0.0048078044                0.00047706056
         124.38               0.0047004816                0.00047479279
         124.56               0.0045952927                0.00047255911
         124.74               0.004492213                0.00047036394
         124.92               0.004391218                0.00046821166
          125.1               0.0042922831                0.00046610661
         125.28               0.0041953841                0.00046405309
         125.46               0.0041004968                0.00046205536
         125.64               0.0040075971                0.00046011764
         125.82               0.0039166612                0.0004582441
            126               0.0038276652                0.00045643886
         126.18               0.0037405856                0.00045470599
         126.36               0.0036553988                0.00045304952
         126.54               0.0035720815                0.00045147343
         126.72               0.0034906105                0.00044998164
          126.9               0.0034109628                0.000448578
         127.08               0.0033331154                0.00044726634
         127.26               0.0032570455                0.00044605039
         127.44               0.0031827305                0.00044493386
         127.62               0.0031101479                0.00044392038
          127.8               0.0030392755                0.00044301353
         127.98               0.0029700909                0.00044221681
         128.16               0.0029025722                0.00044153367
         128.34               0.0028366975                0.00044096751
         128.52               0.0027724451                0.00044052164
          128.7               0.0027097933                0.00044019931
         128.88               0.0026487207                0.00044000372
         129.06               0.0025892062                0.00043993798
         129.24               0.0025312284                0.00044000515
         129.42               0.0024747665                0.00044020821
          129.6               0.0024197997                0.00044055008
         129.78               0.0023663073                0.0004410336
         129.96               0.0023142687                0.00044166154
         130.14               0.0022636637                0.00044243661
         130.32               0.002214472                0.00044336145
          130.5               0.0021666736                0.0004444386
         130.68               0.0021202487                0.00044567056
         130.86               0.0020751774                0.00044705974
         131.04               0.0020314403                0.00044860847
         131.22               0.0019890179                0.00045031904
          131.4               0.0019478911                0.00045219362
         131.58               0.0019080406                0.00045423434
         131.76               0.0018694476                0.00045644325
         131.94               0.0018320932                0.00045882231
         132.12               0.001795959                0.00046137343
          132.3               0.0017610264                0.00046409842
         132.48               0.0017272771                0.00046699903
         132.66               0.0016946929                0.00047007693
         132.84               0.001663256                0.00047333373
         133.02               0.0016329485                0.00047677094
          133.2               0.0016037527                0.00048039002
         133.38               0.0015756512                0.00048419234
         133.56               0.0015486265                0.00048817921
         133.74               0.0015226615                0.00049235184
         133.92               0.0014977392                0.0004967114
          134.1               0.0014738427                0.00050125897
         134.28               0.0014509553                0.00050599554
         134.46               0.0014290604                0.00051092207
         134.64               0.0014081416                0.0005160394
         134.82               0.0013881828                0.00052134834
            135               0.0013691677                0.00052684959
         135.18               0.0013510806                0.0005325438
         135.36               0.0013339055                0.00053843156
         135.54               0.001317627                0.00054451336
         135.72               0.0013022295                0.00055078964
          135.9               0.0012876978                0.00055726076
         136.08               0.0012740167                0.00056392703
         136.26               0.0012611711                0.00057078867
         136.44               0.0012491464                0.00057784584
         136.62               0.0012379277                0.00058509863
          136.8               0.0012275005                0.00059254707
         136.98               0.0012178505                0.00060019112
         137.16               0.0012089635                0.00060803066
         137.34               0.0012008253                0.00061606555
         137.52               0.001193422                0.00062429552
          137.7               0.0011867398                0.00063272029
         137.88               0.0011807652                0.0006413395
         138.06               0.0011754846                0.00065015272
         138.24               0.0011708848                0.00065915947
         138.42               0.0011669524                0.00066835919
          138.6               0.0011636745                0.00067775128
         138.78               0.0011610383                0.00068733509
         138.96               0.0011590308                0.00069710987
         139.14               0.0011576397                0.00070707486
         139.32               0.0011568523                0.0007172292
          139.5               0.0011566564                0.00072757201
         139.68               0.0011570399                0.00073810234
         139.86               0.0011579906                0.00074881918
         140.04               0.0011594967                0.00075972147
         140.22               0.0011615465                0.0007708081
          140.4               0.0011641284                0.00078207791
         140.58               0.0011672308                0.00079352967
         140.76               0.0011708425                0.00080516214
         140.94               0.0011749523                0.00081697398
         141.12               0.0011795491                0.00082896384
          141.3               0.0011846221                0.0008411303
         141.48               0.0011901603                0.00085347192
         141.66               0.0011961532                0.00086598717
         141.84               0.0012025903                0.00087867452
         142.02               0.0012094611                0.00089153237
          142.2               0.0012167555                0.00090455908
         142.38               0.0012244632                0.00091775297
         142.56               0.0012325744                0.00093111232
         142.74               0.0012410791                0.00094463537
         142.92               0.0012499677                0.00095832032
          143.1               0.0012592304                0.00097216533
         143.28               0.0012688579                0.00098616851
         143.46               0.0012788407                0.001000328
         143.64               0.0012891697                0.0010146417
         143.82               0.0012998357                0.0010291078
            144               0.0013108298                0.0010437241
         144.18               0.001322143                0.0010584887
         144.36               0.0013337667                0.0010733995
         144.54               0.0013456922                0.0010884543
         144.72               0.001357911                0.001103651
          144.9               0.0013704147                0.0011189874
         145.08               0.001383195                0.0011344612
         145.26               0.0013962439                0.0011500703
         145.44               0.0014095532                0.0011658124
         145.62               0.001423115                0.0011816852
          145.8               0.0014369215                0.0011976863
         145.98               0.0014509651                0.0012138135
         146.16               0.001465238                0.0012300643
         146.34               0.0014797329                0.0012464364
         146.52               0.0014944424                0.0012629274
          146.7               0.0015093591                0.0012795347
         146.88               0.001524476                0.0012962561
         147.06               0.001539786                0.0013130889
         147.24               0.0015552821                0.0013300307
         147.42               0.0015709576                0.001347079
          147.6               0.0015868056                0.0013642312
         147.78               0.0016028195                0.0013814848
         147.96               0.0016189928                0.0013988372
         148.14               0.001635319                0.0014162859
         148.32               0.0016517919                0.0014338283
          148.5               0.0016684051                0.0014514617
         148.68               0.0016851526                0.0014691836
         148.86               0.0017020282                0.0014869913
         149.04               0.0017190261                0.0015048821
         149.22               0.0017361404                0.0015228535
          149.4               0.0017533652                0.0015409027
         149.58               0.0017706951                0.0015590271
         149.76               0.0017881243                0.0015772239
         149.94               0.0018056473                0.0015954906
         150.12               0.0018232589                0.0016138244
          150.3               0.0018409536                0.0016322226
         150.48               0.0018587262                0.0016506826
         150.66               0.0018765716                0.0016692015
         150.84               0.0018944848                0.0016877767
         151.02               0.0019124608                0.0017064054
          151.2               0.0019304946                0.001725085
         151.38               0.0019485816                0.0017438127
         151.56               0.0019667169                0.0017625858
         151.74               0.0019848959                0.0017814016
         151.92               0.0020031141                0.0018002572
          152.1               0.002021367                0.0018191501
         152.28               0.0020396502                0.0018380774
         152.46               0.0020579593                0.0018570365
         152.64               0.0020762901                0.0018760246
         152.82               0.0020946385                0.001895039
            153               0.0021130003                0.001914077
         153.18               0.0021313714                0.0019331359
         153.36               0.0021497481                0.0019522129
         153.54               0.0021681262                0.0019713053
         153.72               0.0021865021                0.0019904105
          153.9               0.0022048721                0.0020095258
         154.08               0.0022232323                0.0020286484
         154.26               0.0022415792                0.0020477756
         154.44               0.0022599093                0.0020669049
         154.62               0.0022782191                0.0020860334
          154.8               0.0022965052                0.0021051587
         154.98               0.0023147642                0.0021242779
         155.16               0.0023329929                0.0021433885
         155.34               0.0023511879                0.0021624879
         155.52               0.0023693463                0.0021815733
          155.7               0.0023874649                0.0022006422
         155.88               0.0024055405                0.002219692
         156.06               0.0024235704                0.0022387201
         156.24               0.0024415515                0.0022577239
         156.42               0.0024594809                0.0022767008
          156.6               0.0024773559                0.0022956483
         156.78               0.0024951738                0.0023145638
         156.96               0.0025129318                0.0023334448
         157.14               0.0025306272                0.0023522887
         157.32               0.0025482576                0.0023710932
          157.5               0.0025658203                0.0023898556
         157.68               0.0025833129                0.0024085734
         157.86               0.0026007329                0.0024272443
         158.04               0.002618078                0.0024458658
         158.22               0.0026353459                0.0024644353
          158.4               0.0026525342                0.0024829506
         158.58               0.0026696407                0.0025014092
         158.76               0.0026866633                0.0025198087
         158.94               0.0027035997                0.0025381467
         159.12               0.0027204479                0.0025564209
          159.3               0.0027372059                0.0025746289
         159.48               0.0027538717                0.0025927685
         159.66               0.0027704432                0.0026108372
         159.84               0.0027869185                0.0026288329
         160.02               0.0028032959                0.0026467531
          160.2               0.0028195734                0.0026645958
         160.38               0.0028357493                0.0026823586
         160.56               0.0028518218                0.0027000393
         160.74               0.0028677891                0.0027176357
         160.92               0.0028836497                0.0027351457
          161.1               0.0028994019                0.002752567
         161.28               0.002915044                0.0027698976
         161.46               0.0029305746                0.0027871352
         161.64               0.002945992                0.0028042778
         161.82               0.0029612949                0.0028213234
            162               0.0029764817                0.0028382697
         162.18               0.002991551                0.0028551148
         162.36               0.0030065015                0.0028718566
         162.54               0.0030213317                0.0028884932
         162.72               0.0030360405                0.0029050224
          162.9               0.0030506264                0.0029214425
         163.08               0.0030650882                0.0029377513
         163.26               0.0030794247                0.002953947
         163.44               0.0030936347                0.0029700277
         163.62               0.0031077171                0.0029859914
          163.8               0.0031216706                0.0030018364
         163.98               0.0031354942                0.0030175606
         164.16               0.0031491868                0.0030331624
         164.34               0.0031627474                0.0030486399
         164.52               0.0031761749                0.0030639912
          164.7               0.0031894683                0.0030792148
         164.88               0.0032026267                0.0030943087
         165.06               0.003215649                0.0031092712
         165.24               0.0032285345                0.0031241008
         165.42               0.0032412821                0.0031387955
          165.6               0.003253891                0.0031533539
         165.78               0.0032663603                0.0031677743
         165.96               0.0032786893                0.003182055
         166.14               0.0032908771                0.0031961944
         166.32               0.0033029229                0.0032101909
          166.5               0.003314826                0.0032240431
         166.68               0.0033265855                0.0032377493
         166.86               0.0033382009                0.003251308
         167.04               0.0033496714                0.0032647178
         167.22               0.0033609963                0.0032779771
          167.4               0.003372175                0.0032910845
         167.58               0.0033832067                0.0033040386
         167.76               0.003394091                0.003316838
         167.94               0.0034048271                0.0033294812
         168.12               0.0034154145                0.0033419669
          168.3               0.0034258526                0.0033542937
         168.48               0.0034361409                0.0033664604
         168.66               0.0034462788                0.0033784656
         168.84               0.0034562658                0.003390308
         169.02               0.0034661014                0.0034019864
          169.2               0.0034757851                0.0034134995
         169.38               0.0034853164                0.003424846
         169.56               0.0034946949                0.0034360249
         169.74               0.0035039201                0.0034470349
         169.92               0.0035129915                0.0034578748
          170.1               0.0035219089                0.0034685436
         170.28               0.0035306717                0.00347904
         170.46               0.0035392795                0.003489363
         170.64               0.003547732                0.0034995116
         170.82               0.0035560289                0.0035094846
            171               0.0035641697                0.0035192811
         171.18               0.0035721541                0.0035289
         171.36               0.0035799818                0.0035383403
         171.54               0.0035876524                0.0035476011
         171.72               0.0035951657                0.0035566814
          171.9               0.0036025213                0.0035655802
         172.08               0.003609719                0.0035742967
         172.26               0.0036167585                0.00358283
         172.44               0.0036236394                0.0035911792
         172.62               0.0036303617                0.0035993435
          172.8               0.0036369249                0.003607322
         172.98               0.0036433288                0.0036151139
         173.16               0.0036495733                0.0036227185
         173.34               0.0036556581                0.0036301349
         173.52               0.0036615829                0.0036373625
          173.7               0.0036673477                0.0036444005
         173.88               0.0036729521                0.0036512481
         174.06               0.003678396                0.0036579048
         174.24               0.0036836791                0.0036643699
         174.42               0.0036888015                0.0036706426
          174.6               0.0036937627                0.0036767224
         174.78               0.0036985628                0.0036826087
         174.96               0.0037032015                0.0036883009
         175.14               0.0037076787                0.0036937984
         175.32               0.0037119942                0.0036991008
          175.5               0.0037161479                0.0037042073
         175.68               0.0037201398                0.0037091177
         175.86               0.0037239696                0.0037138313
         176.04               0.0037276372                0.0037183477
         176.22               0.0037311426                0.0037226665
          176.4               0.0037344856                0.0037267873
         176.58               0.0037376661                0.0037307096
         176.76               0.0037406841                0.003734433
         176.94               0.0037435394                0.0037379573
         177.12               0.003746232                0.003741282
          177.3               0.0037487618                0.0037444068
         177.48               0.0037511287                0.0037473314
         177.66               0.0037533327                0.0037500556
         177.84               0.0037553736                0.0037525791
         178.02               0.0037572515                0.0037549015
          178.2               0.0037589663                0.0037570228
         178.38               0.0037605179                0.0037589427
         178.56               0.0037619063                0.003760661
         178.74               0.0037631314                0.0037621775
         178.92               0.0037641932                0.0037634921
          179.1               0.0037650918                0.0037646047
         179.28               0.003765827                0.0037655152
         179.46               0.0037663988                0.0037662234
         179.64               0.0037668073                0.0037667293
         179.82               0.0037670524                0.0037670329
Completed Run:Normal Exit...
