              0               0.0065013944                0.0065013944
           0.18               0.0065013893                0.0065013272
           0.36               0.0065013738                0.0065011257
           0.54               0.006501348                0.0065007898
           0.72               0.0065013118                0.0065003195
            0.9               0.0065012654                0.0064997149
           1.08               0.0065012086                0.006498976
           1.26               0.0065011415                0.0064981029
           1.44               0.006501064                0.0064970955
           1.62               0.0065009762                0.0064959538
            1.8               0.0065008781                0.0064946781
           1.98               0.0065007696                0.0064932682
           2.16               0.0065006507                0.0064917243
           2.34               0.0065005215                0.0064900463
           2.52               0.0065003819                0.0064882345
            2.7               0.0065002319                0.0064862888
           2.88               0.0065000715                0.0064842093
           3.06               0.0064999008                0.0064819961
           3.24               0.0064997196                0.0064796493
           3.42               0.006499528                0.006477169
            3.6               0.0064993259                0.0064745552
           3.78               0.0064991135                0.0064718081
           3.96               0.0064988905                0.0064689279
           4.14               0.0064986571                0.0064659145
           4.32               0.0064984132                0.0064627681
            4.5               0.0064981588                0.0064594888
           4.68               0.0064978939                0.0064560768
           4.86               0.0064976185                0.0064525323
           5.04               0.0064973325                0.0064488552
           5.22               0.006497036                0.0064450459
            5.4               0.0064967288                0.0064411043
           5.58               0.0064964111                0.0064370308
           5.76               0.0064960828                0.0064328253
           5.94               0.0064957438                0.0064284882
           6.12               0.0064953942                0.0064240196
            6.3               0.0064950339                0.0064194196
           6.48               0.0064946629                0.0064146885
           6.66               0.0064942811                0.0064098264
           6.84               0.0064938887                0.0064048334
           7.02               0.0064934855                0.0063997099
            7.2               0.0064930715                0.006394456
           7.38               0.0064926466                0.0063890719
           7.56               0.006492211                0.0063835578
           7.74               0.0064917645                0.006377914
           7.92               0.0064913071                0.0063721406
            8.1               0.0064908388                0.0063662379
           8.28               0.0064903595                0.0063602061
           8.46               0.0064898693                0.0063540455
           8.64               0.0064893681                0.0063477563
           8.82               0.0064888559                0.0063413387
              9               0.0064883326                0.006334793
           9.18               0.0064877983                0.0063281195
           9.36               0.0064872528                0.0063213184
           9.54               0.0064866962                0.00631439
           9.72               0.0064861284                0.0063073346
            9.9               0.0064855494                0.0063001524
          10.08               0.0064849592                0.0062928437
          10.26               0.0064843578                0.0062854088
          10.44               0.006483745                0.006277848
          10.62               0.0064831208                0.0062701617
           10.8               0.0064824854                0.00626235
          10.98               0.0064818385                0.0062544134
          11.16               0.0064811801                0.0062463521
          11.34               0.0064805103                0.0062381664
          11.52               0.006479829                0.0062298568
           11.7               0.0064791361                0.0062214234
          11.88               0.0064784317                0.0062128667
          12.06               0.0064777156                0.0062041869
          12.24               0.0064769878                0.0061953845
          12.42               0.0064762484                0.0061864598
           12.6               0.0064754972                0.0061774131
          12.78               0.0064747342                0.0061682448
          12.96               0.0064739594                0.0061589552
          13.14               0.0064731727                0.0061495448
          13.32               0.0064723741                0.0061400138
           13.5               0.0064715636                0.0061303628
          13.68               0.0064707411                0.006120592
          13.86               0.0064699066                0.0061107019
          14.04               0.0064690599                0.0061006928
          14.22               0.0064682012                0.0060905652
           14.4               0.0064673303                0.0060803195
          14.58               0.0064664472                0.006069956
          14.76               0.0064655518                0.0060594752
          14.94               0.0064646441                0.0060488775
          15.12               0.0064637241                0.0060381633
           15.3               0.0064627917                0.0060273331
          15.48               0.0064618468                0.0060163874
          15.66               0.0064608894                0.0060053264
          15.84               0.0064599196                0.0059941507
          16.02               0.0064589371                0.0059828608
           16.2               0.006457942                0.005971457
          16.38               0.0064569342                0.0059599399
          16.56               0.0064559137                0.0059483099
          16.74               0.0064548803                0.0059365675
          16.92               0.0064538342                0.0059247132
           17.1               0.0064527752                0.0059127474
          17.28               0.0064517032                0.0059006706
          17.46               0.0064506182                0.0058884833
          17.64               0.0064495203                0.0058761861
          17.82               0.0064484092                0.0058637793
             18               0.0064472849                0.0058512636
          18.18               0.0064461475                0.0058386393
          18.36               0.0064449968                0.0058259071
          18.54               0.0064438328                0.0058130675
          18.72               0.0064426555                0.0058001209
           18.9               0.0064414647                0.0057870679
          19.08               0.0064402605                0.005773909
          19.26               0.0064390427                0.0057606449
          19.44               0.0064378113                0.0057472759
          19.62               0.0064365664                0.0057338027
           19.8               0.0064353077                0.0057202258
          19.98               0.0064340352                0.0057065457
          20.16               0.006432749                0.0056927631
          20.34               0.0064314489                0.0056788785
          20.52               0.0064301349                0.0056648924
           20.7               0.0064288068                0.0056508055
          20.88               0.0064274648                0.0056366183
          21.06               0.0064261086                0.0056223314
          21.24               0.0064247383                0.0056079454
          21.42               0.0064233538                0.0055934608
           21.6               0.006421955                0.0055788783
          21.78               0.0064205418                0.0055641986
          21.96               0.0064191143                0.005549422
          22.14               0.0064176723                0.0055345494
          22.32               0.0064162158                0.0055195813
           22.5               0.0064147447                0.0055045184
          22.68               0.006413259                0.0054893612
          22.86               0.0064117585                0.0054741103
          23.04               0.0064102433                0.0054587665
          23.22               0.0064087133                0.0054433304
           23.4               0.0064071684                0.0054278025
          23.58               0.0064056086                0.0054121836
          23.76               0.0064040337                0.0053964743
          23.94               0.0064024437                0.0053806752
          24.12               0.0064008387                0.0053647871
           24.3               0.0063992184                0.0053488105
          24.48               0.0063975829                0.0053327461
          24.66               0.006395932                0.0053165947
          24.84               0.0063942657                0.0053003568
          25.02               0.006392584                0.0052840332
           25.2               0.0063908868                0.0052676246
          25.38               0.006389174                0.0052511316
          25.56               0.0063874456                0.0052345549
          25.74               0.0063857014                0.0052178953
          25.92               0.0063839415                0.0052011534
           26.1               0.0063821657                0.0051843299
          26.28               0.006380374                0.0051674255
          26.46               0.0063785663                0.005150441
          26.64               0.0063767427                0.0051333771
          26.82               0.0063749029                0.0051162345
             27               0.0063730469                0.0050990139
          27.18               0.0063711747                0.005081716
          27.36               0.0063692863                0.0050643416
          27.54               0.0063673814                0.0050468914
          27.72               0.0063654602                0.0050293662
           27.9               0.0063635224                0.0050117666
          28.08               0.0063615681                0.0049940935
          28.26               0.0063595972                0.0049763476
          28.44               0.0063576095                0.0049585296
          28.62               0.0063556052                0.0049406403
           28.8               0.006353584                0.0049226805
          28.98               0.0063515459                0.004904651
          29.16               0.0063494908                0.0048865524
          29.34               0.0063474188                0.0048683856
          29.52               0.0063453296                0.0048501514
           29.7               0.0063432233                0.0048318504
          29.88               0.0063410998                0.0048134836
          30.06               0.006338959                0.0047950517
          30.24               0.0063368008                0.0047765554
          30.42               0.0063346253                0.0047579957
           30.6               0.0063324322                0.0047393732
          30.78               0.0063302216                0.0047206888
          30.96               0.0063279934                0.0047019433
          31.14               0.0063257475                0.0046831374
          31.32               0.0063234839                0.004664272
           31.5               0.0063212025                0.004645348
          31.68               0.0063189031                0.004626366
          31.86               0.0063165859                0.004607327
          32.04               0.0063142506                0.0045882317
          32.22               0.0063118973                0.0045690811
           32.4               0.0063095258                0.0045498758
          32.58               0.0063071361                0.0045306167
          32.76               0.0063047282                0.0045113048
          32.94               0.0063023019                0.0044919407
          33.12               0.0062998572                0.0044725254
           33.3               0.0062973941                0.0044530597
          33.48               0.0062949125                0.0044335443
          33.66               0.0062924122                0.0044139803
          33.84               0.0062898933                0.0043943684
          34.02               0.0062873557                0.0043747095
           34.2               0.0062847993                0.0043550044
          34.38               0.006282224                0.0043352539
          34.56               0.0062796299                0.0043154591
          34.74               0.0062770168                0.0042956206
          34.92               0.0062743846                0.0042757394
           35.1               0.0062717333                0.0042558163
          35.28               0.0062690629                0.0042358522
          35.46               0.0062663733                0.004215848
          35.64               0.0062636643                0.0041958046
          35.82               0.006260936                0.0041757228
             36               0.0062581884                0.0041556035
          36.18               0.0062554212                0.0041354475
          36.36               0.0062526345                0.0041152558
          36.54               0.0062498282                0.0040950293
          36.72               0.0062470023                0.0040747688
           36.9               0.0062441567                0.0040544752
          37.08               0.0062412912                0.0040341494
          37.26               0.006238406                0.0040137923
          37.44               0.0062355008                0.0039934047
          37.62               0.0062325758                0.0039729877
           37.8               0.0062296306                0.003952542
          37.98               0.0062266655                0.0039320686
          38.16               0.0062236802                0.0039115684
          38.34               0.0062206747                0.0038910422
          38.52               0.006217649                0.0038704911
           38.7               0.0062146029                0.0038499158
          38.88               0.0062115366                0.0038293172
          39.06               0.0062084498                0.0038086964
          39.24               0.0062053425                0.0037880541
          39.42               0.0062022147                0.0037673913
           39.6               0.0061990663                0.003746709
          39.78               0.0061958973                0.003726008
          39.96               0.0061927076                0.0037052891
          40.14               0.0061894972                0.0036845535
          40.32               0.006186266                0.0036638019
           40.5               0.0061830139                0.0036430352
          40.68               0.0061797409                0.0036222544
          40.86               0.006176447                0.0036014605
          41.04               0.0061731321                0.0035806542
          41.22               0.0061697961                0.0035598366
           41.4               0.006166439                0.0035390085
          41.58               0.0061630607                0.0035181708
          41.76               0.0061596612                0.0034973246
          41.94               0.0061562405                0.0034764707
          42.12               0.0061527985                0.0034556099
           42.3               0.0061493351                0.0034347434
          42.48               0.0061458503                0.0034138718
          42.66               0.006142344                0.0033929963
          42.84               0.0061388163                0.0033721176
          43.02               0.006135267                0.0033512368
           43.2               0.0061316961                0.0033303547
          43.38               0.0061281036                0.0033094723
          43.56               0.0061244894                0.0032885904
          43.74               0.0061208535                0.00326771
          43.92               0.0061171958                0.0032468321
           44.1               0.0061135163                0.0032259575
          44.28               0.0061098149                0.0032050871
          44.46               0.0061060917                0.0031842219
          44.64               0.0061023465                0.0031633628
          44.82               0.0060985793                0.0031425107
             45               0.0060947901                0.0031216665
          45.18               0.0060909789                0.0031008312
          45.36               0.0060871455                0.0030800056
          45.54               0.0060832901                0.0030591907
          45.72               0.0060794124                0.0030383874
           45.9               0.0060755125                0.0030175966
          46.08               0.0060715904                0.0029968192
          46.26               0.006067646                0.0029760561
          46.44               0.0060636793                0.0029553083
          46.62               0.0060596902                0.0029345766
           46.8               0.0060556788                0.0029138619
          46.98               0.0060516449                0.0028931652
          47.16               0.0060475886                0.0028724873
          47.34               0.0060435098                0.0028518293
          47.52               0.0060394084                0.0028311918
           47.7               0.0060352846                0.002810576
          47.88               0.0060311381                0.0027899826
          48.06               0.0060269691                0.0027694126
          48.24               0.0060227774                0.0027488668
          48.42               0.006018563                0.0027283462
           48.6               0.006014326                0.0027078517
          48.78               0.0060100662                0.0026873841
          48.96               0.0060057837                0.0026669443
          49.14               0.0060014785                0.0026465332
          49.32               0.0059971504                0.0026261518
           49.5               0.0059927996                0.0026058008
          49.68               0.0059884259                0.0025854812
          49.86               0.0059840294                0.0025651938
          50.04               0.0059796099                0.0025449395
          50.22               0.0059751676                0.0025247193
           50.4               0.0059707024                0.0025045339
          50.58               0.0059662142                0.0024843842
          50.76               0.0059617031                0.0024642711
          50.94               0.005957169                0.0024441955
          51.12               0.0059526119                0.0024241583
           51.3               0.0059480319                0.0024041602
          51.48               0.0059434288                0.0023842021
          51.66               0.0059388027                0.0023642849
          51.84               0.0059341535                0.0023444095
          52.02               0.0059294813                0.0023245766
           52.2               0.005924786                0.0023047872
          52.38               0.0059200676                0.0022850421
          52.56               0.0059153262                0.0022653421
          52.74               0.0059105617                0.002245688
          52.92               0.005905774                0.0022260807
           53.1               0.0059009633                0.0022065209
          53.28               0.0058961294                0.0021870097
          53.46               0.0058912724                0.0021675476
          53.64               0.0058863923                0.0021481357
          53.82               0.0058814891                0.0021287746
             54               0.0058765627                0.0021094652
          54.18               0.0058716132                0.0020902082
          54.36               0.0058666405                0.0020710046
          54.54               0.0058616448                0.0020518551
          54.72               0.0058566259                0.0020327605
           54.9               0.0058515838                0.0020137216
          55.08               0.0058465186                0.0019947391
          55.26               0.0058414303                0.0019758139
          55.44               0.0058363189                0.0019569467
          55.62               0.0058311844                0.0019381383
           55.8               0.0058260267                0.0019193895
          55.98               0.005820846                0.001900701
          56.16               0.0058156421                0.0018820737
          56.34               0.0058104152                0.0018635082
          56.52               0.0058051652                0.0018450053
           56.7               0.0057998921                0.0018265658
          56.88               0.005794596                0.0018081904
          57.06               0.0057892768                0.0017898798
          57.24               0.0057839347                0.0017716348
          57.42               0.0057785694                0.0017534562
           57.6               0.0057731812                0.0017353445
          57.78               0.0057677701                0.0017173007
          57.96               0.0057623359                0.0016993252
          58.14               0.0057568788                0.001681419
          58.32               0.0057513988                0.0016635827
           58.5               0.0057458959                0.0016458169
          58.68               0.0057403701                0.0016281224
          58.86               0.0057348214                0.0016104999
          59.04               0.0057292499                0.0015929501
          59.22               0.0057236556                0.0015754736
           59.4               0.0057180385                0.0015580711
          59.58               0.0057123986                0.0015407432
          59.76               0.005706736                0.0015234908
          59.94               0.0057010507                0.0015063143
          60.12               0.0056953427                0.0014892144
           60.3               0.0056896121                0.0014721919
          60.48               0.0056838588                0.0014552473
          60.66               0.005678083                0.0014383813
          60.84               0.0056722846                0.0014215944
          61.02               0.0056664637                0.0014048874
           61.2               0.0056606203                0.0013882609
          61.38               0.0056547544                0.0013717154
          61.56               0.0056488662                0.0013552516
          61.74               0.0056429555                0.00133887
          61.92               0.0056370226                0.0013225713
           62.1               0.0056310673                0.001306356
          62.28               0.0056250898                0.0012902248
          62.46               0.0056190901                0.0012741781
          62.64               0.0056130682                0.0012582167
          62.82               0.0056070242                0.001242341
             63               0.0056009581                0.0012265515
          63.18               0.00559487                0.0012108489
          63.36               0.0055887598                0.0011952337
          63.54               0.0055826278                0.0011797065
          63.72               0.0055764738                0.0011642677
           63.9               0.005570298                0.0011489179
          64.08               0.0055641005                0.0011336576
          64.26               0.0055578811                0.0011184873
          64.44               0.0055516401                0.0011034075
          64.62               0.0055453775                0.0010884187
           64.8               0.0055390933                0.0010735215
          64.98               0.0055327876                0.0010587163
          65.16               0.0055264604                0.0010440035
          65.34               0.0055201118                0.0010293837
          65.52               0.0055137418                0.0010148574
           65.7               0.0055073506                0.0010004249
          65.88               0.0055009381                0.00098608669
          66.06               0.0054945045                0.00097184329
          66.24               0.0054880497                0.00095769511
          66.42               0.005481574                0.00094364257
           66.6               0.0054750772                0.00092968609
          66.78               0.0054685596                0.00091582611
          66.96               0.0054620211                0.00090206302
          67.14               0.0054554618                0.00088839723
          67.32               0.0054488818                0.00087482914
           67.5               0.0054422812                0.00086135913
          67.68               0.00543566                0.00084798759
          67.86               0.0054290183                0.00083471489
          68.04               0.0054223562                0.00082154141
          68.22               0.0054156738                0.00080846749
           68.4               0.0054089711                0.00079549349
          68.58               0.0054022481                0.00078261977
          68.76               0.0053955051                0.00076984666
          68.94               0.005388742                0.00075717448
          69.12               0.0053819589                0.00074460358
           69.3               0.005375156                0.00073213425
          69.48               0.0053683333                0.00071976681
          69.66               0.0053614908                0.00070750157
          69.84               0.0053546287                0.00069533882
          70.02               0.005347747                0.00068327885
           70.2               0.0053408458                0.00067132193
          70.38               0.0053339253                0.00065946834
          70.56               0.0053269854                0.00064771834
          70.74               0.0053200263                0.0006360722
          70.92               0.0053130481                0.00062453016
           71.1               0.0053060509                0.00061309247
          71.28               0.0052990346                0.00060175936
          71.46               0.0052919996                0.00059053106
          71.64               0.0052849457                0.00057940779
          71.82               0.0052778732                0.00056838977
             72               0.0052707821                0.00055747719
          72.18               0.0052636725                0.00054667027
          72.36               0.0052565445                0.00053596918
          72.54               0.0052493982                0.00052537411
          72.72               0.0052422337                0.00051488524
           72.9               0.0052350511                0.00050450274
          73.08               0.0052278504                0.00049422676
          73.26               0.0052206319                0.00048405746
          73.44               0.0052133956                0.00047399499
          73.62               0.0052061415                0.00046403948
           73.8               0.0051988699                0.00045419107
          73.98               0.0051915807                0.00044444987
          74.16               0.0051842742                0.000434816
          74.34               0.0051769503                0.00042528958
          74.52               0.0051696093                0.00041587069
           74.7               0.0051622511                0.00040655944
          74.88               0.005154876                0.00039735591
          75.06               0.0051474841                0.00038826018
          75.24               0.0051400753                0.00037927231
          75.42               0.00513265                0.00037039238
           75.6               0.005125208                0.00036162043
          75.78               0.0051177497                0.00035295652
          75.96               0.005110275                0.00034440069
          76.14               0.0051027842                0.00033595296
          76.32               0.0050952772                0.00032761337
           76.5               0.0050877543                0.00031938193
          76.68               0.0050802155                0.00031125866
          76.86               0.0050726609                0.00030324356
          77.04               0.0050650908                0.00029533662
          77.22               0.0050575051                0.00028753783
           77.4               0.005049904                0.00027984719
          77.58               0.0050422877                0.00027226465
          77.76               0.0050346562                0.00026479019
          77.94               0.0050270097                0.00025742377
          78.12               0.0050193483                0.00025016533
           78.3               0.005011672                0.00024301483
          78.48               0.0050039811                0.00023597221
          78.66               0.0049962757                0.00022903739
          78.84               0.0049885558                0.0002222103
          79.02               0.0049808217                0.00021549085
           79.2               0.0049730734                0.00020887896
          79.38               0.004965311                0.00020237452
          79.56               0.0049575347                0.00019597743
          79.74               0.0049497446                0.00018968759
          79.92               0.0049419409                0.00018350487
           80.1               0.0049341236                0.00017742914
          80.28               0.004926293                0.00017146028
          80.46               0.004918449                0.00016559814
          80.64               0.0049105919                0.00015984258
          80.82               0.0049027218                0.00015419344
             81               0.0048948388                0.00014865057
          81.18               0.0048869431                0.00014321379
          81.36               0.0048790348                0.00013788294
          81.54               0.004871114                0.00013265783
          81.72               0.0048631808                0.00012753827
           81.9               0.0048552354                0.00012252408
          82.08               0.004847278                0.00011761505
          82.26               0.0048393086                0.00011281097
          82.44               0.0048313274                0.00010811163
          82.62               0.0048233346                0.00010351681
           82.8               0.0048153302                9.9026292e-05
          82.98               0.0048073144                9.463983e-05
          83.16               0.0047992874                9.0357189e-05
          83.34               0.0047912493                8.6178124e-05
          83.52               0.0047832002                8.2102382e-05
           83.7               0.0047751402                7.8129705e-05
          83.88               0.0047670696                7.4259828e-05
          84.06               0.0047589885                7.049248e-05
          84.24               0.0047508969                6.6827384e-05
          84.42               0.0047427951                6.3264257e-05
           84.6               0.0047346831                5.980281e-05
          84.78               0.0047265612                5.6442748e-05
          84.96               0.0047184294                5.3183769e-05
          85.14               0.0047102879                5.0025566e-05
          85.32               0.0047021369                4.6967825e-05
           85.5               0.0046939765                4.4010229e-05
          85.68               0.0046858069                4.1152453e-05
          85.86               0.0046776281                3.8394166e-05
          86.04               0.0046694404                3.5735031e-05
          86.22               0.0046612438                3.3174708e-05
           86.4               0.0046530386                3.0712848e-05
          86.58               0.0046448249                2.8349099e-05
          86.76               0.0046366028                2.6083103e-05
          86.94               0.0046283724                2.3914495e-05
          87.12               0.004620134                2.1842907e-05
           87.3               0.0046118877                1.9867963e-05
          87.48               0.0046036336                1.7989284e-05
          87.66               0.0045953718                1.6206486e-05
          87.84               0.0045871026                1.4519176e-05
          88.02               0.004578826                1.2926961e-05
           88.2               0.0045705423                1.1429439e-05
          88.38               0.0045622515                1.0026206e-05
          88.56               0.0045539539                8.7168495e-06
          88.74               0.0045456495                7.5009556e-06
          88.92               0.0045373386                6.3781038e-06
           89.1               0.0045290212                5.3478688e-06
          89.28               0.0045206976                4.409821e-06
          89.46               0.0045123678                3.5635258e-06
          89.64               0.0045040321                2.8085443e-06
          89.82               0.0044956906                2.1444326e-06
             90               0.0044873434                1.5707428e-06
          90.18               0.0044789907                1.087022e-06
          90.36               0.0044706327                6.9281331e-07
          90.54               0.0044622694                3.8765538e-07
          90.72               0.0044539011                1.7108255e-07
           90.9               0.0044455279                4.2624982e-08
          91.08               0.00443715                1.8086599e-09
          91.26               0.0044287675                4.8155478e-08
          91.44               0.0044203805                1.8118329e-07
          91.62               0.0044119893                4.0040598e-07
           91.8               0.004403594                7.0533351e-07
          91.98               0.0043951947                1.095472e-06
          92.16               0.0043867916                1.5703237e-06
          92.34               0.0043783848                2.1293873e-06
          92.52               0.0043699745                2.7721576e-06
           92.7               0.0043615609                3.498126e-06
          92.88               0.0043531441                4.3067802e-06
          93.06               0.0043447243                5.1976045e-06
          93.24               0.0043363015                6.1700797e-06
          93.42               0.0043278761                7.2236834e-06
           93.6               0.0043194481                8.3578896e-06
          93.78               0.0043110176                9.5721694e-06
          93.96               0.004302585                1.0865991e-05
          94.14               0.0042941502                1.2238818e-05
          94.32               0.0042857134                1.3690113e-05
           94.5               0.0042772749                1.5219334e-05
          94.68               0.0042688347                1.6825937e-05
          94.86               0.0042603931                1.8509375e-05
          95.04               0.0042519501                2.0269098e-05
          95.22               0.004243506                2.2104554e-05
           95.4               0.0042350608                2.4015186e-05
          95.58               0.0042266148                2.6000438e-05
          95.76               0.0042181681                2.8059748e-05
          95.94               0.0042097208                3.0192554e-05
          96.12               0.0042012731                3.2398291e-05
           96.3               0.0041928252                3.467639e-05
          96.48               0.0041843773                3.7026283e-05
          96.66               0.0041759293                3.9447396e-05
          96.84               0.0041674817                4.1939155e-05
          97.02               0.0041590344                4.4500984e-05
           97.2               0.0041505876                4.7132305e-05
          97.38               0.0041421415                4.9832536e-05
          97.56               0.0041336963                5.2601097e-05
          97.74               0.004125252                5.5437402e-05
          97.92               0.0041168089                5.8340866e-05
           98.1               0.0041083671                6.13109e-05
          98.28               0.0040999268                6.4346917e-05
          98.46               0.0040914881                6.7448325e-05
          98.64               0.0040830511                7.0614531e-05
          98.82               0.0040746161                7.3844942e-05
             99               0.0040661831                7.7138963e-05
          99.18               0.0040577524                8.0495997e-05
          99.36               0.004049324                8.3915446e-05
          99.54               0.0040408982                8.7396711e-05
          99.72               0.004032475                9.0939192e-05
           99.9               0.0040240547                9.4542288e-05
         100.08               0.0040156374                9.8205396e-05
         100.26               0.0040072231                0.00010192791
         100.44               0.0039988122                0.00010570924
         100.62               0.0039904047                0.00010954876
          100.8               0.0039820008                0.00011344588
         100.98               0.0039736006                0.00011739998
         101.16               0.0039652043                0.00012141047
         101.34               0.0039568121                0.00012547673
         101.52               0.003948424                0.00012959816
          101.7               0.0039400402                0.00013377414
         101.88               0.003931661                0.00013800407
         102.06               0.0039232863                0.00014228734
         102.24               0.0039149165                0.00014662333
         102.42               0.0039065515                0.00015101145
          102.6               0.0038981917                0.00015545107
         102.78               0.003889837                0.00015994159
         102.96               0.0038814877                0.0001644824
         103.14               0.0038731439                0.00016907289
         103.32               0.0038648058                0.00017371244
          103.5               0.0038564735                0.00017840045
         103.68               0.0038481471                0.00018313631
         103.86               0.0038398268                0.0001879194
         104.04               0.0038315127                0.00019274912
         104.22               0.003823205                0.00019762486
          104.4               0.0038149039                0.00020254602
         104.58               0.0038066094                0.00020751197
         104.76               0.0037983217                0.00021252212
         104.94               0.0037900409                0.00021757585
         105.12               0.0037817672                0.00022267257
          105.3               0.0037735008                0.00022781166
         105.48               0.0037652417                0.00023299252
         105.66               0.0037569901                0.00023821454
         105.84               0.0037487462                0.00024347713
         106.02               0.0037405101                0.00024877968
          106.2               0.0037322818                0.00025412158
         106.38               0.0037240617                0.00025950224
         106.56               0.0037158497                0.00026492106
         106.74               0.0037076461                0.00027037743
         106.92               0.003699451                0.00027587077
          107.1               0.0036912645                0.00028140047
         107.28               0.0036830867                0.00028696594
         107.46               0.0036749178                0.00029256658
         107.64               0.0036667579                0.00029820181
         107.82               0.0036586071                0.00030387103
            108               0.0036504657                0.00030957365
         108.18               0.0036423336                0.00031530909
         108.36               0.0036342111                0.00032107675
         108.54               0.0036260983                0.00032687606
         108.72               0.0036179953                0.00033270643
          108.9               0.0036099023                0.00033856727
         109.08               0.0036018193                0.00034445802
         109.26               0.0035937465                0.00035037808
         109.44               0.003585684                0.00035632688
         109.62               0.003577632                0.00036230385
          109.8               0.0035695906                0.00036830842
         109.98               0.0035615599                0.00037434001
         110.16               0.00355354                0.00038039805
         110.34               0.0035455311                0.00038648199
         110.52               0.0035375333                0.00039259124
          110.7               0.0035295467                0.00039872526
         110.88               0.0035215715                0.00040488348
         111.06               0.0035136077                0.00041106533
         111.24               0.0035056555                0.00041727028
         111.42               0.003497715                0.00042349775
          111.6               0.0034897863                0.0004297472
         111.78               0.0034818696                0.00043601808
         111.96               0.0034739649                0.00044230985
         112.14               0.0034660725                0.00044862195
         112.32               0.0034581923                0.00045495385
          112.5               0.0034503246                0.000461305
         112.68               0.0034424695                0.00046767487
         112.86               0.003434627                0.00047406292
         113.04               0.0034267972                0.00048046863
         113.22               0.0034189804                0.00048689145
          113.4               0.0034111766                0.00049333087
         113.58               0.0034033859                0.00049978636
         113.76               0.0033956085                0.00050625739
         113.94               0.0033878444                0.00051274346
         114.12               0.0033800938                0.00051924404
          114.3               0.0033723567                0.00052575861
         114.48               0.0033646334                0.00053228668
         114.66               0.0033569238                0.00053882772
         114.84               0.0033492282                0.00054538124
         115.02               0.0033415465                0.00055194674
          115.2               0.003333879                0.0005585237
         115.38               0.0033262258                0.00056511165
         115.56               0.0033185868                0.00057171008
         115.74               0.0033109624                0.0005783185
         115.92               0.0033033525                0.00058493643
          116.1               0.0032957572                0.00059156339
         116.28               0.0032881767                0.00059819889
         116.46               0.0032806111                0.00060484245
         116.64               0.0032730604                0.00061149359
         116.82               0.0032655249                0.00061815186
            117               0.0032580044                0.00062481677
         117.18               0.0032504993                0.00063148787
         117.36               0.0032430096                0.00063816469
         117.54               0.0032355353                0.00064484677
         117.72               0.0032280766                0.00065153365
          117.9               0.0032206335                0.00065822489
         118.08               0.0032132063                0.00066492003
         118.26               0.0032057949                0.00067161863
         118.44               0.0031983995                0.00067832024
         118.62               0.0031910201                0.00068502443
          118.8               0.0031836568                0.00069173076
         118.98               0.0031763099                0.0006984388
         119.16               0.0031689792                0.00070514811
         119.34               0.003161665                0.00071185828
         119.52               0.0031543673                0.00071856887
          119.7               0.0031470862                0.00072527948
         119.88               0.0031398218                0.00073198968
         120.06               0.0031325742                0.00073869906
         120.24               0.0031253435                0.00074540722
         120.42               0.0031181298                0.00075211374
          120.6               0.0031109331                0.00075881823
         120.78               0.0031037536                0.00076552029
         120.96               0.0030965913                0.00077221952
         121.14               0.0030894463                0.00077891553
         121.32               0.0030823187                0.00078560794
          121.5               0.0030752085                0.00079229636
         121.68               0.003068116                0.00079898041
         121.86               0.0030610411                0.0008056597
         122.04               0.0030539839                0.00081233388
         122.22               0.0030469445                0.00081900256
          122.4               0.003039923                0.00082566538
         122.58               0.0030329195                0.00083232199
         122.76               0.003025934                0.00083897201
         122.94               0.0030189666                0.00084561509
         123.12               0.0030120175                0.00085225088
          123.3               0.0030050866                0.00085887903
         123.48               0.0029981741                0.0008654992
         123.66               0.00299128                0.00087211105
         123.84               0.0029844044                0.00087871423
         124.02               0.0029775473                0.00088530841
          124.2               0.002970709                0.00089189326
         124.38               0.0029638893                0.00089846846
         124.56               0.0029570884                0.00090503367
         124.74               0.0029503064                0.00091158859
         124.92               0.0029435434                0.00091813289
          125.1               0.0029367993                0.00092466626
         125.28               0.0029300743                0.00093118839
         125.46               0.0029233684                0.00093769897
         125.64               0.0029166817                0.00094419771
         125.82               0.0029100143                0.0009506843
            126               0.0029033663                0.00095715845
         126.18               0.0028967376                0.00096361987
         126.36               0.0028901284                0.00097006826
         126.54               0.0028835388                0.00097650335
         126.72               0.0028769687                0.00098292486
          126.9               0.0028704183                0.0009893325
         127.08               0.0028638875                0.00099572601
         127.26               0.0028573766                0.0010021051
         127.44               0.0028508855                0.0010084695
         127.62               0.0028444143                0.001014819
          127.8               0.0028379631                0.0010211533
         127.98               0.0028315318                0.0010274721
         128.16               0.0028251206                0.0010337753
         128.34               0.0028187296                0.0010400625
         128.52               0.0028123587                0.0010463334
          128.7               0.0028060081                0.001052588
         128.88               0.0027996778                0.0010588258
         129.06               0.0027933678                0.0010650468
         129.24               0.0027870782                0.0010712505
         129.42               0.002780809                0.001077437
          129.6               0.0027745604                0.0010836058
         129.78               0.0027683323                0.0010897567
         129.96               0.0027621248                0.0010958897
         130.14               0.0027559379                0.0011020044
         130.32               0.0027497718                0.0011081006
          130.5               0.0027436264                0.0011141781
         130.68               0.0027375018                0.0011202368
         130.86               0.0027313981                0.0011262764
         131.04               0.0027253153                0.0011322967
         131.22               0.0027192534                0.0011382975
          131.4               0.0027132124                0.0011442786
         131.58               0.0027071926                0.0011502399
         131.76               0.0027011937                0.0011561812
         131.94               0.002695216                0.0011621023
         132.12               0.0026892595                0.0011680029
          132.3               0.0026833242                0.001173883
         132.48               0.0026774101                0.0011797423
         132.66               0.0026715173                0.0011855807
         132.84               0.0026656458                0.001191398
         133.02               0.0026597957                0.0011971941
          133.2               0.0026539669                0.0012029688
         133.38               0.0026481597                0.0012087219
         133.56               0.0026423739                0.0012144533
         133.74               0.0026366096                0.0012201628
         133.92               0.0026308669                0.0012258503
          134.1               0.0026251457                0.0012315157
         134.28               0.0026194462                0.0012371588
         134.46               0.0026137684                0.0012427795
         134.64               0.0026081122                0.0012483775
         134.82               0.0026024778                0.0012539529
            135               0.0025968651                0.0012595055
         135.18               0.0025912743                0.0012650351
         135.36               0.0025857052                0.0012705416
         135.54               0.002580158                0.0012760249
         135.72               0.0025746327                0.001281485
          135.9               0.0025691294                0.0012869215
         136.08               0.0025636479                0.0012923346
         136.26               0.0025581885                0.001297724
         136.44               0.002552751                0.0013030896
         136.62               0.0025473356                0.0013084314
          136.8               0.0025419423                0.0013137492
         136.98               0.002536571                0.001319043
         137.16               0.0025312219                0.0013243126
         137.34               0.0025258949                0.001329558
         137.52               0.00252059                0.0013347791
          137.7               0.0025153074                0.0013399757
         137.88               0.002510047                0.0013451478
         138.06               0.0025048088                0.0013502953
         138.24               0.0024995929                0.0013554182
         138.42               0.0024943992                0.0013605163
          138.6               0.0024892279                0.0013655897
         138.78               0.0024840789                0.0013706381
         138.96               0.0024789523                0.0013756616
         139.14               0.002473848                0.00138066
         139.32               0.0024687661                0.0013856334
          139.5               0.0024637067                0.0013905816
         139.68               0.0024586696                0.0013955046
         139.86               0.002453655                0.0014004024
         140.04               0.0024486629                0.0014052748
         140.22               0.0024436933                0.0014101219
          140.4               0.0024387462                0.0014149435
         140.58               0.0024338216                0.0014197397
         140.76               0.0024289196                0.0014245103
         140.94               0.0024240401                0.0014292555
         141.12               0.0024191832                0.001433975
          141.3               0.0024143488                0.0014386688
         141.48               0.0024095371                0.0014433371
         141.66               0.002404748                0.0014479796
         141.84               0.0023999815                0.0014525963
         142.02               0.0023952377                0.0014571873
          142.2               0.0023905165                0.0014617526
         142.38               0.002385818                0.001466292
         142.56               0.0023811421                0.0014708055
         142.74               0.002376489                0.0014752932
         142.92               0.0023718586                0.001479755
          143.1               0.0023672508                0.0014841909
         143.28               0.0023626659                0.0014886009
         143.46               0.0023581036                0.0014929849
         143.64               0.0023535641                0.001497343
         143.82               0.0023490474                0.0015016752
            144               0.0023445534                0.0015059814
         144.18               0.0023400822                0.0015102616
         144.36               0.0023356338                0.0015145158
         144.54               0.0023312081                0.0015187441
         144.72               0.0023268053                0.0015229464
          144.9               0.0023224253                0.0015271227
         145.08               0.0023180681                0.0015312731
         145.26               0.0023137337                0.0015353974
         145.44               0.0023094221                0.0015394958
         145.62               0.0023051334                0.0015435683
          145.8               0.0023008675                0.0015476148
         145.98               0.0022966244                0.0015516354
         146.16               0.0022924042                0.00155563
         146.34               0.0022882069                0.0015595988
         146.52               0.0022840324                0.0015635416
          146.7               0.0022798807                0.0015674586
         146.88               0.002275752                0.0015713497
         147.06               0.0022716461                0.0015752149
         147.24               0.002267563                0.0015790544
         147.42               0.0022635029                0.001582868
          147.6               0.0022594656                0.0015866559
         147.78               0.0022554512                0.001590418
         147.96               0.0022514596                0.0015941544
         148.14               0.002247491                0.0015978651
         148.32               0.0022435452                0.0016015501
          148.5               0.0022396223                0.0016052095
         148.68               0.0022357223                0.0016088433
         148.86               0.0022318452                0.0016124515
         149.04               0.002227991                0.0016160342
         149.22               0.0022241596                0.0016195914
          149.4               0.0022203512                0.0016231231
         149.58               0.0022165656                0.0016266294
         149.76               0.0022128029                0.0016301103
         149.94               0.0022090631                0.0016335659
         150.12               0.0022053461                0.0016369962
          150.3               0.0022016521                0.0016404011
         150.48               0.0021979809                0.0016437809
         150.66               0.0021943326                0.0016471355
         150.84               0.0021907071                0.0016504649
         151.02               0.0021871046                0.0016537693
          151.2               0.0021835249                0.0016570486
         151.38               0.002179968                0.0016603029
         151.56               0.0021764341                0.0016635322
         151.74               0.0021729229                0.0016667367
         151.92               0.0021694347                0.0016699163
          152.1               0.0021659693                0.0016730711
         152.28               0.0021625267                0.0016762012
         152.46               0.002159107                0.0016793066
         152.64               0.0021557101                0.0016823873
         152.82               0.002152336                0.0016854435
            153               0.0021489848                0.0016884751
         153.18               0.0021456564                0.0016914823
         153.36               0.0021423508                0.001694465
         153.54               0.002139068                0.0016974234
         153.72               0.0021358081                0.0017003574
          153.9               0.0021325709                0.0017032672
         154.08               0.0021293566                0.0017061528
         154.26               0.002126165                0.0017090143
         154.44               0.0021229962                0.0017118518
         154.62               0.0021198502                0.0017146652
          154.8               0.002116727                0.0017174546
         154.98               0.0021136265                0.0017202202
         155.16               0.0021105488                0.0017229619
         155.34               0.0021074938                0.0017256799
         155.52               0.0021044616                0.0017283742
          155.7               0.0021014522                0.0017310448
         155.88               0.0020984654                0.0017336919
         156.06               0.0020955014                0.0017363154
         156.24               0.0020925601                0.0017389155
         156.42               0.0020896416                0.0017414922
          156.6               0.0020867457                0.0017440456
         156.78               0.0020838725                0.0017465758
         156.96               0.002081022                0.0017490827
         157.14               0.0020781942                0.0017515665
         157.32               0.0020753891                0.0017540273
          157.5               0.0020726066                0.0017564651
         157.68               0.0020698468                0.0017588799
         157.86               0.0020671096                0.0017612719
         158.04               0.0020643951                0.0017636411
         158.22               0.0020617032                0.0017659876
          158.4               0.0020590339                0.0017683114
         158.58               0.0020563873                0.0017706126
         158.76               0.0020537632                0.0017728913
         158.94               0.0020511618                0.0017751476
         159.12               0.0020485829                0.0017773814
          159.3               0.0020460267                0.0017795929
         159.48               0.002043493                0.0017817822
         159.66               0.0020409818                0.0017839493
         159.84               0.0020384933                0.0017860943
         160.02               0.0020360272                0.0017882172
          160.2               0.0020335837                0.0017903181
         160.38               0.0020311628                0.0017923971
         160.56               0.0020287643                0.0017944543
         160.74               0.0020263884                0.0017964896
         160.92               0.002024035                0.0017985033
          161.1               0.002021704                0.0018004953
         161.28               0.0020193956                0.0018024657
         161.46               0.0020171096                0.0018044146
         161.64               0.0020148461                0.0018063421
         161.82               0.002012605                0.0018082482
            162               0.0020103864                0.0018101329
         162.18               0.0020081903                0.0018119965
         162.36               0.0020060165                0.0018138388
         162.54               0.0020038652                0.00181566
         162.72               0.0020017363                0.0018174602
          162.9               0.0019996298                0.0018192393
         163.08               0.0019975457                0.0018209976
         163.26               0.001995484                0.001822735
         163.44               0.0019934447                0.0018244516
         163.62               0.0019914277                0.0018261475
          163.8               0.0019894331                0.0018278227
         163.98               0.0019874608                0.0018294773
         164.16               0.0019855109                0.0018311113
         164.34               0.0019835833                0.0018327249
         164.52               0.001981678                0.0018343181
          164.7               0.001979795                0.001835891
         164.88               0.0019779344                0.0018374435
         165.06               0.001976096                0.0018389758
         165.24               0.00197428                0.001840488
         165.42               0.0019724862                0.00184198
          165.6               0.0019707146                0.001843452
         165.78               0.0019689654                0.001844904
         165.96               0.0019672383                0.0018463361
         166.14               0.0019655336                0.0018477483
         166.32               0.001963851                0.0018491408
          166.5               0.0019621907                0.0018505134
         166.68               0.0019605526                0.0018518664
         166.86               0.0019589368                0.0018531997
         167.04               0.0019573431                0.0018545135
         167.22               0.0019557716                0.0018558077
          167.4               0.0019542223                0.0018570825
         167.58               0.0019526952                0.0018583378
         167.76               0.0019511902                0.0018595738
         167.94               0.0019497074                0.0018607904
         168.12               0.0019482468                0.0018619879
          168.3               0.0019468083                0.0018631661
         168.48               0.001945392                0.0018643251
         168.66               0.0019439977                0.0018654651
         168.84               0.0019426257                0.001866586
         169.02               0.0019412757                0.001867688
          169.2               0.0019399478                0.0018687709
         169.38               0.001938642                0.001869835
         169.56               0.0019373583                0.0018708802
         169.74               0.0019360967                0.0018719066
         169.92               0.0019348572                0.0018729143
          170.1               0.0019336398                0.0018739033
         170.28               0.0019324444                0.0018748735
         170.46               0.0019312711                0.0018758252
         170.64               0.0019301198                0.0018767583
         170.82               0.0019289906                0.0018776728
            171               0.0019278834                0.0018785689
         171.18               0.0019267983                0.0018794465
         171.36               0.0019257351                0.0018803057
         171.54               0.001924694                0.0018811466
         171.72               0.001923675                0.0018819691
          171.9               0.0019226779                0.0018827733
         172.08               0.0019217028                0.0018835593
         172.26               0.0019207497                0.001884327
         172.44               0.0019198186                0.0018850766
         172.62               0.0019189095                0.001885808
          172.8               0.0019180224                0.0018865214
         172.98               0.0019171572                0.0018872166
         173.16               0.0019163141                0.0018878939
         173.34               0.0019154929                0.0018885531
         173.52               0.0019146936                0.0018891944
          173.7               0.0019139163                0.0018898177
         173.88               0.0019131609                0.0018904231
         174.06               0.0019124275                0.0018910106
         174.24               0.0019117161                0.0018915803
         174.42               0.0019110265                0.0018921322
          174.6               0.0019103589                0.0018926662
         174.78               0.0019097133                0.0018931825
         174.96               0.0019090895                0.0018936811
         175.14               0.0019084877                0.0018941619
         175.32               0.0019079078                0.001894625
          175.5               0.0019073498                0.0018950705
         175.68               0.0019068137                0.0018954983
         175.86               0.0019062996                0.0018959085
         176.04               0.0019058073                0.0018963011
         176.22               0.0019053369                0.0018966761
          176.4               0.0019048885                0.0018970335
         176.58               0.0019044619                0.0018973734
         176.76               0.0019040572                0.0018976957
         176.94               0.0019036744                0.0018980006
         177.12               0.0019033135                0.0018982879
          177.3               0.0019029745                0.0018985577
         177.48               0.0019026573                0.0018988101
         177.66               0.001902362                0.001899045
         177.84               0.0019020887                0.0018992625
         178.02               0.0019018372                0.0018994625
          178.2               0.0019016075                0.0018996451
         178.38               0.0019013998                0.0018998102
         178.56               0.0019012139                0.001899958
         178.74               0.0019010499                0.0019000884
         178.92               0.0019009077                0.0019002013
          179.1               0.0019007875                0.0019002969
         179.28               0.001900689                0.0019003751
         179.46               0.0019006125                0.0019004359
         179.64               0.0019005578                0.0019004794
         179.82               0.001900525                0.0019005054
