Dielectric_sphere_eps=2.0_r=0.5


zshift     = 0
wavelength = 1
radiusParam.nPoints  =  160
radiusParam.start    =  0.0004
radiusParam.end      =  0.501
thetaParam.nPoints   =  100
thetaParam.start     =  0
thetaParam.end       =  3.14159
phiParam.nPoints     =  18
phiParam.start       =  0
phiParam.end         =  6.28319
maxL                 =  10
symmetry             =  axial


~~~~~~~~~~~~~~~~~~  T  M a t r i c e s  ~~~~~~~~~~~~~~~~~~~~~~~~~~
n  =   1   1   0
np =   1   1   0
       (-0.888385,0.314892) (-7.21625e-21,-7.32849e-21)
(-6.09344e-21,-7.43728e-21)         (-0.86488,0.341852)


n  =   1   1   0
np =   2   1   0
(-1.48346e-17,-1.69508e-17) (6.27324e-16,3.61703e-16)
(-5.18279e-16,-5.51222e-16) (8.30799e-18,4.40092e-18)


n  =   1   1   0
np =   3   1   0
(6.62265e-16,-7.74933e-17) (-1.19707e-17,-4.0746e-19)
(1.80238e-17,-2.76558e-18) (-4.33752e-16,7.44673e-19)


n  =   1   1   0
np =   4   1   0
(-6.94586e-19,2.31736e-19) (1.98897e-16,-5.77808e-17)
 (-2.2645e-16,8.47086e-17) (-5.23927e-18,1.72753e-18)


n  =   1   1   0
np =   5   1   0
(3.15863e-17,-1.11518e-17) (8.00418e-19,-2.78512e-19)
(-1.04628e-18,4.12046e-19)  (-6.8248e-17,2.65223e-17)


n  =   1   1   0
np =   6   1   0
(6.87577e-20,-2.43653e-20) (1.10818e-17,-3.92282e-18)
(-1.35831e-17,5.36784e-18) (-9.30048e-20,3.67106e-20)


n  =   1   1   0
np =   7   1   0
(1.20384e-18,-4.26702e-19)  (3.09461e-21,-1.0986e-21)
(-4.01664e-21,1.58767e-21) (-5.35145e-18,2.11507e-18)


n  =   1   1   0
np =   8   1   0
(-5.68796e-21,2.01606e-21) (4.45531e-19,-1.57919e-19)
(-5.53351e-19,2.18717e-19) (5.17109e-20,-2.04393e-20)


n  =   1   1   0
np =   9   1   0
(2.93038e-20,-1.03868e-20) (-4.29343e-21,1.52178e-21)
(5.47155e-21,-2.16267e-21)  (-1.9168e-19,7.57631e-20)


n  =   1   1   0
np =   10   1   0
   (-1.11e-22,3.93433e-23) (1.03275e-20,-3.66062e-21)
 (-1.2723e-20,5.02887e-21) (2.98935e-22,-1.18156e-22)


n  =   2   1   0
np =   1   1   0
(-1.48325e-17,-1.69518e-17) (-5.18281e-16,-5.51223e-16)
  (6.27325e-16,3.61703e-16)   (8.30763e-18,4.40195e-18)


n  =   2   1   0
np =   2   1   0
        (-0.86366,0.343149) (-1.11125e-17,-5.86261e-18)
(-1.11124e-17,-5.86252e-18)        (-0.577941,0.493888)


n  =   2   1   0
np =   3   1   0
(3.56294e-18,-5.52892e-19)  (1.2422e-15,-4.34543e-18)
 (1.56966e-16,-8.2314e-17) (-2.96486e-17,1.02369e-17)


n  =   2   1   0
np =   4   1   0
 (4.29643e-16,-1.6159e-16) (1.68858e-18,-5.60128e-19)
(5.52107e-20,-4.54321e-20) (1.67441e-17,-1.27082e-17)


n  =   2   1   0
np =   5   1   0
(-1.01024e-18,3.99924e-19) (1.51803e-16,-5.93044e-17)
(-3.89573e-19,3.32047e-19) (-1.57862e-18,1.33345e-18)


n  =   2   1   0
np =   6   1   0
(2.64528e-17,-1.05083e-17) (2.72027e-19,-1.07955e-19)
(-5.55959e-21,4.75282e-21)   (-2.0432e-18,1.7446e-18)


n  =   2   1   0
np =   7   1   0
(-1.14994e-19,4.56881e-20) (9.11422e-18,-3.62103e-18)
(-2.60365e-19,2.22498e-19) (4.02581e-19,-3.44013e-19)


n  =   2   1   0
np =   8   1   0
(8.85122e-19,-3.51677e-19) (-6.36146e-20,2.52752e-20)
 (2.24159e-21,-1.9156e-21) (-1.87489e-19,1.60221e-19)


n  =   2   1   0
np =   9   1   0
(6.89014e-22,-2.73739e-22) (3.28077e-19,-1.30352e-19)
(-1.21726e-20,1.04023e-20) (-2.14111e-21,1.82967e-21)


n  =   2   1   0
np =   10   1   0
 (2.06015e-20,-8.1854e-21) (-1.07004e-21,4.25155e-22)
(4.25224e-23,-3.63371e-23) (-1.49483e-21,1.27743e-21)


n  =   3   1   0
np =   1   1   0
(6.62265e-16,-7.74929e-17) (1.80237e-17,-2.76568e-18)
(-1.19704e-17,-4.0789e-19) (-4.33752e-16,7.44708e-19)


n  =   3   1   0
np =   2   1   0
  (3.56323e-18,-5.533e-19) (1.56966e-16,-8.23142e-17)
 (1.2422e-15,-4.34526e-18) (-2.96485e-17,1.02363e-17)


n  =   3   1   0
np =   3   1   0
     (-0.0494095,0.216722) (5.41254e-19,-7.93099e-19)
(5.41209e-19,-7.93064e-19)       (-0.133948,0.340597)


n  =   3   1   0
np =   4   1   0
(-4.39796e-19,1.77706e-18) (9.26219e-17,-3.19612e-16)
(5.60394e-17,-1.35118e-16) (-2.54313e-18,5.50727e-18)


n  =   3   1   0
np =   5   1   0
(1.97751e-17,-8.62438e-17) (6.04825e-20,-2.58414e-19)
(3.48792e-20,-8.83743e-20) (1.00282e-17,-2.50744e-17)


n  =   3   1   0
np =   6   1   0
(-1.71488e-19,7.51968e-19) (6.99784e-18,-3.06359e-17)
(3.01779e-18,-7.67204e-18) (4.43795e-19,-1.12709e-18)


n  =   3   1   0
np =   7   1   0
 (9.41639e-19,-4.1302e-18) (-3.69196e-20,1.61921e-19)
  (-1.38237e-20,3.515e-20) (8.89398e-19,-2.26137e-18)


n  =   3   1   0
np =   8   1   0
(1.96964e-21,-8.63923e-21) (3.30338e-19,-1.44893e-18)
(1.00454e-19,-2.55428e-19) (6.81314e-21,-1.73243e-20)


n  =   3   1   0
np =   9   1   0
(2.62718e-20,-1.15234e-19) (-1.08558e-21,4.76156e-21)
(-2.95347e-22,7.51004e-22) (3.44084e-20,-8.74919e-20)


n  =   3   1   0
np =   10   1   0
(8.52655e-23,-3.73998e-22)  (9.5817e-21,-4.20275e-20)
(2.23387e-21,-5.68017e-21) (-8.05719e-22,2.04874e-21)


n  =   4   1   0
np =   1   1   0
(-6.94592e-19,2.31863e-19)  (-2.2645e-16,8.47085e-17)
(1.98897e-16,-5.77808e-17) (-5.23927e-18,1.72752e-18)


n  =   4   1   0
np =   2   1   0
 (4.29643e-16,-1.6159e-16) (5.52053e-20,-4.54403e-20)
(1.68858e-18,-5.60101e-19)  (1.6744e-17,-1.27084e-17)


n  =   4   1   0
np =   3   1   0
(-4.39795e-19,1.77705e-18) (5.60394e-17,-1.35118e-16)
(9.26218e-17,-3.19612e-16) (-2.54312e-18,5.50719e-18)


n  =   4   1   0
np =   4   1   0
   (-0.00034061,0.0184525) (8.53193e-21,-1.11501e-19)
(8.53208e-21,-1.11506e-19)    (-0.00335018,0.0577837)


n  =   4   1   0
np =   5   1   0
(-1.77661e-20,9.01784e-19)  (7.5746e-19,-3.12744e-17)
 (1.2383e-18,-2.09087e-17) (1.09895e-19,-1.72364e-18)


n  =   4   1   0
np =   6   1   0
(1.09903e-19,-5.93336e-18) (-3.50937e-21,1.85967e-19)
(-6.25236e-21,1.07721e-19) (2.98527e-19,-5.11253e-18)


n  =   4   1   0
np =   7   1   0
(-3.63841e-23,1.97091e-21) (3.98805e-20,-2.15798e-18)
(5.75641e-20,-9.92818e-19) (-1.15868e-21,1.99776e-20)


n  =   4   1   0
np =   8   1   0
(4.13278e-21,-2.23891e-19) (-1.14621e-22,6.20931e-21)
(-1.48694e-22,2.56467e-21) (2.03464e-20,-3.50929e-19)


n  =   4   1   0
np =   9   1   0
 (2.0587e-23,-1.11529e-21) (1.45866e-21,-7.90222e-20)
(1.60908e-21,-2.77534e-20) (-1.68209e-22,2.90126e-21)


n  =   4   1   0
np =   10   1   0
(9.95018e-23,-5.39048e-21) (1.10221e-24,-5.97118e-23)
(1.11575e-24,-1.92445e-23) (6.26109e-22,-1.07991e-20)


n  =   5   1   0
np =   1   1   0
(3.15863e-17,-1.11517e-17) (-1.04628e-18,4.12049e-19)
(8.00422e-19,-2.78535e-19)  (-6.8248e-17,2.65223e-17)


n  =   5   1   0
np =   2   1   0
(-1.01024e-18,3.99938e-19) (-3.89575e-19,3.32081e-19)
(1.51802e-16,-5.93043e-17) (-1.57862e-18,1.33338e-18)


n  =   5   1   0
np =   3   1   0
(1.97751e-17,-8.62439e-17)  (3.48789e-20,-8.8366e-20)
(6.04849e-20,-2.58425e-19) (1.00282e-17,-2.50744e-17)


n  =   5   1   0
np =   4   1   0
 (-1.7766e-20,9.01777e-19)  (1.2383e-18,-2.09087e-17)
 (7.5746e-19,-3.12744e-17) (1.09896e-19,-1.72365e-18)


n  =   5   1   0
np =   5   1   0
 (-1.54219e-06,0.00124185) (-1.17513e-21,1.67868e-19)
(-1.17513e-21,1.67868e-19)  (-3.31585e-05,0.00575824)


n  =   5   1   0
np =   6   1   0
(-2.00606e-24,1.53624e-21) (4.03398e-21,-2.43921e-18)
(1.06629e-20,-1.83131e-18) (-8.90096e-23,1.44267e-20)


n  =   5   1   0
np =   7   1   0
 (4.1529e-22,-3.33725e-19) (-1.03626e-23,8.20093e-21)
 (-3.1464e-23,5.46154e-21) (3.15051e-21,-5.45055e-19)


n  =   5   1   0
np =   8   1   0
(1.56967e-24,-1.26389e-21)  (1.50929e-22,-1.2145e-19)
 (3.8632e-22,-6.70868e-20) (-4.76111e-23,8.26683e-21)


n  =   5   1   0
np =   9   1   0
(1.29682e-23,-1.04427e-20) (1.11938e-25,-9.01367e-23)
(2.61471e-25,-4.54046e-23)  (1.51194e-22,-2.6256e-20)


n  =   5   1   0
np =   10   1   0
(-1.03197e-26,8.30997e-24) (4.49049e-24,-3.61597e-21)
(9.14225e-24,-1.58763e-21) (1.57923e-25,-2.74255e-23)


n  =   6   1   0
np =   1   1   0
(6.87576e-20,-2.43664e-20) (-1.35831e-17,5.36784e-18)
(1.10818e-17,-3.92283e-18) (-9.30061e-20,3.67172e-20)


n  =   6   1   0
np =   2   1   0
(2.64528e-17,-1.05083e-17) (-5.55922e-21,4.7501e-21)
(2.72027e-19,-1.07952e-19) (-2.0432e-18,1.74459e-18)


n  =   6   1   0
np =   3   1   0
(-1.71488e-19,7.51962e-19) (3.01779e-18,-7.67204e-18)
(6.99784e-18,-3.06359e-17) (4.43794e-19,-1.12709e-18)


n  =   6   1   0
np =   4   1   0
(1.09903e-19,-5.93336e-18)  (-6.25232e-21,1.0772e-19)
(-3.50938e-21,1.85968e-19) (2.98527e-19,-5.11253e-18)


n  =   6   1   0
np =   5   1   0
(-2.00605e-24,1.53602e-21) (1.06629e-20,-1.83131e-18)
(4.03398e-21,-2.43921e-18) (-8.90007e-23,1.44237e-20)


n  =   6   1   0
np =   6   1   0
 (-4.1152e-09,6.41498e-05)  (-3.8072e-24,7.99656e-21)
(-3.80721e-24,7.99661e-21) (-1.69707e-07,0.000411955)


n  =   6   1   0
np =   7   1   0
 (1.15355e-25,-1.7293e-21)  (1.2018e-23,-1.39925e-19)
(4.62446e-23,-1.11564e-19) (-4.38309e-24,1.01065e-20)


n  =   6   1   0
np =   8   1   0
 (9.82911e-25,-1.5303e-20) (4.51984e-27,-6.95116e-23)
 (2.0613e-26,-5.00292e-23) (1.58538e-23,-3.84027e-20)


n  =   6   1   0
np =   9   1   0
 (-2.0658e-27,3.22016e-23) (3.48616e-25,-5.43206e-21)
 (1.37602e-24,-3.3402e-21) (-5.11034e-26,1.24043e-22)


n  =   6   1   0
np =   10   1   0
(2.50264e-26,-3.90124e-22) (1.67767e-29,-2.61523e-25)
(6.10177e-29,-1.48102e-25) (5.43119e-25,-1.31839e-21)


n  =   7   1   0
np =   1   1   0
(1.20384e-18,-4.26704e-19)  (-4.01663e-21,1.5876e-21)
(3.09408e-21,-1.09663e-21) (-5.35145e-18,2.11507e-18)


n  =   7   1   0
np =   2   1   0
(-1.14994e-19,4.56889e-20) (-2.60365e-19,2.22498e-19)
(9.11422e-18,-3.62103e-18) (4.02581e-19,-3.44016e-19)


n  =   7   1   0
np =   3   1   0
 (9.41639e-19,-4.1302e-18) (-1.38237e-20,3.51501e-20)
(-3.69198e-20,1.61923e-19) (8.89398e-19,-2.26137e-18)


n  =   7   1   0
np =   4   1   0
(-3.63834e-23,1.97079e-21) (5.75641e-20,-9.92818e-19)
(3.98805e-20,-2.15798e-18) (-1.15871e-21,1.99779e-20)


n  =   7   1   0
np =   5   1   0
 (4.1529e-22,-3.33725e-19) (-3.14642e-23,5.46159e-21)
(-1.03626e-23,8.20092e-21) (3.15051e-21,-5.45055e-19)


n  =   7   1   0
np =   6   1   0
(1.15356e-25,-1.72931e-21) (4.62446e-23,-1.11564e-19)
 (1.2018e-23,-1.39925e-19) (-4.38308e-24,1.01064e-20)


n  =   7   1   0
np =   7   1   0
(-6.53413e-12,2.55619e-06) (1.24296e-27,-5.11607e-23)
(1.24296e-27,-5.11614e-23)  (-4.72585e-10,2.1739e-05)


n  =   7   1   0
np =   8   1   0
(-9.79599e-29,3.71545e-23) (2.12664e-26,-6.20006e-21)
(1.12336e-25,-5.14846e-21) (-2.98422e-27,1.31966e-22)


n  =   7   1   0
np =   9   1   0
(1.41058e-27,-5.51388e-22) (-2.23672e-30,8.65564e-25)
(-1.42814e-29,6.56905e-25)  (3.9963e-26,-1.83598e-21)


n  =   7   1   0
np =   10   1   0
(-4.73181e-30,1.85108e-24) (4.95463e-28,-1.93775e-22)
(2.79077e-27,-1.28376e-22) (9.73861e-30,-4.48005e-25)


n  =   8   1   0
np =   1   1   0
(-5.68797e-21,2.01612e-21) (-5.53351e-19,2.18717e-19)
 (4.45531e-19,-1.5792e-19) (5.17109e-20,-2.04391e-20)


n  =   8   1   0
np =   2   1   0
(8.85122e-19,-3.51677e-19)  (2.2416e-21,-1.91559e-21)
(-6.36147e-20,2.52753e-20) (-1.87489e-19,1.60221e-19)


n  =   8   1   0
np =   3   1   0
(1.96963e-21,-8.63924e-21) (1.00454e-19,-2.55428e-19)
(3.30338e-19,-1.44893e-18)  (6.81313e-21,-1.7324e-20)


n  =   8   1   0
np =   4   1   0
(4.13278e-21,-2.23891e-19) (-1.48695e-22,2.56467e-21)
 (-1.1462e-22,6.20923e-21) (2.03464e-20,-3.50929e-19)


n  =   8   1   0
np =   5   1   0
(1.56966e-24,-1.26389e-21) (3.8632e-22,-6.70867e-20)
(1.50929e-22,-1.2145e-19) (-4.7611e-23,8.26679e-21)


n  =   8   1   0
np =   6   1   0
(9.82911e-25,-1.53029e-20) (2.06125e-26,-5.00261e-23)
(4.51971e-27,-6.95088e-23) (1.58538e-23,-3.84027e-20)


n  =   8   1   0
np =   7   1   0
(-9.79607e-29,3.71545e-23) (1.12336e-25,-5.14846e-21)
(2.12664e-26,-6.20006e-21)  (-2.98421e-27,1.3197e-22)


n  =   8   1   0
np =   8   1   0
(-6.46103e-15,8.03806e-08)  (-1.27741e-30,1.3387e-24)
(-1.27741e-30,1.33865e-24) (-7.63595e-13,8.73839e-07)


n  =   8   1   0
np =   9   1   0
 (-1.8205e-31,2.20876e-24) (2.37237e-29,-2.19738e-22)
(1.64592e-28,-1.87917e-22) (1.37969e-30,-1.53053e-24)


n  =   8   1   0
np =   10   1   0
(1.25839e-30,-1.56471e-23) (-1.91648e-32,2.36361e-25)
 (-1.6274e-31,1.86226e-25) (6.10309e-29,-6.97862e-23)


n  =   9   1   0
np =   1   1   0
(2.93038e-20,-1.03868e-20) (5.47155e-21,-2.16268e-21)
(-4.29343e-21,1.52182e-21)  (-1.9168e-19,7.57631e-20)


n  =   9   1   0
np =   2   1   0
 (6.8902e-22,-2.73761e-22) (-1.21726e-20,1.04023e-20)
(3.28077e-19,-1.30352e-19)  (-2.1411e-21,1.82971e-21)


n  =   9   1   0
np =   3   1   0
(2.62718e-20,-1.15234e-19)  (-2.95346e-22,7.5099e-22)
(-1.08558e-21,4.76162e-21) (3.44084e-20,-8.74919e-20)


n  =   9   1   0
np =   4   1   0
  (2.0587e-23,-1.1153e-21) (1.60908e-21,-2.77534e-20)
(1.45866e-21,-7.90222e-20) (-1.68209e-22,2.90126e-21)


n  =   9   1   0
np =   5   1   0
(1.29682e-23,-1.04427e-20) (2.61475e-25,-4.54073e-23)
(1.11934e-25,-9.01326e-23)  (1.51194e-22,-2.6256e-20)


n  =   9   1   0
np =   6   1   0
(-2.06579e-27,3.22015e-23) (1.37602e-24,-3.34019e-21)
(3.48616e-25,-5.43206e-21) (-5.11036e-26,1.24043e-22)


n  =   9   1   0
np =   7   1   0
(1.41058e-27,-5.51388e-22) (-1.42805e-29,6.56844e-25)
(-2.23705e-30,8.65809e-25)  (3.9963e-26,-1.83598e-21)


n  =   9   1   0
np =   8   1   0
(-1.82051e-31,2.20879e-24) (1.64592e-28,-1.87917e-22)
(2.37237e-29,-2.19738e-22)  (1.3797e-30,-1.53058e-24)


n  =   9   1   0
np =   9   1   0
(-4.16489e-18,2.04081e-09) (-7.23689e-33,2.44292e-25)
(-7.23685e-33,2.44289e-25)  (-7.6083e-16,2.75831e-08)


n  =   9   1   0
np =   10   1   0
(-4.17435e-35,2.00355e-26) (1.68656e-32,-6.15039e-24)
  (1.48433e-31,-5.373e-24) (-1.46612e-33,5.18323e-26)


n  =   10   1   0
np =   1   1   0
   (-1.11e-22,3.93443e-23)  (-1.2723e-20,5.02887e-21)
(1.03275e-20,-3.66062e-21) (2.98937e-22,-1.18157e-22)


n  =   10   1   0
np =   2   1   0
 (2.06015e-20,-8.1854e-21) (4.25226e-23,-3.63383e-23)
(-1.07004e-21,4.25148e-22) (-1.49483e-21,1.27743e-21)


n  =   10   1   0
np =   3   1   0
(8.52654e-23,-3.73994e-22) (2.23387e-21,-5.68017e-21)
 (9.5817e-21,-4.20275e-20)  (-8.0572e-22,2.04874e-21)


n  =   10   1   0
np =   4   1   0
(9.95017e-23,-5.39048e-21) (1.11574e-24,-1.92443e-23)
(1.10222e-24,-5.97124e-23) (6.26109e-22,-1.07991e-20)


n  =   10   1   0
np =   5   1   0
(-1.03197e-26,8.30994e-24) (9.14225e-24,-1.58763e-21)
(4.49049e-24,-3.61597e-21)  (1.5792e-25,-2.74241e-23)


n  =   10   1   0
np =   6   1   0
(2.50264e-26,-3.90124e-22)  (6.10187e-29,-1.4812e-25)
(1.67757e-29,-2.61505e-25) (5.43119e-25,-1.31839e-21)


n  =   10   1   0
np =   7   1   0
(-4.73182e-30,1.85109e-24) (2.79077e-27,-1.28376e-22)
(4.95463e-28,-1.93775e-22) (9.73634e-30,-4.47859e-25)


n  =   10   1   0
np =   8   1   0
(1.25839e-30,-1.56471e-23) (-1.62741e-31,1.86227e-25)
(-1.91649e-32,2.36365e-25) (6.10309e-29,-6.97862e-23)


n  =   10   1   0
np =   9   1   0
(-4.17439e-35,2.00357e-26)  (1.48433e-31,-5.373e-24)
(1.68656e-32,-6.1504e-24) (-1.4662e-33,5.18377e-26)


n  =   10   1   0
np =   10   1   0
(-1.82123e-21,4.26759e-11) (-5.60096e-36,7.52749e-27)
(-5.60095e-36,7.52752e-27) (-4.91954e-19,7.01395e-10)


~~~~~~~~~~~~~~~~~~~~~~~~~~~~~~~~~~~~~~~~~~~~~~~~~~~~~~~~~~~~~~~~~


a & b coefficients --------------------------------
n           ax             ay
110   (-0.888385,0.314892)    (-0,-0)
210   (-0.86366,0.343149)    (-0,-0)
310   (-0.0494095,0.216722)    (-0,-0)
410   (-0.00034061,0.0184525)    (-0,-0)
510   (-1.54219e-06,0.00124185)    (-0,-0)
610   (-4.1152e-09,6.41498e-05)    (-0,-0)
710   (-6.53413e-12,2.55619e-06)    (-0,-0)
810   (-6.46181e-15,8.03806e-08)    (-0,-0)
910   (-4.17854e-18,2.04081e-09)    (-0,-0)
1010   (1.4488e-20,4.26759e-11)    (-0,-0)
n           bx             by
110    (-0.86488,0.341852)    (0,0)
210    (-0.577941,0.493888)    (0,0)
310    (-0.133948,0.340597)    (0,0)
410    (-0.00335018,0.0577837)    (0,0)
510    (-3.31585e-05,0.00575824)    (0,0)
610    (-1.69707e-07,0.000411955)    (0,0)
710    (-4.72585e-10,2.1739e-05)    (0,0)
810    (-7.63595e-13,8.73839e-07)    (0,0)
910    (-7.61091e-16,2.75831e-08)    (0,0)
1010    (-4.96212e-19,7.01395e-10)    (0,0)
---------------------------------------------------



Scattering Intensity Functions -----------------------
Theta            I1             I2
              0               76.808315                76.808315
           0.18               76.806425                76.806124
           0.36               76.800756                76.799554
           0.54               76.79131                76.788604
           0.72               76.778086                76.773276
            0.9               76.761087                76.753574
           1.08               76.740315                76.729501
           1.26               76.715773                76.70106
           1.44               76.687464                76.668256
           1.62               76.655391                76.631095
            1.8               76.619559                76.589583
           1.98               76.579973                76.543726
           2.16               76.536638                76.493534
           2.34               76.489559                76.439013
           2.52               76.438742                76.380174
            2.7               76.384195                76.317025
           2.88               76.325924                76.249578
           3.06               76.263937                76.177843
           3.24               76.198242                76.101833
           3.42               76.128848                76.021561
            3.6               76.055763                75.937039
           3.78               75.978998                75.848282
           3.96               75.898562                75.755304
           4.14               75.814466                75.658122
           4.32               75.72672                75.55675
            4.5               75.635337                75.451207
           4.68               75.540328                75.341509
           4.86               75.441705                75.227675
           5.04               75.339481                75.109723
           5.22               75.23367                74.987673
            5.4               75.124286                74.861545
           5.58               75.011341                74.731361
           5.76               74.894852                74.59714
           5.94               74.774833                74.458907
           6.12               74.6513                74.316683
            6.3               74.524268                74.170491
           6.48               74.393755                74.020356
           6.66               74.259777                73.866303
           6.84               74.122351                73.708356
           7.02               73.981495                73.546542
            7.2               73.837228                73.380886
           7.38               73.689567                73.211417
           7.56               73.538532                73.038161
           7.74               73.384142                72.861147
           7.92               73.226418                72.680404
            8.1               73.065378                72.49596
           8.28               72.901045                72.307846
           8.46               72.733438                72.116093
           8.64               72.56258                71.920731
           8.82               72.388492                71.721791
              9               72.211196                71.519306
           9.18               72.030715                71.313309
           9.36               71.847072                71.103832
           9.54               71.66029                70.890909
           9.72               71.470393                70.674574
            9.9               71.277406                70.454862
          10.08               71.081352                70.231807
          10.26               70.882256                70.005445
          10.44               70.680143                69.775813
          10.62               70.475039                69.542945
           10.8               70.26697                69.30688
          10.98               70.055962                69.067655
          11.16               69.842041                68.825306
          11.34               69.625235                68.579873
          11.52               69.405569                68.331393
           11.7               69.183073                68.079906
          11.88               68.957772                67.82545
          12.06               68.729697                67.568066
          12.24               68.498874                67.307794
          12.42               68.265333                67.044673
           12.6               68.029103                66.778744
          12.78               67.790212                66.510049
          12.96               67.548691                66.238628
          13.14               67.304569                65.964524
          13.32               67.057876                65.687779
           13.5               66.808642                65.408433
          13.68               66.556898                65.126531
          13.86               66.302675                64.842114
          14.04               66.046004                64.555227
          14.22               65.786916                64.265911
           14.4               65.525443                63.974211
          14.58               65.261616                63.680171
          14.76               64.995467                63.383834
          14.94               64.727029                63.085244
          15.12               64.456334                62.784447
           15.3               64.183415                62.481485
          15.48               63.908304                62.176406
          15.66               63.631034                61.869252
          15.84               63.351639                61.56007
          16.02               63.070151                61.248904
           16.2               62.786605                60.9358
          16.38               62.501034                60.620803
          16.56               62.213472                60.303959
          16.74               61.923952                59.985313
          16.92               61.63251                59.664912
           17.1               61.339179                59.342801
          17.28               61.043994                59.019026
          17.46               60.746988                58.693633
          17.64               60.448198                58.366668
          17.82               60.147658                58.038178
             18               59.845402                57.708207
          18.18               59.541465                57.376803
          18.36               59.235884                57.044012
          18.54               58.928692                56.70988
          18.72               58.619925                56.374452
           18.9               58.309619                56.037775
          19.08               57.997809                55.699895
          19.26               57.68453                55.360858
          19.44               57.369819                55.02071
          19.62               57.05371                54.679498
           19.8               56.736239                54.337265
          19.98               56.417442                53.99406
          20.16               56.097355                53.649926
          20.34               55.776013                53.304911
          20.52               55.453452                52.959058
           20.7               55.129709                52.612415
          20.88               54.804819                52.265025
          21.06               54.478817                51.916933
          21.24               54.15174                51.568186
          21.42               53.823623                51.218827
           21.6               53.494503                50.868902
          21.78               53.164414                50.518454
          21.96               52.833393                50.167528
          22.14               52.501476                49.816168
          22.32               52.168698                49.464417
           22.5               51.835095                49.11232
          22.68               51.500703                48.75992
          22.86               51.165556                48.40726
          23.04               50.829691                48.054383
          23.22               50.493143                47.701331
           23.4               50.155948                47.348148
          23.58               49.81814                46.994875
          23.76               49.479755                46.641555
          23.94               49.140828                46.288229
          24.12               48.801395                45.934938
           24.3               48.461489                45.581723
          24.48               48.121146                45.228626
          24.66               47.780401                44.875687
          24.84               47.439288                44.522945
          25.02               47.097842                44.170442
           25.2               46.756096                43.818216
          25.38               46.414087                43.466306
          25.56               46.071846                43.114752
          25.74               45.729409                42.763593
          25.92               45.386809                42.412865
           26.1               45.04408                42.062607
          26.28               44.701256                41.712857
          26.46               44.358369                41.363652
          26.64               44.015454                41.015027
          26.82               43.672542                40.667021
             27               43.329668                40.319668
          27.18               42.986863                39.973004
          27.36               42.64416                39.627064
          27.54               42.301591                39.281884
          27.72               41.959189                38.937497
           27.9               41.616985                38.593937
          28.08               41.275012                38.251238
          28.26               40.9333                37.909433
          28.44               40.591881                37.568555
          28.62               40.250786                37.228635
           28.8               39.910046                36.889707
          28.98               39.569692                36.5518
          29.16               39.229754                36.214946
          29.34               38.890262                35.879176
          29.52               38.551247                35.54452
           29.7               38.212737                35.211006
          29.88               37.874763                34.878665
          30.06               37.537353                34.547525
          30.24               37.200538                34.217614
          30.42               36.864344                33.88896
           30.6               36.528802                33.561591
          30.78               36.193939                33.235532
          30.96               35.859783                32.910811
          31.14               35.526362                32.587453
          31.32               35.193704                32.265484
           31.5               34.861835                31.944928
          31.68               34.530782                31.625811
          31.86               34.200573                31.308156
          32.04               33.871233                30.991986
          32.22               33.542789                30.677325
           32.4               33.215266                30.364195
          32.58               32.888689                30.052618
          32.76               32.563085                29.742616
          32.94               32.238478                29.434209
          33.12               31.914892                29.127419
           33.3               31.592352                28.822265
          33.48               31.270883                28.518768
          33.66               30.950506                28.216945
          33.84               30.631247                27.916817
          34.02               30.313128                27.6184
           34.2               29.996172                27.321713
          34.38               29.680402                27.026773
          34.56               29.365839                26.733596
          34.74               29.052506                26.442199
          34.92               28.740424                26.152597
           35.1               28.429615                25.864806
          35.28               28.120099                25.57884
          35.46               27.811897                25.294714
          35.64               27.505029                25.012441
          35.82               27.199515                24.732034
             36               26.895375                24.453508
          36.18               26.592628                24.176873
          36.36               26.291294                23.902142
          36.54               25.99139                23.629326
          36.72               25.692936                23.358436
           36.9               25.395949                23.089483
          37.08               25.100446                22.822476
          37.26               24.806446                22.557426
          37.44               24.513966                22.29434
          37.62               24.223021                22.033229
           37.8               23.933629                21.774099
          37.98               23.645805                21.516958
          38.16               23.359565                21.261815
          38.34               23.074924                21.008675
          38.52               22.791899                20.757546
           38.7               22.510502                20.508432
          38.88               22.230749                20.26134
          39.06               21.952654                20.016274
          39.24               21.67623                19.773239
          39.42               21.401491                19.53224
           39.6               21.128449                19.293279
          39.78               20.857118                19.056361
          39.96               20.58751                18.821488
          40.14               20.319637                18.588663
          40.32               20.05351                18.357887
           40.5               19.789142                18.129164
          40.68               19.526542                17.902493
          40.86               19.265723                17.677876
          41.04               19.006693                17.455313
          41.22               18.749464                17.234804
           41.4               18.494045                17.01635
          41.58               18.240445                16.799948
          41.76               17.988674                16.5856
          41.94               17.738739                16.373302
          42.12               17.490651                16.163053
           42.3               17.244417                15.954852
          42.48               17.000044                15.748695
          42.66               16.75754                15.54458
          42.84               16.516913                15.342503
          43.02               16.278168                15.142461
           43.2               16.041314                14.944451
          43.38               15.806355                14.748467
          43.56               15.573297                14.554506
          43.74               15.342148                14.362562
          43.92               15.11291                14.172631
           44.1               14.885591                13.984707
          44.28               14.660193                13.798783
          44.46               14.436722                13.614855
          44.64               14.215182                13.432915
          44.82               13.995576                13.252958
             45               13.777908                13.074975
          45.18               13.562181                12.89896
          45.36               13.348398                12.724905
          45.54               13.136561                12.552802
          45.72               12.926673                12.382644
           45.9               12.718735                12.214422
          46.08               12.51275                12.048127
          46.26               12.308719                11.883751
          46.44               12.106642                11.721284
          46.62               11.906521                11.560717
           46.8               11.708357                11.402041
          46.98               11.512149                11.245246
          47.16               11.317897                11.090321
          47.34               11.125602                10.937257
          47.52               10.935263                10.786043
           47.7               10.746878                10.636669
          47.88               10.560448                10.489124
          48.06               10.37597                10.343396
          48.24               10.193443                10.199475
          48.42               10.012865                10.057349
           48.6               9.8342344                9.9170057
          48.78               9.6575485                9.7784346
          48.96               9.4828047                9.6416233
          49.14               9.3100003                9.5065596
          49.32               9.139132                9.3732313
           49.5               8.9701966                9.241626
          49.68               8.8031906                9.1117313
          49.86               8.6381101                8.9835342
          50.04               8.4749511                8.8570221
          50.22               8.3137093                8.732182
           50.4               8.1543803                8.6090008
          50.58               7.9969593                8.4874652
          50.76               7.8414414                8.367562
          50.94               7.6878215                8.2492777
          51.12               7.5360941                8.1325987
           51.3               7.3862538                8.0175115
          51.48               7.2382946                7.9040022
          51.66               7.0922107                7.792057
          51.84               6.9479958                7.6816621
          52.02               6.8056435                7.5728034
           52.2               6.6651473                7.4654667
          52.38               6.5265002                7.3596381
          52.56               6.3896954                7.2553033
          52.74               6.2547257                7.1524479
          52.92               6.1215837                7.0510576
           53.1               5.9902619                6.9511181
          53.28               5.8607525                6.852615
          53.46               5.7330477                6.7555336
          53.64               5.6071394                6.6598595
          53.82               5.4830193                6.5655782
             54               5.3606791                6.4726751
          54.18               5.2401101                6.3811355
          54.36               5.1213037                6.2909448
          54.54               5.0042509                6.2020883
          54.72               4.8889428                6.1145514
           54.9               4.77537                6.0283195
          55.08               4.6635234                5.9433777
          55.26               4.5533933                5.8597115
          55.44               4.4449701                5.7773061
          55.62               4.3382441                5.6961469
           55.8               4.2332054                5.6162193
          55.98               4.1298439                5.5375084
          56.16               4.0281494                5.4599998
          56.34               3.9281117                5.3836789
          56.52               3.8297204                5.3085309
           56.7               3.7329648                5.2345414
          56.88               3.6378343                5.1616959
          57.06               3.5443182                5.0899798
          57.24               3.4524055                5.0193787
          57.42               3.3620853                4.9498782
           57.6               3.2733464                4.881464
          57.78               3.1861777                4.8141217
          57.96               3.1005678                4.747837
          58.14               3.0165054                4.6825958
          58.32               2.9339789                4.6183838
           58.5               2.8529768                4.5551871
          58.68               2.7734873                4.4929916
          58.86               2.6954987                4.4317833
          59.04               2.6189993                4.3715483
          59.22               2.5439769                4.3122729
           59.4               2.4704197                4.2539433
          59.58               2.3983156                4.1965457
          59.76               2.3276524                4.1400668
          59.94               2.258418                4.0844928
          60.12               2.1906                4.0298105
           60.3               2.1241861                3.9760064
          60.48               2.0591638                3.9230674
          60.66               1.9955209                3.8709803
          60.84               1.9332447                3.819732
          61.02               1.8723227                3.7693096
           61.2               1.8127422                3.7197002
          61.38               1.7544907                3.6708911
          61.56               1.6975553                3.6228695
          61.74               1.6419235                3.575623
          61.92               1.5875824                3.529139
           62.1               1.5345191                3.4834053
          62.28               1.4827209                3.4384095
          62.46               1.4321749                3.3941396
          62.64               1.3828682                3.3505835
          62.82               1.3347878                3.3077294
             63               1.2879208                3.2655653
          63.18               1.2422542                3.2240798
          63.36               1.197775                3.1832611
          63.54               1.1544703                3.1430978
          63.72               1.112327                3.1035787
           63.9               1.0713321                3.0646925
          64.08               1.0314725                3.0264281
          64.26               0.99273525                2.9887746
          64.44               0.95510726                2.9517211
          64.62               0.91857549                2.9152569
           64.8               0.88312688                2.8793715
          64.98               0.84874841                2.8440543
          65.16               0.81542704                2.809295
          65.34               0.78314972                2.7750834
          65.52               0.75190345                2.7414095
           65.7               0.72167521                2.7082632
          65.88               0.692452                2.6756347
          66.06               0.66422086                2.6435144
          66.24               0.63696881                2.6118926
          66.42               0.61068292                2.5807599
           66.6               0.58535027                2.5501071
          66.78               0.56095795                2.5199248
          66.96               0.5374931                2.4902041
          67.14               0.51494288                2.460936
          67.32               0.49329447                2.4321118
           67.5               0.47253508                2.4037227
          67.68               0.45265197                2.3757602
          67.86               0.43363243                2.348216
          68.04               0.41546377                2.3210818
          68.22               0.39813335                2.2943494
           68.4               0.38162857                2.2680107
          68.58               0.36593688                2.242058
          68.76               0.35104576                2.2164834
          68.94               0.33694273                2.1912794
          69.12               0.32361537                2.1664383
           69.3               0.31105131                2.141953
          69.48               0.29923822                2.117816
          69.66               0.28816381                2.0940203
          69.84               0.27781588                2.0705589
          70.02               0.26818224                2.047425
           70.2               0.25925077                2.0246118
          70.38               0.25100943                2.0021126
          70.56               0.24344621                1.979921
          70.74               0.23654917                1.9580307
          70.92               0.23030643                1.9364353
           71.1               0.22470616                1.9151288
          71.28               0.21973661                1.8941052
          71.46               0.2153861                1.8733585
          71.64               0.21164298                1.8528831
          71.82               0.20849571                1.8326732
             72               0.20593279                1.8127234
          72.18               0.20394279                1.7930282
          72.36               0.20251436                1.7735823
          72.54               0.20163621                1.7543807
          72.72               0.20129715                1.7354181
           72.9               0.20148602                1.7166897
          73.08               0.20219176                1.6981907
          73.26               0.20340338                1.6799162
          73.44               0.20510997                1.6618618
          73.62               0.20730069                1.6440228
           73.8               0.20996478                1.6263948
          73.98               0.21309155                1.6089737
          74.16               0.21667041                1.5917551
          74.34               0.22069083                1.5747351
          74.52               0.22514236                1.5579096
           74.7               0.23001465                1.5412747
          74.88               0.23529741                1.5248267
          75.06               0.24098045                1.5085618
          75.24               0.24705365                1.4924766
          75.42               0.25350698                1.4765675
           75.6               0.2603305                1.4608312
          75.78               0.26751435                1.4452642
          75.96               0.27504875                1.4298635
          76.14               0.28292402                1.4146259
          76.32               0.29113054                1.3995484
           76.5               0.29965881                1.3846281
          76.68               0.3084994                1.369862
          76.86               0.31764298                1.3552476
          77.04               0.32708028                1.340782
          77.22               0.33680214                1.3264627
           77.4               0.34679951                1.3122872
          77.58               0.35706338                1.298253
          77.76               0.36758488                1.2843579
          77.94               0.37835519                1.2705995
          78.12               0.3893656                1.2569756
           78.3               0.4006075                1.2434841
          78.48               0.41207235                1.2301231
          78.66               0.42375171                1.2168904
          78.84               0.43563723                1.2037842
          79.02               0.44772066                1.1908027
           79.2               0.45999383                1.1779441
          79.38               0.47244867                1.1652067
          79.56               0.48507721                1.1525889
          79.74               0.49787154                1.1400891
          79.92               0.51082388                1.1277058
           80.1               0.52392652                1.1154376
          80.28               0.53717184                1.103283
          80.46               0.55055234                1.0912408
          80.64               0.56406058                1.0793096
          80.82               0.57768923                1.0674883
             81               0.59143105                1.0557758
          81.18               0.60527888                1.0441708
          81.36               0.61922567                1.0326724
          81.54               0.63326446                1.0212795
          81.72               0.64738836                1.0099913
           81.9               0.66159061                0.99880669
          82.08               0.67586451                0.98772495
          82.26               0.69020346                0.97674522
          82.44               0.70460096                0.96586673
          82.62               0.7190506                0.95508877
           82.8               0.73354604                0.94441063
          82.98               0.74808107                0.93383168
          83.16               0.76264953                0.92335131
          83.34               0.77724539                0.91296894
          83.52               0.79186267                0.90268405
           83.7               0.80649551                0.89249613
          83.88               0.82113814                0.88240473
          84.06               0.83578485                0.8724094
          84.24               0.85043006                0.86250974
          84.42               0.86506824                0.85270539
           84.6               0.87969399                0.84299601
          84.78               0.89430196                0.83338128
          84.96               0.9088869                0.82386091
          85.14               0.92344367                0.81443464
          85.32               0.93796719                0.80510224
           85.5               0.95245249                0.7958635
          85.68               0.96689465                0.78671822
          85.86               0.98128888                0.77766624
          86.04               0.99563044                0.7687074
          86.22               1.0099147                0.75984158
           86.4               1.0241371                0.75106867
          86.58               1.0382932                0.74238857
          86.76               1.0523786                0.7338012
          86.94               1.066389                0.72530651
          87.12               1.0803202                0.71690444
           87.3               1.0941681                0.70859497
          87.48               1.1079285                0.70037806
          87.66               1.1215976                0.69225371
          87.84               1.1351714                0.68422192
          88.02               1.1486461                0.67628269
           88.2               1.1620181                0.66843605
          88.38               1.1752837                0.66068203
          88.56               1.1884392                0.65302066
          88.74               1.2014813                0.64545197
          88.92               1.2144065                0.63797602
           89.1               1.2272115                0.63059285
          89.28               1.239893                0.62330253
          89.46               1.2524479                0.6161051
          89.64               1.2648731                0.60900064
          89.82               1.2771655                0.6019892
             90               1.2893223                0.59507084
          90.18               1.3013404                0.58824564
          90.36               1.3132172                0.58151366
          90.54               1.32495                0.57487496
          90.72               1.336536                0.5683296
           90.9               1.3479727                0.56187765
          91.08               1.3592576                0.55551916
          91.26               1.3703882                0.54925418
          91.44               1.3813623                0.54308277
          91.62               1.3921775                0.53700498
           91.8               1.4028315                0.53102083
          91.98               1.4133223                0.52513038
          92.16               1.4236478                0.51933365
          92.34               1.4338059                0.51363067
          92.52               1.4437948                0.50802145
           92.7               1.4536124                0.502506
          92.88               1.4632571                0.49708433
          93.06               1.472727                0.49175643
          93.24               1.4820205                0.48652228
          93.42               1.491136                0.48138186
           93.6               1.5000719                0.47633514
          93.78               1.5088267                0.47138208
          93.96               1.5173991                0.46652263
          94.14               1.5257875                0.46175671
          94.32               1.5339908                0.45708427
           94.5               1.5420077                0.45250522
          94.68               1.549837                0.44801945
          94.86               1.5574776                0.44362687
          95.04               1.5649285                0.43932736
          95.22               1.5721885                0.43512078
           95.4               1.5792569                0.431007
          95.58               1.5861326                0.42698586
          95.76               1.5928149                0.4230572
          95.94               1.599303                0.41922082
          96.12               1.6055961                0.41547655
           96.3               1.6116937                0.41182418
          96.48               1.6175951                0.40826349
          96.66               1.6232997                0.40479424
          96.84               1.628807                0.40141619
          97.02               1.6341166                0.39812908
           97.2               1.6392281                0.39493265
          97.38               1.6441412                0.39182659
          97.56               1.6488555                0.38881062
          97.74               1.6533708                0.38588442
          97.92               1.6576869                0.38304767
           98.1               1.6618036                0.38030001
          98.28               1.6657209                0.3776411
          98.46               1.6694387                0.37507057
          98.64               1.6729571                0.37258803
          98.82               1.6762759                0.37019309
             99               1.6793954                0.36788534
          99.18               1.6823157                0.36566435
          99.36               1.6850369                0.36352968
          99.54               1.6875593                0.36148089
          99.72               1.6898831                0.35951751
           99.9               1.6920087                0.35763905
         100.08               1.6939363                0.35584503
         100.26               1.6956665                0.35413494
         100.44               1.6971996                0.35250826
         100.62               1.6985361                0.35096446
          100.8               1.6996765                0.34950299
         100.98               1.7006214                0.3481233
         101.16               1.7013714                0.34682482
         101.34               1.7019271                0.34560695
         101.52               1.7022892                0.34446911
          101.7               1.7024583                0.34341068
         101.88               1.7024354                0.34243105
         102.06               1.702221                0.34152959
         102.24               1.7018161                0.34070564
         102.42               1.7012215                0.33995855
          102.6               1.7004381                0.33928766
         102.78               1.6994668                0.33869229
         102.96               1.6983086                0.33817174
         103.14               1.6969644                0.33772532
         103.32               1.6954353                0.33735231
          103.5               1.6937224                0.337052
         103.68               1.6918267                0.33682365
         103.86               1.6897494                0.33666652
         104.04               1.6874915                0.33657985
         104.22               1.6850543                0.3365629
          104.4               1.682439                0.33661488
         104.58               1.6796468                0.33673502
         104.76               1.676679                0.33692253
         104.94               1.6735368                0.33717661
         105.12               1.6702217                0.33749646
          105.3               1.6667349                0.33788128
         105.48               1.6630778                0.33833022
         105.66               1.6592519                0.33884248
         105.84               1.6552585                0.33941722
         106.02               1.651099                0.34005358
          106.2               1.6467751                0.34075073
         106.38               1.6422881                0.34150782
         106.56               1.6376396                0.34232397
         106.74               1.6328311                0.34319833
         106.92               1.6278642                0.34413001
          107.1               1.6227406                0.34511816
         107.28               1.6174617                0.34616187
         107.46               1.6120293                0.34726027
         107.64               1.6064449                0.34841247
         107.82               1.6007103                0.34961757
            108               1.5948272                0.35087467
         108.18               1.5887972                0.35218287
         108.36               1.5826222                0.35354126
         108.54               1.5763037                0.35494894
         108.72               1.5698437                0.35640499
          108.9               1.5632439                0.3579085
         109.08               1.5565062                0.35945856
         109.26               1.5496322                0.36105425
         109.44               1.5426239                0.36269465
         109.62               1.5354831                0.36437883
          109.8               1.5282116                0.36610589
         109.98               1.5208114                0.36787489
         110.16               1.5132844                0.36968492
         110.34               1.5056324                0.37153505
         110.52               1.4978575                0.37342437
          110.7               1.4899614                0.37535195
         110.88               1.4819462                0.37731687
         111.06               1.4738138                0.37931821
         111.24               1.4655662                0.38135505
         111.42               1.4572054                0.38342649
          111.6               1.4487334                0.3855316
         111.78               1.4401521                0.38766946
         111.96               1.4314637                0.38983918
         112.14               1.4226701                0.39203985
         112.32               1.4137733                0.39427055
          112.5               1.4047755                0.39653039
         112.68               1.3956786                0.39881847
         112.86               1.3864848                0.4011339
         113.04               1.377196                0.40347578
         113.22               1.3678144                0.40584324
          113.4               1.358342                0.40823538
         113.58               1.348781                0.41065133
         113.76               1.3391335                0.41309022
         113.94               1.3294015                0.41555119
         114.12               1.3195871                0.41803336
          114.3               1.3096925                0.42053589
         114.48               1.2997198                0.42305792
         114.66               1.2896711                0.42559861
         114.84               1.2795485                0.42815712
         115.02               1.2693542                0.43073262
          115.2               1.2590903                0.43332428
         115.38               1.248759                0.43593128
         115.56               1.2383623                0.43855282
         115.74               1.2279024                0.44118809
         115.92               1.2173816                0.44383629
          116.1               1.2068018                0.44649664
         116.28               1.1961653                0.44916834
         116.46               1.1854742                0.45185064
         116.64               1.1747306                0.45454275
         116.82               1.1639368                0.45724393
            117               1.1530948                0.45995342
         117.18               1.1422069                0.46267049
         117.36               1.131275                0.4653944
         117.54               1.1203015                0.46812443
         117.72               1.1092885                0.47085987
          117.9               1.098238                0.47360001
         118.08               1.0871522                0.47634416
         118.26               1.0760333                0.47909163
         118.44               1.0648834                0.48184175
         118.62               1.0537047                0.48459384
          118.8               1.0424992                0.48734726
         118.98               1.0312691                0.49010134
         119.16               1.0200165                0.49285547
         119.34               1.0087436                0.49560901
         119.52               0.99745237                0.49836134
          119.7               0.98614501                0.50111186
         119.88               0.9748236                0.50385997
         120.06               0.96349023                0.50660509
         120.24               0.95214701                0.50934664
         120.42               0.940796                0.51208406
          120.6               0.92943929                0.51481679
         120.78               0.91807895                0.5175443
         120.96               0.90671705                0.52026604
         121.14               0.89535563                0.5229815
         121.32               0.88399675                0.52569017
          121.5               0.87264245                0.52839156
         121.68               0.86129475                0.53108516
         121.86               0.84995569                0.53377051
         122.04               0.83862727                0.53644713
         122.22               0.8273115                0.53911458
          122.4               0.81601038                0.54177241
         122.58               0.80472589                0.54442019
         122.76               0.79346                0.5470575
         122.94               0.78221469                0.54968393
         123.12               0.77099191                0.55229907
          123.3               0.7597936                0.55490255
         123.48               0.74862169                0.55749398
         123.66               0.73747811                0.560073
         123.84               0.72636477                0.56263925
         124.02               0.71528355                0.5651924
          124.2               0.70423636                0.56773212
         124.38               0.69322505                0.57025807
         124.56               0.6822515                0.57276996
         124.74               0.67131755                0.57526749
         124.92               0.66042502                0.57775036
          125.1               0.64957575                0.5802183
         125.28               0.63877154                0.58267105
         125.46               0.62801419                0.58510836
         125.64               0.61730546                0.58752998
         125.82               0.60664713                0.58993567
            126               0.59604094                0.59232523
         126.18               0.58548863                0.59469842
         126.36               0.57499192                0.59705507
         126.54               0.56455251                0.59939497
         126.72               0.55417209                0.60171796
          126.9               0.54385234                0.60402385
         127.08               0.5335949                0.60631249
         127.26               0.52340142                0.60858374
         127.44               0.51327352                0.61083746
         127.62               0.50321281                0.61307352
          127.8               0.49322087                0.6152918
         127.98               0.48329928                0.61749219
         128.16               0.4734496                0.61967461
         128.34               0.46367336                0.62183896
         128.52               0.45397208                0.62398516
          128.7               0.44434727                0.62611314
         128.88               0.43480039                0.62822285
         129.06               0.42533293                0.63031424
         129.24               0.41594632                0.63238727
         129.42               0.406642                0.6344419
          129.6               0.39742137                0.63647811
         129.78               0.38828582                0.6384959
         129.96               0.37923671                0.64049525
         130.14               0.37027541                0.64247617
         130.32               0.36140324                0.64443868
          130.5               0.35262151                0.64638278
         130.68               0.34393151                0.64830853
         130.86               0.33533451                0.65021594
         131.04               0.32683177                0.65210508
         131.22               0.3184245                0.65397598
          131.4               0.31011392                0.65582872
         131.58               0.30190122                0.65766335
         131.76               0.29378756                0.65947997
         131.94               0.28577408                0.66127865
         132.12               0.27786192                0.66305947
          132.3               0.27005217                0.66482255
         132.48               0.26234591                0.66656799
         132.66               0.25474421                0.66829589
         132.84               0.24724809                0.67000638
         133.02               0.23985858                0.67169957
          133.2               0.23257666                0.67337561
         133.38               0.22540332                0.67503463
         133.56               0.21833948                0.67667676
         133.74               0.21138609                0.67830217
         133.92               0.20454403                0.679911
          134.1               0.1978142                0.68150341
         134.28               0.19119745                0.68307958
         134.46               0.18469462                0.68463967
         134.64               0.1783065                0.68618385
         134.82               0.1720339                0.68771231
            135               0.16587757                0.68922524
         135.18               0.15983826                0.69072282
         135.36               0.15391668                0.69220524
         135.54               0.14811353                0.69367272
         135.72               0.14242947                0.69512544
          135.9               0.13686516                0.69656362
         136.08               0.13142122                0.69798747
         136.26               0.12609824                0.6993972
         136.44               0.1208968                0.70079303
         136.62               0.11581745                0.70217518
          136.8               0.11086072                0.70354388
         136.98               0.10602711                0.70489935
         137.16               0.1013171                0.70624182
         137.34               0.096731142                0.70757153
         137.52               0.092269665                0.70888871
          137.7               0.087933076                0.7101936
         137.88               0.083721757                0.71148644
         138.06               0.079636064                0.71276748
         138.24               0.075676329                0.71403695
         138.42               0.071842862                0.7152951
          138.6               0.068135945                0.71654218
         138.78               0.064555837                0.71777844
         138.96               0.061102774                0.71900412
         139.14               0.057776965                0.72021949
         139.32               0.054578597                0.72142479
          139.5               0.05150783                0.72262028
         139.68               0.048564801                0.7238062
         139.86               0.045749622                0.72498282
         140.04               0.043062382                0.72615039
         140.22               0.040503142                0.72730916
          140.4               0.038071943                0.7284594
         140.58               0.035768798                0.72960135
         140.76               0.033593699                0.73073526
         140.94               0.031546609                0.73186141
         141.12               0.029627471                0.73298003
          141.3               0.027836201                0.73409139
         141.48               0.026172693                0.73519574
         141.66               0.024636815                0.73629332
         141.84               0.023228412                0.73738439
         142.02               0.021947303                0.73846921
          142.2               0.020793286                0.73954801
         142.38               0.019766132                0.74062106
         142.56               0.01886559                0.74168859
         142.74               0.018091384                0.74275084
         142.92               0.017443217                0.74380807
          143.1               0.016920764                0.74486051
         143.28               0.016523679                0.7459084
         143.46               0.016251592                0.74695198
         143.64               0.016104111                0.74799149
         143.82               0.016080818                0.74902715
            144               0.016181274                0.75005919
         144.18               0.016405016                0.75108785
         144.36               0.016751557                0.75211335
         144.54               0.017220389                0.75313591
         144.72               0.017810981                0.75415576
          144.9               0.018522778                0.75517309
         145.08               0.019355202                0.75618814
         145.26               0.020307656                0.75720111
         145.44               0.021379518                0.75821221
         145.62               0.022570143                0.75922164
          145.8               0.023878867                0.7602296
         145.98               0.025305002                0.76123629
         146.16               0.026847838                0.7622419
         146.34               0.028506646                0.76324663
         146.52               0.030280673                0.76425065
          146.7               0.032169145                0.76525415
         146.88               0.034171269                0.76625731
         147.06               0.036286228                0.76726031
         147.24               0.038513188                0.7682633
         147.42               0.040851291                0.76926647
          147.6               0.043299661                0.77026996
         147.78               0.0458574                0.77127395
         147.96               0.048523591                0.77227857
         148.14               0.051297298                0.77328399
         148.32               0.054177563                0.77429034
          148.5               0.057163411                0.77529777
         148.68               0.060253847                0.77630641
         148.86               0.063447855                0.77731639
         149.04               0.066744404                0.77832784
         149.22               0.070142441                0.77934089
          149.4               0.073640896                0.78035564
         149.58               0.077238681                0.78137221
         149.76               0.080934691                0.78239071
         149.94               0.0847278                0.78341124
         150.12               0.088616868                0.7844339
          150.3               0.092600736                0.78545879
         150.48               0.096678229                0.78648598
         150.66               0.10084815                0.78751556
         150.84               0.1051093                0.78854762
         151.02               0.10946045                0.78958223
          151.2               0.11390035                0.79061945
         151.38               0.11842775                0.79165934
         151.56               0.12304137                0.79270197
         151.74               0.12773994                0.79374739
         151.92               0.13252214                0.79479565
          152.1               0.13738666                0.79584678
         152.28               0.14233216                0.79690084
         152.46               0.1473573                0.79795784
         152.64               0.15246072                0.79901783
         152.82               0.15764105                0.80008082
            153               0.16289689                0.80114682
         153.18               0.16822685                0.80221587
         153.36               0.17362951                0.80328795
         153.54               0.17910344                0.80436308
         153.72               0.18464722                0.80544125
          153.9               0.19025938                0.80652245
         154.08               0.19593847                0.80760668
         154.26               0.201683                0.80869392
         154.44               0.20749151                0.80978413
         154.62               0.21336249                0.81087731
          154.8               0.21929444                0.81197341
         154.98               0.22528584                0.8130724
         155.16               0.23133516                0.81417424
         155.34               0.23744087                0.81527887
         155.52               0.24360142                0.81638626
          155.7               0.24981527                0.81749635
         155.88               0.25608084                0.81860906
         156.06               0.26239657                0.81972435
         156.24               0.26876088                0.82084214
         156.42               0.27517219                0.82196235
          156.6               0.28162889                0.82308491
         156.78               0.28812938                0.82420974
         156.96               0.29467207                0.82533674
         157.14               0.30125534                0.82646582
         157.32               0.30787756                0.8275969
          157.5               0.31453711                0.82872986
         157.68               0.32123236                0.82986461
         157.86               0.32796167                0.83100103
         158.04               0.3347234                0.83213902
         158.22               0.34151591                0.83327845
          158.4               0.34833754                0.83441921
         158.58               0.35518665                0.83556117
         158.76               0.36206157                0.8367042
         158.94               0.36896065                0.83784817
         159.12               0.37588222                0.83899294
          159.3               0.38282462                0.84013838
         159.48               0.38978618                0.84128434
         159.66               0.39676523                0.84243068
         159.84               0.4037601                0.84357725
         160.02               0.41076911                0.84472388
          160.2               0.41779061                0.84587043
         160.38               0.42482291                0.84701674
         160.56               0.43186434                0.84816265
         160.74               0.43891323                0.84930798
         160.92               0.4459679                0.85045257
          161.1               0.45302669                0.85159625
         161.28               0.46008793                0.85273885
         161.46               0.46714995                0.85388018
         161.64               0.47421108                0.85502008
         161.82               0.48126965                0.85615834
            162               0.48832402                0.8572948
         162.18               0.49537251                0.85842927
         162.36               0.50241348                0.85956155
         162.54               0.50944527                0.86069146
         162.72               0.51646623                0.8618188
          162.9               0.52347473                0.86294338
         163.08               0.53046913                0.864065
         163.26               0.53744779                0.86518345
         163.44               0.54440908                0.86629856
         163.62               0.55135138                0.86741009
          163.8               0.55827308                0.86851787
         163.98               0.56517257                0.86962167
         164.16               0.57204824                0.8707213
         164.34               0.57889849                0.87181655
         164.52               0.58572175                0.8729072
          164.7               0.59251642                0.87399305
         164.88               0.59928093                0.87507389
         165.06               0.60601373                0.87614951
         165.24               0.61271324                0.87721968
         165.42               0.61937793                0.87828421
          165.6               0.62600625                0.87934287
         165.78               0.63259669                0.88039546
         165.96               0.63914771                0.88144175
         166.14               0.64565781                0.88248154
         166.32               0.65212549                0.88351461
          166.5               0.65854926                0.88454074
         166.68               0.66492765                0.88555971
         166.86               0.6712592                0.88657133
         167.04               0.67754244                0.88757536
         167.22               0.68377594                0.88857159
          167.4               0.68995827                0.88955981
         167.58               0.69608801                0.89053981
         167.76               0.70216376                0.89151138
         167.94               0.70818413                0.89247429
         168.12               0.71414774                0.89342835
          168.3               0.72005323                0.89437333
         168.48               0.72589924                0.89530903
         168.66               0.73168445                0.89623524
         168.84               0.73740753                0.89715176
         169.02               0.74306718                0.89805837
          169.2               0.7486621                0.89895487
         169.38               0.75419102                0.89984105
         169.56               0.75965269                0.90071672
         169.74               0.76504585                0.90158167
         169.92               0.77036929                0.90243571
          170.1               0.77562178                0.90327863
         170.28               0.78080214                0.90411025
         170.46               0.78590918                0.90493036
         170.64               0.79094175                0.90573877
         170.82               0.7958987                0.9065353
            171               0.80077891                0.90731976
         171.18               0.80558127                0.90809196
         171.36               0.81030469                0.90885172
         171.54               0.81494809                0.90959886
         171.72               0.81951043                0.91033319
          171.9               0.82399068                0.91105455
         172.08               0.8283878                0.91176277
         172.26               0.83270082                0.91245766
         172.44               0.83692875                0.91313907
         172.62               0.84107064                0.91380682
          172.8               0.84512554                0.91446076
         172.98               0.84909255                0.91510073
         173.16               0.85297075                0.91572657
         173.34               0.85675929                0.91633812
         173.52               0.86045729                0.91693525
          173.7               0.86406392                0.91751779
         173.88               0.86757838                0.91808561
         174.06               0.87099985                0.91863857
         174.24               0.87432758                0.91917654
         174.42               0.87756081                0.91969937
          174.6               0.88069881                0.92020693
         174.78               0.88374087                0.92069911
         174.96               0.8866863                0.92117579
         175.14               0.88953444                0.92163683
         175.32               0.89228465                0.92208212
          175.5               0.89493631                0.92251157
         175.68               0.89748881                0.92292505
         175.86               0.89994159                0.92332246
         176.04               0.90229408                0.9237037
         176.22               0.90454577                0.92406869
          176.4               0.90669614                0.92441732
         176.58               0.9087447                0.92474951
         176.76               0.910691                0.92506517
         176.94               0.9125346                0.92536422
         177.12               0.91427508                0.9256466
          177.3               0.91591205                0.92591222
         177.48               0.91744513                0.92616102
         177.66               0.918874                0.92639294
         177.84               0.92019831                0.92660792
         178.02               0.92141778                0.9268059
          178.2               0.92253213                0.92698683
         178.38               0.92354111                0.92715068
         178.56               0.9244445                0.92729738
         178.74               0.92524208                0.92742692
         178.92               0.92593368                0.92753925
          179.1               0.92651914                0.92763435
         179.28               0.92699834                0.92771219
         179.46               0.92737116                0.92777275
         179.64               0.92763752                0.92781602
         179.82               0.92779736                0.92784199
Completed Run:Normal Exit...
